# Log started: 2018-12-16 09:13:51 +0900
[09:13:51] <웅재_ (wongjae)> 10시쯤에 킬라나
[09:48:18] <%$불루 (111leews)> d
[09:51:37] <웅재_ (wongjae)> 언제오냐
[09:51:56] <%$불루 (111leews)> ㅋㅋㅋㅋㅋㅋ
[09:52:19] <웅재_ (wongjae)> 종아리걷어라
[10:08:37] <gkdl3487> 이새끼 방송 ㅓㄴ제킴
[10:18:05] <웅재_ (wongjae)> 왔네
[10:18:08] <웅재_ (wongjae)> 빨리켜라
[10:22:09] <서미나 (seomina3)> 공혁준 종아리 걷어라
[10:27:39] <웅재_ (wongjae)> 뭐야 공혁준인줄알았는데 짭이였네
[10:27:40] <웅재_ (wongjae)> ㅁㅊ
[10:50:32] <gkdl3487> 1
[10:50:41] <gkdl3487> 이 시발놈 방송 언제키나요?
[10:51:34] <@%rhdqurwns1> 뭐? 내일 일찍 올께요?
[10:51:35] <@%rhdqurwns1> 야
[10:51:36] <@%rhdqurwns1> 야
[10:51:38] <@%rhdqurwns1> 공혁준 !!
[10:51:45] <gkdl3487> 이 시발놈 방송 언제키나요?>>
[10:52:01] <웅재_ (wongjae)> ???
[10:56:23] <웅재_ (wongjae)> 혁준상 왔다가감?
[10:56:34] <카오스조커 (joker6463)> 오늘 휴방하고 내일 키는거 아니었음?
[10:56:44] <웅재_ (wongjae)> 그랬음?
[10:56:52] <웅재_ (wongjae)> 양심있음 둘다켜야되는거아님?
[10:57:02] <카오스조커 (joker6463)> 오늘 뭐 어디 가야한다고 했던거같은데
[10:57:07] <카오스조커 (joker6463)> 아님말고
[10:57:15] <웅재_ (wongjae)> 공지가...없다...
[10:57:26] <카오스조커 (joker6463)> 트게더 ㄹㅇ루다가 장식이여
[10:57:35] <takhee1992> 오늘 뭐 행사있대
[10:57:41] <웅재_ (wongjae)> 뭔행사???
[10:57:42] <takhee1992> 그러면 안키잖아 얘
[10:57:48] <웅재_ (wongjae)> 트파?
[10:57:53] <takhee1992> 하스하는사람들 다간다고 한거보면
[10:57:58] <takhee1992> 하스행사아닐까싶은데
[10:58:07] <takhee1992> 어제 방송끄기전에 말함
[10:58:09] <웅재_ (wongjae)> 공지를남겨라...제발
[10:58:22] <웅재_ (wongjae)> 그것도 모르고 존버하고있었네
[11:00:05] <gkdl3487> ㅆㅂ 하스 ㅈ망겜은 뭐이리 행사가 많아
[11:00:14] <@%rhdqurwns1> 아 오늘
[11:00:15] <@%rhdqurwns1> 16일
[11:00:16] <@%rhdqurwns1> 서울 로아
[11:00:18] <@%rhdqurwns1> 투어 그거네
[11:00:22] <@%rhdqurwns1> 공지를 이미 남겻엇ㄱ누ㅏ
[11:00:37] <@%rhdqurwns1> 블코랑 붙는거구나
[11:55:58] <킹태풍 (hyeokman_power1)> 종아리 걷어 혁준아
[12:47:28] <$불루 (111leews)> 하
[12:47:38] <$불루 (111leews)> 1년치 구독 없어졌네 슈발 ㅠ
[14:35:23] <효동이의작은열매두알 (dlcnd66)> ㅋㅋㅋ
[14:43:29] <feeldancing> 종아리 걷고 방송켜라
[14:43:52] <feeldancing> 아 뭐야 공방뛰러갔구나 열심히 하고와
