# Log started: 2018-12-17 08:59:50 +0900
[08:59:50] <txtx92> 안자는거 다 안ㄷ!
[09:00:00] <txtx92> 방송켜라!
[09:00:43] <txtx92> 이 악물고 못본척하죠?
[09:36:09] <서미나 (seomina3)> 공혁준 방송켜라
[09:36:21] <서미나 (seomina3)> 오늘은 일찍 안키면 하루종일 애들한테 시달릴테니까 빨리 켜라..
[09:36:24] <서미나 (seomina3)> 혁준아!!!!!!!
[09:56:31] <리치킹공혁준 (whaqlckato7)> 혁하
[09:56:35] <다크민트초코 (ksh14756)> ㅎㅎ
[09:56:38] <변하고싶은공혁준 (joa_gombo)> 공하
[09:56:40] <다크민트초코 (ksh14756)> 혀카
[09:56:44] <공유공찬공민지공혁준 (getss65)> 혁하
[09:56:44] <리규현 (pgpg1007)> 혁하
[09:56:45] <나루사료를뺏어먹은공혁준 (kdo922)> ㅎㅇ
[09:56:50] <머리위양초 (davin0802)> gurgk
[09:56:51] <%친애하는강현님께 (wls4429)> 혁하
[09:56:52] <머리위양초 (davin0802)> 혁하
[09:56:52] <훅셈부르크 (ans8616)> 혘타
[09:56:53] <위시윙 (rell9898)> 혁하
[09:56:53] <제튼 (jjh001687)> 혀카
[09:56:53] <머리위양초 (davin0802)> ㅠㅠㅠㅠ
[09:56:54] <혁준상 (rhdgurwns_san)> 아 혁하
[09:56:55] <겨자맛우유 (cwg1256)> 공하
[09:56:56] <혁준상 (rhdgurwns_san)> 혁하혁하혁하
[09:56:57] <루치루팡 (akslaktt)> 혀카
[09:56:57] <terapiz> 르건즈하이
[09:56:58] <지구방위본부사령관조강현 (no_tact_hyun)> 혁섹준스
[09:56:58] <xstar2016> 내가 1등이다
[09:57:00] <cms050> 엥 월요일
[09:57:01] <겸손합시다 (bulbubkyo)> 하 3시간 뒤에 시험봄
[09:57:03] <머리위양초 (davin0802)> 오이!!!!!!킬줄 믿었다고옷!!!!!
[09:57:04] <갱생병장 (tkdrl1104)> 어제 방송 왜 안켰어 시발아
[09:57:05] <공유공찬공민지공혁준 (getss65)> 왜 파충류방송 안킴? 종아리 걷ㅇ
[09:57:06] <로우파이룩삼 (bij55)> 혁준아 오늘 쉬느랄아니냐?
[09:57:08] <yb0609> 혁준상
[09:57:09] <리치킹공혁준 (whaqlckato7)> 오오 믿고있었다구
[09:57:09] <+rongig12> 혁준아 딸기좋아하냐?
[09:57:09] <cms050> 월방송 있었누
[09:57:10] <ajdro1579> 오이오이
[09:57:12] <혁준상 (rhdgurwns_san)> ?
[09:57:13] <루치루팡 (akslaktt)> ?
[09:57:14] <변하고싶은공혁준 (joa_gombo)> 뒤질래?
[09:57:15] <다크민트초코 (ksh14756)> 뭠마?
[09:57:15] <인싸조아 (hepi4uni)> 5252
[09:57:15] <%_이클립스 (eclipse176)> 혁하
[09:57:17] <공유공찬공민지공혁준 (getss65)> ?
[09:57:18] <루치루팡 (akslaktt)> 선넘네?
[09:57:19] <지구방위본부사령관조강현 (no_tact_hyun)> ?
[09:57:20] <제튼 (jjh001687)> ??
[09:57:21] <겨자맛우유 (cwg1256)> ㅡㅡ
[09:57:21] <하리보판타지아 (zkzkdh70)> 르하
[09:57:22] <kmy01111> ? 미쳣냐
[09:57:22] <서세원서정권서인국서새봄 (manaholl)> 왜켰냐?
[09:57:23] <reach9205> ?
[09:57:23] <공유공찬공민지공혁준 (getss65)> ㄷㅈㄹ
[09:57:24] <서세원서정권서인국서새봄 (manaholl)> 왜켰어
[09:57:24] <변하고싶은공혁준 (joa_gombo)> ???????????
[09:57:26] <변하고싶은공혁준 (joa_gombo)> 앗;;;
[09:57:26] <나루사료를뺏어먹은공혁준 (kdo922)> ?
[09:57:26] <서세원서정권서인국서새봄 (manaholl)> 혁준아 왜켰냐
[09:57:26] <인싸조아 (hepi4uni)> ?
[09:57:27] <리치킹공혁준 (whaqlckato7)> ㄷㄷ
[09:57:28] <변하고싶은공혁준 (joa_gombo)> 빨리병원가라
[09:57:28] <인싸조아 (hepi4uni)> ㄷㄷ
[09:57:29] <terapiz> ㄷㄷㄷㄷㄷ
[09:57:29] <야이노마 (sollavim)> 월요일인데 실수로 켰나
[09:57:29] <리치킹공혁준 (whaqlckato7)> 왜???
[09:57:30] <혁준상 (rhdgurwns_san)> ㄷㄷ
[09:57:31] <서세원서정권서인국서새봄 (manaholl)> 혁준아 왜켯냐고??
[09:57:31] <사과 (tnvjdnjswns1)> 실화야??
[09:57:31] <훅셈부르크 (ans8616)> ????
[09:57:32] <지구방위본부사령관조강현 (no_tact_hyun)> ??????
[09:57:33] <reach9205> 그럼 왜켯냐
[09:57:33] <서세원서정권서인국서새봄 (manaholl)> 유방암이야?
[09:57:34] <%친애하는강현님께 (wls4429)> gongDark gongDark
[09:57:34] <공유공찬공민지공혁준 (getss65)> 그럼쉬어라
[09:57:34] <kmy01111> 실화냐
[09:57:35] <해아조스바 (firerla2)> 혁준아 안녕
[09:57:35] <변하고싶은공혁준 (joa_gombo)> 빨리가;;
[09:57:36] <서세원서정권서인국서새봄 (manaholl)> 유방암이냐고??
[09:57:37] <천방지축모험왕 (kht5803)> 혁하
[09:57:40] <코미디언 (lsh016)> 유방암
[09:57:40] <머리위양초 (davin0802)> 유방암이야?ㅠㅠㅠㅠ
[09:57:42] <노딕맨 (no_dick_man)> 걷어라
[09:57:42] <로우파이룩삼 (bij55)> 종양생겼다고?
[09:57:43] <다크민트초코 (ksh14756)> ㄷㄷㄷ;
[09:57:43] <kmy01111> 혁준아 잘가 ㅠㅠ
[09:57:43] <리치킹공혁준 (whaqlckato7)> 병원 빨리 가라
[09:57:46] <해아조스바 (firerla2)> ???
[09:57:47] <지구방위본부사령관조강현 (no_tact_hyun)> ㄹㅇ?
[09:57:47] <혁준상 (rhdgurwns_san)> 자주 생긴다라...
[09:57:47] <퀵소희 (pbg4670)> 땀차서 그런거 아니냐
[09:57:48] <cms050> 종양..,?
[09:57:48] <루치루팡 (akslaktt)> 그러게 왜 안 씻음 ㅡㅡ
[09:57:48] <antipunk> 혁하
[09:57:48] <변하고싶은공혁준 (joa_gombo)> 방송킬때가 아니다 혁준아
[09:57:52] <서세원서정권서인국서새봄 (manaholl)> 좀 씻어라 ㅡㅡ
[09:57:52] <다크민트초코 (ksh14756)> 가슴 밑;
[09:57:53] <로우파이룩삼 (bij55)> 혁준아 아프지마라
[09:57:53] <공유공찬공민지공혁준 (getss65)> 자주?
[09:57:54] <서세원서정권서인국서새봄 (manaholl)> 씻으라고 임마
[09:57:55] <제튼 (jjh001687)> 종기야 뭐야
[09:57:55] <pty0709> !업타임
[09:57:55] <cms050> 씻어야지
[09:57:55] <다크민트초코 (ksh14756)> ㅗㅜㅑ;
[09:57:56] <@싹둑 (ssakdook)> 방송 업타임: 0 시간 02 분 39 초
[09:57:56] <구데기 (nickname_is_your_face)> 방종하고 병원을 가
[09:57:57] <해아조스바 (firerla2)> 어디에 종기가 나
[09:57:57] <생크림생선구이 (shisking)> 병원 ㄱ
[09:57:58] <reach9205> 치질같은거야
[09:57:58] <야이노마 (sollavim)> 3젖 ㄷㄷ
[09:57:58] <kmy01111> 혁준아 잘가 ㅠㅠㅠㅠ
[09:57:58] <roh2926> ㅅㄱ
[09:57:59] <서세원서정권서인국서새봄 (manaholl)> 목욕을 안하니 그딴게 나지
[09:58:02] <보리자루 (osne7193)> 유방암 ㄷㄷ
[09:58:02] <변하고싶은공혁준 (joa_gombo)> 치료받고 가슴인증해라
[09:58:03] <cms050> 그거 가슴 접혀서 그래
[09:58:03] <존맛탱회전초밥 (jjsseea2)> 병원가그냥
[09:58:06] <roh2926> 유방암 ㅠ
[09:58:06] <갱생병장 (tkdrl1104)> 잘했어
[09:58:07] <qr_rp> 보여주고가
[09:58:11] <pty0709> 혁준아..
[09:58:12] <cms050> 가슴 접히고 쓸리는듯
[09:58:12] <리치킹공혁준 (whaqlckato7)> ㅋㅋㅋㅋㅋㅋㅋㅋㅋㅋ
[09:58:12] <reach9205> 가슴 치질같은거야???
[09:58:13] <해아조스바 (firerla2)> 가슴에 종기
[09:58:14] <신사동신사 (tjqltnf)> ㅋㅋㅋㅋㅋㅋㅋㅋㅋㅋㅋㅋㅋㅋㅋㅋㅋ
[09:58:14] <루치루팡 (akslaktt)> ㅗㅜㅑ
[09:58:15] <최강귀요미토마토 (most_lovely_girl_tomato)> 혁준아 오늘 휴방아니야??
[09:58:15] <코미디언 (lsh016)> =안씻어서
[09:58:16] <대스카 (mastersabo2)> 어젠 왜 안 켰어
[09:58:17] <ajdro1579> ㅋㅋㅋㅋㅋㅋㅋㅋㅋㅋㅋㅋ
[09:58:17] <가브리엘제수스33 (no_33_gabriel_jesus)> 인증 ㄱ
[09:58:17] <혁준상 (rhdgurwns_san)> 브라를 차 그럼
[09:58:18] <다크민트초코 (ksh14756)> 그러니까 속옷 좀 입으라니까
[09:58:19] <생크림생선구이 (shisking)> 빨리 가
[09:58:20] <kmy01111> 그럼 가슴 보여져
[09:58:20] <머리위양초 (davin0802)> 혁준이 ㅆㅂ놈아 죽지마라 진짜 죽으면 우울증 걸린다
[09:58:21] <로우파이룩삼 (bij55)> 혁주니 아프지마라 진짜루 ㅠㅠ
[09:58:23] <서세원서정권서인국서새봄 (manaholl)> 가슴축소수술 받어 ㅡㅡ 니돈많잖아 ㅡㅡ
[09:58:23] <pty0709> ㅋㅋㅋㅋㅋㅋㅋㅋㅋㅋ
[09:58:24] <존맛탱회전초밥 (jjsseea2)> 님선
[09:58:24] <공유공찬공민지공혁준 (getss65)> 휴방 ㅇㅈ
[09:58:25] <제튼 (jjh001687)> 브라자좀 차라 제발
[09:58:26] <roh2926> ㅠㅠㅠ
[09:58:27] <행복한정수리 (younsuk09)> 그냥 살을 빼
[09:58:27] <서세원서정권서인국서새봄 (manaholl)> 가슴 축소 수술 받으라고
[09:58:28] <변하고싶은공혁준 (joa_gombo)> 지금 캠켜서 종기 보여줘
[09:58:28] <사과 (tnvjdnjswns1)> 그럼 살좀 빼라 ㅡㅡ
[09:58:29] <최강귀요미토마토 (most_lovely_girl_tomato)> 나 혁준이 못잃어 ㅠㅠ
[09:58:29] <그지쟁이야 (woody8901)> 그래도
[09:58:30] <roh2926> 브라자좀 해라 ㅠㅠ
[09:58:31] <그지쟁이야 (woody8901)> 밖에난거면
[09:58:31] <해아조스바 (firerla2)> 그거 째던데
[09:58:31] <antipunk> 접힌 가슴 ㅗㅜㅑ
[09:58:31] <갱생병장 (tkdrl1104)> 맨날 시게 잡아달라하니까 그러자너 ㅠㅠㅠ
[09:58:32] <cms050> 선제지
[09:58:33] <정동현 (kun0235)> 오늘 휴방아냐?
[09:58:34] <서세원서정권서인국서새봄 (manaholl)> 가슴에 500cc만 빼라고 공혁준!!
[09:58:34] <제튼 (jjh001687)> 탈코그만하구
[09:58:36] <지구방위본부사령관조강현 (no_tact_hyun)> 담배좀그만펴
[09:58:37] <그지쟁이야 (woody8901)> 째기만 하면 되는거 아닌가
[09:58:43] <존맛탱회전초밥 (jjsseea2)> 그럼 빨리 방종하고 병원을 가세요
[09:58:44] <cms050> 지방흡입이 답이다
[09:58:48] <서세원서정권서인국서새봄 (manaholl)> 잠 못잤냐?
[09:58:50] <공유공찬공민지공혁준 (getss65)> 근데 하스는 왜킴?
[09:58:51] <변하고싶은공혁준 (joa_gombo)> 혁준아 수유가 답이다
[09:58:51] <cms050> 365mc ㄱ
[09:58:53] <해아조스바 (firerla2)> 그거 마취하고짼다
[09:58:53] <서세원서정권서인국서새봄 (manaholl)> 잠못잤냐? 혁준아??
[09:58:54] <최강귀요미토마토 (most_lovely_girl_tomato)> 이번에 건강검진 한번받자 ㅠㅠ
[09:58:54] <구데기 (nickname_is_your_face)> 빨리 방종하고 병원가라
[09:58:55] <머리위양초 (davin0802)> 혁준이 못잃어ㅠㅠㅠㅠ
[09:58:56] <bineat> 병원가 새갸
[09:58:56] <때리 (ddaerry)> 마 전설 안 가나 마!
[09:58:58] <jjw92511> 혁하
[09:59:00] <빅2 (asda725)> 돼하
[09:59:01] <+0King0Boss> 공혁준 병원간다
[09:59:02] <리치킹공혁준 (whaqlckato7)> 잠은 잘 잤냐?
[09:59:02] <존맛탱회전초밥 (jjsseea2)> 병원이나 가고 담에 방송오래키던가
[09:59:02] <cms050> 낭종생긴건데
[09:59:04] <roh2926> ㅠㅠ너무 아파
[09:59:04] <나는야방구맨 (gpwjr123)> 씹돼지하
[09:59:04] <노딕맨 (no_dick_man)> 인증해
[09:59:07] <최강귀요미토마토 (most_lovely_girl_tomato)> 유방암이야??
[09:59:08] <konekochan48> 공혁준 종아리 걷어
[09:59:08] <야이노마 (sollavim)> 수술야방
[09:59:09] <하뇽 (redmoon332)> 오자마자 아프대
[09:59:12] <존맛탱회전초밥 (jjsseea2)> 빨리가라
[09:59:12] <나루사료를뺏어먹은공혁준 (kdo922)> 째고와서켜
[09:59:13] <제튼 (jjh001687)> 인증해줘
[09:59:13] <해아조스바 (firerla2)> 면역력좀 키워
[09:59:14] <jjw92511> 혁준이 요즘 여자만나고 다니냐 왤캐 방송안켜
[09:59:15] <숨겨진바지 (godgood45)> 유방암이냐
[09:59:15] <루치루팡 (akslaktt)> 죽어도 하스는한다는 돌크리트 정신 ㅠㅠ BibleThump BibleThump
[09:59:19] <최강귀요미토마토 (most_lovely_girl_tomato)> 원래 월요일 휴방이잖아
[09:59:20] <cms050> 호잇!
[09:59:20] <서세원서정권서인국서새봄 (manaholl)> 병원에서 야방켜
[09:59:21] <로우파이룩삼 (bij55)> 공혁준 종기 걷어 병원가서
[09:59:22] <정동현 (kun0235)> 월요일 휴방아니냐?
[09:59:23] <공유공찬공민지공혁준 (getss65)> 쉬어라
[09:59:23] <서세원서정권서인국서새봄 (manaholl)> 병원에서 야방키라고
[09:59:24] <존맛탱회전초밥 (jjsseea2)> 알았으니 병원이나가라 ㅗㅗ
[09:59:25] <빅2 (asda725)> ㅋㅋ역시나
[09:59:26] <konekochan48> 공혁준 시가사진 멋있더라
[09:59:26] <cms050> 근데 월휴방인데
[09:59:27] <usanb01> 그거 림프종 아님?
[09:59:28] <ddddddddddd111111111111> 머?고말숙이 전설갔는데 아직도 못갔다고? 종아리 걷어
[09:59:28] <서세원서정권서인국서새봄 (manaholl)> 병원에서 야방켜!!!
[09:59:30] <최강귀요미토마토 (most_lovely_girl_tomato)> 아 어제 공방땜시
[09:59:32] <야이노마 (sollavim)> 원래 휴방인데 ㅋ
[09:59:32] <지홍스님 (jihong34)> 혀카
[09:59:33] <서세원서정권서인국서새봄 (manaholl)> 병원에서 야방키라고!!!!
[09:59:36] <사과 (tnvjdnjswns1)> 혹시나 하는건데 구라는 아니지??
[09:59:38] <혁준상 (rhdgurwns_san)> ㅋㅋㅋㅋㅋㅋㅋㅋㅋ
[09:59:38] <리치킹공혁준 (whaqlckato7)> ㅋㅋㅋㅋㅋㅋㅋㅋㅋㅋㅋㅋㅋㅋ
[09:59:38] <최강귀요미토마토 (most_lovely_girl_tomato)> 배너해!
[09:59:39] <정동현 (kun0235)> 오늘 휴방하고 24일에 키자 ㅋ
[09:59:42] <cms050> 시가피면서 생전 돌리지말고
[09:59:42] <해아조스바 (firerla2)> 악만가
[09:59:44] <혁준상 (rhdgurwns_san)> ㅋㅋㅋㅋㅋㅋㅋㅋㅋㅋㅋㅋㅋㅋㅋㅋㅋㅋㅋㅋㅋㅋㅋㅋㅋㅋㅋㅋㅋ
[09:59:45] <존맛탱회전초밥 (jjsseea2)> ㅋㅋㅋㅋㅋㅋㅋㅋ
[09:59:45] <공유공찬공민지공혁준 (getss65)> 저녁에 파충류방송 안킨거 해명하고 쉬어라
[09:59:46] <최강귀요미토마토 (most_lovely_girl_tomato)> 유방암이구나 ㅠㅠㅠ
[09:59:46] <금병석 (bskim82118)> ?
[09:59:46] <다크민트초코 (ksh14756)> ㅗㅜㅑ'
[09:59:46] <숨겨진바지 (godgood45)> 유방암이네
[09:59:47] <해아조스바 (firerla2)> 남자도 유방암걸림
[09:59:48] <존맛탱회전초밥 (jjsseea2)> 유방암 ㅋㅋㅋㅋㅋㅋㅋㅋㅋ
[09:59:48] <whdgkrv3> ㅋㅋㅋㅋㅋㅋㅋㅋㅋㅋㅋㅋㅋㅋㅋㅋㅋ
[09:59:49] <antipunk> 병원 킹기방송 할거지?
[09:59:49] <서세원서정권서인국서새봄 (manaholl)> 병원에서 야방키라고오오오!!!
[09:59:50] <jjw92511> 킹시나 ㅋㅋㅋ
[09:59:51] <미르바다 (myrbada1008)> ㅋㅋㅋㅋㅋㅋㅋㅋㅋㅋㅋㅋㅋㅋ
[09:59:52] <혁준상 (rhdgurwns_san)> 유..방..암..증.상....
[09:59:52] <머리위양초 (davin0802)> 혁준아 죽지마라 ㅅㅂ년아 진짜 나 우울증 걸린다
[09:59:53] <서세원서정권서인국서새봄 (manaholl)> 병원에서 야방키라구!!!!
[09:59:55] <빅2 (asda725)> 유두자위 하지마라
[09:59:55] <cms050> zzzzzz
[09:59:57] <서세원서정권서인국서새봄 (manaholl)> 병원에서 절대야방켜!
[09:59:58] <루치루팡 (akslaktt)> 또또 병원가서 혁준이 아파요 이럴거나연?
[09:59:59] <+0King0Boss> 젖이 6갠데 아플수도 있지 ㅡㅡ
[09:59:59] <roh2926> 죽지말라구 ㅠㅠ
[10:00:00] <ajdro1579> ㅋㅋㅋㅋㅋㅋㅋㅋㅋㅋㅋㅋ
[10:00:01] <코미디언 (lsh016)> 충격! 유방암으로 휴방하는 남자 스트리머가 있다??
[10:00:02] <다크민트초코 (ksh14756)> 브라 좀 차세요;
[10:00:03] <cms050> 유두딸;;;
[10:00:03] <변하고싶은공혁준 (joa_gombo)> ㅋㅋ 혁준아 나루한테 수유해라
[10:00:03] <최강귀요미토마토 (most_lovely_girl_tomato)> 육개장맛있겠다
[10:00:04] <리치킹공혁준 (whaqlckato7)> 병원 야방 킬꺼지?
[10:00:04] <서세원서정권서인국서새봄 (manaholl)> 병원에서 야방킬꺼야? 안킬꺼야?
[10:00:04] <아옭옭옭냥 (jindol55)> ㅠㅠㅠㅠㅠ
[10:00:05] <하뇽 (redmoon332)> 지방흡입해야되는거아니냐
[10:00:05] <공유공찬공민지공혁준 (getss65)> ㅋㅋㅋㅋㅋㅋ
[10:00:06] <존맛탱회전초밥 (jjsseea2)> 공혁준 유방암 논란
[10:00:07] <성난몽둥이 (angryclub)> ㅋㅋㅋㅋㅋㅋ
[10:00:09] <roh2926> 유방암 휴방 스트리머 ㅋㅋㅋ
[10:00:11] <정동현 (kun0235)> 옷에 쓸려서 그런거아니야?
[10:00:11] <서세원서정권서인국서새봄 (manaholl)> 병원에서 야방킬꺼야? 안킬꺼야??
[10:00:11] <루치루팡 (akslaktt)> ㄴㅇㄱ
[10:00:16] <해아조스바 (firerla2)> 얼마나 크냐 종기냐
[10:00:17] <cms050> 병원 야방 가자
[10:00:17] <서세원서정권서인국서새봄 (manaholl)> 병원에서 야방킬꺼야? 안킬꺼?
[10:00:17] <성난몽둥이 (angryclub)> ㅗㅜㅑ
[10:00:18] <금병석 (bskim82118)> 다행이네.
[10:00:19] <하꼬볼바에우가봄 (godgunshiplovely)> 젖 나오는 거 아님?
[10:00:20] <최강귀요미토마토 (most_lovely_girl_tomato)> 아니 이번에 건강검진 한번받아 ㅠㅠ
[10:00:20] <로우파이룩삼 (bij55)> 유방암 검색은 슬픈데 웃겼다
[10:00:20] <Dls0325> 충격) 유방암이 걸리는 남자가 있다?
[10:00:21] <goyangyi_suyeom> 살빼
[10:00:21] <루치루팡 (akslaktt)> 젖 자를거냐
[10:00:23] <빅2 (asda725)> 휴방하면 낫는 병임ㄹㅇ ㅋㅋ
[10:00:23] <동동법 (sky7ehl)> 의사부럽다
[10:00:24] <antipunk> 유방암 스트리머 ㄷㄷ
[10:00:25] <정동현 (kun0235)> ?
[10:00:25] <어국 (saint429)> 하다하다 유방암으로 휴방을하네
[10:00:26] <리치킹공혁준 (whaqlckato7)> ㅗㅜㅑ
[10:00:27] <성난몽둥이 (angryclub)> 젖자르냐?
[10:00:27] <정동현 (kun0235)> 아 ㅋㅋㅋㅋㅋㅋ
[10:00:28] <존맛탱회전초밥 (jjsseea2)> 몰라
[10:00:28] <그지쟁이야 (woody8901)> ㅋㅋㅋㅋㅋㅋㅋㅋㅋㅋ
[10:00:29] <다크민트초코 (ksh14756)> 베이글
[10:00:30] <서세원서정권서인국서새봄 (manaholl)> 병원에서 야방킬꺼야? 안킬꺼야??
[10:00:30] <존맛탱회전초밥 (jjsseea2)> 우리가 가슴이크냐?
[10:00:31] <공유공찬공민지공혁준 (getss65)> ㅁㄹ
[10:00:32] <성난몽둥이 (angryclub)> 아마조네스 공 이야 이제????
[10:00:33] <하꼬볼바에우가봄 (godgunshiplovely)> 젖이라도 짜줘???
[10:00:33] <존맛탱회전초밥 (jjsseea2)> 그걸어떻게알아
[10:00:34] <cms050> ㅗㅜㅑ
[10:00:35] <독도청년 (qkr29345)> 슴부심 ㅋㅋㅋㅋ
[10:00:36] <잉마을 (hirasawa02)> 공혁준 종아리 걷어라
[10:00:36] <jjw92511> ㅋㅋㅋㅋ 의사 간호사 진료하다가 개웃기겠네
[10:00:38] <roh2926> 가슴이 작아서 잘모르겠어 ㅠㅠ
[10:00:38] <로우파이룩삼 (bij55)> 아마조네스 공혁준
[10:00:39] <하꼬볼바에우가봄 (godgunshiplovely)> 우유 나오려고 아픈 거 아냐??
[10:00:39] <cms050> 베이글 그 자체
[10:00:41] <해아조스바 (firerla2)> 근데 혁준이 병원 입원하면 침상 맞냐
[10:00:42] <goyangyi_suyeom> 혁준아 나 너 오래보고싶은데 살빼자
[10:00:43] <pty0709> 알겠으니까 빨리 가라
[10:00:44] <서세원서정권서인국서새봄 (manaholl)> 병원에서 방송킬꺼냐고????
[10:00:44] <최강귀요미토마토 (most_lovely_girl_tomato)> 사람일은 모르는거야 ㅠㅠ
[10:00:44] <성난몽둥이 (angryclub)> 아마조네스 일족 공혁준
[10:00:45] <남이사__ (nam2_sa)> 젖짜면 기를 나올듯
[10:00:45] <빅2 (asda725)> 수유시기네
[10:00:46] <잉마을 (hirasawa02)> ㅗㅜㅑ
[10:00:46] <침핸 (qporest416)> 자랑이냐 ㅋㅋ
[10:00:47] <dhkchschlrh> 서긔 발언 뭐냐 해 명 해
[10:00:48] <하뇽 (redmoon332)> ㅗㅜㅑ
[10:00:48] <존맛탱회전초밥 (jjsseea2)> ㄱㄱ
[10:00:49] <임채현 (mjmj2848)> 여유증아니야?
[10:00:49] <whdgkrv3> ㅗㅜㅑ
[10:00:51] <Dls0325> 혁준아 엄마되는거냐
[10:00:52] <하꼬볼바에우가봄 (godgunshiplovely)> ㅂㅂ2
[10:00:52] <roh2926> 남자 가슴얘기좀 그만 듣고싶다 ㅋㅋ
[10:00:54] <잉마을 (hirasawa02)> ?
[10:00:54] <루치루팡 (akslaktt)> 인증ㄱ
[10:00:55] <성난몽둥이 (angryclub)> ㅓㅜㅑ
[10:00:57] <공유공찬공민지공혁준 (getss65)> 다이아방
[10:00:57] <jjw92511> 와 직캠 ㅗㅜㅑ
[10:00:58] <최강귀요미토마토 (most_lovely_girl_tomato)> 키야~
[10:01:01] <존맛탱회전초밥 (jjsseea2)> 알았으니까 빨리 가시라구요
[10:01:01] <최민경 (cmk2942)> 사정?
[10:01:03] <최강귀요미토마토 (most_lovely_girl_tomato)> 여윽시 특파원이다
[10:01:03] <빅2 (asda725)> 당연한걸 마치 선심쓰듯
[10:01:03] <나루사료를뺏어먹은공혁준 (kdo922)> ㅗㅜㅑ
[10:01:04] <cms050> 슴사정
[10:01:05] <크흠그건쫌 (987987555)> 혁준아 진심 니방송이 젤잼따 오래하자
[10:01:07] <하꼬볼바에우가봄 (godgunshiplovely)> 갔다와라
[10:01:09] <서세원서정권서인국서새봄 (manaholl)> 병원야방 킬꺼야? 안킬꺼야??
[10:01:09] <씨뿌리는교수님 (sow_c_professor)> zz
[10:01:10] <수박달 (ckdudtjr97)> 혁하
[10:01:12] <리치킹공혁준 (whaqlckato7)> ㅋㅋㅋㅋㅋㅋ
[10:01:13] <서세원서정권서인국서새봄 (manaholl)> 병원야방 킬꺼냐고???
[10:01:15] <루치루팡 (akslaktt)> 젖 아픈거 인증해 SwiftRage SwiftRage SwiftRage
[10:01:17] <antipunk> 병원 의사 업계포상ㄷㄷ
[10:01:19] <리치킹공혁준 (whaqlckato7)> ㅗㅜㅑ
[10:01:19] <독도청년 (qkr29345)> 트파에서 공방있음?
[10:01:20] <하뇽 (redmoon332)> ㅗㅜㅑ
[10:01:21] <+소울블루 (pupleramen)> 개부럽다
[10:01:21] <빅2 (asda725)> 의사간호사 너무부럽다
[10:01:21] <그지쟁이야 (woody8901)> ㅗㅜㅑ
[10:01:21] <최강귀요미토마토 (most_lovely_girl_tomato)> ㅗㅜㅑ
[10:01:21] <Kss0590> 으드러
[10:01:22] <다크민트초코 (ksh14756)> 함몰ㅋㅋㅋㅋㅋ
[10:01:22] <%기프티콘 (krkrk20014)> gongChair gongDhfmsWHr gongChair
[10:01:22] <공유공찬공민지공혁준 (getss65)> ㅗㅜㅑ
[10:01:23] <머리위양초 (davin0802)> ㅗㅜㅑ
[10:01:24] <서세원서정권서인국서새봄 (manaholl)> 병원야방킬꺼냐고!!!
[10:01:24] <리치킹공혁준 (whaqlckato7)> 야방 절대 켜라
[10:01:25] <cms050> 의사가 트수면
[10:01:26] <해아조스바 (firerla2)> 언니?
[10:01:26] <jjw92511> 나 의산데 한번 까봐 내가 진단해줄게
[10:01:26] <존맛탱회전초밥 (jjsseea2)> 의사 개부럽다 공혁준 젖 빨수있겠네
[10:01:27] <머리위양초 (davin0802)> 다이야방 특권 ㄷㄷ
[10:01:28] <%기프티콘 (krkrk20014)> gongDhlsWHr gongDhfmsWHr gongDhlsWHr gongDhfmsWHr
[10:01:29] <최강귀요미토마토 (most_lovely_girl_tomato)> 성전환했다해
[10:01:29] <$양구름 (dk3dk6)> 월요일에 방송을 다키네
[10:01:29] <%노잭슨 (nohjackson)> 혁하
[10:01:29] <코미디언 (lsh016)> 탈코해
[10:01:29] <서세원서정권서인국서새봄 (manaholl)> 병원야방킬꺼야?안킬꺼야ㅑ??
[10:01:30] <roh2926> 와 엄냐
[10:01:30] <해아조스바 (firerla2)> 어머니
[10:01:30] <ddddddddddd111111111111> 으 역겨워 ㅋ
[10:01:30] <김평온 (dnjswwkd)> 빨리빨리 안키냐 십새야진짜 뒤질래?
[10:01:31] <+소울블루 (pupleramen)> 나한테 보여주면 안되냐?
[10:01:33] <성난몽둥이 (angryclub)> ㅗㅜㅑ
[10:01:33] <공유공찬공민지공혁준 (getss65)> ,탈코했다해봐
[10:01:36] <roh2926> 함몰유두 퓨
[10:01:38] <다크민트초코 (ksh14756)> 우리한테만 살짝 보여줘
[10:01:38] <리치킹공혁준 (whaqlckato7)> 그거 왜 의사안테만 보여주냐?
[10:01:39] <서세원서정권서인국서새봄 (manaholl)> 병원야방 킬꺼야? 안킬꺼양???
[10:01:40] <cms050> 의사가 혁줌마면 꿀잼
[10:01:42] <벚꽃바다12 (wncksdud123)> 간호사보고 유발 되는거아닌감
[10:01:43] <리치킹공혁준 (whaqlckato7)> 우리도 볼수 있잖아
[10:01:43] <로우파이룩삼 (bij55)> 탈코한거라그래;;
[10:01:44] <달콤한정수씨 (ehw8042)> 왜 ㅈ돼
[10:01:45] <해아조스바 (firerla2)> ㅋㅋㅋㅋㅋㅋㅋㅋㅋㅋㅋㅋㅋㅋ
[10:01:46] <%노잭슨 (nohjackson)> 혁하~~
[10:01:47] <그지쟁이야 (woody8901)> ㅋㅋㅋㅋㅋㅋㅋㅋㅋㅋㅋㅋㅋㅋㅋ
[10:01:47] <성난몽둥이 (angryclub)> 간호사 부럽다
[10:01:49] <다크민트초코 (ksh14756)> 탈콬ㅋㅋㅋ
[10:01:49] <$양구름 (dk3dk6)> 야 또 병원가냐?
[10:01:50] <kmy01111> 그래서 게임할꺼야 말꺼야 이놈아
[10:01:51] <하와수 (chb8914)> 탈코 ㅋㅋㅋㅋㅋㅋㅋㅋㅋㅋ
[10:01:52] <서세원서정권서인국서새봄 (manaholl)> 병원야방 킬꺼야? 안킬꺼야??
[10:01:52] <변하고싶은공혁준 (joa_gombo)> 공피셜) 나 탈코함
[10:01:52] <히국이 (kyong8230)> 탈코 씨바ㅋㅋㅋㅋㅋㅋ
[10:01:52] <pty0709> 자ㅑㄹ가
[10:01:53] <해아조스바 (firerla2)> ?
[10:01:54] <pty0709> 혁준아
[10:01:54] <ajdro1579> ㅋㅋㅋㅋㅋㅋㅋㅋㅋㅋㅋㅋ
[10:01:55] <그지쟁이야 (woody8901)> 혁바
[10:01:55] <금병석 (bskim82118)> ?
[10:01:55] <서세원서정권서인국서새봄 (manaholl)> 구라네
[10:01:55] <feeldancing> ?
[10:01:55] <$지모찡 (qqq5092)> ?????????????????????????????//
[10:01:56] <최강귀요미토마토 (most_lovely_girl_tomato)> 혁준아 아프지마 ㅠㅠㅠ
[10:01:56] <woals3571> ㅋㅋㅋㅋㅋㅋㅋㅋㅋㅋㅋㅋㅋ
[10:01:56] <리치킹공혁준 (whaqlckato7)> 우리도 보면 안되냐?
[10:01:56] <Kss0590> 와 방송개짧다
[10:01:57] <루치루팡 (akslaktt)> ?
[10:01:58] <존맛탱회전초밥 (jjsseea2)> 민번 10으로 시작되는거보고 의사 개놀랄듯 ㄹㅇ ㅋㅋ
[10:01:58] <서세원서정권서인국서새봄 (manaholl)> 아픈거 구라네
[10:01:58] <리치킹공혁준 (whaqlckato7)> ㅋㅋㅋㅋㅋㅋㅋㅋㅋ
[10:01:59] <벚꽃바다12 (wncksdud123)> ㅋㅋㅋㅋㅋㅋㅋㅋㅋㅋ
[10:02:00] <%노잭슨 (nohjackson)> ?
[10:02:01] <김두한 (xyzasd12378)> ????
[10:02:02] <cms050> 호잇!
[10:02:02] <roh2926> 탈코했다고 말하면 되지 ㅋㅋㅋ
[10:02:02] <$양구름 (dk3dk6)> 설마 내일 병원가는거냐?
[10:02:02] <feeldancing> 야방해 ㅡㅡ
[10:02:02] <antipunk> 탈코 ㅋㅋㅋㅋㅋ
[10:02:03] <woals3571> ???????
[10:02:04] <feeldancing> 인증해라 ㅡㅡ
[10:02:04] <달콤한정수씨 (ehw8042)> 님들 얘아프대요?
[10:02:04] <서세원서정권서인국서새봄 (manaholl)> 얘 아픈거 구라임
[10:02:04] <ddddddddddd111111111111> undercityHeyguys undercityHeyguys 잘가~
[10:02:05] <다크민트초코 (ksh14756)> 아파요 ㅠㅠ 하면서 켜
[10:02:05] <%노잭슨 (nohjackson)> 오디가
[10:02:06] <명쿠와쿠하나도안맞쿠 (mg5566)> 혁하
[10:02:06] <feeldancing> 인증하면 믿어줌
[10:02:06] <루치루팡 (akslaktt)> 야방해야지 ㅡㅡ
[10:02:07] <금병석 (bskim82118)> 스쳐지나가듯 방송했네.
[10:02:07] <+소울블루 (pupleramen)> 왜 치질때도 켰잖아
[10:02:08] <잉마을 (hirasawa02)> ㅔ
[10:02:08] <로우파이룩삼 (bij55)> 혁바
[10:02:08] <빅2 (asda725)> ㅇㅇ
[10:02:08] <성난몽둥이 (angryclub)> 호잇
[10:02:08] <pty0709> 보여줘
[10:02:08] <최강귀요미토마토 (most_lovely_girl_tomato)> 혁준아 아프면 안돼 알겠지??
[10:02:08] <리치킹공혁준 (whaqlckato7)> 예
[10:02:09] <cms050> 가능
[10:02:09] <서세원서정권서인국서새봄 (manaholl)> 구라잖아
[10:02:09] <존맛탱회전초밥 (jjsseea2)> ㅇㅇ
[10:02:09] <변하고싶은공혁준 (joa_gombo)> 보여줘
[10:02:09] <해아조스바 (firerla2)> 보여주면 좋고
[10:02:09] <공유공찬공민지공혁준 (getss65)> ㅔ
[10:02:10] <머리위양초 (davin0802)> ㄱㄱㄱㄱㄱㄱㄱㄱㄱㄱㄱㄱㄱㄱㄱㄱㄱㄱ
[10:02:10] <하와수 (chb8914)> 보여줘
[10:02:10] <존맛탱회전초밥 (jjsseea2)> 보여줘라
[10:02:10] <$지모찡 (qqq5092)> 5분 보여주셈
[10:02:11] <정동현 (kun0235)> 보여줘
[10:02:11] <해아조스바 (firerla2)> ㅋㅋㅋㅋㅋㅋㅋㅋㅋㅋㅋㅋㅋㅋㅋㅋㅋㅋㅋㅋㅋㅋㅋㅋ
[10:02:11] <명쿠와쿠하나도안맞쿠 (mg5566)> ㅖ
[10:02:11] <리치킹공혁준 (whaqlckato7)> 보여줘
[10:02:11] <woals3571> 협-바
[10:02:12] <루치루팡 (akslaktt)> ㅔ
[10:02:12] <서세원서정권서인국서새봄 (manaholl)> 보여달라고
[10:02:12] <최민경 (cmk2942)> BloodTrail BloodTrail
[10:02:13] <김두한 (xyzasd12378)> 킹기방송해
[10:02:13] <pty0709> 보여줘 빨리
[10:02:13] <빅2 (asda725)> 보여주면 믿지
[10:02:13] <변하고싶은공혁준 (joa_gombo)> 가슴까고 보여줘
[10:02:13] <리치킹공혁준 (whaqlckato7)> 인증해
[10:02:14] <%+신도림살아요 (minsu950814)> !uptime
[10:02:14] <ajdro1579> ㅋㅋㅋ
[10:02:15] <cms050> 5분
[10:02:15] <서세원서정권서인국서새봄 (manaholl)> 구라쟁이야 보여달라고
[10:02:16] <해아조스바 (firerla2)> 벗엇네 보여줄려고
[10:02:16] <벚꽃바다12 (wncksdud123)> 어
[10:02:16] <woals3571> ㅋㅋㅋㅋㅋㅋㅋㅋㅋㅋㅋㅋㅋㅋㅋㅋ
[10:02:17] <겨자맛우유 (cwg1256)> ㅇㅇ
[10:02:17] <머리위양초 (davin0802)> 가 슴 까
[10:02:18] <cms050> 5분 ㄱ
[10:02:19] <명쿠와쿠하나도안맞쿠 (mg5566)> 10분
[10:02:19] <roh2926> 인증해!
[10:02:19] <지홍스님 (jihong34)> ㅗㅜ
[10:02:19] <du01219> 어어
[10:02:20] <%노잭슨 (nohjackson)> 퍄
[10:02:20] <루치루팡 (akslaktt)> 절대보여줘
[10:02:21] <머리위양초 (davin0802)> 벗
[10:02:21] <pty0709> 벗방 개이득
[10:02:21] <금병석 (bskim82118)> 오늘 방송은 스쳐지나갑니다.
[10:02:22] <머리위양초 (davin0802)> 어
[10:02:22] <성난몽둥이 (angryclub)> 네
[10:02:23] <머리위양초 (davin0802)> 벗
[10:02:23] <리치킹공혁준 (whaqlckato7)> 인 증 해
[10:02:24] <명쿠와쿠하나도안맞쿠 (mg5566)> 국룰 10분
[10:02:24] <머리위양초 (davin0802)> 어
[10:02:25] <cms050> 5분 국룰
[10:02:25] <사과 (tnvjdnjswns1)> 뭐야
[10:02:26] <jjw92511> 빨리 원격진료해줄테니까 보여줘
[10:02:27] <roh2926> 절 대 보 여 줘
[10:02:27] <서세원서정권서인국서새봄 (manaholl)> 확대해서 보여줘
[10:02:30] <존맛탱회전초밥 (jjsseea2)> 잘만까놓고 이제와서
[10:02:30] <서세원서정권서인국서새봄 (manaholl)> 확대해서 보여줘!
[10:02:30] <Kss0590> 해 명 햐ㅐ
[10:02:31] <최강귀요미토마토 (most_lovely_girl_tomato)> 언능가 ㅠㅠ
[10:02:34] <서세원서정권서인국서새봄 (manaholl)> 확대해서 보여줘!!!!
[10:02:35] <공유공찬공민지공혁준 (getss65)> 5분동안 ㄱ
[10:02:36] <Kss0590> 해 명 해 아픈거
[10:02:36] <ddddddddddd111111111111> 보여줘바 ㅋㅋ 바로신고 넣는다 ㅋㅋ
[10:02:37] <명쿠와쿠하나도안맞쿠 (mg5566)> ?
[10:02:38] <다크민트초코 (ksh14756)> 그거 좀 째고 끝이야
[10:02:40] <justine1102> 뚱하 뚱뚱한 사람 하이라는 뜻
[10:02:41] <정동현 (kun0235)> 괜찮읅거야
[10:02:41] <금병석 (bskim82118)> 밤방송은 당연히 안하시겠죠?
[10:02:42] <변하고싶은공혁준 (joa_gombo)> 내가 없애줄게 보여주
[10:02:43] <해아조스바 (firerla2)> 몽우리 크기 얼만하냐
[10:02:43] <루치루팡 (akslaktt)> 가짜로 아프네ㅡㅡ
[10:02:43] <명쿠와쿠하나도안맞쿠 (mg5566)> 수술까지 한다고?
[10:02:44] <달콤한정수씨 (ehw8042)> 어디 아픈대
[10:02:46] <최민경 (cmk2942)> 성장통인듯
[10:02:47] <cms050> 사실 남자는 문제없는데 혁준이라 음란 신고됨/
[10:02:49] <최강귀요미토마토 (most_lovely_girl_tomato)> 혁준이 잘쉬고 내일보자~ㅎㅎ
[10:02:51] <로우파이룩삼 (bij55)> 째고 괜찮으면 방송켜
[10:02:51] <벨룸이다 (swjdnwo)> 야 돼지야 왔냐?
[10:02:51] <jjw92511> 원격진료해준다고
[10:02:52] <%아콩12 (ghkdehdyd)> 혁하
[10:02:54] <빅2 (asda725)> 핑계대고 유방확대수술하는거네
[10:02:54] <리치킹공혁준 (whaqlckato7)> 어휴...
[10:02:55] <사과 (tnvjdnjswns1)> 완캐해라 혁주나 사랑한다 뽀뽀쪽
[10:02:59] <최강귀요미토마토 (most_lovely_girl_tomato)> 혁바~
[10:02:59] <공혁준바라기 (zhdgurwns123)> !업타임
[10:03:00] <jujitsuu111> 오늘 공요일 아니냐?
[10:03:01] <서세원서정권서인국서새봄 (manaholl)> ㅡㅡ
[10:03:01] <고졸무직백수히키 (lingo123456)> 성상품화 ㅗㅜㅑ
[10:03:02] <리치킹공혁준 (whaqlckato7)> 암튼 아프면 병원가서 빨리 치료받아라
[10:03:02] <정동현 (kun0235)> 혁바
[10:03:02] <존맛탱회전초밥 (jjsseea2)> SMOrc
[10:03:02] <@싹둑 (ssakdook)> 방송 업타임: 0 시간 07 분 43 초
[10:03:02] <zhfdhqm1> 이새 끼 또 휴방?
[10:03:03] <루치루팡 (akslaktt)> ㅡㅡ
[10:03:04] <공유공찬공민지공혁준 (getss65)> ㅅㄱ
[10:03:04] <벨룸이다 (swjdnwo)> ? 어딜가
[10:03:04] <최강귀요미토마토 (most_lovely_girl_tomato)> 호잇!
[10:03:05] <jujitsuu111> 왜 방송켰냐?
[10:03:06] <존맛탱회전초밥 (jjsseea2)> ㅗ
[10:03:06] <rhrltkfka> _수술방송해
[10:03:07] <%아콩12 (ghkdehdyd)> 뭐야
[10:03:09] <antipunk> 더 확대한다고?ㅗㅜㅑ
[10:03:10] <woals3571> 이걸끄네
[10:03:10] <그지쟁이야 (woody8901)> 혁바
[10:03:10] <%아콩12 (ghkdehdyd)> 왜 켰냐 이러면
[10:03:10] <로우파이룩삼 (bij55)> 혁바
[10:03:11] <명쿠와쿠하나도안맞쿠 (mg5566)> 머야
[10:03:14] <존맛탱회전초밥 (jjsseea2)> 걍
[10:03:15] <다크민트초코 (ksh14756)> 확대수술
[10:03:15] <존맛탱회전초밥 (jjsseea2)> 가라고요
[10:03:15] <루치루팡 (akslaktt)> CurseLit CurseLit
[10:03:18] <명쿠와쿠하나도안맞쿠 (mg5566)> 왤캐 빨리 끄냐
[10:03:19] <최강귀요미토마토 (most_lovely_girl_tomato)> 이럴거면 갤러리에 글남기지 그냥
[10:03:21] <jujitsuu111> 음경확대술?
[10:03:22] <최팔보 (ggp2o)> ;;;
[10:03:22] <종이 (gksrudfbs)> 유방암 ㄷㄷ
[10:03:22] <해아조스바 (firerla2)> ㅋㅋㅋㅋㅋㅋㅋㅋㅋㅋ
[10:03:23] <feeldancing> 여유증 ㅅㄱ
[10:03:23] <c6768> ㅋㅋㅋㅋㅋㅋ
[10:03:24] <+쟈니맨 (seattle_mariner)> 남자 유방암
[10:03:25] <구름위에카페 (navernice0723)> 혁하
[10:03:26] <루치루팡 (akslaktt)> 젖 꼭지 자른다구?
[10:03:27] <최민경 (cmk2942)> ㅋㅋㅋ
[10:03:29] <나루사료를뺏어먹은공혁준 (kdo922)> 갔다와서켜
[10:03:29] <woals3571> ㅋㅋㅋㅋㅋㅋㅋㅋㅋㅋㅋㅋ
[10:03:30] <justine1102> 유방암?
[10:03:31] <구름위에카페 (navernice0723)> 혁하아니냐
[10:03:32] <ddddddddddd111111111111> 빨아서 빼네라
[10:03:33] <네버다이라스트맨 (neverdielastman)> 유방암 ㅠㅠㅠ
[10:03:33] <얍짱깨 (fkhero30)> 유방암 ㅅㄱ
[10:03:34] <벨룸이다 (swjdnwo)> 걍 종기달고 살자
[10:03:34] <우리냡냡이귀엽죠 (jasmin1030no1)> 절대야방해
[10:03:35] <jujitsuu111> 유방암 ㅋㅋㅋ
[10:03:35] <고졸무직백수히키 (lingo123456)> 유방확대수술 ㄷㄷ
[10:03:35] <카오스조커 (joker6463)> 트하
[10:03:36] <붙박이청소기 (kyd805)> ㅋㅋㅋㅋㅋㅋ 좀심각한이야기같은데 왜웃기지 ㅋㅋㅋㅋ
[10:03:37] <변하고싶은공혁준 (joa_gombo)> 공혁준 역시 30언더 간다
[10:03:37] <로우파이룩삼 (bij55)> 아마조네스 일족입니다
[10:03:37] <기타리스트박건하 (parklef)> 헉
[10:03:38] <벨룸이다 (swjdnwo)> 걍 종기달고살자고 안죽어
[10:03:39] <@%네식 (nesick)> 상상임신?
[10:03:41] <c6768> 방금 왔는데 방종하니 뭐니 하다가 유방암 얘기나오네
[10:03:44] <jujitsuu111> ㅗㅜㅑ
[10:03:44] <리치킹공혁준 (whaqlckato7)> ㅋㅋㅋㅋㅋㅋㅋ
[10:03:44] <종이 (gksrudfbs)> 잘다녀와
[10:03:45] <명쿠와쿠하나도안맞쿠 (mg5566)> 다녀와서 방송킬거지?
[10:03:45] <빅2 (asda725)> 언놈이야
[10:03:47] <서세원서정권서인국서새봄 (manaholl)> 잠 몇시간잤어??
[10:03:48] <최팔보 (ggp2o)> 종기도 생명인데
[10:03:49] <txtx92> 기다리다 목빠지네
[10:03:49] <최강귀요미토마토 (most_lovely_girl_tomato)> 잘했어잘했어
[10:03:49] <벨룸이다 (swjdnwo)> 병원갔다가 다시 킬거지?
[10:03:50] <최민경 (cmk2942)> 모유나오나요?
[10:03:51] <서세원서정권서인국서새봄 (manaholl)> 혁준아 잠 몇시간잤냐고??
[10:03:52] <김평온 (dnjswwkd)> 겜 돌려 십새야 빨리
[10:03:52] <네버다이라스트맨 (neverdielastman)> 갓다와서 방송켜라
[10:03:53] <$지모찡 (qqq5092)> 종기~잇~!
[10:03:54] <피이로 (k1037814)> 갖다와
[10:03:55] <존맛탱회전초밥 (jjsseea2)> 치질?
[10:03:55] <justine1102> 우리 어머니도 한때 유방암 의심했는데
[10:03:56] <카오스조커 (joker6463)> 뭔일임?
[10:03:56] <jujitsuu111> 모유래 ㅋㅋㅋ
[10:03:57] <노딕맨 (no_dick_man)> 젖통에서 우유나옴?
[10:03:57] <서세원서정권서인국서새봄 (manaholl)> 혁준아 잠 몇시간잤냐고???
[10:03:57] <루치루팡 (akslaktt)> 임신했네 혁준
[10:03:57] <상남자김우현 (swing220)> 그냥 셀룰라이트젖탱이인데 무슨 유방암이야
[10:03:57] <벨룸이다 (swjdnwo)> 병원갔따가 오후방송각?
[10:03:59] <승질머대리 (hyepies)> 오자마자 유방암얘기ㅋㅋㅋㅋㅋ
[10:04:01] <퍼기 (fergietv)> 산부인과로가나여??
[10:04:02] <서세원서정권서인국서새봄 (manaholl)> 글쿤
[10:04:02] <zhfdhqm1> 이제
[10:04:03] <c6768> 제거하고 후기 썰좀 풀어줘요
[10:04:04] <최강귀요미토마토 (most_lovely_girl_tomato)> 많이잤구만
[10:04:05] <txtx92> 여유증이야 그냥
[10:04:05] <존맛탱회전초밥 (jjsseea2)> 빨리가세요
[10:04:07] <명쿠와쿠하나도안맞쿠 (mg5566)> ㅋㅋㅋㅋㅋㅋㅋㅋㅋㅋㅋㅋ
[10:04:08] <$지모찡 (qqq5092)> ㅋㅋㅋㅋㅋㅋㅋㅋㅋㅋㅋㅋㅋㅋㅋㅋㅋ
[10:04:08] <변하고싶은공혁준 (joa_gombo)> ㅋㅋㅋㅋㅋㅋㅋㅋㅋㅋㅋㅋㅋㅋㅋ
[10:04:09] <해아조스바 (firerla2)> ㅋㅋㅋㅋㅋㅋㅋㅋㅋㅋㅋㅋㅋ
[10:04:09] <최강귀요미토마토 (most_lovely_girl_tomato)> 야이개새끼야!
[10:04:09] <zhfdhqm1> 갔다와서 방송 하는거지?
[10:04:09] <sky159345> ㅃㅃㅃ
[10:04:10] <카오스조커 (joker6463)> 뭔일임??
[10:04:11] <리치킹공혁준 (whaqlckato7)> 빨리 병원가라
[10:04:11] <justine1102> !업타임
[10:04:13] <@싹둑 (ssakdook)> 방송 업타임: 0 시간 08 분 55 초
[10:04:14] <%+신도림살아요 (minsu950814)> 아파효
[10:04:14] <벨룸이다 (swjdnwo)> 병원갔다가 방송킬꺼임?
[10:04:16] <로우파이룩삼 (bij55)> 혁바
[10:04:16] <피이로 (k1037814)> ㅋㅋㅋㅋㅋㅋㅋ
[10:04:17] <리치킹공혁준 (whaqlckato7)> ㅋㅋㅋㅋㅋㅋㅋㅋㅋㅋ
[10:04:17] <얍짱깨 (fkhero30)> ㅋㅋㅋㅋㅋㅋㅋㅋㅋㅋㅋㅋㅋㅋㅋㅋㅋ
[10:04:18] <txtx92> 남자는 유방암안결려 여유증이지
[10:04:20] <다크민트초코 (ksh14756)> ㅋㅋㅋㅋㅋㅋㅋㅋㅋ
[10:04:21] <어국 (saint429)> ㄹㅇ
[10:04:21] <존맛탱회전초밥 (jjsseea2)> ㄹㅇ
[10:04:21] <c6768> 둘다 못해요 ㅠㅜ
[10:04:23] <김평온 (dnjswwkd)> 젖 짜면나오나요?
[10:04:23] <존맛탱회전초밥 (jjsseea2)> 공혁준 지옥간다.
[10:04:24] <벚꽃바다12 (wncksdud123)> 상상 임신 한거아닌가요?
[10:04:24] <루치루팡 (akslaktt)> 돼지쉑
[10:04:27] <다크민트초코 (ksh14756)> 피뺐으니까 고기 먹어야지
[10:04:28] <벨룸이다 (swjdnwo)> 병원갔다가 몇시간바옹할꺼?
[10:04:28] <최강귀요미토마토 (most_lovely_girl_tomato)> 혁바~
[10:04:29] <종이 (gksrudfbs)> 혁바
[10:04:30] <최민경 (cmk2942)> ㄹㅇ
[10:04:31] <feeldancing> 죽으면 레전드?
[10:04:31] <변하고싶은공혁준 (joa_gombo)> 팟바트바우바
[10:04:32] <얍짱깨 (fkhero30)> 이제 곧 육개장먹을수있는거냐 혁준아
[10:04:32] <리치킹공혁준 (whaqlckato7)> 혁바
[10:04:33] <최강귀요미토마토 (most_lovely_girl_tomato)> 호잇!
[10:04:33] <검은이름을가진사나이 (koremnant)> 혁바
[10:04:33] <justine1102> 공혁준 저승간다
[10:04:33] <@%네식 (nesick)> 혁바~
[10:04:33] <캐리__ (didrltjr)> 혀카
[10:04:34] <명쿠와쿠하나도안맞쿠 (mg5566)> 잘가라~
[10:04:37] <잉마을 (hirasawa02)> ㅋㅋㅋㅋㅋㅋㅋㅋㅋㅋ
[10:04:38] <antipunk> 혁바
[10:04:39] <구름위에카페 (navernice0723)> 혁준이 이제 정말루 살빼야겟다
[10:04:39] <존맛탱회전초밥 (jjsseea2)> 육수나옴
[10:04:41] <명쿠와쿠하나도안맞쿠 (mg5566)> 하스 한판 하고가
[10:04:41] <지홍스님 (jihong34)> ㅎㅂ
[10:04:42] <카오스조커 (joker6463)> 아니 뭔일이냐고
[10:04:42] <정동현 (kun0235)> ㅂㅂ
[10:04:43] <캐리__ (didrltjr)> ?
[10:04:44] <최강귀요미토마토 (most_lovely_girl_tomato)> 혁바~~
[10:04:45] <변하고싶은공혁준 (joa_gombo)> 호스팅해줘
[10:04:45] <그지쟁이야 (woody8901)> ㅂ
[10:04:46] <리치킹공혁준 (whaqlckato7)> 우바는 뭐여
[10:04:46] <헌우님 (kimhun1998)> 뭔일임
[10:04:46] <빅2 (asda725)> 짜봣네
[10:04:46] <홍망내 (hongmn)> 먼데 어디가
[10:04:46] <루치루팡 (akslaktt)> 젖함보여줘 ㅡㅡ
[10:04:47] <ddddddddddd111111111111> 하스켜라 야발년아
[10:04:48] <해아조스바 (firerla2)> 한판하고가
[10:04:50] <공유공찬공민지공혁준 (getss65)> 혁바
[10:04:50] <벨룸이다 (swjdnwo)> 병원갔다가 방송하냐고
[10:04:51] <카린토 (karintounet)> 혁바
[10:04:51] <하꼬볼바에우가봄 (godgunshiplovely)> 우유 나와서 병원간데
[10:04:52] <머리위양초 (davin0802)> 죽지마 돼지새꺄 진짜루
[10:04:52] <woals3571> 혁바
[10:04:52] <pty0709> ㅂㅂ
[10:04:56] <최강귀요미토마토 (most_lovely_girl_tomato)> 종합검진 받고 꼭 ㅠㅠ
[10:04:57] <명쿠와쿠하나도안맞쿠 (mg5566)> 한판만 하고 가지 매정해
[10:04:58] <존맛탱회전초밥 (jjsseea2)> 나게혁섹
[10:04:58] <캐리__ (didrltjr)> 오자마자 방종이여?
[10:04:59] <헌우님 (kimhun1998)> 병원감?
[10:05:01] <pty0709> 갔어
[10:05:01] <$양구름 (dk3dk6)> 근황 알릴려고 킴?
[10:05:02] <txtx92> 걍여유증이야
[10:05:02] <pty0709> ㅠㅠㅠㅠㅠㅠㅠㅠ
[10:05:05] <pty0709> 가버렸어
[10:05:06] <pty0709> ㅠㅠㅠㅠㅠㅠㅠㅠㅠㅠㅠㅠㅠㅠ
[10:05:07] <피이로 (k1037814)> DansGame
[10:05:08] <캐리__ (didrltjr)> 와 이쉣 너무한데
[10:05:09] <하꼬볼바에우가봄 (godgunshiplovely)> 누구 애냐
[10:05:10] <빅2 (asda725)> 공지방송임
[10:05:10] <txtx92> 와 양심어다
[10:05:13] <@%네식 (nesick)> 나도 혁준이 찌찌보고싶다
[10:05:13] <강태공_ (co1503)> 공혁준 종아리걷어
[10:05:14] <pty0709> 흑흑 가버렸어
[10:05:14] <변하고싶은공혁준 (joa_gombo)> biblethumb
[10:05:15] <캐리__ (didrltjr)> 뭔 공지함?
[10:05:15] <pty0709> ㅠㅠㅠㅠㅠㅠㅠㅠㅠㅠㅠㅠㅠㅠㅠㅠ
[10:05:16] <변하고싶은공혁준 (joa_gombo)> ㅠㅠ
[10:05:17] <구름위에카페 (navernice0723)> 혁준이ㅠ
[10:05:17] <얍짱깨 (fkhero30)> 혁준이 저승갔다 명복을빌어주자
[10:05:21] <pty0709> 혁준이 가슴에 암걸렸대요
[10:05:22] <변하고싶은공혁준 (joa_gombo)> 혁준이 유방암걸렸대요
[10:05:22] <공유공찬공민지공혁준 (getss65)> 좌표 어디?
[10:05:23] <빅2 (asda725)> 하 재수해서 간호대라도 가야되나
[10:05:23] <antipunk> 병원가야해서 휴방한대
[10:05:24] <최강귀요미토마토 (most_lovely_girl_tomato)> 혁준이 어디 아파요??
[10:05:24] <호머심슨 (homerjaysimpson)> dho gbqkddla?
[10:05:26] <$양구름 (dk3dk6)> 유방암 걸렸음?
[10:05:27] <pty0709> 그래서 지금 병원가야된다고
[10:05:29] <txtx92> 여유즈이지
[10:05:30] <구름위에카페 (navernice0723)> 혁준이는 귀인일꺼야
[10:05:31] <캐리__ (didrltjr)> ㅇㅈㅇㅈ
[10:05:33] <최강귀요미토마토 (most_lovely_girl_tomato)> 무슨 일이에요??
[10:05:33] <pty0709> 공지방송하고 껐음...
[10:05:33] <공유공찬공민지공혁준 (getss65)> 곰보 방송켰네
[10:05:35] <txtx92> 여유증이겟지
[10:05:36] <호머심슨 (homerjaysimpson)> 아파서 휴방임?
[10:05:36] <feeldancing> 유방딸치니까 그렇지 ㅡㅡ
[10:05:42] <캐리__ (didrltjr)> 유방암은 ㅇㅈ이야
[10:05:42] <하늘색쿠션 (khj369369)> 유방암? ㄷㄷ
[10:05:42] <평양은언제나맑음뒤흐림 (moscow1400)> 머야
[10:05:46] <조강현아름다운병역거부 (sgyj1012)> 들어오니까 끝났네 뭐야
[10:05:48] <jujitsuu111> 젖짜면 우유나와서 병원간대 다들 채팅 조심히 치자 환자한테
[10:05:48] <antipunk> 가슴에 종기나서 병원간대
[10:05:49] <최강귀요미토마토 (most_lovely_girl_tomato)> 에휴 그러게 적당히 잡아야지 참 ;;
[10:05:52] <호머심슨 (homerjaysimpson)> 헐
[10:05:54] <antipunk> 의사 간호사 너무 부럽자너
[10:05:58] <평양은언제나맑음뒤흐림 (moscow1400)> 별 희안한 ㅋㅋㅋㅋㅋㅋㅋ
[10:05:59] <변하고싶은공혁준 (joa_gombo)> 혁준이 유방종양생겨서 병원휴방이래요
[10:05:59] <$양구름 (dk3dk6)> 진짜 유방암인가
[10:06:01] <조강현아름다운병역거부 (sgyj1012)> ㅅㅂ ㅋㅋㅋㅋㅋ
[10:06:02] <$양구름 (dk3dk6)> 종기면
[10:06:03] <평양은언제나맑음뒤흐림 (moscow1400)> 저번엔 항문이더니
[10:06:06] <@%네식 (nesick)> 너무 씨게잡아서 그런건가
[10:06:07] <최강귀요미토마토 (most_lovely_girl_tomato)> 혁준이 유방암인가요??
[10:06:09] <txtx92> 여유증이라구용
[10:06:09] <공유공찬공민지공혁준 (getss65)> 유방암이랍니다
[10:06:12] <상남자김우현 (swing220)> 그럼혁준이병원을 여성병원으로감?
[10:06:13] <풍전등화 (gkrhvm)> ??
[10:06:14] <변하고싶은공혁준 (joa_gombo)> 거의 확실하대요
[10:06:18] <최강귀요미토마토 (most_lovely_girl_tomato)> 이제 남은 생식기는 한곳이군요
[10:06:18] <txtx92> 유방암은 남자 거의안걸려요 여유증이지
[10:06:18] <호머심슨 (homerjaysimpson)> 지방이 많아서 종기가 많이 생기나봄 ㅠㅠ
[10:06:21] <빅2 (asda725)> 동물병원가는데요
[10:06:23] <평양은언제나맑음뒤흐림 (moscow1400)> 심각한 병 아니면 좋겠다 그래야 놀려먹을 수 있지
[10:06:27] <최강귀요미토마토 (most_lovely_girl_tomato)> 거기까지 아프면 안돼는데 ㅠㅠ
[10:06:34] <조강현아름다운병역거부 (sgyj1012)> 가더라도 방송은 키고가야지
[10:06:35] <변하고싶은공혁준 (joa_gombo)> 공혁준 천국간다
[10:06:36] <여고생킬러조강현 (ducsan0)> 얘어디감?
[10:06:37] <호머심슨 (homerjaysimpson)> 잘 치료받고 와
[10:06:42] <공유공찬공민지공혁준 (getss65)> 혁준이 알고보니 xxy염색체래요 유방암입니다
[10:06:45] <+꿀청귤 (koyoonha)> 뭐야 방종했네
[10:06:50] <명치만때림 (dhfz012489)> 병원감요?
[10:06:52] <mocha1289> ?
[10:06:55] <dhenakr1000> ???
[10:06:57] <참치거북 (bbjane1)> anjdi
[10:06:59] <참치거북 (bbjane1)> 뭐야
[10:07:00] <jujitsuu111> 젖에 문제있어서 병원간다함
[10:07:00] <dhenakr1000> 치과냐
[10:07:02] <평양은언제나맑음뒤흐림 (moscow1400)> 공혁준 이새기 진짜 30 지나면 위험할 거 같은데 관리좀 해라
[10:07:03] <dhenakr1000> 아 ㅡㅡ
[10:07:06] <조강현아름다운병역거부 (sgyj1012)> 공서방 어떻게행 ㅠㅠㅠ
[10:07:12] <dhenakr1000> 진짜 다이어트해야돼 얘
[10:07:13] <whwrkswl> 병원에서 방송킨대?
[10:07:14] <txtx92> 유선이 발달되서 여유증이온거다 팩트
[10:07:17] <ezboom11> ?
[10:07:21] <onlyyouzz> 뱅종?
[10:07:25] <%푸른소나무이병조강현 (ghtjrgh12)> 모야
[10:07:25] <zhfdhqm1> 갔다와서 키냐? 당연히 안키겠지?
[10:07:26] <txtx92> 여유증은 여성호르몬이 높아져서 걸리는것이다
[10:07:27] <평양은언제나맑음뒤흐림 (moscow1400)> 트게더 볼까
[10:07:30] <하드맛감 (skycrisise)> 혁준이 왜?
[10:07:32] <네온우리 (dyon133)> 방종이라니 무슨 소리야
[10:07:35] <혁땀눈물 (thek666)> 머임
[10:07:36] <dhenakr1000> 2030 못볼거같은데 건강관리안하면
[10:07:40] <세상아라랄라 (garatt)> 유방종양이 유방암은 아니죠?
[10:07:42] <txtx92> 환경호르몬 많이먹으면 여유증옴
[10:07:45] <dhenakr1000> ㅇㅇ
[10:07:45] <zhfdhqm1> 오늘 여자친구랑 데이트한데여
[10:07:45] <whwrkswl> 젖부리영감됨?
[10:07:52] <혁땀눈물 (thek666)> 오늘은 바로 다이아방임?
[10:07:52] <평양은언제나맑음뒤흐림 (moscow1400)> 트게더에 공지 올라왔네 가슴에 종기 생겼다고 ㄷㄷㄷ
[10:07:54] <세상아라랄라 (garatt)> 다행이네요 잘 치료받기를
[10:07:56] <@%네식 (nesick)> 젖부리영감 ㅅㅂㅋㅋㅋㅋㅋㅋㅋㅋㅋㅋ
[10:08:01] <txtx92> ㅋㅋㅋㅋ
[10:08:03] <dhenakr1000> 미친ㅋㅋㅋㅋㅋ
[10:08:11] <greatbeauty0001> 머야
[10:08:11] <whwrkswl> ㅜㅜ
[10:08:17] <%읍으비 (eupeup2)> 머지 방송끈건가요?
[10:08:20] <박사봄 (drsaebom)> 껏냐
[10:08:20] <문희준 (moonheejun3)> 머냐 방송킨거여 안킨거여
[10:08:21] <평양은언제나맑음뒤흐림 (moscow1400)> !업타임
[10:08:21] <evglo> 뭐야 방종?
[10:08:22] <@싹둑 (ssakdook)> 방송 업타임: 0 시간 13 분 05 초
[10:08:24] <세상아라랄라 (garatt)> 공지방송만 하고 껐습니다
[10:08:24] <txtx92> 근데 유방암은 90프로가 여자가걸림 남자는 극소수
[10:08:31] <축신두 (kinggodoo)> 공지가 뭔디
[10:08:34] <%읍으비 (eupeup2)> gongDark gongDark gongDark gongDark
[10:08:35] <네온우리 (dyon133)> 남자는 극소수 ㅇㅇ
[10:08:36] <박사봄 (drsaebom)> 혁준이 유방암임?
[10:08:36] <평양은언제나맑음뒤흐림 (moscow1400)> 트게더 봐라
[10:08:37] <세상아라랄라 (garatt)> 가슴부근에 종양이 생겨서 치료받아야 ㅎ나다고
[10:08:39] <mulgrew726> 유방암 공지임?
[10:08:39] <evglo> 무슨공지인가요?
[10:08:42] <tjra08> ??
[10:08:45] <tjra08> 진짜임?
[10:08:49] <whwrkswl> 헐
[10:08:51] <txtx92> 걍 여유증이겟지
[10:08:51] <mulgrew726> 진짜?
[10:08:52] <$양구름 (dk3dk6)> 당분간 병원신세인가
[10:08:54] <평양은언제나맑음뒤흐림 (moscow1400)> 트게더에 종기났다고 공지 올라옴
[10:08:56] <평양은언제나맑음뒤흐림 (moscow1400)> 유방암 아냐
[10:09:02] <블리자드충 (won0217)> 아니씹
[10:09:02] <djdudmmm> 빨리 나으시길
[10:09:02] <ilicekim> 유방암아니라
[10:09:04] <블리자드충 (won0217)> 유방암이 모냐
[10:09:05] <축신두 (kinggodoo)> 종기 ㅋㅋ
[10:09:06] <ilicekim> 다행이네그래도
[10:09:07] <세상아라랄라 (garatt)> 유방암은 아니라니까 잘 치료받으면 나을 것 같아요.
[10:09:08] <txtx92> 뭔 종기난다고 입원하냐 ㅋㅋ
[10:09:17] <평양은언제나맑음뒤흐림 (moscow1400)> 종기는 뒈질 것 같이 아프긴 함 ㅋㅋㅋㅋ
[10:09:17] <축신두 (kinggodoo)> 진짜 디지는거 아니냐
[10:09:18] <블리자드충 (won0217)> 혁준아 살빼라 그러니깐
[10:09:20] <탄산리에 (sodalier)> 방송 안킴?
[10:09:20] <ilicekim> 종기나면 입원해야죠 ㅋㅋ 가슴인데
[10:09:21] <축신두 (kinggodoo)> 혁준아 건강챙겨라
[10:09:27] <블리자드충 (won0217)> 또 레전짤 나오나ㅑ
[10:09:29] <축신두 (kinggodoo)> 손으로 짜지말고...
[10:09:35] <서세원서정권서인국서새봄 (manaholl)> 하
[10:09:36] <%읍으비 (eupeup2)> 사진올려 공혁준
[10:09:37] <변태가면 (showmeyourpanty)> 3유두야?
[10:09:38] <블리자드충 (won0217)> 손에 안닿아서 못짬
[10:09:38] <서세원서정권서인국서새봄 (manaholl)> 잘가라 공혁준
[10:09:46] <사바나온나나 (migig3)> ?
[10:11:14] <$양구름 (dk3dk6)> 님들
[10:11:30] <%+공리나 (feminist12345)> 야
[10:11:33] <%+공리나 (feminist12345)> 혁준
[10:11:39] <%+공리나 (feminist12345)> ㅅㅂ어디갔냐?
[10:12:16] <아첵스 (nickkoball)> 혁바함
[10:12:46] <아첵스 (nickkoball)> 태 보 해
[10:14:47] <고기견주 (tkdlffjrtm)> 므냐
[10:14:50] <고기견주 (tkdlffjrtm)> 방종함?
[10:30:17] <동서대학교 (windy1517)> 돼하
[10:31:20] <강박증맨 (obsession_man)> 머지 팅긴거임?
[10:40:12] <+zangpan> 휴방이래요
[12:19:43] <muk5946> 혁준아 사랑해
