# Log started: 2019-01-07 08:37:39 +0900
[2019-01-07 08:37:39] <인생낭비 (so_ojun)> 절 대 방 송 켜
[2019-01-07 08:38:18] <인생낭비 (so_ojun)> looksamGong looksamGong looksamGong looksamGong looksamGong looksamGong looksamGong looksamGong looksamGong looksamGong looksamGong looksamGong looksamGong looksamGong looksamGong looksamGong looksamGong looksamGong looksamGong looksamGong looksamGong
[2019-01-07 08:38:18] <@%싹둑 (ssakdook)> 인생낭비 -> 이모티콘 도배에 주의해주세요. [경고]
[2019-01-07 08:38:25] <인생낭비 (so_ojun)> looksamGong looksamGong looksamGong looksamGong
[2019-01-07 08:42:28] <인생낭비 (so_ojun)> 절 대 방 송 켜
[2019-01-07 11:26:54] <벗을게찢지마 (o_plus_)> 나죽어
[2019-01-07 14:56:33] <kukukuu99> 공혁준 야생전설간다
[2019-01-07 16:45:07] Warning: Server not responding
[2019-01-07 16:46:37] Warning: Server not responding
[2019-01-07 16:48:30] Warning: Server not responding
[2019-01-07 16:52:03] Warning: Server not responding
[2019-01-07 16:53:21] Warning: Server not responding
[2019-01-07 16:55:52] Warning: Server not responding
[2019-01-07 17:16:24] Warning: Server not responding
[2019-01-07 17:17:20] 연결 해제
[2019-01-07 17:17:20] Attempting to reconnect in 1 seconds.. (1/40)
[2019-01-07 17:17:21] 접속 시도 중: irc.chat.twitch.tv:80
[2019-01-07 17:17:22] #rhdgurwns 채널 입장 중입니다
[2019-01-07 17:17:22] #rhdgurwns 채널에 입장했습니다
[2019-01-07 17:25:56] Warning: Server not responding
[2019-01-07 17:27:26] Warning: Server not responding
