# Log started: 2019-01-02 09:18:30 +0900
[2019-01-02 09:18:30] <태초마을오박사 (leeky0212)> 방송켜라
[2019-01-02 09:20:01] <태초마을오박사 (leeky0212)> 자다가 뒤졌냐 왜 안와
[2019-01-02 10:10:25] <쇠똥구리2 (bex101)> 혁준이 언제오냐
[2019-01-02 10:11:40] <설정하기 (gkawngus12345)> ㅇㅇ
[2019-01-02 10:14:38] <솔파미 (sjwksjwk)> 오늘 휴방이야?
[2019-01-02 10:18:09] <점례_ (ppeutae88)> 뱅송캐라 새해다짐한지 이틀밖에 안지났다
[2019-01-02 11:21:10] <밖에나가지않는공혁준 (rjwltakf123)> 혁주니 아파요 기다립시다
[2019-01-02 11:45:09] <게아쿠 (ceinon33)> 아프지마 ㅠ
[2019-01-02 12:48:17] <블랭타임 (pbys1626)> ㅋㅋㅋㅋㅋ
[2019-01-02 12:59:12] <용두인 (huyunagi)> 어이 죽지말라구.. BibleThump
[2019-01-02 12:59:56] <라티씨 (latias0417)> 오이오이....믿고있다고...젠장...!!
[2019-01-02 13:04:48] <djtjdhtpdh999> 안 오냐?
[2019-01-02 13:05:06] <djtjdhtpdh999> 겨울이라 건조해서 코피난 거 가지고 휴방이면 에참꽁인데
[2019-01-02 13:55:27] <opopop4646> di
[2019-01-02 13:55:29] <opopop4646> 야
[2019-01-02 13:55:35] <opopop4646> 방송 언제키냐
[2019-01-02 13:55:38] <opopop4646> 뒺지려고
[2019-01-02 14:15:38] <점례_ (ppeutae88)> 혁쭈니 지금 누구뱅송보고있냐
[2019-01-02 16:16:51] <zeros9818> ㅅㅂ련아처돌앗나
[2019-01-02 16:17:01] <zeros9818> 방송켜라 십돼지리ㅕㄴ아
