# Log started: 2018-12-20 01:16:59 +0900
[01:16:59] <늑대디 (nkdady)> 방송켜라 야밥아
[01:17:13] <%+로성 (loraslover)> 집에왔음 로아켜야지
[01:17:23] <빙산의일각 (netplop)> 절 대 방 송 켜
[01:17:36] <늑대디 (nkdady)> 야밥님 방송키세요
[01:19:15] <+흑우호청자 (doraji1317)> ㅡㅡ 김성태 로아중
[01:48:44] <절_대_알_려_주_지_마 (anyprofile)> 진실입니까
[02:18:47] <로스트랄부 (tpals)> 집갔다며
[02:18:54] <로스트랄부 (tpals)> 로아 언제함
[02:19:09] <%클로안 (cloren)> 트파 언젠가요??
[02:19:58] <로스트랄부 (tpals)> 지금 하는중
[13:21:08] <@%+텐센트 (10cent)> d
[13:21:34] <@%+텐센트 (10cent)> r
[13:25:26] <@%+텐센트 (10cent)> d
[13:26:53] <@%+텐센트 (10cent)> dd
[13:30:05] <@%+텐센트 (10cent)> gg
[13:30:46] <@%+텐센트 (10cent)> d
[13:31:57] <@%+텐센트 (10cent)> dd
[13:34:33] <@%+텐센트 (10cent)> d
[13:34:47] <@%+텐센트 (10cent)> dd
[13:37:36] <@%+텐센트 (10cent)> dd
[13:38:45] <@%+텐센트 (10cent)> ㅇㅇ
[13:38:50] <@%+텐센트 (10cent)> ㅇㅇ
[13:46:07] <크림감자수프 (slwo2003)> j
[13:46:43] <로스트랄부 (tpals)> 내일 봅시다 다들
[17:27:36] <갓오세 (treeofsavior4)> 오뱅없?
[17:35:40] <floatstring> dd
[17:44:01] <맹구 (dodali03)> 오방없?
[17:44:52] <nokbeon> TPFufun
[17:45:04] <hqfu> 오뱅잇?
[17:54:07] <심씨 (sjwo456)> 오늘 휴방합니까
[17:54:23] <빵돌이문주영 (kgtkg1)> 오늘휴방이냐?
[17:54:43] <어둠의레기오로스 (daljae1)> 그립읍니다
[17:54:49] <빵돌이문주영 (kgtkg1)> 놀토네 끄억
[17:54:52] <심씨 (sjwo456)> 야얍님 채팅창에 계시지않읍니까
[17:54:55] <어둠의레기오로스 (daljae1)> 혹시나 하는마음에
[17:55:01] <어둠의레기오로스 (daljae1)> 숨참겠읍니다
[17:55:03] <맹구 (dodali03)> 오늘키면 빛성태인데
[17:55:05] <심씨 (sjwo456)> 일단 착석합니다
[17:55:13] <심씨 (sjwo456)> 다들 숨참읍시다
[17:55:19] <donguk0901> 오뱅있?
[17:55:20] <lut3254> 오늘 한다고했음?
[17:55:22] <유니짜장맛나유 (wogus8998)> 그립읍니다...
[17:55:41] <어둠의레기오로스 (daljae1)> 놀토래요
[17:55:48] <어둠의레기오로스 (daljae1)> 어제가 휴방이고 오늘이 놀토임?
[17:55:48] <심씨 (sjwo456)> 믿고 기다립시다
[17:56:40] <+_김구름 (jaycloude)> 오뱅함?
[17:57:40] <jelly1125> 오뱅없?
[17:58:49] <은하를줄게 (orion_m43)> 오뱅없?;
[17:59:14] <yikjo345> 오늘 쉬는날 아니지않음?
[18:00:35] <infotour> 그립읍니다..
[18:01:15] <룩빡줌마 (fusr0da)> 얍하
[18:01:31] <asdf40000> 승태야 나 죽어!!! 나 죽어 승태야!!!
[18:01:49] <연우98 (yeonwoo_)> 오뱅없?
[18:01:56] <수니후니 (gmltjd1023)> 성태형 그곳에선 행복해?
[18:01:57] <연우98 (yeonwoo_)> 오늘 쉬는날인가
[18:02:21] <연우98 (yeonwoo_)> 얍마이무~~~
[18:02:22] <심씨 (sjwo456)> 6분이옵니다
[18:03:40] <asdf40000> 흐으으으읍!!!!
[18:04:11] <룱곯얇칹 (02470396)> 집에도 일찍갔자너~
[18:04:35] <프리서스 (khw452)> 오뱅있?
[18:05:22] <펨인창생 (rkdtjrdlf33)> 오뱅없
[18:05:28] <비포장도로 (kseu10)> 어제 방송하고 화요일도 휴일 반납이라
[18:05:30] <+_김구름 (jaycloude)> 집에 일찍가서 템렙올리신겁니까 빼앵
[18:05:30] <비포장도로 (kseu10)> 없지낭ㄶ음?
[18:05:38] <펨인창생 (rkdtjrdlf33)> 오늘 칸이랑같이쉼
[18:05:50] <+_김구름 (jaycloude)> 운명공동체 답군..
[18:06:10] <레하바은 (vhel9797)> 오늘 놀토?
[18:06:37] <+비트캐시 (juk0752)> 오뱅없?
[18:06:47] <kangwon11> 동수칸이랑 태국감?
[18:07:07] <케이엔 (chi2cken)> 님들 냠냠님 방송 안켜요?
[18:07:15] <피너츠 (siegerp)> 오늘 놀토??
[18:07:19] <%+호시조라__린 (hoshizorarinn)> 김성태!!!! angryyapHaetae angryyapHaetae angryyapHaetae
[18:07:31] <%쿠키레빗 (rmfrrp2000)> 오뱅없?
[18:07:57] <%+카나리아 (tail0450)> 오뱅없?
[18:08:20] <로그 (noisezero)> 오방없
[18:08:30] <흑맥주 (brocolicut)> 해산~
[18:08:31] <릴리안 (950628)> 오뱅없?
[18:08:34] <심씨 (sjwo456)> @얍얍
[18:08:53] <%쿠키레빗 (rmfrrp2000)> 얔얔님 그립읍니다 9ㅅ9
[18:09:06] <%마인드킴 (guardian1322)> 야 방송 안키냐?
[18:09:17] <%마인드킴 (guardian1322)> 야 야야
[18:09:25] <%쿠키레빗 (rmfrrp2000)> 그곳에서는 평안하신가요?
[18:09:26] <어둠의레기오로스 (daljae1)> ㅠㅠ안오시네
[18:09:29] <%chobussy> 오방있???????????????????????????????????
[18:09:36] <%마인드킴 (guardian1322)> 없으로 추정됨
[18:09:46] <%chobussy> angryyapH angryyapH angryyapH angryyapH
[18:09:58] <%쿠키레빗 (rmfrrp2000)> angryyapHeup angryyapHeup angryyapHeup angryyapHeup
[18:10:02] <%루뿅뿅 (gugu2217)> angryyapHaetae
[18:10:05] <%+카나리아 (tail0450)> 오늘 룩얍 둘다 방송없는게 트루?
[18:10:24] <%쿠키레빗 (rmfrrp2000)> choDd choDd
[18:10:46] <%쿠키레빗 (rmfrrp2000)> 방송켜라 이말이야~
[18:11:27] <vhvhmin> 오늘 휴방이야??
[18:11:53] <%쿠키레빗 (rmfrrp2000)> 얔얔님 그립읍니다 9ㅅ9
[18:12:28] <asdf40000> 오늘 왜 안 해 ㅠㅠㅠㅠ
[18:13:04] <야뱌야뱌 (kimchan1007)> 오뱅없?
[18:13:10] <룩_얍 (kodongh)> 그립읍니다..
[18:13:15] <룩_얍 (kodongh)> 오뱅없
[18:14:10] <%착한골든햄스터 (golden_hamster_baragi)> 오늘 방송업써요?
[18:14:23] <지서 (tjwl111)> 혹시 올까 몰라 기다립니다
[18:14:26] <지서 (tjwl111)> 그립읍니다
[18:15:09] <심씨 (sjwo456)> 야얍이 없으니까 심심하자너
[18:15:46] <헉뚤 (psl9900)> 오늘방송킴?
[18:17:08] <nokbeon> 에엥
[18:18:43] <kkok6706> 오방있
[18:18:45] <kkok6706> ?
[18:18:59] <%+캘그 (weekendbelike)> ㅁㄹ 나도 대기중
[18:19:03] <%착한골든햄스터 (golden_hamster_baragi)> ??
[18:19:09] <%착한골든햄스터 (golden_hamster_baragi)> 아무도 방송잇는지 모라요?
[18:19:42] <yikjo345> 어제 트파가서 뻗었나
[18:20:06] <상안가든 (nap9048)> 지금 딱 키면 빛성태 각
[18:20:19] <djghslss> 오늘놀토임?
[18:20:32] <진수2 (eksy1004)> 집에 일찍 갔드만 아침6시에 집간 승달이도 오전2시에 방송켰는데 에이 설마 뻗겠어
[18:20:40] <진수2 (eksy1004)> 오전이 아니라 오후2시
[18:21:59] <조아현수조아 (younha998)> CurseLit CurseLit
[18:22:50] <감자맛콜라 (tlsworms86)> 오늘 방송 안키심?
[18:23:07] <릴리안 (950628)> 오뱅없 ㅠ
[18:23:32] <+정대티리엘 (justicebug)> 어제 얍요일인데 트파갔으니까 오늘이 얍요일인가요?
[18:23:42] <hello_my_name_is_doyeon> 늦게 킬듯?
[18:23:52] <%Kerosene_Yuugi> 오늘 안킨다고 했는데요 ㅋㅋ
[18:23:58] <hello_my_name_is_doyeon> 어처피 로아해야함
[18:24:00] <hello_my_name_is_doyeon> 안하면 잠못잠
[18:24:07] <기믜띄 (oukayyy)> 오늘 쉰댓지않음?
[18:24:21] <myksh3222> 오늘 휴방인데
[18:24:23] <깡토 (wlgh4800)> 어제 집 빨리들갔다며
[18:24:56] <기믜띄 (oukayyy)> 오느른 모봐야하지 그럼
[18:25:50] <헉뚤 (psl9900)> 로아켜라!
[18:26:48] <꾸레도살자 (jzi03005)> 오늘휴방¿
[18:26:59] <풍전등화 (gkrhvm)> ㅔ
[18:27:06] <Chatos> 진짜 마블2 언제나올까 마블 2나오면 한달 강점기해도 다볼 자신있는데
[18:27:23] <TF_Scum> 오늘 감자 안와요?
[18:27:34] <TF_Scum> :(
[18:29:09] <%푸들푸들거리죠 (yapyap__)> 오뱅없??
[18:29:16] <야뱌야뱌 (kimchan1007)> 흡
[18:31:54] <뮤레 (tebi3366)> 오늘 휴방 ?
[18:32:22] <흉포한어린테러닥스 (junsoo413)> 저기요~ 얍얍님 오늘 휴방인가요??
[18:33:31] <릴리안 (950628)> 걍 지각중
[18:34:06] <심씨 (sjwo456)> 아직 언저리임
[18:36:09] <젖은허브 (touchkb)> 왜 방송안함
[18:36:23] <cmd0115> 오방없?
[18:36:57] <고냉지배추 (eldktiahd)> 그립읍니다...
[18:37:14] <고추가풍년 (hkk8172)> 오방있?
[18:37:17] <혈상 (taxi956)> 오방없? 오늘 얍요일?
[18:38:40] <%+새로운인생 (alife0212)> 오늘 대체휴일
[18:38:52] <나지금자야해요 (yjw0602508)> 아오늘휴방?
[18:39:56] <고냉지배추 (eldktiahd)> 오늘 왜안오냐???
[18:40:03] <로스트랄부 (tpals)> 오뱅없
[18:40:07] <고냉지배추 (eldktiahd)> 언년이야???
[18:40:16] <Chatos> 오늘 놀토
[18:41:12] <커플피글렛 (yagin910)> 아 오늘 놀토에요
[18:41:15] <커플피글렛 (yagin910)> ㅠㅠ
[18:41:35] <%클린티슈 (alsdn831)> 오방있?
[18:41:51] <커플피글렛 (yagin910)> 오늘 놀토래요
[18:42:59] <hello_my_name_is_doyeon> 동수칸님도요 ?
[18:43:14] <%햄찌나라의뇌절장인김성태 (hamzzi_party)> 하;;
[18:43:34] <%햄찌나라의뇌절장인김성태 (hamzzi_party)> 이게 말이되나;;
[18:46:19] <풍오빠세젤귀 (melting_1)> 오방없?
[18:46:47] <minkiminki> ㅇㅇ
[18:47:02] <매트 (restrest2000)> 징짜요?
[18:47:33] <Kgb342> 오늘 휴방?
[18:48:39] <하스가자 (wodbswax)> 오늘 방송 없.?
[18:51:05] <감성적인여포 (skek8789)> 놀토
[18:52:32] <매트 (restrest2000)> ㅠㅠ
[18:52:46] <함잼식 (gkagustlr22)> 언제와
[18:52:52] <함잼식 (gkagustlr22)> 오늘얍요일?
[18:53:15] <only_fps> 그립읍니다...
[18:53:22] <%칙칙맨 (jesse3549)> angryyapD
[18:53:26] <only_fps> 정정하실 때 잘 해 드릴걸....
[18:53:27] <심씨 (sjwo456)> 오늘 뭐하고 노나
[18:53:43] <얍얍너무좋아 (tjdals5111)> 올거라고 믿습니다..
[18:53:48] <%칙칙맨 (jesse3549)> 옵치하실분 친추 ㄱㄱ
[18:57:55] <hello_my_name_is_doyeon> 친목밴이요
[18:57:55] <유모노기카나 (zxcv4759)> 연말에 혼술 하겠지??
[18:58:06] <유모노기카나 (zxcv4759)> 혁 또준이가 와서 방송 꺼주고...
[18:58:09] <유모노기카나 (zxcv4759)> 그랬으면 좋겠다....
[19:00:59] <갓오세 (treeofsavior4)> 김성태 어차피 로아할거면서 방송켜라
[19:11:36] <얎줌마 (yapqt)> 오방없인가요
[19:13:33] <tutme> 오늘 휴방임?
[19:13:39] <오첵즈스 (ozcex)> 그르게
[19:13:47] <tutme> ㅜㅜ
[19:13:54] <tutme> 얍얍 못잃어
[19:13:56] <ftg321> 네 휴방임
[19:14:03] <오첵즈스 (ozcex)> 트파때 집에 빨리가더니 여자랑 있네 이쉑
[19:14:04] <tutme> 과음했나보네
[19:14:46] <cooi78> 얍얍 오늘 휴방임?
[19:17:10] <zmfl1234> 왜 안킴?
[19:17:59] <ftg321> 동수칸이랑 같이 휴방
[19:21:17] <ybs2947> 오뱅없?
[19:21:55] <고추가풍년 (hkk8172)> 오방없?
[19:22:06] <칸형의3교대노예 (son1314)> 오늘 방송 없읍니까
[19:27:11] <뮤레 (tebi3366)> 오늘 휴방임 ?
[19:38:43] <%벙신을보면짖는댕댕이 (goldalways)> 오라오라오라오라
[19:40:34] <헉뚤 (psl9900)> 방송켜라
[19:48:50] <oct19> 얘 오늘 휴방임?
[19:50:29] <감성적인여포 (skek8789)> 오늘 놀토입니다 트수 형님들
[19:56:58] <%씸씌 (ist1883)> 오뱅없?
[19:59:58] <남귤이 (namgyu3)> 왜안오냐
[20:02:33] <브레드딜리버리권위자얍얍 (ssapsaradise)> 얘 왜 안킴?
[20:04:33] <고추가풍년 (hkk8172)> 오방없?
[20:05:17] <%씸씌 (ist1883)> 뱅없이네
[20:05:48] <고추가풍년 (hkk8172)> 에반데;
[20:10:20] <mki5469> 방송 은제키냐?
[20:10:35] <전초기지적 (eornjs147)> 카게늦겠다
[20:11:41] <프리크루 (ststar87)> 오늘 휴방인가요?
[20:12:20] <비빔빱 (a156636)> 그립읍니다 ㅠㅠㅠ
[20:16:59] <작은레후 (21161)> 않이 오늘 왜 쉬는데
[20:17:15] <yarisri> 오늘 휴방임?
[20:17:24] <yarisri> 지맘ㄷ대로 할꺼면 방송 왜한대 ㅎㅎ;
[20:21:33] <캐하3 (quberay1234)> 정보) 얍얍이 방송안키고 시그나투스옴
[20:21:53] <Chatos> 지맘대로가 아니라 저번주랑 저저번주 놀토도 방송했잖음
[20:21:59] <Chatos> 그리고 진작 말했음 트파가기전에
[20:22:35] <dbsghks000> 오뱅없?
[20:22:42] <gta6028> 로아 노잼
[20:37:54] <헉뚤 (psl9900)> 방송키라고!
[20:38:41] <핑핑이스테이크 (fightingonlol)> 방송켜!
[20:39:49] <코지보이즈 (hammo30527)> 오늘 얍요일?
[20:45:18] <손주연 (rehey77)> 오늘 얍요일임 ?
[20:46:12] <따건룩얍 (ddagunlook)> 오뱅없?
[20:46:17] <정신병공익요원 (pos08090)> dd
[20:46:27] <따건룩얍 (ddagunlook)> 어휴
[20:46:41] <정신병공익요원 (pos08090)> 놀토 요일 옮김
[20:46:54] <손주연 (rehey77)> 흠
[20:47:29] <따건룩얍 (ddagunlook)> ㅇㅋ 고마워요 얍줌마
[20:48:35] <msg2200> 얍얍님 방송 언제 키시나요?
[20:50:30] <아드로우그렇게하면 (trueage2)> 얍마이무~ 힝
[20:52:24] <캐하3 (quberay1234)> 정보) 얍얍이 시그나투스를잡앗지만 귀걸이가나와서 안삼
[20:52:29] <캐하3 (quberay1234)> 아니 귀걸이가 안나와서
[20:53:57] <zmfl1234> 그래서 언제 킨다고?
[20:54:42] <%+ssni075> 방송 안키면 아이템 안뜸 ㅅㄱ
[21:58:34] <로스트랄부 (tpals)> 약약님 벌써 보고 싶읍니다 ㅠ
[22:01:57] <Dogfrog0> 로아하는거면 방송키고합시다
[22:02:05] <Dogfrog0> Squid1 Squid2 Squid3 Squid2 Squid4
[22:02:06] <@%싹둑 (ssakdook)> Dogfrog0 -> 이모티콘 도배에 주의해주세요. [경고]
[22:28:23] <홍차두잔 (wntjr1210)> 오방없?
[22:39:01] <목장말 (kwo0525)> 오늘방송없6나요?
[23:02:15] <독덜 (durikun)> 보고싶다~
[23:03:50] <에펨하면구독함 (ideon2222)> 성태야 잘 지내니.. 너가 너무 그립다..
[23:08:32] <캐하3 (quberay1234)> 정보) 로아열심히하는중
[23:13:37] <우리감자이름좀불러주세요 (potato_yapyap30)> 성태님 죄송한데 우르닐좀 같이 돌아주십쇼
[23:21:19] <로스트랄부 (tpals)> 오뱅없
