# Log started: 2019-01-02 01:15:23 +0900
[2019-01-02 01:15:23] <챤초 (elchancho)> 로랄 지금 접속 뭔데 ㅡㅡ
[2019-01-02 01:15:26] <챤초 (elchancho)> 절 대 해 명 해
[2019-01-02 06:25:14] <%로스트랄부 (tpals)> ㅠㅠ
[2019-01-02 07:05:40] <빛냡냡 (hikun_)> ?
[2019-01-02 09:46:12] <진의 (wlsdml)> 와! 클립왕!
[2019-01-02 10:59:51] <%성태야잘하자 (jwj0308)> angryyapHeup
[2019-01-02 11:31:54] <%야부야부1 (rocuro1)> ..
[2019-01-02 14:39:23] <따리오 (piicu)> 그립타...
[2019-01-02 17:07:28] <한길로 (lv0423vl)> 야얍님...그립읍니다...
[2019-01-02 17:59:39] <아히오스하고싶다 (heos_joa)> 야뱝님 본가에서 은제 올라오시죠?
[2019-01-02 18:01:15] <gkawlgns1225> ㅠ
[2019-01-02 18:05:45] <갓욘두 (lwj0211)> 오뱅없?
[2019-01-02 18:08:47] <만발사수 (zzwogus)> dd
[2019-01-02 18:19:24] <별하나에쓸쓸함 (iamgml)> 오늘 쉬는날 ?
[2019-01-02 18:19:37] <gunbang9904> 그립읍니다....
[2019-01-02 18:22:29] <릴리안 (950628)> 또지각이야?
[2019-01-02 18:22:40] <비아말차라떼 (bbibbi)> 그립읍니다..
[2019-01-02 18:28:44] <쌀앙해요 (kkus2002)> 오뱅없?
[2019-01-02 18:29:15] <+햄주먹 (qnqlqnql1212)> 일요일까지 쉰대
[2019-01-02 18:29:28] <쌀앙해요 (kkus2002)> SwiftRage SwiftRage
[2019-01-02 18:32:22] <gunbang9904> 항상 곁에 있어주는 줄만 알았다. 허나 그는 갔다 오천만 얍줌마를 뒤로 한채 좁은 어깨를 내보이며 터벅터벅 힘없는 발걸음으로 저 멀리 지평선 넘어 걸어갔다 난 잊고 있었다 그도 한 감자라는걸 언젠가는 사라질 역겨운 감자인 것을..
[2019-01-02 18:37:21] <황금 (gold0221)> 님들 오늘 얍오일? 어제 휴방해놓고?
[2019-01-02 18:37:49] <gunbang9904> 6시가 되어 습관적으로 얍얍 방송을 들어 오면 오천만 얍줌마가 불을 지피며 도란도란 서로 정겨운 덕담을 나누며 얍얍을 기다리다 수십분이 지나서야 그의 목소리을 들을 수 있다. 오늘도 마찬가지 그에 목소리를 한없이 기다리지만 이곳엔 불을 지피는 사람도 간신배도 얍줌마도 없다 오직 역겨운 목소리가 내 귓가에 메아리 치며 내 맘을 울리고 있다
[2019-01-02 18:39:29] <gunbang9904> 감자는 갔습니다.아아, 사랑하는 나의 감자는 갔습니다.
[2019-01-02 18:39:40] <모나미연필 (monamipencil)> 성태님 토요일날 오신대요
[2019-01-02 18:39:43] <모나미연필 (monamipencil)> 트게더보셔요
[2019-01-02 18:39:53] <모나미연필 (monamipencil)> 공지잇음!
[2019-01-02 18:50:50] <잉여와붕어 (eoeofh5677)> 오....뱅...없...?
[2019-01-02 18:51:18] <잉여와붕어 (eoeofh5677)> 오뱅으없?
[2019-01-02 18:52:00] <soon95000> 트게더에
[2019-01-02 18:52:03] <soon95000> 토욜까지없데요
[2019-01-02 18:52:29] <handaya12> 행님덜
[2019-01-02 18:52:35] <handaya12> 왜얍얍방송안킴?
[2019-01-02 18:57:19] <rldmrsldms1> 방송 없나욤?
[2019-01-02 18:57:54] <+도_도리안 (doldolepuyo)> 겨울잠자러갔어요 토요일에오셈
[2019-01-02 18:57:59] <야쿠르트아주머니 (kmjungkyong)> ?
[2019-01-02 18:58:39] <지서안 (juinart)> 또정지?
[2019-01-02 18:58:49] <+도_도리안 (doldolepuyo)> ㄴㄴ 로아 너무 빡세게해서 더하면 타의적휴방할꺼같다고
[2019-01-02 18:58:55] <+도_도리안 (doldolepuyo)> 4일 체력회복하고온다함
[2019-01-02 18:59:02] <지서안 (juinart)> 푸딩...
[2019-01-02 18:59:08] <%+딸기시럽맨이야 (jp_ys_dj_yapyap)> 이번 주 휴방
[2019-01-02 18:59:13] <%+딸기시럽맨이야 (jp_ys_dj_yapyap)> 토요일에 온다네요
[2019-01-02 18:59:23] <지서안 (juinart)> 행복하자 압압이
[2019-01-02 19:06:43] <dudghekd> 안돼
[2019-01-02 19:21:33] <wngur001> 오방엊ㅅ?
[2019-01-02 20:17:41] <badoga> 휴방잉가여
[2019-01-02 20:17:52] <badoga> !휴방
[2019-01-02 20:18:13] <gta6028> 수요일
[2019-01-02 20:18:18] <gta6028> 쉬어요
[2019-01-02 20:18:55] <Not_Jam> BibleThump
[2019-01-02 20:30:42] <%스트리머얍얍 (skaxorwn456)> 얍얍아
[2019-01-02 20:30:46] <%스트리머얍얍 (skaxorwn456)> 방송켜
[2019-01-02 20:58:39] <선천성개념결핍증 (azrabwarlock)> 김성태
[2019-01-02 20:58:47] <선천성개념결핍증 (azrabwarlock)> 어떻게 이틀을 휴방해 얼마나 ㅅㅅ를 하려는거야
[2019-01-02 21:10:29] <%벙신을보면짖는댕댕이 (goldalways)> 그립스빈ㄴ다.
