# Log started: 2019-01-03 00:40:56 +0900
[2019-01-03 00:40:56] <%씸씌 (ist1883)> 약약
[2019-01-03 03:11:02] <+디아드 (diad)> ㄷㄷ
[2019-01-03 03:11:05] <+디아드 (diad)> ㄷㄷㄷ
[2019-01-03 03:11:11] <겉바속촉가로쉬님 (dlalswns0814)> kimdoeT6 kimdoeT5
[2019-01-03 03:18:16] <%김도그는도대체 (kimdoe_is)> kimdoeT6 kimdoeT5
[2019-01-03 03:23:11] <왁싱중독털짐승성태 (mouse9872)> 잠좀 자십쇼 얍청자님들
[2019-01-03 04:22:05] <%젤리도살자 (vtvtminmin)> ddolK knsT3 jadongTae
[2019-01-03 04:27:22] <kdk636363> kimdoeT6 kimdoeT5 kimdoeT6
[2019-01-03 04:31:23] <한축협 (kfa2000)> knsT2 jadongTae knsT3
[2019-01-03 07:42:06] <onlyyouzz> !여친
[2019-01-03 07:42:09] <onlyyouzz> !여자친구
[2019-01-03 17:04:49] <한길로 (lv0423vl)> 야얍님...그립읍니다...
[2019-01-03 17:55:06] <달걀쿠키 (qkrwofbf12)> 혹시 계신가요
[2019-01-03 18:01:00] <명나라졸개 (dmz1254)> 그립읍니다...
[2019-01-03 18:01:07] <불길 (ttk144)> 진짜 그립다..
[2019-01-03 18:04:10] <야뱌야뱌 (kimchan1007)> 오뱅없?
[2019-01-03 18:07:36] <비아말차라떼 (bbibbi)> 그립읍니다..
[2019-01-03 18:08:15] <케이엔 (chi2cken)> 오늘따라 보고싶은 그녀석... 얍얍....
[2019-01-03 18:08:44] <쥐갱이 (dkjy11)> 보고싶습니다 야부야뷰상
[2019-01-03 18:09:19] <어스민 (dhwocjf3202)> 오방없?
[2019-01-03 18:10:06] <dunk1101> 휴방이구나
[2019-01-03 18:13:16] <야밥몬 (awesomeguy05133)> 오뱅없?
[2019-01-03 18:15:03] <임파씨발 (dydwk620)> 토요일에 보자고한게 오늘이에요? 아님 담주인가요?
[2019-01-03 18:16:48] <jeongyh95> 오늘 토요일 아님;;목요일임
[2019-01-03 18:17:09] <임파씨발 (dydwk620)> 아 시간개념 없어졌네;;
[2019-01-03 18:18:50] <%고연두 (kyo98788)> 늘 보고싶은 그녀석....야부야부
[2019-01-03 18:20:22] <지은쭁 (dsg218)> 좋은말 할때 방송켜라
[2019-01-03 18:22:21] <remicon08> 오늘 안 켜?
[2019-01-03 18:25:18] <머슬마니아 (zopq95)> 오방없 ?
[2019-01-03 18:29:08] <%+위아래가없는조강현 (noupdownsteelo)> 오늘도안오냐?
[2019-01-03 18:29:51] <누나킬러얍얍 (lampr02)> 성태야 그리워
[2019-01-03 18:35:18] <페이지다운 (melonqqqq)> 얍얍 그곳에선 행복하길... RIP
[2019-01-03 18:39:55] <thsus4429> 방송켜라 개객기야
[2019-01-03 18:42:23] <sunbee14> 얘 왜 방송 안켜요 얌줌마 선생님들
[2019-01-03 18:42:36] <%햄찌나라의뇌절장인김성태 (hamzzi_party)> BibleThump
[2019-01-03 18:42:47] <sunbee14> 방송왜안키냐
[2019-01-03 18:44:08] <%햄찌나라의뇌절장인김성태 (hamzzi_party)> 그저 울지요...ㅠ
[2019-01-03 18:44:23] <쿼카콜라 (hsh7691)> 야부야부상 언제까지 쉬실생각인가요.. 그립읍니다
[2019-01-03 18:44:35] <비아말차라떼 (bbibbi)> 토요일에 옵니다
[2019-01-03 18:44:48] <%햄찌나라의뇌절장인김성태 (hamzzi_party)> 평일 쭉 얍요일 ㅠ
[2019-01-03 18:44:50] <쿼카콜라 (hsh7691)> ㅠㅠ
[2019-01-03 18:45:14] <%햄찌나라의뇌절장인김성태 (hamzzi_party)> 토일월까지 시간 잘갔는대 얍얍이 쉬자마자 시간이 안간다..ㅠ
[2019-01-03 18:47:20] <zxsaqqq> 오뱅없?
[2019-01-03 18:47:58] <내작은서랍속김성태 (hmdj308)> 오뱅없?
[2019-01-03 18:48:39] <%밤시체 (yyang211)> ???
[2019-01-03 18:49:27] <툰비 (totoro008)> ㅠㅠㅠㅠ야부야부상 그립읍니다...
[2019-01-03 18:52:29] <아링느티 (go_moon7)> 오늘 방송있음?
[2019-01-03 18:52:56] <아링느티 (go_moon7)> MercyWing1 PinkMercy MercyWing2
[2019-01-03 18:55:44] <%벙신을보면짖는댕댕이 (goldalways)> ........
[2019-01-03 18:56:09] <%클린티슈 (alsdn831)> ????????????????
[2019-01-03 18:58:22] <공빡 (xodlf110)> 숨참다 죽겠다..
[2019-01-03 18:59:50] <내얍얍이맞읍니다 (zyzywjs1)> 얍얍이 방송언제해요 무슨일있음??
[2019-01-03 19:00:04] <공빡 (xodlf110)> 토욜날옴
[2019-01-03 19:00:05] <공빡 (xodlf110)> 쉬다가
[2019-01-03 19:00:18] <내얍얍이맞읍니다 (zyzywjs1)> ㄷㄷㄷ ㅜㅜㅜㅜㅜㅡㅡㅡ 감가합니당
[2019-01-03 19:01:42] <%1시박보검 (fnqlrtm)> 얍얍이 벌받는중
[2019-01-03 19:06:00] <sym17803> ㅇ
[2019-01-03 19:10:03] <니나니나니고릴라야 (x0x9080)> 여보세요 나야 청주 잘지내니
[2019-01-03 19:10:57] <로또되면사표 (az16az)> 오늘도 휴방임?
[2019-01-03 19:10:59] <니나니나니고릴라야 (x0x9080)> 여보세요 왜 말 안하니
[2019-01-03 19:12:49] <뚱땡이 (weihai2)> 야 얘 방송왜안키냐
[2019-01-03 19:12:55] <뚱땡이 (weihai2)> 아 짱난다진짜
[2019-01-03 19:17:10] <%本物人です (bangkj07)> 그립읍니다...
[2019-01-03 19:19:32] <%+호다다닥 (juju1995tw)> 트게더 공지 확인하세요
[2019-01-03 19:35:53] <slrkrkfkgkdhkdl2> 방송안키나
[2019-01-03 19:35:56] <slrkrkfkgkdhkdl2> 김성태 ㅡㅡ
[2019-01-03 19:42:17] <암제키 (mmses)> ?
[2019-01-03 19:42:54] <mjy5223> 오늘 방송없나요
[2019-01-03 19:45:30] <%뿁뿁삐쿵 (vkavm1546)> 성태님 거기서는 행복하세요
[2019-01-03 19:51:20] <오우재 (wogur9127)> 얍얍이 언제까지 휴방인거냐
[2019-01-03 19:55:38] <Jindae90> 왜 방송 안키시죠?
[2019-01-03 19:58:55] <skysael1> l
[2019-01-03 19:59:23] <Everysingleday> ?
[2019-01-03 19:59:41] <Everysingleday> 오늘 방송함?
[2019-01-03 20:00:02] <팀토리 (shrkdud15)> 성태씨 언제오나요?
[2019-01-03 20:04:24] <얍가다 (tlwls2)> 성태 데이트하러감
[2019-01-03 20:04:27] <얍가다 (tlwls2)> 토욜에온대요
[2019-01-03 20:05:43] <sjweye123> 오뱅없?
[2019-01-03 20:06:11] <+천호동감자공판장 (xmrtksanf)> 오늘 휴방이랍니다
[2019-01-03 20:07:04] <Labb1t> 성태야.... 보고싶다......
[2019-01-03 20:08:21] <시뻘건사춘기 (toonke0801)> 얍얍이 왜 방송안합니까..
[2019-01-03 20:09:38] <sjweye123> 얍게더 보고오니까 토요일까지 휴방이라네
[2019-01-03 20:18:14] <팩트폭격크기 (songppp123)> 얘 왜안옴??
[2019-01-03 20:29:17] <뚱땡이 (weihai2)> 님들
[2019-01-03 20:29:20] <뚱땡이 (weihai2)> 얍얍 왜 휴방인가요
[2019-01-03 20:29:26] <뚱땡이 (weihai2)> 진짜 ㅈ같네요
[2019-01-03 20:29:44] <얍가다 (tlwls2)> 데이트하러간듯ㅋ
[2019-01-03 20:29:56] <으르렁컹 (cro571)> 오뱅없
[2019-01-03 20:30:21] <한길로 (lv0423vl)> 야얍님...그리븝니다..
[2019-01-03 20:32:01] <뚱땡이 (weihai2)> 진짜 얍얍이만은 안돼
[2019-01-03 20:33:18] <나이키매니아슈프림게시판 (kwon3306)> 얍얍이가 없는나의삷은
[2019-01-03 20:33:19] <나이키매니아슈프림게시판 (kwon3306)> 너무힘들다
[2019-01-03 20:33:21] <나이키매니아슈프림게시판 (kwon3306)> 흑흑ㅎ긓긓긓긓ㄱ
[2019-01-03 20:57:32] <늙다리대머리독수리손기웅 (kith6998)> ㅎㅇ
[2019-01-03 21:24:13] <vczv153> 승태님 오늘 쉬나요 ?
[2019-01-03 21:55:29] <김토돌 (jmwon512)> 그립읍니다
[2019-01-03 22:11:11] <+힘들어안할래 (sotsot5)> knsT2 jadongTae
[2019-01-03 22:16:21] <bepo4435> 방송안킴?
[2019-01-03 22:18:24] <출발출발김출발 (ssp04046)> 그립읍니다
[2019-01-03 22:28:35] <%스트리머얍얍 (skaxorwn456)> knst2
[2019-01-03 23:15:52] <tayodick> 좆얍이 오늘 쉬냐?
[2019-01-03 23:44:59] <+chungsoo> ddolK knsT2 jadongTae
