# Log started: 2019-01-04 00:00:15 +0900
[2019-01-04 00:00:15] <날으능거부기 (junkcharisma)> 언제까지 휴방입니까?
[2019-01-04 00:31:54] <yundong1999> 오늘이
[2019-01-04 00:32:00] <yundong1999> 얍요일임?
[2019-01-04 00:37:47] <구숫 (yulha8263)> 얍하
[2019-01-04 00:38:02] <%로스트랄부 (tpals)> 얍얍 내일와
[2019-01-04 01:28:44] <ydj03120312> 야
[2019-01-04 01:28:57] <%고인카고 (kargox3)> 방송여칼
[2019-01-04 01:29:00] <%고인카고 (kargox3)> 방송켜!!!!!!!!!!!!!!!!!!!!!!!!!
[2019-01-04 03:24:01] <%로스트랄부 (tpals)> 오늘 기대 하겟읍니다
[2019-01-04 07:09:53] <서쵸 (adff1234)> 님들
[2019-01-04 07:10:05] <서쵸 (adff1234)> 얍야비 악세 또무금?
[2019-01-04 09:13:11] <독비_ (dockbee)> 123
[2019-01-04 11:16:42] <머한의아들 (booy6060)> 언제오는겨
[2019-01-04 12:13:49] <@+텐센트 (10cent)> ㅇㅇ
[2019-01-04 12:17:17] <참치김치 (xodn9077)> ㅇㅇ?
[2019-01-04 16:19:21] <우리따가최고라구 (ldk5252)> MercyWing1 EntropyWins MercyWing2
[2019-01-04 16:19:41] <우리따가최고라구 (ldk5252)> MercyWing1 PinkMercy MercyWing2
[2019-01-04 16:59:31] <ghckdl> 은제오냐
[2019-01-04 17:50:13] <차칸트수 (dltmdcks0214)> 오방있?
[2019-01-04 18:05:12] <포케모온마스또 (ehs57111)> 오늘 쉬세요?
[2019-01-04 18:06:56] <%쐄님쐄님 (asdf6032)> 내일킨다함
[2019-01-04 18:07:34] <fkfnck> 얍얍이 오늘도 쉼?
[2019-01-04 18:07:52] <포케모온마스또 (ehs57111)> 내일키는구나
[2019-01-04 18:08:09] <포케모온마스또 (ehs57111)> 푸딩님은 만난거에여?
[2019-01-04 18:10:23] <뚱땡이 (weihai2)> 오늘 얍얍이 방송 하나요
[2019-01-04 18:10:26] <뚱땡이 (weihai2)> 여러분 ?
[2019-01-04 18:10:34] <뚱땡이 (weihai2)> 제발 .................
[2019-01-04 18:12:29] <상상도못한조강현 (unimaginable_steelo)> 얘 오늘도쉬나요?
[2019-01-04 18:22:31] <%내작은서랍속김성태 (hmdj308)> 얍얍 왜 방송ㅇㅏㄴ켜요?
[2019-01-04 18:22:41] <%내작은서랍속김성태 (hmdj308)> 언제까지 휴방임
[2019-01-04 18:26:28] <Sins11112> 오늘방송있어요?
[2019-01-04 18:26:49] <1q2w3e4r3> ㅇㅇ
[2019-01-04 18:26:50] <1q2w3e4r3> 있음
[2019-01-04 18:26:58] <Sins11112> 어예ㅖㅖ 감사합니당
[2019-01-04 18:31:00] <Not_Jam> 또뱅없?
[2019-01-04 18:31:14] <머라는거야 (gndjdl)> 오늘까지 휴방아님??
[2019-01-04 18:31:20] <Not_Jam> BibleThump
[2019-01-04 18:32:03] <%94기린 (han9410)> 그립읍니다
[2019-01-04 18:32:12] <18년4월군번 (heon8551)> 얍얍 오늘 왜 휴방인가요?
[2019-01-04 18:32:17] <뚱땡이 (weihai2)> 아니 오늘도 왜 휴방이야
[2019-01-04 18:32:20] <뚱땡이 (weihai2)> 어디 공지라도ㅓ 올라옴?
[2019-01-04 18:32:28] <18년4월군번 (heon8551)> 화가 나네 진짜
[2019-01-04 18:32:31] <+도_도리안 (doldolepuyo)> 오늘까지 휴방이요
[2019-01-04 18:32:34] <뚱땡이 (weihai2)> 트게더도 닫혓는데
[2019-01-04 18:32:34] <+도_도리안 (doldolepuyo)> 트게더쫌보세여 아저씨들
[2019-01-04 18:32:44] <+도_도리안 (doldolepuyo)> 닫힌게아니라
[2019-01-04 18:32:45] <뚱땡이 (weihai2)> 트게더 어캐봄 닫혀잇는데
[2019-01-04 18:32:47] <+도_도리안 (doldolepuyo)> 트게더로그인을하십쇼
[2019-01-04 18:32:50] <뚱땡이 (weihai2)> 아;
[2019-01-04 18:32:51] <뚱땡이 (weihai2)> ㅋㅋㅋ;
[2019-01-04 18:33:02] <뚱땡이 (weihai2)> 에반데 ;
[2019-01-04 18:34:04] <팔아프다 (erai0808)> ㄱㅅㅌ
[2019-01-04 18:39:41] <뚱땡이 (weihai2)> 너가없는하루... 정말 슬프다
[2019-01-04 18:39:57] <뚱땡이 (weihai2)> 너가없는일분일초가 나에겐 지옥이야
[2019-01-04 18:41:01] <얎줌마 (yapqt)> 거기선 잘지내니..?
[2019-01-04 18:41:06] <얎줌마 (yapqt)> 보고싶어..성태야
[2019-01-04 18:41:13] <얍가다 (tlwls2)> 성태토욜에온답니다
[2019-01-04 18:43:42] <%햄찌나라의뇌절장인김성태 (hamzzi_party)> BibleThump BibleThump BibleThump
[2019-01-04 18:51:29] <ㄱ진막트ㄱ (jin04967)> 오늘 휴방?
[2019-01-04 18:52:33] <얍얍너무좋아 (tjdals5111)> 그립읍니다..ㅠ
[2019-01-04 18:53:53] <민물대게 (20shin)> 오늘따라 너무 그립타..
[2019-01-04 19:15:01] <무하세요 (dkskzlek)> 마
[2019-01-04 19:15:04] <무하세요 (dkskzlek)> 얘 언제오노
[2019-01-04 19:47:12] <Sins11112> 어디아픈건아닐까 걱정되네
[2019-01-04 19:47:32] <Sins11112> 아 휴방이구나
[2019-01-04 19:57:02] <무덤에피는자스민 (rlckd4830)> 내일인가?;;
[2019-01-04 20:38:09] <대전고등어 (hj345)> 방송 안키냐
[2019-01-04 21:25:26] <%열혈감자단 (potatojoa)> 그립읍니다
[2019-01-04 21:37:26] <얍풍페 (amuro1207)> 그립읍니다...
[2019-01-04 22:23:52] <%In2ee> 야얍이 며칠쉼?
[2019-01-04 22:41:38] <누님보러옴 (cmk2756)> 그립읍니다 ㅠ
