# Log started: 2018-12-20 00:00:36 +0900
[00:00:36] <%전국냥꾼협회 (huntmori04x22)> 뭐야 그사이에 꺼짐?
[00:00:38] <@%싹둑 (ssakdook)> 채팅 룰은 채널 피드에서! :3 ♥
[00:01:20] <mainlih> ?
[00:02:37] <peenk135> ?
[00:04:57] <%아왜이 (ray1172)> 왜 다시보기랑 폰으로는 소리가 잘 나오는데 컴 이번 야방만 소리가 안나오는건데...ㅠ 컴으로 다시보기는 소리 잘나오는데..ㅂㄷ
[00:05:04] <%에반셀린 (shwotm)> ahwl
[00:12:50] <%광숙이 (mariojjin)> heart2Huhuhu heart2Jumjum
[00:18:08] <@%싹둑 (ssakdook)> 채팅 룰은 채널 피드에서! :3 ♥
[00:21:52] <@%싹둑 (ssakdook)> 채팅 룰은 채널 피드에서! :3 ♥
[00:27:59] <%한테리 (kmins06)> 재미나게 놀다와여~~~~~~!!!!!!! heart2Huhuhu heart2Heart2 heart2Heart2 heart2Heart2 heart2Heart2
[00:28:22] <%미스터효 (mrhyo)> 언뜻언뜻냥이 heart2Cry heart2Heart2 heart2Heart2
[00:32:14] <%shoony123> 재밌게 놀다오세양~ heart2Heart2 heart2Heart2 heart2Heart2
[00:35:10] <%춤추는공돌이 (ckh4956)> heart2Pinkcat heart2Pinkcat heart2Pinkcat
[00:39:37] <@%싹둑 (ssakdook)> 채팅 룰은 채널 피드에서! :3 ♥
[00:52:50] <@%싹둑 (ssakdook)> 채팅 룰은 채널 피드에서! :3 ♥
[00:53:48] <bobbo2001> 생존자
[00:56:30] <AMDfanBoy> 음
[00:57:36] <%배우는호랑이 (bae_ho)> 아니 언제 왔다가 가셨지 heart2Cry heart2Bye baehoSuperbye ssangbeSsangVanish
[00:59:55] <%야청 (yachung1)> 헐 왔다가셨네 ㅠㅠ
[01:00:25] <%미스터효 (mrhyo)> heart2Cry heart2Heart2 heart2Sebomchu2
[01:01:40] <%$ksh1130> heart2Bye heart2Heart2
[01:02:09] <%판다냥이 (akdrh6618)> heart2Cry
[01:05:01] <%메로빈지언 (yeongeo)> 안냥 무엇
[01:05:51] <@%싹둑 (ssakdook)> 채팅 룰은 채널 피드에서! :3 ♥
[01:09:06] <hujun15> grip읍니다
[01:19:21] <기절할꺼같아 (oih632)> 새봄추 방송 왜끔??
[01:21:27] <@%싹둑 (ssakdook)> 채팅 룰은 채널 피드에서! :3 ♥
[01:21:48] <푸른새조롱이 (doslqldk17)> 새봄추 잠깐 야방 켜셨던거 아니에요?
[01:22:39] <%shoony123> 그립읍니다
[01:29:59] <wh5214> 보고싶다.. 유툽으로봐서 어제부터 입덕했는데... 오늘 안하시구나
[01:31:32] <@%싹둑 (ssakdook)> 채팅 룰은 채널 피드에서! :3 ♥
[01:35:14] <vrl16432> gugu12god gugu12god gugu12god
[01:38:42] <%미스터효 (mrhyo)> heart2Heart2 heart2Heart2 heart2Heart2
[01:39:24] <%$주지ㅡ스 (zoojiss)> heart2Huhuhu heart2Huhuhu heart2Huhuhu
[01:39:57] <%한테리 (kmins06)> heart2Heart2 heart2Heart2 heart2Heart2
[01:40:05] <%킹카우맛새봄츄 (sksqhalrk)> heart2Heart2 heart2Heart2 heart2Heart2 heart2Heart2 heart2Heart2 heart2Heart2 heart2Heart2 heart2Heart2 heart2Heart2 heart2ISeeyou heart2ISeeyou
[01:40:18] <%푸_우 (weyong)> heart2Fearrr heart2Fearrr heart2Fearrr
[01:40:21] <%+쿠얼 (kual424)> heart2Heart2 heart2Heart2 heart2Heart2 heart2Heart2
[01:43:49] <%장호 (jangho)> heart2Huhuhu heart2Jumjum heart2Kkigomm
[01:47:25] <@%싹둑 (ssakdook)> 채팅 룰은 채널 피드에서! :3 ♥
[01:48:15] <%$따옥 (checkclean)> heart2Huhuhu heart2Bye heart2Huhuhu heart2Ppd
[01:53:33] <%shoony123> heart2Heart2 heart2Heart2 heart2Heart2 heart2Heart2 heart2Heart2 heart2Heart2
[01:54:38] <%$ksh1130> heart2Huhuhu heart2Heart2
[01:55:38] <@%싹둑 (ssakdook)> 채팅 룰은 채널 피드에서! :3 ♥
[02:09:21] <설정_ (suljung)> 생방안함?
[02:13:15] <%$쑤시 (rhscnd4)> 트파 휴방냥이
[02:28:29] <%shoony123> 원래 수요일은 정기 휴방냥이 + 트파
[02:29:22] <@%싹둑 (ssakdook)> 채팅 룰은 채널 피드에서! :3 ♥
[02:31:48] <김_황 (sunby04)> 새봄냥님 오늘 와줘서 너무 고맙읍니다. 잘자고 푹 쉬세오!
[03:25:40] <%$주지ㅡ스 (zoojiss)> heart2Huhuhu heart2Huhuhu heart2Huhuhu
[03:26:43] <%aahaa2> heart2Jumjum
[03:29:06] <%판다냥이 (akdrh6618)> heart2Kkigomm heart2Jumjum
[03:29:23] <@%싹둑 (ssakdook)> 채팅 룰은 채널 피드에서! :3 ♥
[03:33:01] <%shoony123> heart2Huhuhu heart2Huhuhu heart2Huhuhu
[03:34:13] <%미스터효 (mrhyo)> heart2Heart2 heart2Heart2 heart2Heart2
[03:46:22] <@%싹둑 (ssakdook)> 채팅 룰은 채널 피드에서! :3 ♥
[04:08:58] <%$주지ㅡ스 (zoojiss)> heart2Huhuhu heart2Huhuhu heart2Huhuhu heart2Jumjum
[04:09:45] <%shoony123> heart2Huhuhu heart2Huhuhu heart2Kkigomm heart2Jumjum
[04:12:22] <@%싹둑 (ssakdook)> 채팅 룰은 채널 피드에서! :3 ♥
[04:13:15] <철치돈 (rudalsquf2)> 매주 휴방날이 언제인가요?
[04:15:15] <%춤추는공돌이 (ckh4956)> 수욜입니다
[04:29:21] <@%싹둑 (ssakdook)> 채팅 룰은 채널 피드에서! :3 ♥
[06:03:33] <%Harishiva> heart2Saebom ClauZ heart2EundolE BeardZ heart2Saebom ClauZ
[06:37:09] <%미스터효 (mrhyo)> heart2Heart2 heart2Cry heart2Heart2
[06:46:22] <@%싹둑 (ssakdook)> 채팅 룰은 채널 피드에서! :3 ♥
[08:45:34] <%춤추는공돌이 (ckh4956)> heart2Pinkcat heart2Pinkcat heart2Pinkcat
[08:50:38] <%아왜이 (ray1172)> ㅡㅅㅡ
[08:55:21] <@%싹둑 (ssakdook)> 채팅 룰은 채널 피드에서! :3 ♥
[09:08:56] <%$WoundedPoptart> heart2Saebom
[09:32:03] <%판다냥이 (akdrh6618)> heart2Saebom heart2Saebom
[09:46:21] <@%싹둑 (ssakdook)> 채팅 룰은 채널 피드에서! :3 ♥
[10:04:38] <%메로빈지언 (yeongeo)> heart2Eundori heart2Eundori
[10:07:06] <suhwan3254> !마이크
[10:12:21] <@%싹둑 (ssakdook)> 채팅 룰은 채널 피드에서! :3 ♥
[10:52:50] <%미스터효 (mrhyo)> heart2Heart2 heart2Heart2 heart2Heart2 heart2Cry
[10:57:03] <%백두산고양이 (ehfzhd8)> 오늘 휴방냥이? 피곤냥이? 3번째주냥?
[11:09:21] <%한테리 (kmins06)> 오늘은 휴방일 가능성이 높습니다.. heart2Huhuhu heart2Heart2 어제 트파로 좀 피곤하실듯 heart2EundolE heart2Heart2
[11:12:21] <@%싹둑 (ssakdook)> 채팅 룰은 채널 피드에서! :3 ♥
[11:14:25] <짜장쿤 (jjajang1215)> 착ㅡㅡㅡㅡㅡㅡㅡㅡㅡㅡㅡㅡ석
[11:29:52] <%미스터효 (mrhyo)> heart2Heart2 heart2Heart2 heart2Heart2
[11:46:22] <@%싹둑 (ssakdook)> 채팅 룰은 채널 피드에서! :3 ♥
[12:24:55] <%shoony123> heart2Huhuhu heart2Huhuhu heart2Huhuhu heart2Jumjum
[12:27:54] <%YOOTooy> 빠른 공지 ㅇㄱㅇ
[12:29:21] <@%싹둑 (ssakdook)> 채팅 룰은 채널 피드에서! :3 ♥
[12:39:59] <%미스터효 (mrhyo)> 휴뱅냥잉 heart2Heart2 heart2Cry heart2Heart2
[12:42:48] <%티어__ (thyer95)> heart2Kkigomm heart2Jumjum
[12:46:23] <@%싹둑 (ssakdook)> 채팅 룰은 채널 피드에서! :3 ♥
[12:46:33] <%회색허수아비 (s9hh6s)> 휴뱅냥이 ㅇㄱㅇ
[12:46:33] <%$WoundedPoptart> merrLurk
[12:55:27] <@%싹둑 (ssakdook)> 채팅 룰은 채널 피드에서! :3 ♥
[13:03:20] <%shoony123> 빠른 공지 ㅇㄱㅇ
[13:19:14] <%티어__ (thyer95)> ㅇㄱㅇ
[13:21:46] <%착한고라니 (mannerelk)> heart2Poop heart2Poop3 heart2Pinkcat
[13:29:22] <@%싹둑 (ssakdook)> 채팅 룰은 채널 피드에서! :3 ♥
[14:13:26] <%야청 (yachung1)> 공지냥이 웨용웨용
[14:15:06] <%$ksh1130> heart2Heart2
[14:20:28] <%Kossie94> 오늘 방송은 쉽니다 ~ heart2Bye heart2Bye heart2Bye heart2Heart2
[14:23:27] <%YOOTooy> heart2Heart2
[14:26:45] <%미스터효 (mrhyo)> heart2Heart2
[14:29:21] <@%싹둑 (ssakdook)> 채팅 룰은 채널 피드에서! :3 ♥
[15:30:00] <%킹카우맛새봄츄 (sksqhalrk)> 새봄츄!!!!!!!!!!!!!!!!!!!!!!!
[15:37:28] <%$ksh1130> heart2Heart2
[15:46:32] <@%싹둑 (ssakdook)> 채팅 룰은 채널 피드에서! :3 ♥
[15:48:24] <%미스터효 (mrhyo)> heart2Heart2
[15:50:48] <%$쑤시 (rhscnd4)> heart2Heart2
[15:55:32] <@%싹둑 (ssakdook)> 채팅 룰은 채널 피드에서! :3 ♥
[16:16:20] <%$꼬꼬렛 (drh1ggins)> 쇠봄추..... 아직도 자는고야?
[16:49:02] <%방갓_ (sunsu0824)> 내일 공방있으니까 일찍 키겠네~
[16:55:32] <@%싹둑 (ssakdook)> 채팅 룰은 채널 피드에서! :3 ♥
[16:59:37] <수고하세요 (s3363856)> <3
[17:04:02] <%shoony123> heart2Heart2
[17:04:49] <%$ksh1130> heart2Heart2
[17:05:03] <%미스터효 (mrhyo)> heart2Heart2
[17:12:21] <@%싹둑 (ssakdook)> 채팅 룰은 채널 피드에서! :3 ♥
[17:12:38] <%푸_우 (weyong)> heart2Kkigomm heart2Jumjum
[17:13:38] <%판다냥이 (akdrh6618)> heart2Bbabbapink heart2Bbabbapink heart2Bbabbapink heart2Clap heart2Clap heart2Clap heart2Clap heart2Clap
[17:29:22] <@%싹둑 (ssakdook)> 채팅 룰은 채널 피드에서! :3 ♥
[17:35:05] <$헛나발 (payers1)> 새봄추 휴방이야? ㅠㅠ 시험끝났다고 좋아했는대 BibleThump BibleThump
[17:36:18] <%$조영남조형기조혜련조강현 (qwer5830)> ㅇㅅㅇ
[17:46:56] <@%싹둑 (ssakdook)> 채팅 룰은 채널 피드에서! :3 ♥
[17:47:50] <%미스터효 (mrhyo)> 너무 예쁜냥잉
[17:50:37] <%$쑤시 (rhscnd4)> 윽악윽악 heart2Kkigomm
[17:55:33] <@%싹둑 (ssakdook)> 채팅 룰은 채널 피드에서! :3 ♥
[18:05:21] <%shoony123> ㅇㅅㅇ
[18:10:31] <피터오스굿 (honestjs)> ㅇㅅㅇ
[18:12:21] <@%싹둑 (ssakdook)> 채팅 룰은 채널 피드에서! :3 ♥
[18:32:09] <%으어억심심해 (bubble1225)> heart2Huhuhu heart2Huhuhu heart2Huhuhu heart2Huhuhu
[18:58:04] <%촉촉한가로쉬 (tongui246)> heart2Kkigomm : 반으로.... 뭐? 휴방?
[19:04:37] <%으어억심심해 (bubble1225)> 새봄추... 휴방을해? heart2Kkigomm heart2Jumjum
[19:08:17] <%요들링 (nugack85)> heart2Poop heart2Poop3 heart2Pinkcat
[19:12:49] <@%싹둑 (ssakdook)> 채팅 룰은 채널 피드에서! :3 ♥
[19:16:20] <%$ksh1130> heart2Heart2
[19:21:56] <%킹카우맛새봄츄 (sksqhalrk)> 새봄이 또 휴방... 휴뱅뱅뱅ㅂ애뱅ㅇㅇㅇㅇㅇㅇㅇㅇㅇㅇㅇㅇㅇㅇㅇ
[19:25:12] <%판다냥이 (akdrh6618)> heart2Heart2 heart2Heart2
[19:29:27] <@%싹둑 (ssakdook)> 채팅 룰은 채널 피드에서! :3 ♥
[19:31:57] <$안시나 (ehssoshk)> 오뱅 없
[19:33:37] <%람나찡 (naramna)> heart2Kkigomm heart2Jumjum
[19:40:16] <%귀여운새봄쮸 (cutesebomjju)> heart2Ppd heart2Heart2 heart2Huhuhu
[19:41:32] <%푸_우 (weyong)> heart2Cry heart2Cry
[19:41:43] <%찬둥이 (chandoongee)> heart2Ppd heart2Heart2 heart2Ppd
[19:49:32] <@%싹둑 (ssakdook)> 채팅 룰은 채널 피드에서! :3 ♥
[19:50:18] <%$ksh1130> heart2Heart2
[19:55:19] <%shoony123> heart2Heart2
[19:55:51] <@%싹둑 (ssakdook)> 채팅 룰은 채널 피드에서! :3 ♥
[20:08:33] <$혁이는사랑스러워 (0614_cong)> cheer1
[20:15:58] <%쑥쑥자라요 (kiloeeee)> heart2Heart2 heart2Heart2 heart2Heart2 heart2Heart2
[20:28:41] <%shoony123> heart2Heart2 heart2Heart2 heart2Heart2
[20:33:23] <@%싹둑 (ssakdook)> 채팅 룰은 채널 피드에서! :3 ♥
[20:35:22] <%$쑤시 (rhscnd4)> heart2Heart2 heart2Heart2
[20:50:06] <%씨크릿 (secret_ko)> heart2Huhuhu heart2Heart2 heart2Eundori
[20:57:09] <@%싹둑 (ssakdook)> 채팅 룰은 채널 피드에서! :3 ♥
[20:57:43] <%피로 (piro5030)> heart2Heart2 heart2Heart2
[20:57:50] <rlj1202> Squid1 Squid2 Squid3 Squid2 Squid4
[21:03:47] <%shoony123> heart2Heart2 heart2Heart2 heart2Heart2
[21:05:56] <%춤추는공돌이 (ckh4956)> heart2Pinkcat heart2Pinkcat heart2Pinkcat
[21:09:58] <%한테리 (kmins06)> heart2Thxcat heart2Gudok heart2Thxcat heart2Gudok heart2Thxcat heart2Huhuhu heart2Heart2 heart2Poop3 heart2Poop heart2Pinkcat
[21:11:24] <%여드름수달 (acneotter)> heart2Thxcat heart2Thxcat
[21:13:09] <@%싹둑 (ssakdook)> 채팅 룰은 채널 피드에서! :3 ♥
[21:17:55] <%노_스 (apcmfdia)> heart2Eundoling
[21:18:25] <yehtk> ?
[21:18:29] <%람나찡 (naramna)> heart2Kkigomm heart2Kkigomm heart2Kkigomm
[21:29:50] <%$칼바람아조시 (dokisland)> 오버워치 4시간했는데 제자리로 돌아왔다
[21:33:51] <%시드엥 (tnlteod)> heart2Husband heart2Husband heart2Husband heart2Ppd heart2Husband heart2Jumjum
[21:36:33] <%+은식 (lncii)> 20개월 기념일입니다!
[21:38:36] <%디빠았다 (sin7585)> 오늘 휴방이라니...
[21:40:13] <%$ksh1130> heart2Heart2 heart2Heart2
[21:49:08] <rlj1202> Squid1 Squid2 Squid2 Squid2 Squid4
[21:51:30] <%여드름수달 (acneotter)> heart2Thxcat heart2Thxcat
[21:52:32] <%$쑤시 (rhscnd4)> heart2Thxcat heart2Thxcat
[21:56:39] <@%싹둑 (ssakdook)> 채팅 룰은 채널 피드에서! :3 ♥
[21:57:29] <%Harishiva> heart2Saebom ClauZ heart2Eundori ClauZ heart2Saebom ClauZ
[21:58:52] <%킹카우맛새봄츄 (sksqhalrk)> 매앤날 휴뱅
[22:10:54] <작은슬픔 (power7000000)> 니이생각못하고 너무 늦게까지 놀았다냥
[22:11:21] <친절한건빵씨 (ijo1438)> 고맙다냥~~
[22:14:30] <지존환1234 (kimjuhwan7)> ㅋㅋㅋㅋ
[22:14:38] <@%싹둑 (ssakdook)> 채팅 룰은 채널 피드에서! :3 ♥
[22:20:21] <$너는더럽 (oiiviio)> 언제오냥이?!
[22:21:26] <%+쿠얼 (kual424)> 트게더 공지 올라옴 오뱅없
[22:30:17] <빅브라더 (young2031)> 오늘 휴방????
[22:31:43] <sosos1153> ㅃㅃ
[22:32:07] <%킹카우맛새봄츄 (sksqhalrk)> 매앤날 휴뱅뱅
[22:34:20] <%$금은링 (gmnring)> 와옹 웨옹
[22:34:50] <%입봄 (ifbom)> heart2Saebom heart2Saebom heart2Saebom heart2Saebom heart2Saebom heart2Saebom heart2Saebom heart2Saebom heart2Saebom
[22:36:47] <chm1221> 휴뱅냥잉~
[22:37:16] <%Harishiva> bunnyearsB bunnyearsB heart2Eundori bunnyearsB bunnyearsB heart2Fearrr heart2Fearrr heart2Fearrr heart2Fearrr heart2Fearrr heart2Fearrr heart2Fearrr
[22:37:26] <%$우주여신노채리 (manduthatfrog)> 오뱅있?
[22:40:22] <@%싹둑 (ssakdook)> 채팅 룰은 채널 피드에서! :3 ♥
[22:45:36] <%알드라치 (sorew21)> 새봄추
[22:55:45] <%shoony123> 오뱅없
[22:55:45] <@%싹둑 (ssakdook)> 채팅 룰은 채널 피드에서! :3 ♥
[22:56:58] <%$칼바람아조시 (dokisland)> 오버워치 6시간했는데 제자리로 돌아왔다
[22:57:17] <Motown346> 오늘 방송 없나요
[22:57:21] <%리집 (rmsidthsus2)> 휴방냥이
[22:57:31] <스윗텐더 (qudwnswkd1)> 오뱅없어요~ 새봄추 내일 옵치하려면 연습하라냥
[22:57:36] <$김_모모 (mollis_persicum)> 트게더에 휴방이라고 글올리 셨어여~
[22:58:52] <%월급받은_락크리트 (kkndxrosfire)> 오뷍없?
[22:59:52] <%$ksh1130> heart2Heart2
[22:59:59] <아치리눅스 (marx1883)> 새봄아 오빠가 아낀다
[23:00:08] <Jelribo> 이모 오늘 방송 안함?
[23:01:14] <애용애용 (sdj510)> 오늘 휴방이라고 공지가
[23:14:01] <%Harishiva> nanXmas nanXmas heart2Saebom nanXmas nanXmas
[23:15:13] <@%싹둑 (ssakdook)> 채팅 룰은 채널 피드에서! :3 ♥
[23:19:59] <%귀여운새봄쮸 (cutesebomjju)> heart2Ppd heart2Heart2 heart2Huhuhu
[23:20:12] <%알드라치 (sorew21)> heart2Heart2 heart2Heart2 heart2Heart2
[23:22:56] <%으어억심심해 (bubble1225)> 새봄추.... 그립읍니다... heart2Ppd heart2Heart2 heart2Huhuhu
[23:23:28] <yehtk> 오늘 안하나??
[23:28:32] <%$주지ㅡ스 (zoojiss)> heart2Huhuhu heart2Huhuhu heart2Huhuhu
[23:29:20] <@%싹둑 (ssakdook)> 채팅 룰은 채널 피드에서! :3 ♥
[23:30:02] <아트호 (unalsgh0)> 오늘 방송업나여
[23:30:46] <kchh001> 오늘 방송안하나요?
[23:30:50] <%+어리니 (linialini)> ㅖ 오뱅없
[23:31:00] <%한시 (easi0123)> 휴방냥이?
[23:34:14] <%한테리 (kmins06)> ... 트게더에 휴방공지 있습니다 heart2Pinkcat
[23:38:40] <별앤비 (tjddn2615)> 오뱅있?
[23:39:15] <허해호우 (dlrjtehahffk)> ㄴㄴ트게더 공지ㄱ
[23:40:18] <%shoony123> heart2Heart2 heart2Heart2 heart2Heart2
[23:44:56] <dpddhddld> ?
[23:45:02] <keumss> 휴방인가여
[23:45:36] <%월급받은_락크리트 (kkndxrosfire)> 아-쉽
[23:46:02] <%입봄 (ifbom)> 잘쉬고와요 새봄냥잉 heart2Heart2 heart2Heart2 heart2Heart2 heart2Heart2
[23:46:37] <키리나 (ritoru473)> 오늘 순간 금요일인줄 ;;
[23:54:59] <%푸_우 (weyong)> heart2Huhuhu
[23:55:57] <@%싹둑 (ssakdook)> 채팅 룰은 채널 피드에서! :3 ♥
[23:59:45] <%플루티온 (elcroich)> 뭐지이? 오뱅없?
