# Log started: 2018-12-11 00:00:06 +0900
[00:00:06] <%$판다냥이 (akdrh6618)> heart2Huhuhu heart2Huhuhu heart2Huhuhu
[00:00:38] <%$shoony123> heart2Huhuhu heart2Huhuhu heart2Huhuhu
[00:01:35] <%푸_우 (weyong)> heart2Pinkcat
[00:04:03] <%$꺄아아앙 (shy978)> heart2Huhuhu
[00:10:15] <%피로 (piro5030)> heart2Huhuhu heart2Huhuhu heart2Huhuhu
[00:11:32] <%+은돌이구독자 (young0410)> heart2Huhuhu heart2Huhuhu heart2Huhuhu
[00:37:51] <유릉 (dbgowl7)> !명령어
[00:37:53] <@%싹둑 (ssakdook)> http://ssakdook.twip.kr/command/saddummy
[00:40:45] <%킹카우맛새봄츄 (sksqhalrk)> 은제오냐
[00:43:16] <한쿡말못태요 (lowton387)> 오늘새벽이 아니라 오늘밤에 온다고 합니다! 똥냥이 이제 구독근 벌크업할일만 남앗당
[00:53:50] <@%싹둑 (ssakdook)> 채팅 룰은 채널 피드에서! :3 ♥
[00:57:38] <%$멜론빵__ (asiamoo25)> heart2Huhuhu heart2Huhuhu heart2Huhuhu
[00:59:32] <@%싹둑 (ssakdook)> 채팅 룰은 채널 피드에서! :3 ♥
[01:09:52] <@%싹둑 (ssakdook)> 채팅 룰은 채널 피드에서! :3 ♥
[01:19:11] <放開娜個女孩 (eric_0626)> BibleThump BibleThump BibleThump BibleThump BibleThump BibleThump BibleThump BibleThump BibleThump BibleThump BibleThump BibleThump BibleThump BibleThump BibleThump BibleThump
[01:30:27] <@%싹둑 (ssakdook)> 채팅 룰은 채널 피드에서! :3 ♥
[01:42:12] <%$shoony123> heart2Huhuhu heart2Huhuhu heart2Huhuhu
[01:45:59] <%어리니 (linialini)> heart2Ppd heart2Jumjum
[02:02:24] <@%싹둑 (ssakdook)> 채팅 룰은 채널 피드에서! :3 ♥
[02:05:11] <%+야청 (yachung1)> heart2Poop
[02:13:38] <@%싹둑 (ssakdook)> 채팅 룰은 채널 피드에서! :3 ♥
[02:22:11] <%초록저금통 (gcbox)> heart2Huhuhu heart2Huhuhu heart2Huhuhu
[02:33:22] <@%싹둑 (ssakdook)> 채팅 룰은 채널 피드에서! :3 ♥
[02:42:45] <%미스터효 (mrhyo)> heart2Cry heart2Cry
[02:49:06] <%$판다냥이 (akdrh6618)> heart2Cry heart2Cry heart2Cry
[03:12:21] <@%싹둑 (ssakdook)> 채팅 룰은 채널 피드에서! :3 ♥
[03:13:22] <%$shoony123> heart2Cry heart2Cry heart2Cry
[03:25:47] <%씨크릿 (secret_ko)> heart2X heart2X heart2X
[03:29:20] <@%싹둑 (ssakdook)> 채팅 룰은 채널 피드에서! :3 ♥
[03:34:36] <%Bibadi_> heart2Cry
[03:35:53] <%으어억심심해 (bubble1225)> heart2Huhuhu heart2Huhuhu heart2Huhuhu
[03:35:59] <하늘키높이 (sun8092)> 은돌쌈푸~
[03:44:43] <%김태현12 (dnlqks)> heart2Sebomchu heart2EundolE
[03:48:01] <vrl16432> BibleThump BibleThump BibleThump
[03:48:13] <%어리니 (linialini)> heart2Cry heart2Cry heart2Cry
[03:53:04] <%laughso> heart2Pray heart2Pray heart2Heart2
[03:53:15] <%+YOOTooy> 얼마안남았다 heart2Jumjum
[03:54:34] <%aahaa2> heart2Fearrr heart2Jumjum 상태 메롱~
[03:55:31] <@%싹둑 (ssakdook)> 채팅 룰은 채널 피드에서! :3 ♥
[04:19:13] <%방갓_ (sunsu0824)> heart2Huhuhu heart2Jumjum
[04:23:25] <스윗텐더 (qudwnswkd1)> 이모 없으니까 새벽에 볼게 없다~ ㅠ
[04:29:19] <@%싹둑 (ssakdook)> 채팅 룰은 채널 피드에서! :3 ♥
[04:39:16] <보성녹차 (fkskdlf)> 착륙 30분전
[04:40:17] <%미스터효 (mrhyo)> 하고 길다 heart2Cry
[04:46:20] <@%싹둑 (ssakdook)> 채팅 룰은 채널 피드에서! :3 ♥
[04:55:38] <%귀여운새봄쮸 (cutesebomjju)> heart2Ppd heart2Heart2 heart2Huhuhu
[05:01:07] <%방갓_ (sunsu0824)> heart2Huhuhu heart2Jumjum heart2Ppd heart2Jumjum heart2Kkigomm heart2X
[05:02:11] <%피로 (piro5030)> heart2Kkigomm heart2Kkigomm
[05:12:20] <@%싹둑 (ssakdook)> 채팅 룰은 채널 피드에서! :3 ♥
[05:17:22] <조마루얍얍탕 (cksgh789)> TPFufun TPFufun
[05:17:51] <보성녹차 (fkskdlf)> 착륙 11분전
[05:29:19] <@%싹둑 (ssakdook)> 채팅 룰은 채널 피드에서! :3 ♥
[05:33:53] <Harishiva> heartbreaker saebom nanNight
[05:35:53] <으어억심심해 (bubble1225)> heart2Huhuhu heart2Huhuhu heart2Huhuhu heart2Huhuhu
[05:38:31] <%$판다냥이 (akdrh6618)> heart2Huhuhu heart2Huhuhu heart2Huhuhu
[05:46:20] <@%싹둑 (ssakdook)> 채팅 룰은 채널 피드에서! :3 ♥
[06:05:03] <Harishiva> nanRain nanRain nanRain
[06:06:00] <%피로 (piro5030)> heart2Huhuhu heart2Huhuhu heart2Huhuhu
[06:12:19] <@%싹둑 (ssakdook)> 채팅 룰은 채널 피드에서! :3 ♥
[06:34:42] <%$새봄바보 (jch248963)> heart2Huhuhu heart2Huhuhu heart2Huhuhu heart2Jumjum
[06:35:34] <%미스터효 (mrhyo)> heart2Cry heart2Cry heart2Cry heart2Cry heart2Cry heart2Cry
[06:36:06] <Harishiva> nanSad nanSad nanSad
[06:40:41] <%귀여운새봄쮸 (cutesebomjju)> heart2Ppd heart2Heart2 heart2Huhuhu
[06:42:46] <WeirdFeelsMan> how to speak korean?
[06:45:18] <%aahaa2> heart2Jumjum
[06:46:19] <@%싹둑 (ssakdook)> 채팅 룰은 채널 피드에서! :3 ♥
[06:53:58] <%hwannii> heart2Huhuhu heart2Huhuhu heart2Huhuhu
[07:16:53] <%$금은링 (gmnring)> heart2Saebom
[07:29:20] <@%싹둑 (ssakdook)> 채팅 룰은 채널 피드에서! :3 ♥
[07:40:09] <%귀여운새봄쮸 (cutesebomjju)> heart2Ppd heart2Heart2 heart2Huhuhu
[07:53:55] <%미스터효 (mrhyo)> heart2Cry heart2Cry heart2Cry
[07:55:25] <@%싹둑 (ssakdook)> 채팅 룰은 채널 피드에서! :3 ♥
[07:56:48] <%킹갓도도 (june0629)> 새봄추 오늘은 잘쉬세욧 heart2Pinkcat heart2Heart2
[08:11:16] <하늘키높이 (sun8092)> 새봄님 방송보고 옵치 해보는데 겁나 어렵네요.....크흠....
[08:12:20] <@%싹둑 (ssakdook)> 채팅 룰은 채널 피드에서! :3 ♥
[08:13:42] <%$춤추는공돌이 (ckh4956)> heart2Pinkcat heart2Pinkcat heart2Pinkcat
[08:14:52] <%$판다냥이 (akdrh6618)> heart2Pinkcat heart2Pinkcat heart2Pinkcat
[08:17:55] <%$새봄바보 (jch248963)> heart2Pinkcat heart2Pinkcat heart2Pinkcat
[08:18:10] <%메로빈지언 (yeongeo)> heart2Pinkcat heart2Pinkcat heart2Pinkcat
[08:25:37] <%회색허수아비 (s9hh6s)> heart2Pinkcat heart2Pinkcat heart2Pinkcat
[08:27:29] <%미스터효 (mrhyo)> 후 다시보기 썸네일 귀엽다
[08:29:20] <@%싹둑 (ssakdook)> 채팅 룰은 채널 피드에서! :3 ♥
[08:35:11] <%$ksh1130> 오늘도 고생냥이 heart2Cry
[08:35:33] <%aahaa2> heart2Cry heart2Jumjum
[08:38:11] <으어억심심해 (bubble1225)> 구독 갱신해야 되니까 빨리와라냥
[08:46:19] <@%싹둑 (ssakdook)> 채팅 룰은 채널 피드에서! :3 ♥
[08:46:56] <%뽀누 (tbvjqkqh)> heart2Sebomchu2
[08:50:14] <%+여드름수달 (acneotter)> 오늘오는냥이 heart2Pinkcat
[08:55:23] <@%싹둑 (ssakdook)> 채팅 룰은 채널 피드에서! :3 ♥
[09:01:19] <%$아린시엘 (mmoldk)> heart2X
[09:03:41] <%$금은링 (gmnring)> heart2EundolE
[09:12:20] <@%싹둑 (ssakdook)> 채팅 룰은 채널 피드에서! :3 ♥
[09:27:57] <%$구와아아아잉 (yeonjung_jin)> heart2Ppd
[09:38:03] <%흐락 (thasldna)> heart2Huhuhu heart2Jumjum heart2Clap heart2Clap
[09:38:59] <%미스터효 (mrhyo)> 새봄추 heart2Cry heart2Cry heart2Cry
[09:46:19] <@%싹둑 (ssakdook)> 채팅 룰은 채널 피드에서! :3 ♥
[09:58:50] <%$춤추는공돌이 (ckh4956)> 한쿡냥이
[10:13:42] <한승인 (spegel)> 아 내일이면 생방을 볼수 있겠군
[10:24:10] <%서새뱅 (gha561)> ㅇㅅㅇ
[10:24:32] <%미스터효 (mrhyo)> 빨리 나타나주세요 heart2Cry heart2Cry heart2Cry
[10:29:21] <@%싹둑 (ssakdook)> 채팅 룰은 채널 피드에서! :3 ♥
[11:21:52] <%귀여운새봄쮸 (cutesebomjju)> heart2Ppd heart2Heart2 heart2Huhuhu
[11:23:21] <%$아왜이 (ray1172)> heart2Kkigomm heart2Fearrr
[11:24:22] <카리카리 (karupi999)> 한국온거같은데 오늘 하는날임? 아님 낼부터?
[11:24:50] <%$shoony123> heart2Huhuhu heart2Huhuhu heart2Huhuhu
[11:25:54] <%미스터효 (mrhyo)> 오늘은 송출컴때문에 없거나 테스트 방송일거같아요
[11:26:03] <%성태야방송언제키냐 (nwt3787)> 방송켜라
[11:28:58] <%$주지ㅡ스 (zoojiss)> heart2Huhuhu heart2Huhuhu heart2Huhuhu
[11:29:20] <@%싹둑 (ssakdook)> 채팅 룰은 채널 피드에서! :3 ♥
[11:57:10] <%귀여운새봄쮸 (cutesebomjju)> heart2Ppd heart2Heart2 heart2Huhuhu
[11:59:11] <%$춤추는공돌이 (ckh4956)> heart2Pray heart2Pray heart2Pray
[11:59:40] <%회색허수아비 (s9hh6s)> heart2Pinkcat heart2Ppd heart2Poop
[11:59:51] <%미스터효 (mrhyo)> heart2Sebomchu2 heart2Heart2 heart2Cry
[12:11:24] <%$ksh1130> heart2Cry heart2Cry
[12:12:20] <@%싹둑 (ssakdook)> 채팅 룰은 채널 피드에서! :3 ♥
[12:46:57] <%$주지ㅡ스 (zoojiss)> heart2Huhuhu heart2Huhuhu heart2Huhuhu
[12:48:37] <%$아린시엘 (mmoldk)> heart2Kkigomm heart2Kkigomm
[12:48:44] <%미스터효 (mrhyo)> heart2Cry heart2Cry heart2Sebomchu2 heart2Heart2 heart2Cry
[12:52:45] <%$춤추는공돌이 (ckh4956)> heart2Huhuhu heart2Huhuhu heart2Huhuhu
[12:53:46] <뎨댕 (zxzxk13)> 빠빠
[12:55:24] <%성태야방송언제키냐 (nwt3787)> 방송키시라구요
[12:55:24] <@%싹둑 (ssakdook)> 채팅 룰은 채널 피드에서! :3 ♥
[12:57:58] <%타미나 (qkrgywls14)> heart2Sun 어서오세요
[12:59:11] <%$ksh1130> heart2Huhuhu heart2Huhuhu heart2Huhuhu
[13:02:48] <%푸_우 (weyong)> heart2Fearrr heart2Jumjum
[13:05:00] <%백두산고양이 (ehfzhd8)> heart2Huhuhu heart2Huhuhu heart2Huhuhu
[13:12:19] <@%싹둑 (ssakdook)> 채팅 룰은 채널 피드에서! :3 ♥
[13:26:21] <%$금은링 (gmnring)> heart2Podol
[13:27:21] <%귀여운새봄쮸 (cutesebomjju)> heart2Ppd heart2Heart2 heart2Huhuhu
[13:29:19] <@%싹둑 (ssakdook)> 채팅 룰은 채널 피드에서! :3 ♥
[13:32:19] <%$ksh1130> heart2Pray heart2Pray heart2Pray
[13:32:48] <%aahaa2> heart2Jumjum
[13:37:08] <%$shoony123> heart2Huhuhu heart2Huhuhu heart2Huhuhu
[13:45:43] <%$래몬주스 (maskkim)> heart2Huhuhu heart2Huhuhu heart2Huhuhu
[13:46:38] <@%싹둑 (ssakdook)> 채팅 룰은 채널 피드에서! :3 ♥
[13:54:46] <%김태현12 (dnlqks)> heart2Whatthe heart2Heart2 heart2Ppd
[14:10:17] <%$ksh1130> 공 ㅡ 지 heart2Huhuhu
[14:11:27] <%$이요일 (hyo3003)> heart2Pray heart2Pray heart2Pray
[14:11:47] <카리카리 (karupi999)> 오 2분전 집도착냥이
[14:12:18] <%푸_우 (weyong)> heart2Fearrr heart2Fearrr
[14:12:20] <@%싹둑 (ssakdook)> 채팅 룰은 채널 피드에서! :3 ♥
[14:17:07] <%귀여운새봄쮸 (cutesebomjju)> heart2Ppd heart2Heart2 heart2Huhuhu
[14:18:11] <%+YOOTooy> heart2Pray heart2Pray
[14:19:43] <%$래몬주스 (maskkim)> heart2Pray heart2Pray
[14:23:06] <%$아린시엘 (mmoldk)> heart2Pray
[14:29:20] <@%싹둑 (ssakdook)> 채팅 룰은 채널 피드에서! :3 ♥
[14:41:00] <%김태현12 (dnlqks)> heart2Cry heart2Cry heart2Cry
[14:55:28] <%$춤추는공돌이 (ckh4956)> 테스트 방송 존버 heart2Pinkcat
[15:12:19] <@%싹둑 (ssakdook)> 채팅 룰은 채널 피드에서! :3 ♥
[15:34:17] <%방갓_ (sunsu0824)> heart2Huhuhu heart2Jumjum
[15:40:49] <%$shoony123> 테스트방송 기대하지 말랬지만 존ㅡ버 heart2Huhuhu heart2Jumjum
[15:46:34] <@%싹둑 (ssakdook)> 채팅 룰은 채널 피드에서! :3 ♥
[16:07:08] <%+YOOTooy> heart2Poop heart2Poop
[17:02:41] <$전남친_ (hoyung16342)> 오뱅없?
[17:12:19] <@%싹둑 (ssakdook)> 채팅 룰은 채널 피드에서! :3 ♥
[17:16:40] <%$따옥 (checkclean)> 내일옵니까?
[17:18:47] <%$ksh1130> heart2Pray heart2Jumjum
[17:20:26] <%집나온대학생 (vkfks098)> heart2Pray heart2Pray
[17:22:55] <%킹갓도도 (june0629)> 새봄추도 사람이면 오늘은 쉴듯 heart2Poop3
[17:29:19] <@%싹둑 (ssakdook)> 채팅 룰은 채널 피드에서! :3 ♥
[17:30:05] <%$shoony123> heart2Pray heart2Pray
[17:34:40] <%$춤추는공돌이 (ckh4956)> heart2Pray heart2Pray
[17:34:51] <%+여드름수달 (acneotter)> heart2Pinkcat
[17:34:51] <%+야청 (yachung1)> heart2Pray heart2Pray heart2Pray
[17:46:58] <@%싹둑 (ssakdook)> 채팅 룰은 채널 피드에서! :3 ♥
[17:59:55] <%$멜론빵__ (asiamoo25)> heart2Huhuhu heart2Huhuhu heart2Huhuhu
[18:00:52] <%+gto511> heart2Huhuhu heart2Heart2 ssangbeSsangbae
[18:01:21] <%$김절찬 (frozennowshowing)> heart2Whatthe heart2Whatthe heart2Whatthe
[18:01:42] <放開娜個女孩 (eric_0626)> BibleThump BibleThump BibleThump BibleThump
[18:01:51] <%$금은링 (gmnring)> heart2Saebom
[18:03:37] <%흐락 (thasldna)> heart2Pray heart2Pray
[18:06:43] <디디딩1 (datcome)> 오뱅있??
[18:07:03] <%오동나무 (childjjun)> 랜듐
[18:10:28] <%베개솜 (theco575)> 언제와 새봄쮸~?
[18:12:19] <@%싹둑 (ssakdook)> 채팅 룰은 채널 피드에서! :3 ♥
[18:13:13] <%한테리 (kmins06)> 오늘은.... 완전 랜덤일듯.. 송출컴 바꾼다고 하니 테스트방송 할려나 ㅋ heart2Heart2 heart2Huhuhu heart2Jumjum heart2Pinkcat
[18:13:24] <%괴물보컬서새봄 (kyle0926)> heart2Huhuhu heart2Huhuhu
[18:15:17] <%+야청 (yachung1)> 방송이 있었는데요 없었습니다
[18:21:33] <%laughso> heart2Pray heart2Pray heart2Pray
[18:22:29] <%$따옥 (checkclean)> 내일옵시다
[18:24:49] <끄뉵끄뉵 (onefortheroad_)> 반갑다냥
[18:29:24] <@%싹둑 (ssakdook)> 채팅 룰은 채널 피드에서! :3 ♥
[18:31:10] <%기라델리 (junghwan0110)> heart2Poop3 heart2Poop3 heart2Poop3
[18:32:15] <%미스터효 (mrhyo)> heart2Cry
[18:34:58] <%씨크릿 (secret_ko)> heart2Ppd 내이름은 트수, 탐정이죠 heart2Sun
[18:46:02] <%피로 (piro5030)> heart2Pray heart2Pray heart2Pray
[18:46:30] <%+여드름수달 (acneotter)> heart2Pinkcat
[18:47:15] <@%싹둑 (ssakdook)> 채팅 룰은 채널 피드에서! :3 ♥
[18:47:16] <카리카리 (karupi999)> Squid1 Squid2 SabaPing Squid4
[18:54:36] <%$ksh1130> heart2Cry heart2Cry
[18:55:42] <@%싹둑 (ssakdook)> 채팅 룰은 채널 피드에서! :3 ♥
[19:04:26] <%ggoky> heart2Hiyo
[19:18:56] <%푸_우 (weyong)> heart2Huhuhu heart2Huhuhu
[19:20:30] <放開娜個女孩 (eric_0626)> gugu1Angel55 gugu1Angel55 gugu1Angel55 gugu1Angel55
[19:22:17] <%미스터효 (mrhyo)> 보고싶다냥 heart2Cry heart2Cry heart2Cry
[19:30:36] <@%싹둑 (ssakdook)> 채팅 룰은 채널 피드에서! :3 ♥
[19:31:08] <%$조영남조형기조혜련조강현 (qwer5830)> 냥이? ㅇㅅㅇ
[19:34:17] <%$근복 (kimkim1017)> ㅇㅅㅇ
[19:35:51] <%+여드름수달 (acneotter)> 냥 heart2Pinkcat
[19:35:52] <%오동나무 (childjjun)> heart2Huhuhu heart2Jumjum
[19:41:35] <%곡선 (catzic)> heart2Kkigomm heart2Jumjum
[19:47:01] <%$금은링 (gmnring)> heart2Podol
[19:48:21] <@%싹둑 (ssakdook)> 채팅 룰은 채널 피드에서! :3 ♥
[19:48:27] <%초록저금통 (gcbox)> heart2Huhuhu heart2Huhuhu heart2Huhuhu
[19:48:51] <%귀여운새봄쮸 (cutesebomjju)> heart2Ppd heart2Heart2 heart2Huhuhu
[19:55:34] <@%싹둑 (ssakdook)> 채팅 룰은 채널 피드에서! :3 ♥
[19:56:39] <%한테리 (kmins06)> heart2Fearrr heart2Jumjum heart2Kkigomm heart2Heart2 heart2Huhuhu heart2Pinkcat heart2Poop heart2Poop3
[19:57:39] <%람나찡 (naramna)> heart2Kkigomm heart2Jumjum
[19:57:50] <%노_스 (apcmfdia)> heart2Eundoling heart2Huhuhu
[19:58:32] <%$며용며용며용 (akilae123)> 오늘까지 휴방이라는게 학계 정설.
[20:03:56] <%$shoony123> ㅇㅅㅇ heart2Huhuhu heart2Jumjum
[20:04:15] <%$멜론빵__ (asiamoo25)> heart2EundolE
[20:04:30] <%laughso> heart2Pray heart2Pray heart2Pray
[20:04:48] <이거방탄유리야아 (rlawogjs2000)> 오뱅있?
[20:04:54] <%+야청 (yachung1)> 없
[20:08:43] <%$김절찬 (frozennowshowing)> heart2Huhuhu heart2Huhuhu heart2Huhuhu heart2Huhuhu
[20:08:51] <%+gto511> 자고 일어나서 컴 바꾼댔으니까.. 아직 멀었다냥
[20:10:03] <%$클로디_ (scider_)> heart2Huhuhu heart2Huhuhu heart2Huhuhu heart2Huhuhu heart2Huhuhu
[20:10:35] <청아레비 (pokrisingz)> ㅠ
[20:12:21] <%꼬꼬마리더 (wooj21)> heart2Hiyo heart2Hiyo
[20:12:54] <%미스터효 (mrhyo)> 어흑 진짜 왔어 드디어 왔어 ㅠㅠ heart2Sebomchu2 heart2Hiyo heart2Heart2
[20:13:39] <%$판팡선 (panpangsun)> heart2Hiyo heart2Heart2
[20:13:41] <%$쫑이 (kronicle89)> heart2Sebomchu heart2Hiyo heart2Hiyo 드디어 왔어 ㅠㅠ
[20:13:52] <%+야청 (yachung1)> heart2cheer1
[20:13:58] <%$조영남조형기조혜련조강현 (qwer5830)> 오는냥이? ㅇㅅㅇ!
[20:14:15] <%+꼬마돌멩이 (zzznm2151)> heart2Cry heart2Hiyo
[20:15:00] <고ㅣ1ㅣ라니 (ths1101)> 거의 종교네
[20:15:52] <%+여드름수달 (acneotter)> 오니 heart2Eundoling
[20:16:07] <Harishiva> nanHi nanHi nanHi
[20:17:21] <%푸_우 (weyong)> heart2Fearrr
[20:18:16] <tpdus3848> 안녕하세요
[20:18:23] <%$판다냥이 (akdrh6618)> heart2Hiyo heart2Hiyo heart2Hiyo heart2Hiyo
[20:19:35] <%초록저금통 (gcbox)> heart2Hiyo heart2Heart2
[20:20:08] <%$근복 (kimkim1017)> heart2Hiyo heart2Hiyo 그리웠읍니다 heart2Cry
[20:20:35] <%오동나무 (childjjun)> heart2Hiyo heart2Hiyo
[20:20:37] <%킹카우맛새봄츄 (sksqhalrk)> 봄츄 오늘 오시냐냥?
[20:22:14] <%$금은링 (gmnring)> heart2Whatthe heart2Whatthe heart2Whatthe
[20:22:47] <루이스님 (splendor191)> 오뱅있?
[20:23:55] <%$ksh1130> 송출이 heart2Pray
[20:25:00] <%백묘국 (aionoimu07)> heart2Pray heart2Pray heart2Pray
[20:25:01] <%흐드러지게핀앙증맞은꽃 (peony1000)> 다행히 컴 은살아 계신갑네 heart2Pinkcat
[20:25:48] <%$아왜이 (ray1172)> 안녀야야양
[20:26:03] <%$춤추는공돌이 (ckh4956)> 그립읍미다 heart2Cry heart2Cry heart2Cry
[20:26:37] <%씨크릿 (secret_ko)> heart2Huhuhu heart2Heart2 heart2Kkigomm heart2Jumjum
[20:26:46] <%한테리 (kmins06)> heart2Sebomchu2 heart2Hiyo heart2Hiyo heart2Heart2 heart2Heart2 heart2Huhuhu heart2Pinkcat
[20:27:10] <%+YOOTooy> heart2Sebomchu heart2Sebomchu
[20:27:12] <@%싹둑 (ssakdook)> 채팅 룰은 채널 피드에서! :3 ♥
[20:28:57] <%$파니1256 (loseeflower)> heart2Heart2 heart2Hiyo heart2Hiyo
[20:32:23] <%노_스 (apcmfdia)> heart2Hiyo heart2Hiyo heart2Heart2 heart2Huhuhu
[20:32:47] <%귀여운새봄쮸 (cutesebomjju)> heart2Ppd heart2Heart2 heart2Huhuhu 이거로 도배해주세요
[20:34:40] <%$며용며용며용 (akilae123)> 그립읍니다 오늘 테스트합니까요
[20:35:17] <%laughso> heart2Pray heart2Pray heart2Pray
[20:36:04] <%방갓_ (sunsu0824)> heart2Pray heart2Pray
[20:36:47] <%calypsoblues> Squid1 Squid2 heart2Kigom Squid2 Squid4
[20:37:07] <%aahaa2> heart2Huhuhu heart2Jumjum
[20:37:34] <죽어그냥 (bsbo141)> 내일부터 방송하냥?
[20:41:12] <%구수구국 (junjh422)> heart2Kkigomm
[20:41:47] <$금성백조 (a1st_swan)> 오늘 방송있어요?
[20:42:25] <%$나새봄추아니다 (toqhacn11)> 테스트방송할지 모르겠네요 heart2Kkigomm heart2Jumjum
[20:42:54] <카리카리 (karupi999)> Squid2 Squid4
[20:43:16] <스윗텐더 (qudwnswkd1)> 오 채팅창에 새드더미가 있네 기대기대
[20:43:35] <%+gto511> 세팅냥이
[20:45:37] <%미스터효 (mrhyo)> heart2Sebomchu2 heart2Cry heart2Heart2
[20:49:37] <@%싹둑 (ssakdook)> 채팅 룰은 채널 피드에서! :3 ♥
[20:55:45] <%피로 (piro5030)> heart2Kkigomm heart2Kkigomm
[20:56:15] <갯조개 (alswotksxk98)> 두근두근
[20:57:12] <%잘생긴트수 (jh8751)> heart2Pray heart2Pray heart2Pray heart2Jumjum
[20:57:20] <%한테리 (kmins06)> 아.. 셋팅냥이 가셨넹.. heart2Cry heart2Cry
[20:58:16] <%씨크릿 (secret_ko)> heart2Kkigomm heart2Jumjum
[20:58:29] <GGamV> 스-윽
[20:59:18] <Harishiva> nanXmas nanXmas nanXmas
[21:00:02] <%$shoony123> 세팅냥이 가셨넹... heart2Cry heart2Cry heart2Huhuhu heart2Jumjum
[21:01:03] <%초록저금통 (gcbox)> heart2Cry heart2Cry heart2Cry
[21:02:19] <아크지영 (arc841)> 오늘오냐
[21:02:26] <%$아왜이 (ray1172)> heart2Cry heart2Cry
[21:03:15] <%$금은링 (gmnring)> 와오옹
[21:03:47] <%$판다냥이 (akdrh6618)> 와오옹 heart2Cry
[21:04:39] <%$김절찬 (frozennowshowing)> heart2Cry 웨오오옹
[21:04:51] <%$근복 (kimkim1017)> heart2Cry heart2Cry 와오옹
[21:06:47] <%+여드름수달 (acneotter)> heart2Whatthe
[21:07:08] <%aahaa2> heart2Pinkcat heart2Jumjum
[21:08:51] <%+스토미_ (ykh0314)> heart2Pray heart2Heart2 heart2Ppd
[21:11:02] <%오동나무 (childjjun)> heart2Pray heart2Pray
[21:13:11] <@%싹둑 (ssakdook)> 채팅 룰은 채널 피드에서! :3 ♥
[21:14:22] <%푸_우 (weyong)> heart2Huhuhu heart2Jumjum
[21:14:40] <%흐드러지게핀앙증맞은꽃 (peony1000)> 돌아 온다 했잔아요~
[21:16:19] <%미스터효 (mrhyo)> heart2Cry heart2Cry heart2Cry
[21:18:43] <%흐락 (thasldna)> 새봄추우우우 보고싶읍니다 heart2Cry heart2Fearrr
[21:20:06] <%마스테마 (bbb1008)> heart2Kkigomm heart2Kkigomm heart2Kkigomm heart2Kkigomm
[21:20:07] <%$며용며용며용 (akilae123)> 내일옵니까 그런겁니까 heart2Cry
[21:20:08] <ehdrhs124> 오늘 방송하나요?
[21:24:28] <%김태현12 (dnlqks)> heart2Pray heart2Heart2 heart2EundolE
[21:25:55] <%장기돌이 (ung27540421)> 속보) 채팅창에 saddummy
[21:26:16] <%샤빌 (chabile)> 후...오늘 오냥 안오냥
[21:26:51] <%귀여운새봄쮸 (cutesebomjju)> heart2Ppd heart2Heart2 heart2Huhuhu
[21:27:40] <%에릴리스 (erilis21)> heart2Ppd heart2Heart2 heart2Kkigomm
[21:30:02] <상애지연 (khankim908)> 오뱅없?
[21:30:50] <죽어그냥 (bsbo141)> 오늘 테스트 방송 킬꺼냥?
[21:32:32] <%건냥이 (gf1207)> heart2ISeeyou
[21:33:10] <%실피르디온 (darksylph1004)> 오늘 올지 안올지 모르는거 아니냥?
[21:33:23] <Harishiva> nanNight nanNight nanNight
[21:35:54] <%$춤추는공돌이 (ckh4956)> 세팅 고생냥이
[21:37:14] <%+여드름수달 (acneotter)> heart2Whatthe
[21:39:15] <%+야청 (yachung1)> heart2Pray heart2Pray
[21:39:37] <%$근복 (kimkim1017)> 제발 잘 되시기를 heart2Pray
[21:39:39] <%+gto511> 새봄추 노래 듣고 싶다.. 흐흐흐
[21:39:53] <%+은돌이구독자 (young0410)> heart2Huhuhu heart2Huhuhu heart2Huhuhu
[21:40:05] <%$우리집동네 (wkuukl)> heart2Huhuhu heart2Huhuhu heart2Huhuhu
[21:40:57] <%$kkojong007> heart2Huhuhu heart2Huhuhu heart2Huhuhu
[21:41:03] <%$shoony123> heart2Huhuhu heart2Huhuhu heart2Huhuhu
[21:41:05] <%한테리 (kmins06)> heart2Huhuhu heart2Huhuhu heart2Huhuhu
[21:41:17] <%초록저금통 (gcbox)> heart2Huhuhu heart2Huhuhu heart2Huhuhu
[21:41:18] <%싱가포리안 (bigamazing)> heart2Huhuhu heart2Huhuhu heart2Huhuhu
[21:41:35] <%+꼬마돌멩이 (zzznm2151)> ㅋㅋㅋ
[21:41:36] <%$판다냥이 (akdrh6618)> heart2Huhuhu heart2Huhuhu heart2Huhuhu
[21:41:40] <$잠수보이 (terran0103)> heavyrHeart heavyrHeart heavyrHeart
[21:41:58] <%$_연화 (yeon_hwa)> 아
[21:42:01] <%$조영남조형기조혜련조강현 (qwer5830)> heart2Kigom
[21:42:13] <%$금은링 (gmnring)> heart2Pinkcat
[21:42:34] <%$멜론빵__ (asiamoo25)> heart2Huhuhu heart2Huhuhu heart2Huhuhu
[21:43:13] <가네카 (gavyek)> 오방잇?
[21:44:13] <%노_스 (apcmfdia)> heart2Huhuhu heart2Heart2 heart2Kkigomm
[21:44:23] <%씨크릿 (secret_ko)> 오방? 새봄져스 [엔드게임] heart2Kkigomm
[21:45:22] <%곡선 (catzic)> heart2Huhuhu heart2Huhuhu heart2Huhuhu heart2Huhuhu heart2Huhuhu heart2Huhuhu
[21:45:38] <%aahaa2> heart2EundolE heart2Jumjum
[21:50:06] <%$파니1256 (loseeflower)> heart2Heart2 heart2Huhuhu heart2Heart2 heart2Huhuhu heart2Huhuhu
[21:50:16] <%미스터효 (mrhyo)> heart2Sebomchu2 heart2Heart2 heart2Cry
[21:50:34] <%집나온대학생 (vkfks098)> heart2Hiyo heart2Sebomchu heart2Heart2
[21:50:42] <호응_ (falling2683)> 오늘 방송한다고했나요?
[21:51:03] <%+kual424> heart2Hiyo heart2Hiyo
[21:51:04] <집구석공돌이 (tinomin)> 오뱅모
[21:51:23] <%피로 (piro5030)> heart2Huhuhu heart2Huhuhu heart2Huhuhu
[21:51:52] <ehdrhs124> 초홍님 방송 보니까 새봄님 롤 접속해 계시던데요
[21:52:34] <%$white_official> 그거 은돌이가 하는거에요 heart2Poop3 heart2Poop
[21:53:10] <아레나는 (eoaoh)> ㅇㅈ
[21:53:37] <@%싹둑 (ssakdook)> 채팅 룰은 채널 피드에서! :3 ♥
[21:53:49] <찌냥 (dydwn5687)> 오늘생방없나용?
[21:54:46] <흐음냥이 (hmmcat)> 이것저것 게임 세팅해보시는듯
[21:54:59] <%쉽구만 (pnt1080)> 오뱅있?
[21:55:47] <%$며용며용며용 (akilae123)> heart2Eundori heart2Eundori heart2Eundori heart2Eundori heart2Eundori heart2Eundori
[21:58:20] <%람나찡 (naramna)> heart2Huhuhu heart2Huhuhu heart2Huhuhu
[21:58:35] <%샤빌 (chabile)> heart2Huhuhu heart2Huhuhu heart2Huhuhu
[21:59:31] <%킹카우맛새봄츄 (sksqhalrk)> 봄츄오늘옴?
[22:00:34] <%내일은언제나 (emilre33)> heart2Fearrr heart2Fearrr heart2Kkigomm
[22:02:31] <환링 (lkh17)> 오방있?
[22:05:10] <maurach18> 내일부터 정상방송임. 오늘켜면 송출컴 테스트일 듯
[22:08:55] <%+여드름수달 (acneotter)> 새봄퐁 heart2Pinkcat
[22:11:23] <dfcv59> 오뱅없?
[22:15:53] <%$근복 (kimkim1017)> heart2Huhuhu heart2Huhuhu heart2Huhuhu
[22:16:15] <이거방탄유리야아 (rlawogjs2000)> 오뱅있?없?
[22:16:30] <에참꽁 (wjdghks0601)> 오뱅없
[22:16:51] <롤드로이드 (yeanpilstar)> 정보) 오뱅없
[22:17:25] <%김팔계 (invitezgose1)> 오뱅없?
[22:18:32] <%+칠현 (skylish7)> 스새봄이방송은제키냐
[22:19:50] <%동승 (djdlwhgdk96)> 존버는 승리한다
[22:19:53] <%성태야방송언제키냐 (nwt3787)> 저기요 방송키세요
[22:20:12] <손의저울 (skadk2258)> 오늘 오나 ?
[22:20:26] <%미스터효 (mrhyo)> heart2Pray heart2Heart2 heart2Sebomchu2 heart2Heart2 heart2Ppd
[22:20:37] <%귀여운새봄쮸 (cutesebomjju)> heart2Ppd heart2Heart2 heart2Huhuhu
[22:20:54] <%한테리 (kmins06)> heart2Huhuhu heart2Huhuhu heart2Huhuhu
[22:21:04] <$금성백조 (a1st_swan)> 우리 강성노조는 한발도 물러서지 않겠다!
[22:21:26] <%+gto511> heart2Huhuhu heart2Heart2 ssangbeSsangbae 배고팡
[22:22:20] <~%서새봄냥 (saddummy)> 오늘 방송없어요~
[22:22:23] <~%서새봄냥 (saddummy)> 존버하지 마시고 쉬세요
[22:22:24] <ㄸㄸㅇ머신 (oddinam94)> 아왜요...
[22:22:28] <으어억심심해 (bubble1225)> 앗 왜요?>
[22:22:31] <%aahaa2> 안돼~~ heart2Cry heart2Cry heart2Cry
[22:22:32] <%눈물 (snsanf2)> 앗 하이용 heart2Huhuhu
[22:22:37] <%$래몬주스 (maskkim)> ?
[22:22:39] <%+gto511> cheer1 ㅇㅋ 치킨먹으러 간다
[22:22:51] <%$파니1256 (loseeflower)> 앗 heart2Cry heart2Cry ㅠㅠ
[22:22:55] <~%서새봄냥 (saddummy)> 말씀드렸듯이 지금 컴퓨터 세팅중이에요 ~! 그리고 포맷상태라 이것저것 전부 다 설치하고 나면 제가 너무 힘들것 같네요
[22:23:02] <%$근복 (kimkim1017)> heart2cheer1 넹 고생하셨어요
[22:23:08] <~%서새봄냥 (saddummy)> 내일 밝은 모습으로 찾아올테니 존버하지 마시고 다들 해산하세요~
[22:23:11] <%$판다냥이 (akdrh6618)> 넵 알겠습니당
[22:23:13] <%+야청 (yachung1)> 퇴각하라
[22:23:16] <%메로빈지언 (yeongeo)> 넹 heart2Bye heart2Bye
[22:23:18] <~%서새봄냥 (saddummy)> 억지로 키는 것보다 낼 활기차게 켜는게 좋잖아용!
[22:23:22] <아크지영 (arc841)> ㅜㅜ
[22:23:23] <%촉촉한가로쉬 (tongui246)> 은제오냥
[22:23:26] <%싱가포리안 (bigamazing)> 자 다들 해산하세요!!
[22:23:27] <%헌법10조 (dddtsthx)> 넹 heart2Bye heart2Bye
[22:23:42] <%+로봇도깨비 (k2h1000)> heart2Bye heart2Bye heart2Huhuhu heart2Huhuhu heart2Huhuhu
[22:23:43] <%씨크릿 (secret_ko)> heart2Kkigomm heart2Jumjum 끼곰이 명령하에 모두퇴각하라
[22:23:44] <%aahaa2> heart2cheer1 네네.. 수고하세요.. 문제 없이 잘되길... 낼 봅시다~
[22:23:48] <%라쿠요 (you7903)> 오뱅없?
[22:23:48] <%$춤추는공돌이 (ckh4956)> 오키 해산한다우
[22:23:54] <%vorchfhd> heart2Bye heart2Bbabbapink
[22:23:56] <카리카리 (karupi999)> 해산합시다 빠빠
[22:24:07] <%$아왜이 (ray1172)> ㅇㄱㅇ 알겠습니다 빠빠
[22:24:10] <%$조영남조형기조혜련조강현 (qwer5830)> heart2Bye
[22:24:20] <%달흐르듯이 (ersmus)> 봄하~ 봄바~
[22:24:25] <%+꼬마돌멩이 (zzznm2151)> heart2Bye heart2Bye
[22:24:27] <%laughso> heart2Bye heart2Bye
[22:24:29] <%오동나무 (childjjun)> heart2Bye heart2Bye
[22:24:30] <%$금은링 (gmnring)> 내일보자냥
[22:24:39] <%집나온대학생 (vkfks098)> heart2Bye heart2Bye
[22:24:42] <~%서새봄냥 (saddummy)> heart2Bbabbapink heart2Bbabbapink heart2Goldteeth
[22:24:52] <%$white_official> heart2Bye heart2Bye heart2Huhuhu heart2Heart2
[22:24:53] <%흐드러지게핀앙증맞은꽃 (peony1000)> 올때 죠스바
[22:25:00] <%뽀누 (tbvjqkqh)> heart2Bye heart2Bye
[22:25:12] <%+은돌이구독자 (young0410)> ㅇㄱㅇ 오늘 존버는 여기까지
[22:25:23] <%$클로디_ (scider_)> heart2Bye heart2Bye heart2Bye heart2Bye
[22:25:28] <%백묘국 (aionoimu07)> heart2Heart2 heart2Sebomchu2 heart2Heart2 heart2Eundori heart2Heart2 heart2Bye heart2Bye heart2Heart2
[22:25:48] <%$우리집동네 (wkuukl)> heart2Bye heart2Bye
[22:26:00] <Harishiva> nanNeko nanNeko nanNeko
[22:26:01] <%+kual424> heart2Bye heart2Bye
[22:26:31] <쿡쿡콕콕 (cook2cok2)> 빠이다냥
[22:26:35] <%퀴네에 (hsh16240713)> heart2Bye heart2Bye heart2Bye
[22:26:49] <%방갓_ (sunsu0824)> heart2Bye heart2Bye
[22:27:13] <%$구와아아아잉 (yeonjung_jin)> heart2Ppd heart2Cry heart2Cry heart2Cry
[22:27:22] <%$바이엔슈테판 (weihen5)> heart2Huhuhu
[22:27:23] <%+YOOTooy> heart2Bye heart2Bye
[22:27:25] <%쪽빛의하늘 (sola1258)> heart2Bye heart2Bye heart2Bye
[22:27:39] <%SanchoMario> heart2Bye heart2Bye heart2Bye
[22:27:50] <%$ksh1130> heart2Bye heart2Bbabbapink
[22:28:07] <%초록저금통 (gcbox)> heart2Bbabbapink heart2Bbabbapink heart2Bbabbapink heart2Bbabbapink
[22:28:16] <키리나 (ritoru473)> 빠빠이
[22:28:22] <자_기_개_발_중 (kh0315)> 오늘 새봄추 방송 없나요?
[22:28:40] <@%싹둑 (ssakdook)> 채팅 룰은 채널 피드에서! :3 ♥
[22:29:07] <%기라델리 (junghwan0110)> 오뱅없
[22:29:16] <%$쫑이 (kronicle89)> heart2Bye heart2Bye heart2Sebomchu heart2Eundori heart2Heart2
[22:29:22] <$영수님 (dudtn323)> 은제 방송킴?
[22:29:57] <%$꺄아아앙 (shy978)> 오뱅없?
[22:30:05] <흐음냥이 (hmmcat)> 내일켠대요 오늘은 안켬
[22:30:12] <%$칼바람아조시 (dokisland)> 트수 선물 안사왔으면 흑화함 수고링
[22:30:30] <%$달송 (dar_song)> 화이팅
[22:31:47] <%샤빌 (chabile)> 아니 나 없는 사이에 존버해산령이
[22:32:39] <%꼬꼬렛 (drh1ggins)> heart2Ppd : 새봄추! 오늘 방송 킬거라고 믿고 있었다구! 젠장!
[22:33:19] <%푸_우 (weyong)> 고생추 heart2Huhuhu heart2Bye heart2Heart2
[22:33:31] <%$아린시엘 (mmoldk)> heart2Bbabbapink heart2Eundori heart2Eundori
[22:34:30] <%피로 (piro5030)> heart2Bye heart2Bye
[22:34:36] <%김태현12 (dnlqks)> heart2Bye heart2Bye
[22:34:49] <$여름달__ (heenah)> 빠빠빠빠
[22:34:53] <%$shoony123> 넹 고생냥이 heart2Bbabbapink heart2Bbabbapink heart2Bbabbapink
[22:35:11] <%럭키용자 (luckyyongza)> heart2Bye heart2Bye heart2Bye heart2Bye heart2Bye
[22:37:40] <사바기 (sabacksaback)> 빠빠
[22:37:53] <%+형서비 (gudtjq2005)> 오늘 방송없구나!! 채팅으로 알려줘서 고마워용 ㅎㅎ
[22:37:54] <%calypsoblues> heart2Kigom heart2Jumjum
[22:38:15] <%$며용며용며용 (akilae123)> 뭐야 채팅공지야?? ㅠㅠ 존버단 해산 하시랍니다 내일만나요
[22:38:30] <$안시나 (eungjj90)> 오뱅없... 트게더 집도착 공지 대댓글
[22:39:07] <%+여드름수달 (acneotter)> 내일올게 heart2Bye
[22:39:48] <%$김절찬 (frozennowshowing)> 해산 ㅇㄱㅇ heart2EundolE
[22:40:47] <%팡파카판 (xeexangxo)> heart2Bye heart2Bye heart2Huhuhu heart2Huhuhu heart2Bye heart2Bye
[22:42:31] <$트리그어 (qwer132341)> 오뱅없?
[22:45:08] <%$멜론빵__ (asiamoo25)> heart2Bye heart2Huhuhu
[22:45:22] <애프터쉐이브 (africa86)> 어서와라 돼뚱냥이들아~~~~~~
[22:46:04] <%태훈아잘하자 (ta2h)> heart2Pray
[22:46:26] <%섹자몽 (fkaus70)> 헠헠
[22:46:50] <깜브 (ggamv)> 안냥
[22:47:58] <%노_스 (apcmfdia)> heart2Bye heart2Bye heart2Huhuhu heart2Sebomchu2
[22:50:36] <월드콘 (worldcorn92)> 방송없네
[22:50:36] <%귀여운새봄쮸 (cutesebomjju)> heart2Ppd heart2Heart2 heart2Huhuhu
[22:51:39] <%+봄새냥 (freesia1998)> 새봄추 기다린다냥 !
[22:51:42] <%한테리 (kmins06)> heart2Sebomchu2 heart2Bye heart2Bye heart2Cry heart2Cry heart2Heart2
[22:51:55] <~%서새봄냥 (saddummy)> 오늘 방송 없어요~
[22:52:10] <%+까뿌치노 (cappuchino)> heart2Kkigomm heart2Kkigomm heart2Kkigomm heart2Kkigomm
[22:52:59] <%미스터효 (mrhyo)> 흑우는 그렇게 하는게 아니야 일단 존버하는거야
[22:53:21] <롤드로이드 (yeanpilstar)> 오뱅없이군요 ㅠㅠ
[22:53:31] <%뮤즈아야해또 (muze99)> ㅠㅠ;;
[22:53:42] <트으쑤 (xmfpq4235)> 이제 올때 거의 다 됬다냥~
[22:53:56] <%$춤추는공돌이 (ckh4956)> heart2Pray heart2Pray heart2Pray
[22:54:13] <~%서새봄냥 (saddummy)> 오늘 방송 없어요~ 부탁ㄷ ㅡ리는데 제발 존버하지 말아주세요
[22:54:18] <%라카츠라 (kagolop)> heart2Bbabbapink heart2Bbabbapink heart2Bbabbapink
[22:54:32] <~%서새봄냥 (saddummy)> 진심으로 부탁드리는거니 조금만 들어주시면 감사하겠습니다!
[22:54:49] <~%서새봄냥 (saddummy)> 트게더에 공지 올렸으니 확인하시고, 다들 좋은 밤 보내시고 내일 봐요~ heart2EundolE
[22:54:53] <%김몰랑 (fmd1116)> heart2Heart2 heart2Heart2 heart2Heart2
[22:55:17] <%크리스폴 (vlfmvlfm)> 내일 봐요~ heart2Bbabbapink heart2Bbabbapink
[22:55:23] <태양샘 (aerial00)> 새봄추가 방송없데 돼뚱냥이드라 어여자자
[22:55:37] <아치리눅스 (marx1883)> 누나 푹 자요
[22:56:04] <%$아쿠ㅇㅅㅇ (akooooo1)> heart2Bye heart2Bbabbapink
[22:56:13] <%$래몬주스 (maskkim)> heart2Bye heart2Bye
[22:56:16] <ppundegi> ?
[22:56:21] <티르티르 (solchanmiso)> ㄷㄷ
[22:56:22] <%+은돌이구독자 (young0410)> 오늘만은 꿀잠단이다 heart2Eundori heart2Heart2
[22:56:56] <닉몰라 (bk4012)> 어 뭐야 ㅇㄱㅇ 낼 보세
[22:57:52] <%서새붐냥 (ah_ing_)> 오늘 안옴?
[22:58:02] <@%싹둑 (ssakdook)> 채팅 룰은 채널 피드에서! :3 ♥
[22:58:29] <%새연탄 (skywodyd)> 넹 공지올리셨어요 heart2Bye heart2Bye
[22:58:52] <%$ksh1130> heart2Bbabbapink heart2Heart2 heart2Sebomchu2
[22:59:05] <포지타노 (qmfcn)> 낼 수욜인데 휴방 아닌거군요
[22:59:10] <%집나온대학생 (vkfks098)> 오늘은 해산이다냥
[22:59:55] <%$금은링 (gmnring)> heart2Bye heart2Podol
[23:01:11] <%$판다냥이 (akdrh6618)> heart2Saebom heart2Kigom heart2Eundori heart2Bbabbapink heart2Bbabbapink heart2Bbabbapink
[23:01:13] <+momento70> 오늘 방송없다냥
[23:01:17] <촙야 (eodj22)> 오방없?
[23:01:48] <%$우리집동네 (wkuukl)> 트게더공지확인요~
[23:04:16] <@%싹둑 (ssakdook)> 채팅 룰은 채널 피드에서! :3 ♥
[23:04:20] <%푸_우 (weyong)> heart2Eundori heart2Jumjum
[23:05:02] <wsm3305> 오뱅없?
[23:06:34] <꼬맊따냥 (tksska21)> 오뱅없?
[23:07:24] <%$shoony123> 오뱅없 ㅇㅇ
[23:07:27] <지국민백호 (kwonsg0126)> 냐일보자냥
[23:08:24] <%배우는호랑이 (bae_ho)> heart2Bye baehoSuperbye
[23:10:12] <%메로빈지언 (yeongeo)> 뭐야 저 무지개 빠빠는 heart2Fearrr heart2Fearrr
[23:10:16] <%흐락 (thasldna)> heart2Bye heart2Bye 푹쉬시고 내일봐요~~~
[23:13:01] <블랙야크킹 (modenrock)> 배호님 빠빠 뭐임ㅋㅋ
[23:13:04] <%럭키용자 (luckyyongza)> 오뱅없
[23:14:42] <어그롱 (wlgud2362)> 오뱅없 퇴각하라~~
[23:16:24] <seosi0503> ㅜ
[23:18:23] <딸기오레 (gustmd06)> 고맙다냥.......
[23:18:43] <%섹자몽 (fkaus70)> 헠헠
[23:19:45] <$아디오스노니노 (3t0t3)> 퇴ㅡㅡㅡㅡㅡ각
[23:23:27] <%킹카우맛새봄츄 (sksqhalrk)> 오뱅잇?
[23:24:24] <기모띠이이이이 (htm0744)> !인스타
[23:24:50] <%미스터효 (mrhyo)> 오뱅없냥이 heart2Cry
[23:26:51] <_니얼굴 (u_face)> 호롤롤록
[23:30:09] <%귀여운새봄쮸 (cutesebomjju)> heart2Ppd heart2Heart2 heart2Huhuhu
[23:30:35] <%피로 (piro5030)> heart2Bye heart2Bye
[23:33:36] <@%싹둑 (ssakdook)> 채팅 룰은 채널 피드에서! :3 ♥
[23:35:50] <tgrry123> 새봄추 요즘 방송 안하냐요?ㅠㅠ
[23:36:43] <+momento70> 미국갔다왔음 낼부터할거
[23:41:12] <%$따옥 (checkclean)> 새봄추 왔다 갔네 heart2Huhuhu heart2Huhuhu heart2Huhuhu
[23:41:18] <%쉽구만 (pnt1080)> 오뱅없?
[23:41:47] <$플루티온 (elcroich)> 오늘 귀국일이라 짧방이나 오뱅없일듯
[23:50:31] <%집나온대학생 (vkfks098)> 트게더로!
[23:53:26] <%킹카우맛새봄츄 (sksqhalrk)> 오뱅없?...
[23:53:42] <태리오빠 (sky2483)> 00
[23:53:44] <자비한의 (jabihanui)> 공지에 없다고 하심
[23:55:14] <%미스터효 (mrhyo)> heart2Cry heart2Cry heart2Cry
[23:57:05] <@%싹둑 (ssakdook)> 채팅 룰은 채널 피드에서! :3 ♥
[23:57:42] <%사내대표겜돌이 (cge118)> 오늘... 휴방아니죠??...
[23:58:00] <%$하코오 (hacoooo)> 오늘 뱅송 없읍니당 heart2Kkigomm
[23:58:11] <%rudals1380> 클립보는중입니당
