# Log started: 2018-12-18 00:06:29 +0900
[00:06:29] <%길터놔라 (gi_gu)> !points
[00:06:29] <%^StreamElements> @길터놔라, 길터놔라 has 3540 points and is rank 8515/382026 on the leaderboard.
[00:21:45] <스펀지방 (boy0501)> !points
[00:21:45] <%^StreamElements> @스펀지방, 스펀지방 has 12925 points and is rank 1460/382026 on the leaderboard.
[00:28:45] <%lul0222> !points
[00:28:45] <%^StreamElements> @lul0222, lul0222 has 116965 points and is rank 70/382026 on the leaderboard.
[00:30:35] <%영양정보 (tktlsxoddl1002)> !points
[00:30:36] <%^StreamElements> @영양정보, 영양정보 has 59275 points and is rank 188/382026 on the leaderboard.
[00:32:42] <@%싹둑 (ssakdook)> 지켜주세요 : ★ 비속어 사용 X, 시청자간 닉언 X, 시청자의 방송 중재, 타스트리머 비하, 타방송 중계 X, 외모 이야기 X, 게임 관련 없는 이야기 X, 병먹금 필수!, 방송 내의 클립이나 사진은 트게더 이외에 올리지 마세요(필수) ★
[00:35:07] <%lul0222> !points
[00:35:07] <%^StreamElements> @lul0222, lul0222 has 116965 points and is rank 70/382026 on the leaderboard.
[00:49:22] <근육강아지 (davi803)> !points
[00:49:22] <%^StreamElements> @근육강아지, 근육강아지 has 1445 points and is rank 21453/382026 on the leaderboard.
[01:35:56] <@%싹둑 (ssakdook)> 지켜주세요 : ★ 비속어 사용 X, 시청자간 닉언 X, 시청자의 방송 중재, 타스트리머 비하, 타방송 중계 X, 외모 이야기 X, 게임 관련 없는 이야기 X, 병먹금 필수!, 방송 내의 클립이나 사진은 트게더 이외에 올리지 마세요(필수) ★
[01:43:18] <%지니어스풍 (wind9006)> !points
[01:43:18] <%^StreamElements> @지니어스풍, 지니어스풍 has 45405 points and is rank 278/382026 on the leaderboard.
[02:22:23] <@%싹둑 (ssakdook)> 지켜주세요 : ★ 비속어 사용 X, 시청자간 닉언 X, 시청자의 방송 중재, 타스트리머 비하, 타방송 중계 X, 외모 이야기 X, 게임 관련 없는 이야기 X, 병먹금 필수!, 방송 내의 클립이나 사진은 트게더 이외에 올리지 마세요(필수) ★
[08:01:01] <%몬보살 (pao51311)> !points
[08:01:01] <%^StreamElements> @몬보살, 몬보살 has 113395 points and is rank 73/382026 on the leaderboard.
[08:55:34] <@%싹둑 (ssakdook)> 지켜주세요 : ★ 비속어 사용 X, 시청자간 닉언 X, 시청자의 방송 중재, 타스트리머 비하, 타방송 중계 X, 외모 이야기 X, 게임 관련 없는 이야기 X, 병먹금 필수!, 방송 내의 클립이나 사진은 트게더 이외에 올리지 마세요(필수) ★
[10:37:37] <$하겐다즈냠냠 (engh6506)> #charity cheer1
[10:39:49] <하겐다즈냠냠 (engh6506)> cheer1 #Charity
[11:31:57] <%+이세입 (leesave)> !ㅔㅐㅑㅜㅅㄴ
[11:32:00] <%+이세입 (leesave)> !points
[11:32:00] <%^StreamElements> @이세입, 이세입 has 180590 points and is rank 28/382026 on the leaderboard.
[11:50:25] <%할수있는게없어요 (ksj2051)> !points
[11:50:26] <%^StreamElements> @할수있는게없어요, 할수있는게없어요 has 183170 points and is rank 26/382026 on the leaderboard.
[11:55:37] <@%싹둑 (ssakdook)> 지켜주세요 : ★ 비속어 사용 X, 시청자간 닉언 X, 시청자의 방송 중재, 타스트리머 비하, 타방송 중계 X, 외모 이야기 X, 게임 관련 없는 이야기 X, 병먹금 필수!, 방송 내의 클립이나 사진은 트게더 이외에 올리지 마세요(필수) ★
[14:06:50] <+Savage05764> PogChamp
[14:07:00] <+Savage05764> Hey
[14:24:19] <흐락 (thasldna)> 오늘 정기휴방이죠?
[14:55:49] <@%싹둑 (ssakdook)> ★초승달 유튜브 https://www.youtube.com/channel/UCxx7UvIhPkEQxaplaWS2hLg?view_as=subscriber
[15:21:27] <%올리비아허시 (hee6325)> !points
[15:21:28] <%^StreamElements> @올리비아허시, 올리비아허시 has 69610 points and is rank 152/382026 on the leaderboard.
[17:59:13] <%$규범 (77rbqja)> !points
[17:59:14] <%^StreamElements> @규범, 규범 has 77345 points and is rank 129/382026 on the leaderboard.
[18:32:10] <%$hwang9> !points
[18:32:10] <%^StreamElements> @hwang9, hwang9 has 139245 points and is rank 49/382026 on the leaderboard.
[18:56:56] <@%싹둑 (ssakdook)> 지켜주세요 : ★ 비속어 사용 X, 시청자간 닉언 X, 시청자의 방송 중재, 타스트리머 비하, 타방송 중계 X, 외모 이야기 X, 게임 관련 없는 이야기 X, 병먹금 필수!, 방송 내의 클립이나 사진은 트게더 이외에 올리지 마세요(필수) ★
