# Log started: 2018-12-11 00:05:11 +0900
[00:05:11] <@%싹둑 (ssakdook)> 지켜주세요 : ★ 비속어 사용 X, 시청자간 닉언 X, 시청자의 방송 중재, 타스트리머 비하, 타방송 중계 X, 외모 이야기 X, 게임 관련 없는 이야기 X, 병먹금 필수!, 방송 내의 클립이나 사진은 트게더 이외에 올리지 마세요(필수) ★
[01:02:24] <@%싹둑 (ssakdook)> 지켜주세요 : ★ 비속어 사용 X, 시청자간 닉언 X, 시청자의 방송 중재, 타스트리머 비하, 타방송 중계 X, 외모 이야기 X, 게임 관련 없는 이야기 X, 병먹금 필수!, 방송 내의 클립이나 사진은 트게더 이외에 올리지 마세요(필수) ★
[01:44:15] <%$드레여캐이뻐염 (ppyong96)> !points
[01:44:15] <%^StreamElements> @드레여캐이뻐염, 드레여캐이뻐염 has 76985 points and is rank 127/378442 on the leaderboard.
[01:58:51] <%영양정보 (tktlsxoddl1002)> !points
[01:58:51] <%^StreamElements> @영양정보, 영양정보 has 55120 points and is rank 202/378442 on the leaderboard.
[02:07:22] <%lul0222> !points
[02:07:22] <%^StreamElements> @lul0222, lul0222 has 113570 points and is rank 70/378442 on the leaderboard.
[03:56:15] <@%싹둑 (ssakdook)> 지켜주세요 : ★ 비속어 사용 X, 시청자간 닉언 X, 시청자의 방송 중재, 타스트리머 비하, 타방송 중계 X, 외모 이야기 X, 게임 관련 없는 이야기 X, 병먹금 필수!, 방송 내의 클립이나 사진은 트게더 이외에 올리지 마세요(필수) ★
[05:13:13] <%$waruiiiii> !points
[05:13:14] <%^StreamElements> @waruiiiii, waruiiiii has 145100 points and is rank 40/378442 on the leaderboard.
[05:51:18] <$게으름_뱅이 (lazy_bone_s)> !points
[05:51:18] <%^StreamElements> @게으름_뱅이, 게으름_뱅이 has 5130 points and is rank 5255/378442 on the leaderboard.
[05:55:40] <@%싹둑 (ssakdook)> 지켜주세요 : ★ 비속어 사용 X, 시청자간 닉언 X, 시청자의 방송 중재, 타스트리머 비하, 타방송 중계 X, 외모 이야기 X, 게임 관련 없는 이야기 X, 병먹금 필수!, 방송 내의 클립이나 사진은 트게더 이외에 올리지 마세요(필수) ★
[10:18:26] <잘보고배우세요 (gmadlsr)> !point
[10:18:30] <잘보고배우세요 (gmadlsr)> !points
[10:18:30] <%^StreamElements> @잘보고배우세요, 잘보고배우세요 has 920 points and is rank 30826/378442 on the leaderboard.
[10:47:07] <%+이세입 (leesave)> !points
[10:47:07] <%^StreamElements> @이세입, 이세입 has 176465 points and is rank 28/378442 on the leaderboard.
[10:55:30] <@%싹둑 (ssakdook)> 지켜주세요 : ★ 비속어 사용 X, 시청자간 닉언 X, 시청자의 방송 중재, 타스트리머 비하, 타방송 중계 X, 외모 이야기 X, 게임 관련 없는 이야기 X, 병먹금 필수!, 방송 내의 클립이나 사진은 트게더 이외에 올리지 마세요(필수) ★
[13:01:17] <%디그 (ehsh1203)> !points
[13:01:17] <%^StreamElements> @디그, 디그 has 118545 points and is rank 63/378442 on the leaderboard.
[13:02:21] <랜ㄷㅣ (follandi)> !points
[13:02:22] <%^StreamElements> @랜ㄷㅣ, 랜ㄷㅣ has 22970 points and is rank 632/378442 on the leaderboard.
[13:55:38] <@%싹둑 (ssakdook)> 지켜주세요 : ★ 비속어 사용 X, 시청자간 닉언 X, 시청자의 방송 중재, 타스트리머 비하, 타방송 중계 X, 외모 이야기 X, 게임 관련 없는 이야기 X, 병먹금 필수!, 방송 내의 클립이나 사진은 트게더 이외에 올리지 마세요(필수) ★
[15:06:44] <풍월량아취니 (zlddyek)> 오늘은 휴뱅인가용
[21:03:16] <%몬보살 (pao51311)> !points
[21:03:16] <%^StreamElements> @몬보살, 몬보살 has 111700 points and is rank 73/378442 on the leaderboard.
[21:33:57] <럭크 (ljw01422)> !points
[21:33:58] <%^StreamElements> @럭크, 럭크 has 170 points and is rank 87318/378442 on the leaderboard.
[23:05:25] <@%싹둑 (ssakdook)> 지켜주세요 : ★ 비속어 사용 X, 시청자간 닉언 X, 시청자의 방송 중재, 타스트리머 비하, 타방송 중계 X, 외모 이야기 X, 게임 관련 없는 이야기 X, 병먹금 필수!, 방송 내의 클립이나 사진은 트게더 이외에 올리지 마세요(필수) ★
[23:43:07] <%$드레여캐이뻐염 (ppyong96)> cocochanClaudwjr cocochanClaudwjr cocochanClaudwjr
[23:52:12] <%$규범 (77rbqja)> !points
[23:52:12] <%^StreamElements> @규범, 규범 has 73565 points and is rank 138/378442 on the leaderboard.
