# Log started: 2018-12-11 00:21:21 +0900
[00:21:21] <dobovocoto> 룩우스
[09:06:48] <반짝콩 (mightybeenflash)> 기모찌
[13:02:49] <진효야똑바로안하냐 (i_am_won)> kk
[13:02:51] <진효야똑바로안하냐 (i_am_won)> ㅏㅏㅏㅏ
[13:02:52] <진효야똑바로안하냐 (i_am_won)> ㅏㅏㅏㅏㅏㅏㅏㅏㅏㅏㅏㅏㅏㅏㅏㅏㅏㅏ
[13:02:56] <진효야똑바로안하냐 (i_am_won)> ㅏㅏㅏㅏㅏㅏㅏㅏㅏㅏㅏㅏㅏㅏㅏㅏㅏㅏㅏㅏㅏㅏㅏㅏㅏㅏ
[13:40:33] <bangbongsoon> 룩샘..
[13:40:40] <bangbongsoon> 이곳은 아무도 없다..
[15:06:12] <+히어로즈오브더스틸로 (heroes_of_the_steelo)> 룩하
[16:30:22] <%+룩밍시즌2기원 (kminsu7205)> looksamMk
[16:32:02] <%룩3 (yco113)> looksamStop
[17:46:10] <진효야똑바로안하냐 (i_am_won)> ㅑㅑ
[17:46:13] <진효야똑바로안하냐 (i_am_won)> ㅏㅑㅑ
[19:11:18] <인신매매업자 (kur3502)> 오룩휴?
[19:43:04] <박서니 (qowpdn12)> 룩쐄님 어디감?
[19:59:57] <진룩돈미짜에친삼 (zpdls1)> 님동
[19:59:59] <진룩돈미짜에친삼 (zpdls1)> 님들
[20:00:04] <진룩돈미짜에친삼 (zpdls1)> 오늘 방송없?
[20:14:59] <보정무새김성태 (qhwjddmsantmsz)> zz
[20:25:38] <illage83> 아니님들
[20:25:44] <illage83> 룩삼님 언제오시나요?
[21:28:29] <%$누조먹 (nujomuck)> 아 룩삼보고싶다
[21:28:45] <%$누조먹 (nujomuck)> 역겨운짓하고 실실대는거 뷰고
[21:29:07] <%$누조먹 (nujomuck)> BibleThump BibleThump BibleThump BibleThump looksamSad looksamSad looksamSad
[21:53:50] <레띠좋아 (sungzoo95)> ㄷㄷㄷ
[23:53:20] <$콩고기너겟 (psm0508)> 방 송 켜
