# Log started: 2018-12-20 01:30:31 +0900
[01:30:31] <roalaos12> 방송안함?
[13:59:23] <갓구면 (fkdlrjrbals)> 님들
[14:00:30] <풍월주인 (t9950t)> 네
[18:03:06] <얍얍1030 (housingg)> 오방있?
[18:28:34] <무지_ (sk30101234)> 안 킬걸 알지만 기다리게되는 마성의매력 룩삼...
[18:29:12] <룱곯얇칹 (02470396)> ㅠ
[18:29:18] <콕비_ (cokkbee_)> 왜안킴??
[18:30:15] <sodiit> 아니 알냥 씨발람들 뭘로잡아야됨 ㅡㅡ
[18:30:33] <콕비_ (cokkbee_)> 메카툰드루
[18:30:48] <sodiit> 드..뭐요?
[18:31:07] <봉봉입니다 (bong0214)> 짝흑?
[18:34:24] <%+룩밍시즌2기원 (kminsu7205)> 아 오늘 룩요일임?
[18:41:20] <DivaPlay> 님들 어제 룩밍 만났나요?
[18:42:26] <sodiit> ㅖ 트게더에 클립많아여
[18:52:59] <유영민 (typhoon001)> 우히가 헤어져야 할시간~~
[18:54:18] <실리 (sillyfufu)> 룩 하
[18:54:22] <봉봉입니다 (bong0214)> 아 오늘 휴방임?
[18:54:48] <깝치노 (qkstb)> 오뱅있?
[18:56:30] <%칠칠맞은칠리 (skin512)> 오벵없이구나..
[18:58:53] <상상도못한조강현 (unimaginable_steelo)> 설마냐..?
[19:02:55] <시골의수박서리꾼조강현 (kse_1224)> CurseLit CurseLit CurseLit
[19:03:06] <yang001004> 방송은제키십니까? ㅖ?
[19:04:41] <벌꿀 (cctachyon)> 아 이건 좀 아니지 않나요
[19:05:03] <준ㅎㅕㄱ (pjh2402)> 야!
[19:05:10] <자본주의가낳은조강현 (dbf3584)> 아 쌈형 피곤하신가;;;
[19:08:58] <minimanimoooo> 뭐해!!
[19:09:42] <벌꿀 (cctachyon)> 진짜 오늘 안킬거야?
[19:10:56] <한채정 (jongulee)> 오뱅없?
[19:12:55] <버무릴수 (k22000)> 너는...아마추어다..
[19:13:02] <배유비니비니 (cksrb1595)> 룩삼왜
[19:13:04] <배유비니비니 (cksrb1595)> 방송안킴
[19:14:00] <유영민 (typhoon001)> 진짜 방송안키냐?
[19:14:18] <실리 (sillyfufu)> 룩 하
[19:14:24] <유영민 (typhoon001)> 사람이 할짓인가 ㄹㅇ
[19:16:35] <sodiit> 룩요일임
[19:30:31] <%누르깅 (dud4562)> 뭐해
[19:31:03] <%누르깅 (dud4562)> 룩요일 하나는 완벽하게 지키는 그원숭이
[19:31:21] <%누르깅 (dud4562)> looksamSad looksamSad looksamSad looksamSad
[19:40:00] <그럴기분아니야손빼 (listen2me)> 오뱅없?
[19:51:10] <dogsell2> 혹시 어제쉬었다고 오늘 킨다거나 하진않겠죠?
[19:57:10] <얍얍1030 (housingg)> 오방있?
[20:19:03] <%$누조먹 (nujomuck)> 룩삼 보고싶다
[20:19:16] <%$누조먹 (nujomuck)> 마성의 남자...
[20:19:24] <%$누조먹 (nujomuck)> 룩요일은 무조건 지키는남자...
[20:19:28] <%$누조먹 (nujomuck)> 씹새끼...
[20:19:32] <%$누조먹 (nujomuck)> looksamSad
[20:46:56] <서미나 (seomina3)> 이새끼 오늘 휴방인가요?
[20:47:00] <서미나 (seomina3)> 어제 트파간다고 쉬지 않았나?
[20:47:05] <서미나 (seomina3)> 뭐지????
[20:52:10] <싸미는말골 (tydec24)> 룩요일이라 쉬는거지뭐
[22:33:55] <$공업중 (etiar)> 오빠 언제오는거야.. 보고싶다구..
[23:06:44] <아리수3 (ilobebenbrode)> 오이오이 룩삼쿤
[23:07:50] <프레디_머큐리 (doowu08)> 원래 룩삼 언제켜
