# Log started: 2018-12-26 00:00:03 +0900
[00:00:03] <대단해 (daedanhea)> 수고염
[00:00:05] <@%룩성룩성룩성 (hail_looksam)> 채티로 채팅하는중이니깐
[00:00:15] <룩삼너혹시 (sjsj96s)> 룩성이
[00:00:34] <ㅁㄴㅇㅁㅇㄴㅁㅇ (p777777)> 얍얍이켰다 ㄱㄱ
[00:00:35] <후드마스크 (malzin2)> ㅇㄱㅇ
[00:00:43] <성감태자 (idkims2013)> 얍얍으로 ㄱㄱ
[04:11:49] <사랑에미친남자조강현1 (qq746)> !팔로우
[17:49:04] <는븝를 (lbh5782)> <3
[17:55:02] <hy9735> 룩
[17:55:03] <25년차프로트수 (hyukhai)> 주인장 이방 언제엽니까
[17:55:06] <hy9735> 3
[17:55:11] <hy9735> 7시
[17:55:24] <25년차프로트수 (hyukhai)> 거 일찍왔는데 물이나한잔주쇼
[18:22:53] <hy9735> 룩
[18:38:01] <땡글 (jonghyuk26)> 오늘 오죠?
[18:39:19] <$공업중 (etiar)> ㅔ
[18:50:38] <슬각 (lamaaaaant)> 오뱅없?
[18:52:26] <%$얼라링 (kdg9395)> ㅎㅇㅎㅇ
[18:52:55] <BMO123123> 3분 숨참기 도전
[18:53:26] <%$얼라링 (kdg9395)> 룩하 ~
[18:54:40] <hyunji625> ㅎㅇㅎㅇ
[18:55:02] <%$쌈님힘내세요 (parkdong1256)> 룩하~
[18:55:29] <%$얼라링 (kdg9395)> 루카 ~
[18:55:33] <rnwhdan> 오늘 룩요일로 한다고 하지 않음?
[18:55:35] <pty2388> 공방에는 안나오는거죠?
[18:55:37] <%$쌈님힘내세요 (parkdong1256)> looksamAh
[18:55:40] <rnwhdan> 트게더에 그렇게 쓰고 갓던데
[18:55:46] <%$쌈님힘내세요 (parkdong1256)> 오늘 공방있음?
[18:55:52] <rnwhdan> ㄴㄴ오늘 없음
[18:55:57] <%$얼라링 (kdg9395)> 실화?
[18:56:02] <조광조후손조강현 (pjn0138)> 오늘 안옴?
[18:56:03] <rnwhdan> 룩게더 가보셈
[18:56:14] <%$쌈님힘내세요 (parkdong1256)> 지각하네
[18:56:21] <%$쌈님힘내세요 (parkdong1256)> 또또 지각이야
[18:56:25] <rnwhdan> 오늘 컨디션 안좋다고
[18:56:28] <rnwhdan> 안온다함
[18:56:29] <$공업중 (etiar)> 오늘 룩요일이네요
[18:56:34] <rnwhdan> 임시룩요일임
[18:56:38] <땡글 (jonghyuk26)> 룩요일?
[18:56:38] <아니여기서그걸 (tmdxoqudtls)> ㅠㅠ
[18:56:38] <$공업중 (etiar)> 근데 게임썰은 어디서하는거얌
[18:56:43] <땡글 (jonghyuk26)> ㄹㅇ?
[18:56:43] <조광조후손조강현 (pjn0138)> 내일은 오겠지
[18:56:44] <rnwhdan> ㅁㄹ
[18:57:13] <땡글 (jonghyuk26)> 수칸이형 존버해야하나
[18:57:15] <%$쌈님힘내세요 (parkdong1256)> ㅋㅋㅋㅋㅋㅋㅋㅋㅋㅋㅋㅋ
[18:57:24] <%$쌈님힘내세요 (parkdong1256)> 룩요일 오늘로 바꾼다는데?
[18:57:28] <%$쌈님힘내세요 (parkdong1256)> 이거 시롸야?
[18:57:35] <땡글 (jonghyuk26)> 공지 빠르게도 해준다
[18:57:38] <땡글 (jonghyuk26)> ㅂㄷㅂㄷ
[18:58:02] <$공업중 (etiar)> 오늘 새벽 4시에 공지하긴 했네 ㅎㅎ
[18:58:22] <시골의수박서리꾼조강현 (kse_1224)> 엌ㅋㅋㅋㅋㅋㅋㅋㅋㅋㅋㅋㅋㅋ진짜네
[18:58:24] <시골의수박서리꾼조강현 (kse_1224)> 슈발
[18:58:25] <BMO123123> 룩요일이었네 인생
[18:58:44] <%$얼라링 (kdg9395)> 워 슈발 ..
[18:58:56] <reCAPTCHAr> 뭐야 룩요일이었어?
[18:59:00] <$공업중 (etiar)> 얍요일에다 룩요일에다.. 동숙코인 존버간다
[18:59:03] <%$쌈님힘내세요 (parkdong1256)> 진짜 어이가없어
[18:59:13] <rhkdrh123> 아니와은유ㅏ룩함
[18:59:20] <rhkdrh123> 룩삼배불렀네
[18:59:21] <%$쌈님힘내세요 (parkdong1256)> 공지하나 띡 올리고 방송안키다니
[18:59:32] <$룩빡이는겨마갤주 (2000pkm3)> 방송켜
[18:59:36] <$룩빡이는겨마갤주 (2000pkm3)> 룩.삼.방.송.켜
[18:59:47] <%$쌈님힘내세요 (parkdong1256)> 앞으로 룩요일할거면 10분동안 도게자 방송해라
[18:59:53] <땡글 (jonghyuk26)> 아 미리 공지햇네 ㅎㅎ
[18:59:59] <땡글 (jonghyuk26)> 새벽 4시에 ㅎㅎ
[19:00:04] <땡글 (jonghyuk26)> 수칸이형 존버
[19:01:23] <덴드 (do0203)> 미디어 뮤즈에 나오시나
[19:04:03] <약약약약약 (lakeston3)> 거 쉴수도있지 사람이... 근데 룩 우 스는 사람이 아닌걸 ?
[19:05:35] <chanoooofff> 오뱅있?
[19:06:54] <ram8926> 오늘노방송?
[19:07:54] <슈빔 (kjyshy1)> 오뱅없?
[19:08:23] <chanoooofff> 뱅있?
[19:09:14] <19학번ㅎㅎ (cnsfhr12)> 룩삼
[19:09:15] <19학번ㅎㅎ (cnsfhr12)> ?
[19:09:22] <19학번ㅎㅎ (cnsfhr12)> 룩삼 어디갔어여
[19:09:27] <덴드 (do0203)> 오늘 쉬심
[19:09:35] <19학번ㅎㅎ (cnsfhr12)> 헝
[19:09:37] <19학번ㅎㅎ (cnsfhr12)> ㅠㅠ
[19:09:40] <덴드 (do0203)> 내일거 당겨서 쉬신다는데요
[19:09:51] <chanoooofff> 룩요일에 방송해요?
[19:10:16] <덴드 (do0203)> 공지에선 오늘쉬고 내일한다고해요
[19:14:11] <는븝를 (lbh5782)> BabyRage
[19:14:19] <김귀중입니다 (rnlwnd0987)> 미뮤가
[19:14:21] <김귀중입니다 (rnlwnd0987)> 누구에요
[19:14:24] <김귀중입니다 (rnlwnd0987)> 미뮤방송에 나온다는데
[19:14:44] <ram8926> 그니까여 ㅠㅠ
[19:14:56] <ram8926> 미디어뮤즈인가
[19:15:40] <ram8926> 미디어 뮤즈에서 방송하시는거임오늘?>
[19:29:38] <$basd335> 오늘 휴방임??
[19:30:35] <스윙스 (zidk1512)> 방송켜라룩삼
[19:32:01] <아니도대체왜 (kgt6863)> ㅇㅇ
[19:32:06] <아니도대체왜 (kgt6863)> 룩요일 땡겨씀
[19:34:15] <잠시만멈추자 (slowsummer)> ㅠ
[19:34:26] <잠시만멈추자 (slowsummer)> 볼 방송이 읍따 진효야..
[19:40:34] <조아현수조아 (younha998)> 오뱅없?
[19:53:11] <필러조 (lee90070)> 오뱅없?
[20:14:26] <인간언저리얍얍 (yapyap_potato)> 아 현기증나.....
[20:15:55] <맞고 (gostop91)> 룩삼 미디어뮤즈 출연중
[20:15:59] <맞고 (gostop91)> 미디어뮤즈로 ㄱㄱ
[21:30:31] <한_뉘 (hannwi0926)> 오뱅없?
[21:42:09] <%+젠벅이 (ck4bum)> 룩삼
[21:42:11] <%+젠벅이 (ck4bum)> 오늘 왜안옴?
[21:49:58] <hyeonsu123> ?오늘 방송없음?
