# Log started: 2018-12-13 00:20:05 +0900
[00:20:05] <서미나 (seomina3)> cheer1 #charity
[00:30:50] <%$않이무해 (anhimuhae)> charity1 charity1 charity1 charity1 charity1 #charity
[01:02:49] <$김룩삼 (jh7291)> 똑똑
[01:03:10] <$김룩삼 (jh7291)> charity1 아무도없나요 #charity
[01:03:15] <김룩삼 (jh7291)> ㅇㅇ
[01:19:41] <11v_o11> #charity
[01:21:58] <11v_o11> #charity
[01:22:15] <$11v_o11> charity1 #charity
[01:25:02] <$대지고리회선견자 (pc0503)> cheer1
[01:41:32] <$곰바 (ihateit0908)> cheer1 #charity
[01:52:54] <$퓨루 (pu_rr0002)> charity1 #charity
[01:53:03] <룩삼이너무좋아 (lovelylooksam)> ㅎㅇ
[01:53:14] <sodiit> 모야 어케해야댐 ㅠㅠ
[01:53:22] <sodiit> 광고가 안봐져요...
[02:07:23] <%$살사스 (salsas00)> cheer1
[02:18:50] <비밤_ (poiiu)> #charity
[02:20:08] <$비밤_ (poiiu)> charity1 #charity
[02:36:49] <김기리 (hathor888)> 룩삼
[02:36:52] <김기리 (hathor888)> 왜 방송 은해
[05:11:25] <$성태야허리펴고목뒤로빼라 (ho9evol)> charity1 #charity
[06:50:40] <$섭심 (aa30227)> cheer1
[06:50:52] <$섭심 (aa30227)> #charity cheer1
[06:51:01] <섭심 (aa30227)> 엌
[06:51:34] <섭심 (aa30227)> #charity
[06:51:40] <섭심 (aa30227)> cheer1
[08:11:57] <룩삼이랑연애중 (xodnjs5592)> #charity
[08:12:07] <$룩삼이랑연애중 (xodnjs5592)> #charity cheer1
[08:12:11] <$룩삼이랑연애중 (xodnjs5592)> 하잉
[09:23:30] <$zagirinawa> charity1 #charity
[09:24:03] <$zagirinawa> 1
[09:27:50] <$zagirinawa> 1
[10:25:14] <%$칠칠맞은칠리 (skin512)> charity100 #charity
[10:27:01] <%칠칠맞은칠리 (skin512)> 아아
[10:41:01] <구와아아앜 (hbj8002)> Cheer1ㅎㅇㅎㅇ #charity
[11:32:41] <오이시렁 (jike0716)> 아아
[11:32:49] <오이시렁 (jike0716)> #charity
[13:23:00] <$nine1train> cheer1 #charity
[13:23:04] <$nine1train> ㅎ
[13:55:19] <반짝콩 (mightybeenflash)> j
[14:00:22] <윾시 (dltmwns9)> ㅏㅏ
[14:33:01] <%$긩묘 (kwingmyo)> cheer1
[14:35:43] <%$긩묘 (kwingmyo)> #charity
[14:36:01] <%$긩묘 (kwingmyo)> #charity cheer1
[14:51:13] <$과몰입함 (csichoi)> charity1 #charity
[16:06:42] <승우다 (vpdrnls1225)> ㅋㅋㅋ
[16:42:37] <$pw0933> charity1 #charity
[16:43:34] <$봉천동670_8_202호 (bongchundong_670_8_202ho)> #charity cheer1 아아 비트테스트
[16:44:46] <봉천동670_8_202호 (bongchundong_670_8_202ho)> ㅁㄴㅇㄹ
[16:45:30] <$봉천동670_8_202호 (bongchundong_670_8_202ho)> ㅁㄴㅇㄹ
[16:52:07] <$六月十八日 (87mm_)> cheer1 #charity
[17:15:05] <푸루딩딩 (riasist)> Charity1#charity
[17:15:17] <$푸루딩딩 (riasist)> charity1 #charity
[17:17:48] <$지리산반달곰탕집 (wlfltksrhaxkd)> charity1 #charity
[17:28:55] <%시공굿 (aaqa3220)> 어~ 드로우를 그렇게 많이하면~
[17:40:59] <펭귄먼 (pso5008)> 오뱅있?
[17:41:57] <minas500> 없
[17:44:11] <%$얼라링 (kdg9395)> 없
[17:44:14] <%$얼라링 (kdg9395)> 없!!!!!!
[17:57:14] <goodchu> 룩삼 방송켜라~
[17:59:29] <$hhhh1019> charity1 #charity
[18:11:20] <sodiit> 비트광고 왜안봐짐 ㅠㅠ
[18:31:32] <$인하대얍얍성애자 (ascmine)> cheer1
[18:31:39] <$인하대얍얍성애자 (ascmine)> #charity
[18:32:37] <$인하대얍얍성애자 (ascmine)> charity1 #charity
[18:32:43] <$인하대얍얍성애자 (ascmine)> 앙
[18:32:52] <$인하대얍얍성애자 (ascmine)> 왜난안줘
[18:33:01] <%룩아지 (looksam_gombo_joa)> looksamSad
[18:50:40] <$화난포도 (ammin1301)> charity1 #Charity
[18:50:45] <$화난포도 (ammin1301)> sjjs
[18:51:46] <$화난포도 (ammin1301)> charity1 #charity
[18:51:49] <$화난포도 (ammin1301)> shshsh
[18:53:45] <sodiit> 그거 어케하는거임?
[19:13:14] <화난포도 (ammin1301)> 룩삼좋아
[19:14:26] <%+룩쌈좋아 (pol0103)> ?
[19:14:50] <%+룩쌈좋아 (pol0103)> #charity
[19:15:14] <hyeonsu123> 오늘 휴방인가요?
[19:20:17] <%시공굿 (aaqa3220)> ㅖ
[19:22:20] <아오남 (sheep992)> 오늘 방송하지않나염?
[19:36:14] <무지_ (sk30101234)> 아~그렇게 드로우를 많이하면~
[20:22:47] <%$살사스 (salsas00)> charity1 #charity
[20:22:56] <%$살사스 (salsas00)> 아
[20:23:24] <%$살사스 (salsas00)> charity1 charity1 charity1 charity1 #charity
[20:25:54] <+klas1124> 오뱅없??
[20:30:45] <$하늘빛한모금 (jehuk27)> charity1 #charity
[20:48:37] <zx50447> ㅎㅇ
[20:49:41] <sodiit> #charity
[20:56:52] <$포스트읻 (prio20)> charity1 #charity
[21:30:38] <$드래곤에프 (gmleks)> #charity
[21:34:22] <$드래곤에프 (gmleks)> #charity
[21:36:05] <$드래곤에프 (gmleks)> cheer1 #charity
[21:36:25] <$드래곤에프 (gmleks)> Cheer1#charity
[21:40:42] <드래곤에프 (gmleks)> 아아
[21:42:44] <드래곤에프 (gmleks)> ㅇㅇ
[22:19:37] <%밥마이 (hyunsoo0423)> #charity
[22:21:14] <%$밥마이 (hyunsoo0423)> charity1 #charity
[22:21:19] <%$밥마이 (hyunsoo0423)> 11
[22:27:40] <실리 (sillyfufu)> ?
[22:28:35] <실리 (sillyfufu)> 어~ 그렇게 드로우를 많이하면
[22:43:30] <$전규원 (thfdkdla23)> cheer1 #charity
[22:44:11] <$전규원 (thfdkdla23)> #charity
[23:23:20] <호언잉 (hounnim)> 얘왜또안옴
