# Log started: 2019-01-07 09:27:16 +0900
[2019-01-07 09:27:16] <%구일_ (trillionist1002)> ymwFlurrybbbii ymwFlurrybring
[2019-01-07 09:46:58] <혜성이되어 (luvyoun00)> 플러리님 언제와여
[2019-01-07 09:48:26] <%구일_ (trillionist1002)> ymwFlurry1 ymwFlurrybring
[2019-01-07 09:54:26] <%jiworm> ymwFlurryDDsDDs
[2019-01-07 09:58:26] <%구일_ (trillionist1002)> ymwFlurryDDsDDs ymwFlurryDDsDDs
[2019-01-07 09:58:37] <$슈랭 (lem0920)> ㄸㅅㄸㅅ
[2019-01-07 09:58:59] <%구일_ (trillionist1002)> 트게더에 휴방공지 올라왔네요 ㄱㄱ
[2019-01-07 09:58:59] <$지나가는행인1 (ksh860)> 방송언제키나~~~
[2019-01-07 09:59:14] <$지나가는행인1 (ksh860)> 에반데
[2019-01-07 09:59:16] <$지나가는행인1 (ksh860)> ㅜㅜㅜㅜ
[2019-01-07 10:00:04] <%BGMstory> ymwFlurryKart ymwFlurryKart ymwFlurryKart ymwFlurryKart ymwFlurryKart
[2019-01-07 10:00:06] <혜성이되어 (luvyoun00)> 언제오나
[2019-01-07 10:00:49] <%jiworm> ymwFlurryC9 ymwFlurryParah
[2019-01-07 10:01:04] <%HARIBO_HS> ymwFlurryDDsDDs ymwFlurryDDsDDs
[2019-01-07 10:01:05] <%jiworm> 어제 대학 뭐시기 늦게끝났나여?
[2019-01-07 10:01:53] <%Cygnusgarden> 흐으으으으으으읍
[2019-01-07 10:02:30] <혜성이되어 (luvyoun00)> 으아 휴방이라니 ㅠㅠ
[2019-01-07 10:02:31] <%구일_ (trillionist1002)> 트게더에 휴방이래여
[2019-01-07 10:02:37] <%구일_ (trillionist1002)> 맙 소 솨
[2019-01-07 10:03:15] <%Cygnusgarden> 트게더를 미리안본 불찰이군
[2019-01-07 10:07:40] <%무쌈바니 (dyd1001330)> ymwFlurry2 ymwFlurrybring ymwFlurry2 ymwFlurrybring
[2019-01-07 10:07:47] <%무쌈바니 (dyd1001330)> ymwFlurry1 ymwFlurrybring ymwFlurryParah ymwFlurrybring ymwFlurry2 ymwFlurrybring ymwFlurrybbbii ymwFlurrybring ymwFlurrybring ymwFlurrySoasoa ymwFlurrybring
[2019-01-07 10:15:48] <헤걸 (iyg1301)> ??
[2019-01-07 14:38:28] <%판령 (vksfud)> ymwFlurrySososo ymwFlurrySoasoa 그립읍니다
[2019-01-07 16:04:47] <상숑 (thdtjdgnl)> 은제오냐
[2019-01-07 16:44:28] Warning: Server not responding
[2019-01-07 16:46:41] Warning: Server not responding
[2019-01-07 16:48:11] Warning: Server not responding
[2019-01-07 16:49:54] 연결 해제
[2019-01-07 16:49:54] Attempting to reconnect in 1 seconds.. (1/40)
[2019-01-07 16:49:55] 접속 시도 중: irc.chat.twitch.tv:6697 (안전함)
[2019-01-07 16:52:31] 연결 해제
[2019-01-07 16:52:31] Attempting to reconnect in 5 seconds.. (2/40)
[2019-01-07 16:52:36] 접속 시도 중: irc.chat.twitch.tv:6667
[2019-01-07 16:52:46] 연결 해제
[2019-01-07 16:52:46] Attempting to reconnect in 5 seconds.. (3/40)
[2019-01-07 16:52:51] 접속 시도 중: irc.chat.twitch.tv:443 (안전함)
[2019-01-07 16:53:24] 연결 해제
[2019-01-07 16:53:24] Attempting to reconnect in 10 seconds.. (4/40)
[2019-01-07 16:53:34] 접속 시도 중: irc.chat.twitch.tv:80
[2019-01-07 16:53:36] #flurry1989 채널 입장 중입니다
[2019-01-07 16:53:37] #flurry1989 채널에 입장했습니다
[2019-01-07 16:56:13] Warning: Server not responding
[2019-01-07 16:57:27] Warning: Server not responding
[2019-01-07 16:59:45] Warning: Server not responding
[2019-01-07 17:01:01] Warning: Server not responding
[2019-01-07 17:10:03] Warning: Server not responding
[2019-01-07 17:12:49] 연결 해제
[2019-01-07 17:12:49] Attempting to reconnect in 1 seconds.. (1/40)
[2019-01-07 17:13:01] 접속 시도 중: irc.chat.twitch.tv:-1
[2019-01-07 17:13:01] 연결 해제
[2019-01-07 17:13:01] Attempting to reconnect in 5 seconds.. (2/40)
[2019-01-07 17:13:06] 접속 시도 중: irc.chat.twitch.tv:-1
[2019-01-07 17:13:06] 연결 해제
[2019-01-07 17:13:06] Attempting to reconnect in 5 seconds.. (3/40)
[2019-01-07 17:13:11] 접속 시도 중: irc.chat.twitch.tv:-1
[2019-01-07 17:13:11] 연결 해제
[2019-01-07 17:13:11] Attempting to reconnect in 10 seconds.. (4/40)
[2019-01-07 17:13:24] 접속 시도 중: irc.chat.twitch.tv:6697 (안전함)
[2019-01-07 17:13:48] #flurry1989 채널 입장 중입니다
[2019-01-07 17:13:49] #flurry1989 채널에 입장했습니다
[2019-01-07 17:23:55] Warning: Server not responding
[2019-01-07 17:24:06] 연결 해제
[2019-01-07 17:24:06] Attempting to reconnect in 1 seconds.. (1/40)
[2019-01-07 17:24:07] 접속 시도 중: irc.chat.twitch.tv:6697 (안전함)
[2019-01-07 17:24:17] 연결 해제
[2019-01-07 17:24:17] Attempting to reconnect in 5 seconds.. (2/40)
[2019-01-07 17:24:22] 접속 시도 중: irc.chat.twitch.tv:6667
[2019-01-07 17:24:32] 연결 해제
[2019-01-07 17:24:32] Attempting to reconnect in 5 seconds.. (3/40)
[2019-01-07 17:24:37] 접속 시도 중: irc.chat.twitch.tv:443 (안전함)
[2019-01-07 17:27:19] 연결 해제
[2019-01-07 17:27:19] Attempting to reconnect in 10 seconds.. (4/40)
[2019-01-07 17:27:29] 접속 시도 중: irc.chat.twitch.tv:6697 (안전함)
[2019-01-07 17:27:39] 연결 해제
[2019-01-07 17:27:39] Attempting to reconnect in 10 seconds.. (5/40)
[2019-01-07 17:27:49] 접속 시도 중: irc.chat.twitch.tv:6667
[2019-01-07 17:27:59] 연결 해제
[2019-01-07 17:27:59] Attempting to reconnect in 60 seconds.. (6/40)
[2019-01-07 17:28:59] 접속 시도 중: irc.chat.twitch.tv:80
[2019-01-07 17:29:00] #flurry1989 채널 입장 중입니다
[2019-01-07 17:29:00] #flurry1989 채널에 입장했습니다
