# Log started: 2019-01-04 20:36:10 +0900
[2019-01-04 20:36:10] <onad6309> 안녕하세요
[2019-01-04 20:37:10] <onad6309> 안녕하세요
# Log closed: 2019-01-04 20:40:41 +0900
-
# Log started: 2019-01-04 21:10:49 +0900
[2019-01-04 21:10:49] <onad6309> 안녕하세요
[2019-01-04 21:11:05] VIEWERS: 0
[2019-01-04 21:11:16] <~oxquizzz> gdg
[2019-01-04 21:11:20] <~oxquizzz> ㅎㅇㅎㅇ
[2019-01-04 21:11:23] <~oxquizzz> ㅎㅇㅎㅇㅎㅇㅎ
[2019-01-04 21:11:25] <~oxquizzz> ㅋㅋㅋㅋ
[2019-01-04 21:11:29] <~oxquizzz> ㅋㅋㅋㅋㅋ
[2019-01-04 21:11:49] <사똘사똘머니 (dkdkqwer)> hwasu
[2019-01-04 21:12:02] <사똘사똘머니 (dkdkqwer)> I need start point
[2019-01-04 21:13:05] VIEWERS: 1
[2019-01-04 21:14:45] <사똘사똘머니 (dkdkqwer)> stream online
[2019-01-04 21:15:06] VIEWERS: 0
[2019-01-04 21:17:06] VIEWERS: 2
[2019-01-04 21:18:04] <사똘사똘머니 (dkdkqwer)> dsd
# Log closed: 2019-01-04 21:18:22 +0900
-
# Log started: 2019-01-04 21:18:29 +0900
[2019-01-04 21:18:29] #oxquizzz 채널 입장 중입니다
[2019-01-04 21:18:29] #oxquizzz 채널에 입장했습니다
[2019-01-04 21:18:30] ~ㅁㄴㅇ~
[2019-01-04 21:18:30] VIEWERS: 2
[2019-01-04 21:18:31] VIEWERS: 2
[2019-01-04 21:20:33] VIEWERS: 2
[2019-01-04 21:20:33] ~test~
[2019-01-04 21:22:33] VIEWERS: 2
[2019-01-04 21:24:10] JOIN: Oxquizzz, Dkdkqwer
[2019-01-04 21:24:33] VIEWERS: 0
[2019-01-04 21:24:45] <~oxquizzz> 나가라
[2019-01-04 21:24:46] <~oxquizzz> ㅡㅡ
[2019-01-04 21:24:50] <~oxquizzz> 봇은 ***
[2019-01-04 21:24:58] <~oxquizzz> 봇은 꺼1져
[2019-01-04 21:25:05] Viewerstats (21:18-21:24): avg:1 min:0 max:2 [5/2+0+0+0-2]
# Log closed: 2019-01-04 21:25:05 +0900
-
# Log started: 2019-01-04 21:25:15 +0900
[2019-01-04 21:25:15] #oxquizzz 채널 입장 중입니다
[2019-01-04 21:25:15] #oxquizzz 채널에 입장했습니다
[2019-01-04 21:25:16] VIEWERS: 2
[2019-01-04 21:25:16] ~test~
[2019-01-04 21:25:16] VIEWERS: 2
[2019-01-04 21:25:30] <사똘사똘머니 (dkdkqwer)> 55
[2019-01-04 21:27:18] VIEWERS: 2
[2019-01-04 21:29:18] VIEWERS: 0
[2019-01-04 21:31:18] VIEWERS: 2
[2019-01-04 21:31:20] <사똘사똘머니 (dkdkqwer)> 5282
[2019-01-04 21:31:54] VIEWERS: 2
[2019-01-04 21:33:19] VIEWERS: 2
[2019-01-04 21:33:23] <사똘사똘머니 (dkdkqwer)> 고투
[2019-01-04 21:33:42] JOIN: Oxquizzz, Commanderroot, Activeenergy, dkdkqwer
[2019-01-04 21:33:42] MOD: Oxquizzz
[2019-01-04 21:35:07] Checking for new version..
[2019-01-04 21:35:14] VIEWERS: 0
[2019-01-04 21:35:19] VIEWERS: 0
[2019-01-04 21:37:19] VIEWERS: 0
[2019-01-04 21:38:34] VIEWERS: 0
[2019-01-04 21:39:19] VIEWERS: 0
[2019-01-04 21:39:59] ~Stream offline~
[2019-01-04 21:40:20] <사똘사똘머니 (dkdkqwer)> 12
[2019-01-04 21:42:25] PART: Oxquizzz
[2019-01-04 21:42:25] UNMOD: Oxquizzz
[2019-01-04 21:44:08] <~oxquizzz> asdsad
[2019-01-04 21:45:13] <사똘사똘머니 (dkdkqwer)> kk
[2019-01-04 21:45:15] ~test~
[2019-01-04 21:45:55] <사똘사똘머니 (dkdkqwer)> 445
[2019-01-04 21:46:17] <onad6309> tprtm
[2019-01-04 21:46:34] <~oxquizzz> onad님 봇인가요?
[2019-01-04 21:46:36] <onad6309> secsecbo
[2019-01-04 21:46:41] <~oxquizzz> 아봉
[2019-01-04 21:46:42] <~oxquizzz> 먹이겠습니다
[2019-01-04 21:46:57] JOIN: oxquizzz, P0sitivitybot
[2019-01-04 21:47:24] BAN: onad6309 (600s)
[2019-01-04 21:51:26] JOIN: Stockholm_sweden
[2019-01-04 21:54:00] ~Stream offline~
[2019-01-04 21:55:52] PART: Stockholm_sweden, Activeenergy
[2019-01-04 22:00:09] PART: Commanderroot
[2019-01-04 22:04:31] JOIN: Commanderroot
[2019-01-04 22:17:55] PART: dkdkqwer
[2019-01-04 22:22:23] PART: oxquizzz
# Log closed: 2019-01-04 22:52:34 +0900
-
