# Log started: 2019-01-02 00:15:34 +0900
[2019-01-02 00:15:34] <주민이형 (rlawnsrn901)> knsTL knsM knsTR
[2019-01-02 00:19:50] <차치 (jinu0811)> BloodTrail BloodTrail BloodTrail BloodTrail BloodTrail
[2019-01-02 00:29:00] <%24계절 (estacionales)> kimdoeHM1 kimdoeHM2 kimdoeHM1
[2019-01-02 00:35:17] <너북이 (kck1614)> BibleThump
[2019-01-02 00:56:37] <kimrkjjang> BloodTrail BloodTrail
[2019-01-02 01:12:25] <5DKsdev> BloodTrail BloodTrail BloodTrail BloodTrail BloodTrail
[2019-01-02 02:24:39] <%파린 (heloit13)> kimdoeHM1 kimdoeHM2 kimdoeHM1
[2019-01-02 02:38:20] <%gmldnd4724> kimdoeWO kimdoeHM1 kimdoeHM2 kimdoeHM1 kimdoeMS
[2019-01-02 08:03:37] <토로니 (khc0413)> MorphinTime
[2019-01-02 08:09:03] <%루체르나 (lucerna13)> kimdoeHM1 kimdoeHM2 kimdoeHM1
[2019-01-02 08:09:27] <%레몬탕 (lmt3883)> kimdoeHM1
[2019-01-02 08:14:15] <토로니 (khc0413)> DansGame DansGame
[2019-01-02 10:50:05] <%짭코더 (zzapcoder)> kimdoeHM1 kimdoeHM2 kimdoeHM1
[2019-01-02 11:17:06] <%김도의모근은내가가져간다 (wkdgusdud0331)> kimdoeTAAK kimdoeTAAK kimdoeHM1
[2019-01-02 11:19:46] <%+심시마다 (qood63)> kimdoeHM1 kimdoeHM1 kimdoeHM1 kimdoeHM1 kimdoeHM1 kimdoeHM1 kimdoeZRN
[2019-01-02 11:27:46] <%짭코더 (zzapcoder)> kimdoeHM1
[2019-01-02 11:27:54] <%짭코더 (zzapcoder)> kimdoeGN kimdoeHM1
[2019-01-02 11:28:01] <%짭코더 (zzapcoder)> kimdoeWA kimdoeWO
[2019-01-02 11:45:24] <%근꽁 (gksehddus12)> kimdoeYB kimdoeHM1
[2019-01-02 11:45:34] <%근꽁 (gksehddus12)> kimdoeGN kimdoeHM1
[2019-01-02 11:55:14] <%근꽁 (gksehddus12)> kimdoeZRN kimdoeHM1
[2019-01-02 11:58:28] <%왕구_ (wkyooou1)> kimdoeMS kimdoeMS kimdoeMS kimdoeMS kimdoeMS
[2019-01-02 11:58:46] <%두피소년단 (acidcloud07)> kimdoeHM1 kimdoeHM2 kimdoeHM1
[2019-01-02 12:00:24] <@^Nightbot> !!마인크래프트 김도랜드 서버 규칙!! 1. 남의 건물이나 물건, 상자 등을 허락 없이 건드리지 말아주세요(어차피 테러행위는 코어프로텍트로 적발해서 밴할 예정입니다) 2. 건물을 지을때 다른 건물에 너무 붙여 짓지 마시고 널찍하게 간격을 두고 지어 주세요 3. 남을 귀찮게 하거나 괴롭히는 행위는 밴합니다. (악의적인 함정을 만들어 죽게 만드는 등) 4. 당연한 이야기지만 핵이나 불법행위 역시 밴입니다.5. 다른버전무새 (최신버전으로 바꿔주세요) 밴 6. 과도한 친목질이나 배척 역시 밴 7. 문제가 되는 아이디나 스킨 밴 (제가 판단)
[2019-01-02 12:05:17] <%근꽁 (gksehddus12)> kimdoeBT kimdoeBT
[2019-01-02 12:09:50] <%짭코더 (zzapcoder)> kimdoeIBR kimdoeYB kimdoeHM1 kimdoeYB kimdoeGN kimdoeHM1
[2019-01-02 12:23:57] <%근꽁 (gksehddus12)> kimdoeIBR kimdoeWO kimdoeHM1
[2019-01-02 12:28:39] <%두피소년단 (acidcloud07)> kimdoeIBR kimdoeHK kimdoeHM1
[2019-01-02 12:31:15] <%근꽁 (gksehddus12)> kimdoeIBR kimdoeHK kimdoeGN kimdoeHM1
[2019-01-02 12:35:42] <%윈터베른 (anytime7375)> kimdoeHM1 kimdoeHM2 kimdoeHM1
[2019-01-02 12:45:44] <%근꽁 (gksehddus12)> kimdoeIBR kimdoeHK kimdoeHM1 kimdoeGN
[2019-01-02 12:59:41] <%두피소년단 (acidcloud07)> kimdoeIBR kimdoeHK kimdoeHM1 kimdoeYB kimdoeGN kimdoeZRN kimdoeHM1
[2019-01-02 13:02:52] <%sunsh8832> kimdoeBC1 kimdoeHM1 kimdoeHM2 kimdoeHM1 kimdoeBC2
[2019-01-02 13:08:41] <%rokmnd> kimdoeWA kimdoeWO
[2019-01-02 13:09:19] <%환불사유 (breadfish1)> kimdoeWO kimdoeTAAK kimdoeHM1
[2019-01-02 13:10:04] <%회사노예 (jnu1212)> kimdoeHM1 kimdoeHM2 kimdoeHM1
[2019-01-02 13:18:28] <%회드시면대게서비스 (zalgawhis)> kimdoeHM1 kimdoeHM2 kimdoeHM1 kimdoeHM1 kimdoeHM2 kimdoeHM1
[2019-01-02 13:44:06] <%환성현 (powercvdf)> kimdoeHM1 kimdoeIBR kimdoeHM1
[2019-01-02 13:44:18] <%까냥 (wnenf904)> kimdoeHM1 kimdoeHM1
[2019-01-02 13:44:23] <%까냥 (wnenf904)> kimdoeMS kimdoeHM1 kimdoeHM1
[2019-01-02 13:46:02] <%똑똑한비둘기 (toskanina)> kimdoeMS kimdoeHM1 kimdoeHM1
[2019-01-02 13:46:10] <%환성현 (powercvdf)> kimdoeMS kimdoeHM1 kimdoeHM1
[2019-01-02 13:46:23] <%짭코더 (zzapcoder)> kimdoeYB kimdoeGN kimdoeHM1
[2019-01-02 13:48:03] <%펀크리트 (funcrete)> kimdoeYB kimdoeHM1
[2019-01-02 13:52:26] <%까냥 (wnenf904)> kimdoeZRN kimdoeHM1
[2019-01-02 13:52:40] <%까냥 (wnenf904)> kimdoeDDAK kimdoeDDAK kimdoeHM1
[2019-01-02 13:52:42] <%까냥 (wnenf904)> kimdoeSVV
[2019-01-02 13:53:39] <%짭코더 (zzapcoder)> kimdoeTAAK kimdoeTAAK kimdoeHM1
[2019-01-02 13:53:47] <%짭코더 (zzapcoder)> kimdoeHK kimdoeHM1 kimdoeHM2 kimdoeHM1
[2019-01-02 13:54:01] <%짭코더 (zzapcoder)> kimdoeDDAK kimdoeDDAK kimdoeHM1
[2019-01-02 13:54:08] <@지씨소프트 (wltlthvmxm)> 사람들 아직도
[2019-01-02 13:54:10] <%짭코더 (zzapcoder)> kimdoeIBR kimdoeYB kimdoeGN kimdoeHM1
[2019-01-02 13:54:12] <@지씨소프트 (wltlthvmxm)> 이러시네
[2019-01-02 13:54:17] <@지씨소프트 (wltlthvmxm)> ㅋㅋㅋㅋㅋㅋㅋㅋㅋㅋㅋㅋㅋㅋㅋㅋㅋㅋㅋ
[2019-01-02 13:54:19] <%까냥 (wnenf904)> kimdoeFF kimdoeTAAK kimdoeTAAK kimdoeTAAK
[2019-01-02 13:54:29] <%짭코더 (zzapcoder)> kimdoeBC1 kimdoeHM1 kimdoeBC2
[2019-01-02 13:54:29] <바나낭맛우유 (binguereng)> thiemotecoTT7 thiemotecoTT7 thiemotecoTT7 thiemotecoTT7 thiemotecoTT7
[2019-01-02 13:54:31] <%까냥 (wnenf904)> kimdoeYS kimdoeHM1 kimdoeHM2 kimdoeHM1
[2019-01-02 13:54:36] <%짭코더 (zzapcoder)> kimdoeMS
[2019-01-02 13:54:46] <@지씨소프트 (wltlthvmxm)> 김도없는김도방송
[2019-01-02 13:54:55] <%부드러운메장 (mejangs)> kimdoeHM1 kimdoeHM2 kimdoeHM1
[2019-01-02 13:55:01] <%까냥 (wnenf904)> kimdoePAYOEN kimdoeHM1
[2019-01-02 13:55:02] <%부드러운메장 (mejangs)> kimdoeGN kimdoeHM1 kimdoeHM1
[2019-01-02 13:55:02] <바나낭맛우유 (binguereng)> MrDestructoid MrDestructoid MrDestructoid
[2019-01-02 13:55:08] <@지씨소프트 (wltlthvmxm)> 매크로인가
[2019-01-02 13:55:12] <@지씨소프트 (wltlthvmxm)> 진짜로 치는건가
[2019-01-02 13:55:17] <%까냥 (wnenf904)> kimdoeZRN kimdoeHM1
[2019-01-02 13:55:22] <%까냥 (wnenf904)> kimdoeMS
[2019-01-02 13:55:23] <%부드러운메장 (mejangs)> kimdoeHK
[2019-01-02 13:55:28] <%짭코더 (zzapcoder)> kimdoeHK
[2019-01-02 13:55:31] <%부드러운메장 (mejangs)> kimdoeZRN kimdoeHM1
[2019-01-02 13:55:35] <%짭코더 (zzapcoder)> kimdoeAPG kimdoeAPG kimdoeAPG
[2019-01-02 13:55:48] <%부드러운메장 (mejangs)> kimdoeBED kimdoeBED kimdoeBED kimdoeBED kimdoeBED
[2019-01-02 13:55:49] <@지씨소프트 (wltlthvmxm)> 매크로 아니면 :) 이거 해보셈
[2019-01-02 13:55:49] <%까냥 (wnenf904)> kimdoeKS kimdoeHM1
[2019-01-02 13:55:51] <%펀크리트 (funcrete)> kimdoeIBR kimdoeTAAK kimdoeTAAK kimdoeGN kimdoeHM1
[2019-01-02 13:55:55] <%짭코더 (zzapcoder)> :)
[2019-01-02 13:55:58] <바나낭맛우유 (binguereng)> :) :) :) :)
[2019-01-02 13:55:59] <@지씨소프트 (wltlthvmxm)> 매크로 아니구나
[2019-01-02 13:56:00] <%부드러운메장 (mejangs)> :)
[2019-01-02 13:56:00] <%까냥 (wnenf904)> LUL
[2019-01-02 13:56:01] <%짭코더 (zzapcoder)> kimdoeGN
[2019-01-02 13:56:01] <@지씨소프트 (wltlthvmxm)> 와.....
[2019-01-02 13:56:09] <%까냥 (wnenf904)> kimdoeBT kimdoeBT
[2019-01-02 13:56:15] <%짭코더 (zzapcoder)> :) kimdoeGN
[2019-01-02 13:56:15] <바나낭맛우유 (binguereng)> :) :) :)
[2019-01-02 13:56:16] <%부드러운메장 (mejangs)> kimdoeHM1 kimdoeHM2 kimdoeHM1
[2019-01-02 13:56:23] <바나낭맛우유 (binguereng)> GunRun GunRun
[2019-01-02 13:56:26] <%까냥 (wnenf904)> kimdoeTAAK kimdoeTAAK kimdoeTAAK kimdoeFF kimdoeGN
[2019-01-02 13:56:35] <바나낭맛우유 (binguereng)> PowerUpL EntropyWins PowerUpR
[2019-01-02 13:56:51] <%까냥 (wnenf904)> kimdoeBC1 kimdoeDH kimdoeBC2 kimdoeHM1
[2019-01-02 13:57:00] <%짭코더 (zzapcoder)> kimdoeHM1 kimdoeDH kimdoeHM1
[2019-01-02 14:00:21] <@^Nightbot> !!마인크래프트 김도랜드 서버 규칙!! 1. 남의 건물이나 물건, 상자 등을 허락 없이 건드리지 말아주세요(어차피 테러행위는 코어프로텍트로 적발해서 밴할 예정입니다) 2. 건물을 지을때 다른 건물에 너무 붙여 짓지 마시고 널찍하게 간격을 두고 지어 주세요 3. 남을 귀찮게 하거나 괴롭히는 행위는 밴합니다. (악의적인 함정을 만들어 죽게 만드는 등) 4. 당연한 이야기지만 핵이나 불법행위 역시 밴입니다.5. 다른버전무새 (최신버전으로 바꿔주세요) 밴 6. 과도한 친목질이나 배척 역시 밴 7. 문제가 되는 아이디나 스킨 밴 (제가 판단)
[2019-01-02 14:00:31] <%까냥 (wnenf904)> kimdoeWO kimdoeWO kimdoeAPG
[2019-01-02 14:01:15] <@^Nightbot> https://www.youtube.com/channel/UC2_VPutZK0o_tG8ca_QrQRA 하이라이트 / 핫클립 / 다시보기는 김도랜드에서!
[2019-01-02 14:06:30] <%똑똑한비둘기 (toskanina)> kimdoeDH <3
[2019-01-02 14:08:26] <%jnklonly> kimdoeBED kimdoeHM2 kimdoeHM2
[2019-01-02 14:08:37] <%jnklonly> kimdoeYUM kimdoeHM2 kimdoeHM2
[2019-01-02 14:08:42] <%까냥 (wnenf904)> kimdoeYS kimdoeDDAK kimdoeDDAK kimdoeHM1
[2019-01-02 14:08:46] <%까냥 (wnenf904)> kimdoeKS
[2019-01-02 14:08:48] <%까냥 (wnenf904)> kimdoeSVV kimdoeSVV
[2019-01-02 14:09:06] <%jnklonly> kimdoeV kimdoeHM1
[2019-01-02 14:09:52] <%환성현 (powercvdf)> kimdoeBC1 kimdoeGRS kimdoeBC2
[2019-01-02 14:10:38] <%잉키씨 (9radars)> kimdoeHM1 kimdoeHM2 kimdoeHM1
[2019-01-02 14:10:42] <%환성현 (powercvdf)> kimdoeHM1 kimdoeHM2 kimdoeHM1
[2019-01-02 14:10:51] <%잉키씨 (9radars)> kimdoeGN kimdoeHM1
[2019-01-02 14:11:02] <%잉키씨 (9radars)> kimdoeHK kimdoeHM1
[2019-01-02 14:11:11] <%잉키씨 (9radars)> kimdoeZRN kimdoeHM1
[2019-01-02 14:11:17] <%까냥 (wnenf904)> kimdoeKS kimdoeHK kimdoeHK
[2019-01-02 14:11:23] <%까냥 (wnenf904)> kimdoeHM1 kimdoeHM2 kimdoeHM1
[2019-01-02 14:15:12] <@^Nightbot> 게임 중에는 해당 게임 관련 이야기만 부탁드립니다!
[2019-01-02 14:18:19] <%환성현 (powercvdf)> kimdoeDH
[2019-01-02 14:23:07] <%rokmnd> kimdoeTAAK kimdoeTAAK kimdoeHM1
[2019-01-02 14:42:08] <myungw00> BloodTrail
[2019-01-02 14:42:22] <옥수수콩 (flavern01)> BloodTrail
[2019-01-02 14:42:34] <myungw00> BloodTrail BloodTrail BloodTrail
[2019-01-02 14:43:20] <옥수수콩 (flavern01)> BloodTrail BloodTrail BloodTrail
[2019-01-02 14:58:40] <shrhr> BibleThump
[2019-01-02 15:04:56] <냥코쎈세 (rhsmreo0)> bleedPurple CoolCat bleedPurple
[2019-01-02 15:08:01] <%jnklonly> kimdoeBED kimdoeHM2 kimdoeHM2 kimdoeHM2
[2019-01-02 15:08:09] <%jnklonly> kimdoeYUM kimdoeHM2 kimdoeHM2 kimdoeHM2
[2019-01-02 15:08:49] <%jnklonly> kimdoeWO kimdoeHK kimdoeHM1 kimdoeWA
[2019-01-02 15:15:47] <%+펠리아 (felia1564)> kimdoeMS
[2019-01-02 15:15:58] <%+펠리아 (felia1564)> kimdoeBC1 kimdoeMS kimdoeBC2 kimdoeYUM
[2019-01-02 15:18:14] <%똑똑한비둘기 (toskanina)> kimdoeMS kimdoeHM1 kimdoeHM1
[2019-01-02 15:18:28] <%감자튀김주세요 (qkqajrwk59)> kimdoeGN kimdoeHM1
[2019-01-02 15:20:57] <냥코쎈세 (rhsmreo0)> HumbleLife CoolCat HumbleLife
[2019-01-02 15:31:21] <%환성현 (powercvdf)> kimdoeTAAK kimdoeTAAK kimdoeGN kimdoeHM1
[2019-01-02 15:32:30] <%+펠리아 (felia1564)> kimdoeTAAK kimdoeTAAK kimdoeWO kimdoeGN kimdoeHM1 kimdoeBC1 kimdoeMS kimdoeBC2 kimdoeYUM
[2019-01-02 15:35:14] <wowman2945> riPepperonis riPepperonis
[2019-01-02 15:35:37] <%+sovietdoog> kimdoeBC1 kimdoeMS kimdoeBC2
[2019-01-02 15:44:18] <바나낭맛우유 (binguereng)> MrDestructoid MrDestructoid MrDestructoid MrDestructoid MrDestructoid MrDestructoid MrDestructoid MrDestructoid MrDestructoid MrDestructoid MrDestructoid
[2019-01-02 15:45:29] <%회사노예 (jnu1212)> kimdoeBC1 kimdoeMS kimdoeYB kimdoeBC2
[2019-01-02 15:53:34] <%회사노예 (jnu1212)> kimdoeWO kimdoeHM1
[2019-01-02 15:59:29] <냥코쎈세 (rhsmreo0)> BloodTrail CoolCat BloodTrail
[2019-01-02 16:02:30] <%+해가빛 (aell87)> kimdoeBT
[2019-01-02 16:18:43] <%환성현 (powercvdf)> kimdoeTAAK kimdoeTAAK kimdoeHM1 kimdoeHM2 kimdoeHM1
[2019-01-02 16:18:58] <%환청씨 (qcadze)> kimdoeMS
[2019-01-02 16:20:40] <우럭아왜우러 (parksh1994)> heavyrTaebo heavyrTaebo heavyrTaebo
[2019-01-02 16:35:54] <kimari5505> BloodTrail BloodTrail TwitchUnity
[2019-01-02 16:41:15] <%DIE_kirai> kimdoeYUM kimdoeGN kimdoeTAK kimdoeTAK kimdoeTAK kimdoeTAK
[2019-01-02 16:47:15] <%Vesseness> kimdoeDDAK kimdoeDDAK
[2019-01-02 16:51:52] <%$미크라임 (opoian123)> kimdoeMS
[2019-01-02 16:59:19] <%Vesseness> kimdoeBED
[2019-01-02 16:59:25] <노오오력산 (seonbeom4)> BloodTrail BloodTrail BloodTrail BloodTrail
[2019-01-02 16:59:37] <노오오력산 (seonbeom4)> PunchTrees PunchTrees PunchTrees
[2019-01-02 16:59:40] <%똑똑한비둘기 (toskanina)> kimdoeTAK kimdoeH1
[2019-01-02 16:59:51] <노오오력산 (seonbeom4)> BibleThump
[2019-01-02 17:00:15] <@^Nightbot> !!마인크래프트 김도랜드 서버 규칙!! 1. 남의 건물이나 물건, 상자 등을 허락 없이 건드리지 말아주세요(어차피 테러행위는 코어프로텍트로 적발해서 밴할 예정입니다) 2. 건물을 지을때 다른 건물에 너무 붙여 짓지 마시고 널찍하게 간격을 두고 지어 주세요 3. 남을 귀찮게 하거나 괴롭히는 행위는 밴합니다. (악의적인 함정을 만들어 죽게 만드는 등) 4. 당연한 이야기지만 핵이나 불법행위 역시 밴입니다.5. 다른버전무새 (최신버전으로 바꿔주세요) 밴 6. 과도한 친목질이나 배척 역시 밴 7. 문제가 되는 아이디나 스킨 밴 (제가 판단)
[2019-01-02 17:00:54] <노오오력산 (seonbeom4)> PunchTrees PunchTrees VoteYea VoteYea
[2019-01-02 17:01:12] <@^Nightbot> https://www.youtube.com/channel/UC2_VPutZK0o_tG8ca_QrQRA 하이라이트 / 핫클립 / 다시보기는 김도랜드에서!
[2019-01-02 17:02:10] <@^Nightbot> 게임 중에는 해당 게임 관련 이야기만 부탁드립니다!
[2019-01-02 17:03:29] <%환청씨 (qcadze)> kimdoeAPG
[2019-01-02 17:06:32] <%진지남 (rlaehsjcm12)> kimdoeH1 kimdoeH2 kimdoeH1 kimdoeMS
[2019-01-02 17:06:45] <%진지남 (rlaehsjcm12)> kimdoeTAK kimdoeTAK kimdoeGN kimdoeH1
[2019-01-02 17:07:14] <%진지남 (rlaehsjcm12)> kimdoeIBR kimdoeH1
[2019-01-02 17:07:24] <%픽쿠 (kyj6819)> kimdoeHK
[2019-01-02 17:07:30] <%픽쿠 (kyj6819)> kimdoeYB kimdoeYB
[2019-01-02 17:07:50] <%진지남 (rlaehsjcm12)> kimdoeTAK kimdoeTAK kimdoeGN kimdoeH1
[2019-01-02 17:08:06] <%진지남 (rlaehsjcm12)> kimdoeDDAK kimdoeDDAK kimdoeH1
[2019-01-02 17:08:12] <%진지남 (rlaehsjcm12)> kimdoeMS
[2019-01-02 17:12:47] <사야요 (qowkdduq1)> BibleThump BibleThump BibleThump
[2019-01-02 17:17:09] <우럭아왜우러 (parksh1994)> heavyrHead heavyrHead heavyrHead
[2019-01-02 17:19:44] <노오오력산 (seonbeom4)> :O :O :O :O :O :O :O
[2019-01-02 17:19:58] <노오오력산 (seonbeom4)> RaccAttack RaccAttack RaccAttack RaccAttack
[2019-01-02 17:20:04] <노오오력산 (seonbeom4)> BloodTrail BloodTrail BloodTrail BloodTrail
[2019-01-02 17:20:10] <5DKsdev> TheIlluminati TheIlluminati TheIlluminati TheIlluminati TheIlluminati
[2019-01-02 17:20:24] <노오오력산 (seonbeom4)> RaccAttack RaccAttack RaccAttack RaccAttack
[2019-01-02 17:20:29] <노오오력산 (seonbeom4)> BloodTrail BloodTrail BloodTrail BloodTrail
[2019-01-02 17:21:07] <@^Nightbot> https://www.youtube.com/channel/UC2_VPutZK0o_tG8ca_QrQRA 하이라이트 / 핫클립 / 다시보기는 김도랜드에서!
[2019-01-02 17:26:57] <%포아이 (phoneto)> kimdoeCAT
[2019-01-02 17:29:53] <%나사못 (screw208)> kimdoeHK
[2019-01-02 17:30:16] <%나사못 (screw208)> kimdoeMS kimdoeHK
[2019-01-02 17:30:24] <%포아이 (phoneto)> kimdoeMS
[2019-01-02 17:30:54] <%포아이 (phoneto)> kimdoeGN kimdoeH1
[2019-01-02 17:34:28] <우럭아왜우러 (parksh1994)> heavyrTaebo
[2019-01-02 17:36:57] <%당신은죽을수도있습니다 (youcoulddie)> kimdoeH3 kimdoeH4 kimdoeH1 kimdoeH1 kimdoeH2 kimdoeH1
[2019-01-02 17:36:59] <%펀크리트 (funcrete)> kimdoeH3 kimdoeH2 kimdoeH1
[2019-01-02 17:37:01] <%당신은죽을수도있습니다 (youcoulddie)> kimdoeH3 kimdoeH4 kimdoeH1 kimdoeH3 kimdoeH4 kimdoeH1
[2019-01-02 17:37:09] <%당신은죽을수도있습니다 (youcoulddie)> kimdoeH3 kimdoeH2 kimdoeH1
[2019-01-02 17:37:24] <%당신은죽을수도있습니다 (youcoulddie)> kimdoeH3 kimdoeGN
[2019-01-02 17:37:32] <%당신은죽을수도있습니다 (youcoulddie)> kimdoeGN kimdoeH1
[2019-01-02 17:37:44] <%당신은죽을수도있습니다 (youcoulddie)> kimdoeWO kimdoeH3 kimdoeH4 kimdoeH1
[2019-01-02 17:37:44] <%펀크리트 (funcrete)> kimdoeH3 kimdoeH2 kimdoeGN kimdoeH1
[2019-01-02 17:38:41] <%포아이 (phoneto)> kimdoeH3 kimdoeH2 kimdoeH1
[2019-01-02 17:39:21] <%포아이 (phoneto)> kimdoeIBR kimdoeH4 kimdoeH1
[2019-01-02 17:39:31] <%사악한놈 (ymd142)> kimdoeH3 kimdoeH4 kimdoeH1 kimdoeH2 kimdoeH1
[2019-01-02 17:39:32] <%포아이 (phoneto)> kimdoeZRN kimdoeH1
[2019-01-02 17:39:49] <%포아이 (phoneto)> kimdoeV kimdoeH4 kimdoeH1
[2019-01-02 17:40:10] <@^Nightbot> https://www.youtube.com/channel/UC2_VPutZK0o_tG8ca_QrQRA 하이라이트 / 핫클립 / 다시보기는 김도랜드에서!
[2019-01-02 17:40:27] <취두부__ (bangtofu)> HolidayCookie
[2019-01-02 17:43:48] <%+펠리아 (felia1564)> kimdoeH3 kimdoeH2 kimdoeH1
[2019-01-02 17:44:37] <%펀크리트 (funcrete)> kimdoeV kimdoeH4 kimdoeH1
[2019-01-02 17:45:55] <%환청씨 (qcadze)> kimdoeH3 kimdoeZRN kimdoeH1
[2019-01-02 17:46:13] <%+펠리아 (felia1564)> kimdoeZRN kimdoeH4 kimdoeH1
[2019-01-02 17:46:24] <%회사노예 (jnu1212)> kimdoeZRN kimdoeZRN kimdoeWO kimdoeWO kimdoeWO kimdoeWO
[2019-01-02 17:46:36] <%환청씨 (qcadze)> kimdoeV
[2019-01-02 17:46:41] <%독닥붕 (dokdakboong)> kimdoeAPG kimdoeH3 kimdoeH4 kimdoeH1 kimdoeKS kimdoeDH
[2019-01-02 17:46:52] <%땅띵똥땡 (gms1801)> kimdoeH1 kimdoeH2 kimdoeH3 kimdoeH4 kimdoeH1
[2019-01-02 17:47:48] <우럭아왜우러 (parksh1994)> heavyrHead heavyrHead
[2019-01-02 17:48:24] <%+펠리아 (felia1564)> kimdoeWO kimdoeH1
[2019-01-02 17:48:50] <%+펠리아 (felia1564)> kimdoeWO kimdoeH4 kimdoeH1
[2019-01-02 17:49:22] <사야요 (qowkdduq1)> BibleThump BibleThump
[2019-01-02 17:49:53] <%땅띵똥땡 (gms1801)> kimdoeWA kimdoeWA kimdoeWA kimdoeWO kimdoeWO kimdoeWO kimdoeWO
[2019-01-02 17:50:23] <%포아이 (phoneto)> ddolHit kimdoeH1
[2019-01-02 17:51:51] <%+펠리아 (felia1564)> kimdoeGN kimdoeH1
[2019-01-02 17:54:52] <우럭아왜우러 (parksh1994)> heavyrTaebo heavyrTaebo
[2019-01-02 17:55:04] <%땅띵똥땡 (gms1801)> kimdoeH5 kimdoeH4 kimdoeH3 kimdoeH2 kimdoeH1
[2019-01-02 17:55:19] <취두부__ (bangtofu)> BibleThump
[2019-01-02 17:55:47] <%+펠리아 (felia1564)> BibleThump kimdoeH1
[2019-01-02 17:57:08] <%포아이 (phoneto)> ddolDown kimdoeH1
[2019-01-02 17:57:56] <%_에카이 (addki061)> kimdoeH3 kimdoeH2 kimdoeH1
[2019-01-02 17:58:11] <%_에카이 (addki061)> kimdoeGN kimdoeH1 kimdoeGN kimdoeH1
[2019-01-02 17:58:23] <%옥수수크림 (corncream_)> kimdoeH4 kimdoeH3 kimdoeH2 kimdoeH1
[2019-01-02 17:59:43] <%_에카이 (addki061)> kimdoeH3 kimdoeH4 kimdoeH1 kimdoeWOW kimdoeH3 kimdoeH4 kimdoeH1
[2019-01-02 17:59:46] <%독닥붕 (dokdakboong)> kimdoeDH MorphinTime MorphinTime maruko2HW kimdoeWOW kimdoeH3 kimdoeH5 kimdoeH1 kimdoeDH
[2019-01-02 18:00:09] <%땅띵똥땡 (gms1801)> kimdoeWOW kimdoeWOW kimdoeIBR kimdoeH4 kimdoeH1
[2019-01-02 18:00:14] <@^Nightbot> !!마인크래프트 김도랜드 서버 규칙!! 1. 남의 건물이나 물건, 상자 등을 허락 없이 건드리지 말아주세요(어차피 테러행위는 코어프로텍트로 적발해서 밴할 예정입니다) 2. 건물을 지을때 다른 건물에 너무 붙여 짓지 마시고 널찍하게 간격을 두고 지어 주세요 3. 남을 귀찮게 하거나 괴롭히는 행위는 밴합니다. (악의적인 함정을 만들어 죽게 만드는 등) 4. 당연한 이야기지만 핵이나 불법행위 역시 밴입니다.5. 다른버전무새 (최신버전으로 바꿔주세요) 밴 6. 과도한 친목질이나 배척 역시 밴 7. 문제가 되는 아이디나 스킨 밴 (제가 판단)
[2019-01-02 18:01:11] <@^Nightbot> https://www.youtube.com/channel/UC2_VPutZK0o_tG8ca_QrQRA 하이라이트 / 핫클립 / 다시보기는 김도랜드에서!
[2019-01-02 18:01:28] <%holyknight734102> kimdoeIBR kimdoeH3 kimdoeH4 kimdoeH1
[2019-01-02 18:01:33] <%jnklonly> kimdoeWOW kimdoeH5 kimdoeH4 kimdoeH3 kimdoeH2 kimdoeH1
[2019-01-02 18:01:40] <%jnklonly> kimdoeMS kimdoeKS kimdoeCAT kimdoeDH kimdoeZRN kimdoeYS
[2019-01-02 18:01:45] <%jnklonly> kimdoeHK kimdoeIBR kimdoeGN kimdoeWA kimdoeFF kimdoeBED
[2019-01-02 18:01:51] <%jnklonly> kimdoeVT kimdoeMUSIN kimdoeV kimdoeAPG kimdoeYB kimdoeCHOCO
[2019-01-02 18:01:56] <%jnklonly> kimdoeBT kimdoeDGZ kimdoePAYOEN kimdoeBC2 kimdoeBC1 kimdoeGRS
[2019-01-02 18:02:00] <%jnklonly> kimdoeOOPS kimdoeDDAK kimdoeOMG kimdoeYUM
[2019-01-02 18:02:06] <%옥수수크림 (corncream_)> kimdoeH3 kimdoeGN kimdoeH1
[2019-01-02 18:02:11] <@^Nightbot> 게임 중에는 해당 게임 관련 이야기만 부탁드립니다!
[2019-01-02 18:02:12] <%왕얍얍 (oterte)> kimdoeBC1 kimdoeDH kimdoeBC2
[2019-01-02 18:02:20] <%jnklonly> kimdoeYUM kimdoeH3 kimdoeBED kimdoeH2 kimdoeH2
[2019-01-02 18:02:28] <사야요 (qowkdduq1)> BibleThump BibleThump BibleThump BibleThump
[2019-01-02 18:02:42] <%_에카이 (addki061)> kimdoeH3 kimdoeH2 kimdoeH1 kimdoeH3 kimdoeH2 kimdoeH1
[2019-01-02 18:03:01] <%Aerotek> kimdoeH2 kimdoeH3 kimdoeH1
[2019-01-02 18:03:03] <%포아이 (phoneto)> jadongCP kimdoeH1
[2019-01-02 18:03:09] <%jnklonly> kimdoeDH kimdoeHK kimdoeH5 kimdoeH1
[2019-01-02 18:03:39] <우럭아왜우러 (parksh1994)> heavyrTaebo heavyrHead heavyrTaebo heavyrHead
[2019-01-02 18:04:20] <%_에카이 (addki061)> kimdoeZRN kimdoeH1
[2019-01-02 18:04:56] <%jnklonly> kimdoeH3 kimdoeDDAK kimdoeDDAK kimdoeH1 kimdoeGN kimdoeFF
[2019-01-02 18:05:11] <%나사못 (screw208)> kimdoeH5 kimdoeH4 kimdoeH3 kimdoeH2 kimdoeH1 kimdoeGN
[2019-01-02 18:05:19] <%_에카이 (addki061)> kimdoeIBR kimdoeHK kimdoeGN kimdoeH1
[2019-01-02 18:05:28] <%땅띵똥땡 (gms1801)> kimdoeBC1 kimdoeFF kimdoeBC2
[2019-01-02 18:06:35] <%왕얍얍 (oterte)> kimdoeIBR kimdoeGN kimdoeH5 kimdoeH4 kimdoeH1
[2019-01-02 18:06:43] <%왕얍얍 (oterte)> kimdoeH3 kimdoeH2 kimdoeH1
[2019-01-02 18:07:24] <%나사못 (screw208)> kimdoePAYOEN kimdoeV kimdoeGN kimdoeH1
[2019-01-02 18:08:38] <%_에카이 (addki061)> kimdoeMS kimdoeHK kimdoeH1
[2019-01-02 18:09:02] <%_에카이 (addki061)> kimdoeBC1 kimdoeMS kimdoeBC2 kimdoeHK kimdoeH1 kimdoeIBR kimdoeHK kimdoeGN kimdoeH1
[2019-01-02 18:09:04] <%jnklonly> kimdoeMS kimdoeH5 kimdoeH1 kimdoeKS kimdoeH4 kimdoeH1
[2019-01-02 18:09:35] <우럭아왜우러 (parksh1994)> heavyrHead heavyrTaebo heavyrHead heavyrTaebo heavyrHead heavyrTaebo
[2019-01-02 18:09:50] <%달리안 (dalianss)> kimdoeH1 kimdoeH2 kimdoeH1
[2019-01-02 18:11:06] <%김춘식님 (2saac)> kimdoeWOW
[2019-01-02 18:11:09] <%짭코더 (zzapcoder)> kimdoeH1 kimdoeH2 kimdoeH3 kimdoeH4 kimdoeH5 kimdoeWOW
[2019-01-02 18:11:20] <%짭코더 (zzapcoder)> kimdoeH5 kimdoeH4 kimdoeH1 kimdoeH1 kimdoeH3 kimdoeH4 kimdoeH1
[2019-01-02 18:11:32] <%$샤도네이 (plpm6058)> kimdoeIBR kimdoeGN kimdoeH1
[2019-01-02 18:11:40] <%김춘식님 (2saac)> kimdoeH3 kimdoeH2 kimdoeH1
[2019-01-02 18:11:51] <%_에카이 (addki061)> kimdoeMS kimdoeHK kimdoeKS kimdoeHK kimdoeMS kimdoeHK kimdoeKS kimdoeHK
[2019-01-02 18:11:54] <%짭코더 (zzapcoder)> kimdoeYB kimdoeGN kimdoeH1
[2019-01-02 18:12:00] <%짭코더 (zzapcoder)> kimdoeH5 kimdoeH4 kimdoeH1
[2019-01-02 18:12:14] <%jnklonly> kimdoeYB kimdoeIBR kimdoeH1 kimdoeH5 kimdoeH4 kimdoeHK
[2019-01-02 18:12:45] <%환성현 (powercvdf)> kimdoeH1 kimdoeH2 kimdoeH3 kimdoeH4 kimdoeH1
[2019-01-02 18:13:05] <%포아이 (phoneto)> kimdoeH5 kimdoeH4 kimdoeH3 kimdoeH2 kimdoeH1
[2019-01-02 18:13:08] <%jnklonly> kimdoeBED kimdoeH2 kimdoeH2
[2019-01-02 18:13:56] <%jnklonly> kimdoeH3 kimdoeH4 kimdoeDH kimdoeAPG
[2019-01-02 18:14:18] <%병아리감별사 (hailstone9)> kimdoeH3 kimdoeH4 kimdoeH1
[2019-01-02 18:14:35] <%_에카이 (addki061)> kimdoeMS kimdoeHK kimdoeKS kimdoeHK kimdoeMS kimdoeWOW kimdoeKS kimdoeDGZ
[2019-01-02 18:14:45] <%+펠리아 (felia1564)> kimdoeIBR kimdoeH5 kimdoeH4 kimdoeH1 kimdoeWOW kimdoeH3 kimdoeH5 kimdoeH1
[2019-01-02 18:15:09] <@^Nightbot> 게임 중에는 해당 게임 관련 이야기만 부탁드립니다!
[2019-01-02 18:15:50] <%+펠리아 (felia1564)> kimdoeH1 kimdoeH2 kimdoeH3 kimdoeH5 kimdoeH1
[2019-01-02 18:16:00] <%_에카이 (addki061)> kimdoeH1 kimdoeH2 kimdoeH3 kimdoeH4 kimdoeH1
[2019-01-02 18:16:08] <취업하고싶당 (pjqkrwns35)> MrDestructoid MrDestructoid
[2019-01-02 18:16:23] <%+펠리아 (felia1564)> kimdoeWOW kimdoeGN kimdoeH1
[2019-01-02 18:16:43] <%_에카이 (addki061)> kimdoeGN kimdoeH1 kimdoeGN kimdoeH1 kimdoeV kimdoeGN kimdoeH1
[2019-01-02 18:16:53] <%$Alice3382> kimdoeH3 kimdoeH5 kimdoeH1
[2019-01-02 18:17:00] <%+펠리아 (felia1564)> kimdoeZRN kimdoeH5 kimdoeH1
[2019-01-02 18:17:08] <%$Alice3382> kimdoeH3 kimdoeH2 kimdoeH1
[2019-01-02 18:17:47] <%환성현 (powercvdf)> kimdoeHK kimdoeHK kimdoeWA kimdoeWOW
[2019-01-02 18:17:51] <%빠빠뿌뿌 (bbabbabbubbu)> kimdoeWOW kimdoeGN
[2019-01-02 18:17:55] <%_에카이 (addki061)> kimdoeYB kimdoeGN kimdoeH1
[2019-01-02 18:18:19] <%+펠리아 (felia1564)> kimdoeIBR kimdoeH4 kimdoeH1 kimdoeHK kimdoeH3 kimdoeH5 kimdoeH1
[2019-01-02 18:18:38] <%빠빠뿌뿌 (bbabbabbubbu)> kimdoeWOW
[2019-01-02 18:18:45] <%나쁜새끼 (woosun2010)> kimdoeZRN
[2019-01-02 18:18:51] <%빠빠뿌뿌 (bbabbabbubbu)> kimdoeGN kimdoeWOW
[2019-01-02 18:19:10] <%김춘식님 (2saac)> kimdoeDDAK kimdoeH1
[2019-01-02 18:19:17] <%$Alice3382> kimdoeDDAK kimdoeDDAK kimdoeH1
[2019-01-02 18:19:34] <%나쁜새끼 (woosun2010)> kimdoeH3 kimdoeH4 kimdoeH1
[2019-01-02 18:19:37] <%포아이 (phoneto)> ddolJohnber kimdoeH1
[2019-01-02 18:19:43] <%나쁜새끼 (woosun2010)> kimdoeH5 kimdoeH4 kimdoeH1
[2019-01-02 18:19:55] <%나쁜새끼 (woosun2010)> kimdoeH1 kimdoeH2 kimdoeH1
[2019-01-02 18:20:04] <%_에카이 (addki061)> kimdoeV kimdoeGN kimdoeH1
[2019-01-02 18:20:09] <@^Nightbot> https://www.youtube.com/channel/UC2_VPutZK0o_tG8ca_QrQRA 하이라이트 / 핫클립 / 다시보기는 김도랜드에서!
[2019-01-02 18:20:09] <%나쁜새끼 (woosun2010)> kimdoeZRN
[2019-01-02 18:20:35] <%김춘식님 (2saac)> kimdoeIBR kimdoeHK kimdoeH5 kimdoeH4 kimdoeH1
[2019-01-02 18:20:59] <%자연산멍멍이 (gusl905)> kimdoeH1 kimdoeH2 kimdoeH3 kimdoeH4 kimdoeH1
[2019-01-02 18:21:00] <%_에카이 (addki061)> kimdoeWOW kimdoeH3 kimdoeH4 kimdoeH1
[2019-01-02 18:21:09] <%김춘식님 (2saac)> kimdoeYB kimdoeH1
[2019-01-02 18:21:12] <%_에카이 (addki061)> kimdoeWOW kimdoeIBR kimdoeH3 kimdoeH4 kimdoeH1
[2019-01-02 18:21:13] <%$Alice3382> kimdoeH1 kimdoeH2 kimdoeH5 kimdoeH4 kimdoeH1
[2019-01-02 18:21:21] <%_에카이 (addki061)> kimdoeYB kimdoeH1
[2019-01-02 18:21:22] <%자연산멍멍이 (gusl905)> kimdoeWOW
[2019-01-02 18:21:23] <%김춘식님 (2saac)> kimdoeIBR kimdoeGN
[2019-01-02 18:21:29] <%김춘식님 (2saac)> kimdoeIBR kimdoeHK kimdoeGN kimdoeH5 kimdoeH1
[2019-01-02 18:21:30] <%_에카이 (addki061)> kimdoeZRN kimdoeH1
[2019-01-02 18:21:31] <%$Alice3382> kimdoeYB kimdoeGN kimdoeH1
[2019-01-02 18:21:32] <%자연산멍멍이 (gusl905)> kimdoeHK kimdoeH1
[2019-01-02 18:21:39] <%_에카이 (addki061)> kimdoeDDAK kimdoeDDAK kimdoeH1
[2019-01-02 18:21:44] <%$Alice3382> kimdoeIBR kimdoeH3 kimdoeH4 kimdoeH1
[2019-01-02 18:21:53] <%_에카이 (addki061)> kimdoeIBR kimdoeH3 kimdoeH2
[2019-01-02 18:21:55] <%자연산멍멍이 (gusl905)> kimdoeH3 kimdoeH2 kimdoeH1
[2019-01-02 18:22:18] <%자연산멍멍이 (gusl905)> kimdoeV kimdoeH4 kimdoeH1
[2019-01-02 18:22:28] <%$Alice3382> kimdoeYB kimdoeH4 kimdoeH1
[2019-01-02 18:22:42] <%땅띵똥땡 (gms1801)> kimdoeH1 kimdoeH4 kimdoeH3 kimdoeH2 kimdoeH5
[2019-01-02 18:23:04] <%_에카이 (addki061)> kimdoeYB kimdoeH5 kimdoeH4
[2019-01-02 18:23:26] <%_에카이 (addki061)> kimdoeMS kimdoeWOW
[2019-01-02 18:23:36] <%_에카이 (addki061)> kimdoeMS kimdoeHK kimdoeMS kimdoeHK kimdoeV kimdoeGN kimdoeH1
[2019-01-02 18:23:55] <%자연산멍멍이 (gusl905)> kimdoeV kimdoeH4 kimdoeH1
[2019-01-02 18:24:13] <%자연산멍멍이 (gusl905)> kimdoeWOW kimdoeKS kimdoeDDAK kimdoeDDAK kimdoeH1
[2019-01-02 18:24:42] <%레이드콜 (raidcall0012)> kimdoeH3 kimdoeH4 kimdoeH1
[2019-01-02 18:24:54] <%표정_ (dltjq8923)> kimdoeH5 kimdoeH4 kimdoeH1
[2019-01-02 18:25:10] <%레이드콜 (raidcall0012)> kimdoeH3 kimdoeH4 kimdoeH5
[2019-01-02 18:25:16] <%레이드콜 (raidcall0012)> kimdoeH3 kimdoeH4 kimdoeH1
[2019-01-02 18:25:18] <따라쟁이광대 (cookiejelly12)> BibleThump BibleThump
[2019-01-02 18:25:23] <%표정_ (dltjq8923)> kimdoeYB kimdoeH1
[2019-01-02 18:25:51] <%_에카이 (addki061)> kimdoeH3 kimdoeH2 kimdoeGN kimdoeH1
[2019-01-02 18:26:04] <%_에카이 (addki061)> kimdoeH5 kimdoeH3 kimdoeH2 kimdoeH1
[2019-01-02 18:26:16] <%표정_ (dltjq8923)> jadongCP kimdoeH1
[2019-01-02 18:26:28] <%_에카이 (addki061)> kimdoeWOW kimdoeWOW kimdoeWOW kimdoeWOW
[2019-01-02 18:26:29] <따라쟁이광대 (cookiejelly12)> LUL LUL
[2019-01-02 18:26:36] <%환성현 (powercvdf)> kimdoeDH kimdoeDH kimdoeDH kimdoeDH kimdoeDH
[2019-01-02 18:26:38] <kimrkjjang> BloodTrail BloodTrail BloodTrail BloodTrail
[2019-01-02 18:27:04] <따라쟁이광대 (cookiejelly12)> MercyWing1 DarkMode MercyWing2
[2019-01-02 18:27:05] <%_에카이 (addki061)> kimdoeZRN kimdoeH1 kimdoeYB kimdoeH1
[2019-01-02 18:27:09] <%자연산멍멍이 (gusl905)> kimdoeH3 kimdoeH2 kimdoeH1
[2019-01-02 18:27:21] <%환성현 (powercvdf)> kimdoeDDAK kimdoeDDAK kimdoeH1
[2019-01-02 18:27:34] <따라쟁이광대 (cookiejelly12)> LUL
[2019-01-02 18:27:39] <%자연산멍멍이 (gusl905)> kimdoeHK kimdoeH1
[2019-01-02 18:27:45] <%자연산멍멍이 (gusl905)> kimdoeIBR kimdoeHK kimdoeH1
[2019-01-02 18:27:56] <%_에카이 (addki061)> kimdoeMS kimdoeHK kimdoeMS kimdoeHK
[2019-01-02 18:28:19] <따라쟁이광대 (cookiejelly12)> BloodTrail BloodTrail BloodTrail HSWP
[2019-01-02 18:28:30] <%나사못 (screw208)> kimdoeIBR kimdoeDDAK kimdoeDDAK kimdoeGN kimdoeH1
[2019-01-02 18:28:41] <%땅띵똥땡 (gms1801)> kimdoeDDAK kimdoeDDAK kimdoeH1 kimdoeHK kimdoeWA kimdoeWOW kimdoeWOW
[2019-01-02 18:28:51] <%나사못 (screw208)> kimdoeWA kimdoeDDAK kimdoeDDAK kimdoeH1
[2019-01-02 18:28:55] <%_에카이 (addki061)> kimdoeH3 kimdoeH2 kimdoeH1
[2019-01-02 18:29:10] <%_에카이 (addki061)> kimdoeWOW kimdoeDDAK kimdoeDDAK kimdoeH1
[2019-01-02 18:29:45] <%_에카이 (addki061)> kimdoeWOW kimdoeH3 kimdoeDDAK kimdoeDDAK kimdoeH1
[2019-01-02 18:30:12] <@^Nightbot> 게임 중에는 해당 게임 관련 이야기만 부탁드립니다!
[2019-01-02 18:31:22] <koo1270> BibleThump
[2019-01-02 18:32:43] <%자연산멍멍이 (gusl905)> kimdoeWOW kimdoeIBR kimdoeH4 kimdoeH1
[2019-01-02 18:32:47] <%환성현 (powercvdf)> kimdoeHK kimdoeWA kimdoeWOW kimdoeDDAK kimdoeDDAK kimdoeH1
[2019-01-02 18:32:59] <%자연산멍멍이 (gusl905)> kimdoeWA kimdoeH3 kimdoeH2 kimdoeH1
[2019-01-02 18:33:07] <%_에카이 (addki061)> kimdoeMS kimdoeHK kimdoeWOW kimdoeH5 kimdoeH1
[2019-01-02 18:33:17] <kimrkjjang> CurseLit CurseLit CurseLit CurseLit
[2019-01-02 18:33:56] <냥코쎈세 (rhsmreo0)> CoolCat
[2019-01-02 18:34:08] <냥코쎈세 (rhsmreo0)> SSSsss CoolCat SSSsss
[2019-01-02 18:34:27] <%헌테로스 (hunt_eros)> kimdoeH3 kimdoeH4 kimdoeH1
[2019-01-02 18:35:25] <%_에카이 (addki061)> kimdoeWOW kimdoeH1 kimdoeH2 kimdoeH3 kimdoeH4 kimdoeH1
[2019-01-02 18:37:23] <%환성현 (powercvdf)> kimdoeGRS kimdoeBC1 kimdoeBC2 kimdoeBT
[2019-01-02 18:38:01] <%_에카이 (addki061)> kimdoeBC1 kimdoeMS kimdoeBC2 kimdoeWOW kimdoeAPG kimdoeDGZ
[2019-01-02 18:38:17] <개쓰 (tjdals345)> BibleThump BibleThump BibleThump
[2019-01-02 18:38:46] <%똑똑한비둘기 (toskanina)> BibleThump BibleThump BibleThump
[2019-01-02 18:39:16] <%_에카이 (addki061)> kimdoeH3 kimdoeH2 kimdoeH3 kimdoeH4 kimdoeH1
[2019-01-02 18:39:59] <%Ladcin> kimdoeH3 kimdoeH4 kimdoeH1 kimdoeH1 kimdoeH2 kimdoeH1
[2019-01-02 18:40:04] <%Ladcin> kimdoeGN
[2019-01-02 18:40:10] <@^Nightbot> https://www.youtube.com/channel/UC2_VPutZK0o_tG8ca_QrQRA 하이라이트 / 핫클립 / 다시보기는 김도랜드에서!
[2019-01-02 18:40:45] <노루늑대 (test_0012)> BloodTrail BloodTrail BloodTrail
[2019-01-02 18:41:05] <%ALPHA_BETA> kimdoeMS kimdoeWOW
[2019-01-02 18:41:14] <%ALPHA_BETA> kimdoeH5 kimdoeH4 kimdoeH3 kimdoeH2 kimdoeH1
[2019-01-02 18:41:33] <%환성현 (powercvdf)> kimdoeGN kimdoeGN kimdoeH1
[2019-01-02 18:42:06] <%_에카이 (addki061)> kimdoeH5 kimdoeH4 kimdoeGN kimdoeH1
[2019-01-02 18:42:19] <%레이드콜 (raidcall0012)> kimdoeIBR kimdoeH3 kimdoeH4 kimdoeH1
[2019-01-02 18:42:25] <%레이드콜 (raidcall0012)> kimdoeZRN kimdoeH1
[2019-01-02 18:42:26] <%왕얍얍 (oterte)> kimdoeH5 kimdoeH1
[2019-01-02 18:42:49] <%레이드콜 (raidcall0012)> kimdoeIBR kimdoeH3 kimdoeH4 kimdoeH1 kimdoeHK kimdoeH1 kimdoeZRN kimdoeH1
[2019-01-02 18:43:17] <%Ladcin> kimdoeBC1 kimdoeDH kimdoeBC2
[2019-01-02 18:43:24] <%_에카이 (addki061)> kimdoeIBR kimdoeHK kimdoeH1
[2019-01-02 18:43:26] <%Ladcin> kimdoeH3 kimdoeH5 kimdoeH1 kimdoeZRN
[2019-01-02 18:43:31] <%_에카이 (addki061)> kimdoeZRN kimdoeZRN kimdoeH1
[2019-01-02 18:43:38] <%환성현 (powercvdf)> kimdoeIBR kimdoeZRN kimdoeH1
[2019-01-02 18:45:09] <@^Nightbot> 게임 중에는 해당 게임 관련 이야기만 부탁드립니다!
[2019-01-02 18:46:34] <joehani> BloodTrail BloodTrail BloodTrail BloodTrail BloodTrail
[2019-01-02 18:46:57] <%_에카이 (addki061)> kimdoeGN kimdoeH1 kimdoeGN kimdoeH1
[2019-01-02 18:47:43] <%환청씨 (qcadze)> kimdoeH1 kimdoeH2 kimdoeH3 kimdoeH4 kimdoeH1
[2019-01-02 18:48:01] <%부드러운메장 (mejangs)> kimdoeWOW kimdoeWOW
[2019-01-02 18:48:06] <%부드러운메장 (mejangs)> kimdoeH3 kimdoeH2 kimdoeH1
[2019-01-02 18:48:11] <%부드러운메장 (mejangs)> kimdoeH1 kimdoeH2 kimdoeH1
[2019-01-02 18:48:17] <%부드러운메장 (mejangs)> kimdoeH3 kimdoeH4 kimdoeH1
[2019-01-02 18:49:39] <%_에카이 (addki061)> kimdoeH1 kimdoeH2 kimdoeH3 kimdoeH1
[2019-01-02 18:50:42] <%ALPHA_BETA> kimdoeYB kimdoeH1 kimdoeMS kimdoeMS
[2019-01-02 18:51:44] <%vov9858> kimdoeH1 kimdoeH2 kimdoeH1
[2019-01-02 18:52:05] <%Ladcin> kimdoeWA kimdoeWA kimdoeWA kimdoeWA kimdoeWA kimdoeWA kimdoeWA kimdoeWA kimdoeWA
[2019-01-02 18:52:55] <%_에카이 (addki061)> kimdoeMS kimdoeWOW kimdoeH3 kimdoeH5 kimdoeH1 kimdoeH1
[2019-01-02 18:53:02] <%_에카이 (addki061)> kimdoeKS kimdoeWOW kimdoeH3 kimdoeH4 kimdoeH1
[2019-01-02 18:58:04] <%환성현 (powercvdf)> kimdoeDH kimdoeHK kimdoeKS kimdoeHK kimdoeGN
[2019-01-02 18:58:54] <%고운말바르고 (dkddok)> kimdoeH3 kimdoeH2 kimdoeH1 kimdoeH5 kimdoeH4 kimdoeH1
[2019-01-02 19:00:59] <%독닥붕 (dokdakboong)> kimdoeMS kimdoeWOW kimdoeKS kimdoeWOW kimdoeDH MorphinTime cocochanChoman2 cocochanChoman2 maruko2HW
[2019-01-02 19:01:29] <%성군궁예 (victor98083)> kimdoeH3 kimdoeH4 kimdoeH1 kimdoeH2 kimdoeH1 kimdoeH5 kimdoeH1
[2019-01-02 19:04:50] <%Ladcin> kimdoeMS kimdoeKS kimdoeMS kimdoeKS kimdoeMS kimdoeKS kimdoeYS
[2019-01-02 19:05:10] <kimari5505> BibleThump BibleThump BibleThump
[2019-01-02 19:07:01] <%ALPHA_BETA> kimdoeH5 kimdoeH4 kimdoeH1
[2019-01-02 19:09:21] <%서릿바람 (ksh3457)> kimdoeH3 kimdoeH4 kimdoeH1
[2019-01-02 19:12:55] <%Ladcin> kimdoeYUM kimdoeYUM
[2019-01-02 19:21:46] <%$Alice3382> kimdoe1E kimdoe1M kimdoe1U kimdoe1O kimdoe1A
[2019-01-02 19:22:10] <%+다네0469 (kg0469)> kimdoe1A kimdoe1M kimdoe1A
[2019-01-02 19:26:09] <%_에카이 (addki061)> kimdoeWOW
[2019-01-02 19:27:24] <%_에카이 (addki061)> kimdoeGN
[2019-01-02 19:41:45] <마갤 (minergallery)> Squid1 Squid2 Squid3 Squid4 SabaPing AquamanGG
[2019-01-02 19:54:53] <%jisugo123> kimdoeYB kimdoeGN kimdoe1A kimdoeWOW kimdoeMS
[2019-01-02 20:04:23] <%+푸른나래_ (bluewing03)> kimdoe1A kimdoe1M kimdoe1O kimdoe1A
[2019-01-02 20:10:45] <%$히오수 (wind1328)> kimdoe1E kimdoe1O kimdoe1A
[2019-01-02 20:10:50] <%$히오수 (wind1328)> kimdoe1U kimdoe1A
[2019-01-02 20:11:03] <%$히오수 (wind1328)> kimdoe1A kimdoe1M kimdoe1A
[2019-01-02 20:16:03] <%+푸른나래_ (bluewing03)> kimdoeIBR kimdoe1E kimdoe1O kimdoe1A kimdoe1M kimdoe1A
[2019-01-02 20:16:24] <%엘레피엘 (wkrlsk23)> kimdoe1E kimdoe1M kimdoe1A
[2019-01-02 20:27:58] <%스캇드 (shqkdpqj)> kimdoeH2
[2019-01-02 20:28:02] <%스캇드 (shqkdpqj)> kimdoeH1
[2019-01-02 20:28:04] <%스캇드 (shqkdpqj)> kimdoeH2
[2019-01-02 20:28:07] <%스캇드 (shqkdpqj)> kimdoeH1
[2019-01-02 20:28:20] <%환불사유 (breadfish1)> kimdoeH5 kimdoeH3 kimdoeH1
[2019-01-02 20:29:46] <%kktour2> kimdoeH3 kimdoeH2 kimdoeGN kimdoeH1
[2019-01-02 20:29:56] <%환성현 (powercvdf)> kimdoeIBR kimdoeH5 kimdoeH4 kimdoeH1
[2019-01-02 20:30:13] <@^Nightbot> 게임 중에는 해당 게임 관련 이야기만 부탁드립니다!
[2019-01-02 20:30:40] <%엘레피엘 (wkrlsk23)> kimdoeV kimdoeGN kimdoeH1
[2019-01-02 20:32:37] <%스캇드 (shqkdpqj)> kimdoeWOW kimdoeH1
[2019-01-02 20:32:51] <%펀크리트 (funcrete)> kimdoeH5 kimdoeH2 kimdoeH1
[2019-01-02 20:33:22] <%_에카이 (addki061)> kimdoeH3
[2019-01-02 20:33:28] <%_에카이 (addki061)> kimdoeH1 kimdoeH2 kimdoeH1
[2019-01-02 20:35:17] <%환성현 (powercvdf)> kimdoeIBR kimdoeV kimdoeH1
[2019-01-02 20:36:04] <%17번째탈모냥이 (sw61hs)> kimdoeWOW kimdoeMUSIN kimdoeH5 kimdoeH3 kimdoeH1 kimdoeV kimdoeGN
[2019-01-02 20:38:17] <%스캇드 (shqkdpqj)> kimdoeH3 kimdoeH4 kimdoeH1
[2019-01-02 20:40:52] <%엘레피엘 (wkrlsk23)> kimdoeWOW kimdoeWA kimdoeH3 kimdoeH1 kimdoeGRS kimdoeH5 kimdoeH4 kimdoeH1 kimdoeKS kimdoeH1 kimdoeH2 kimdoeH1
[2019-01-02 20:46:55] <pingbin> BloodTrail
[2019-01-02 20:48:16] <%Kocy9803> kimdoeDH
[2019-01-02 21:13:53] <%엘레피엘 (wkrlsk23)> kimdoeBED kimdoeT3
[2019-01-02 21:36:37] <%ALPHA_BETA> kimdoeWA
[2019-01-02 21:38:44] <%잔구스 (ghwns584)> kimdoeT6 kimdoeT5 kimdoeT3 kimdoeT2 kimdoeT1
[2019-01-02 21:38:53] <%정신차려엇 (arisuone)> kimdoeWOW kimdoeT6 kimdoeT5 kimdoeT3 kimdoeT2 kimdoeT1
[2019-01-02 21:59:40] <%겉바속촉가로쉬님 (dlalswns0814)> kimdoeT4 kimdoeT1 kimdoeT6
[2019-01-02 21:59:48] <%겉바속촉가로쉬님 (dlalswns0814)> kimdoeT4 kimdoeT2 kimdoeT6
[2019-01-02 21:59:51] <raonjena1110> BloodTrail BloodTrail BloodTrail BloodTrail BloodTrail
[2019-01-02 21:59:59] <%겉바속촉가로쉬님 (dlalswns0814)> kimdoeT6 kimdoeT5 kimdoeT6
[2019-01-02 22:00:07] <%겉바속촉가로쉬님 (dlalswns0814)> kimdoeGN kimdoeT1 kimdoeT6
[2019-01-02 22:00:22] <%겉바속촉가로쉬님 (dlalswns0814)> kimdoeWOW kimdoeT4 kimdoeT1 kimdoeT6
[2019-01-02 22:01:13] <@^Nightbot> https://www.youtube.com/channel/UC2_VPutZK0o_tG8ca_QrQRA 하이라이트 / 핫클립 / 다시보기는 김도랜드에서!
[2019-01-02 22:18:20] <pingbin> BibleThump
[2019-01-02 22:42:13] <%그렉개쩜ㅇㅋ (daebal64)> kimdoeT2 kimdoeGN
[2019-01-02 22:42:17] <%그렉개쩜ㅇㅋ (daebal64)> kimdoeT4 kimdoeGN
[2019-01-02 22:42:20] <%그렉개쩜ㅇㅋ (daebal64)> kimdoeT1 kimdoeGN
[2019-01-02 22:42:43] <%그렉개쩜ㅇㅋ (daebal64)> kimdoeMS kimdoeWOW
[2019-01-02 23:11:07] <%말린우엉차 (ysj9184)> kimdoeWOW kimdoeDDAK kimdoeDDAK kimdoeT6
