# Log started: 2018-12-21 05:07:26 +0900
[05:07:26] <k24994> 침.착.맨.조.아
[07:00:31] <지나가는홍대생 (tmdco4048)> 병거니형이 생각나는 새벽 아침이네여...형 거기서는 잘 지내죠??ㅠㅠ이제 푹 쉬어요
[09:55:40] <오밤별 (meniscus1992)> 휴방이구나
[10:20:05] <sg4398> ㄴ
[10:21:54] <작곡가참돋 (chamdornk)> 언제오시나
[10:22:14] <곰이우는소리 (teddyellow)> 오늘휴방인디요
[10:25:45] <작곡가참돋 (chamdornk)> 이런
[10:31:42] <곰이우는소리 (teddyellow)> 오늘부터5일연속휴방 실화 냐 구~ ~~!~!1
[10:31:48] <곰이우는소리 (teddyellow)> 악~~~~
[10:51:35] <+dragon8211> 또늦네
[10:55:44] <@싹둑 (ssakdook)> 침투부에서 방송 하이라이트영상이 올라갑니다. https://www.youtube.com/user/zilioner83/
[11:03:27] <saizo1984> 음
[11:09:24] <vmfptm111> 오뱅없?
[11:10:23] <곰이우는소리 (teddyellow)> 크리스마스까지 뱅송업음
[11:13:43] <saizo1984> 오늘 휴방인가요
[11:18:42] <swj8957> 지각맨 바로 지각써버리네
[11:47:20] <봉봉임 (snk3981)> 대답해 침착맨은 아직인가
[12:43:49] <%여권 (ykmbear)> 오늘 휴방인데요
[12:43:51] <%여권 (ykmbear)> 배텐 mt
[19:58:13] <화장실의피에타 (idmurohazi)> 오늘도...
[19:58:18] <화장실의피에타 (idmurohazi)> 다시보기를....
[19:58:25] <화장실의피에타 (idmurohazi)> 나도 이상하다 증말....
[19:58:32] <화장실의피에타 (idmurohazi)> 왜 계속 보고 있는 걸까....
[19:58:44] <화장실의피에타 (idmurohazi)> 수다 방송 말고
[19:58:46] <화장실의피에타 (idmurohazi)> 하스스톤 방송은
[19:59:01] <화장실의피에타 (idmurohazi)> 재미가 없길래
[19:59:10] <화장실의피에타 (idmurohazi)> 핸드폰에
[19:59:14] <화장실의피에타 (idmurohazi)> 하스스톤을 깔았다....
[19:59:23] <화장실의피에타 (idmurohazi)> 빠져든다~~~~아아아아아아아아아
[19:59:31] <화장실의피에타 (idmurohazi)> 튜토리얼 하다가 자버렸지만
[19:59:37] <화장실의피에타 (idmurohazi)> 노력해서 재밌게 하고
[19:59:44] <화장실의피에타 (idmurohazi)> 같이 웃겠습니다
[19:59:49] <화장실의피에타 (idmurohazi)> 이제 다시보기 해야돼서
[19:59:51] <화장실의피에타 (idmurohazi)> 줄입니다
[20:38:57] <o0ownsgur> 휴방너무많아
[21:00:59] <@싹둑 (ssakdook)> 침투부에서 방송 하이라이트영상이 올라갑니다. https://www.youtube.com/user/zilioner83/
[22:00:42] <rocknpo> 바보똥개
