# Log started: 2018-12-13 00:38:04 +0900
[00:38:04] <devere11> 오방엇?
[00:38:06] <devere11> 오방없?
[00:46:19] <sechan1998> 따....악
[11:55:54] <kkiki567> 효니무하누
[16:18:51] <$피에로 (ddingeun_)> charity100 따악#charity
[17:41:06] <%장문식 (ddacc8801)> ddahyoniDddde
[20:48:54] <zx50447> 따악
[20:48:58] <zx50447> 아아아ㅏ앙ㄱ
[20:56:55] <%공익따무새 (gongikdda)> 오늘 방송함?
[21:01:15] <박현호 (ellegarden0716)> BibleThump
[21:02:57] <키리이키라스 (mayhyh)> 두노따?
[21:17:12] <dbtjd37840> 방송언제킴?
[21:17:26] <dbtjd37840> ㅇㅇ???
[21:24:13] <진효야똑바로안하냐 (i_am_won)> 따아아악
[21:30:50] <박현호 (ellegarden0716)> BibleThump
[21:31:18] <$하늘화살 (che2ry)> reva40 reva40 reva40
[21:32:21] <%+notAdoctor12> ddahyoni3432
[21:33:02] <%김척 (qhqo3242)> ddahyoniAaaaaaac ddahyoniAaaaaaac
[21:33:06] <%김척 (qhqo3242)> 언제와 ㅠㅠ
[21:38:17] <비타민케이 (vitamink1)> 따으으으으악
[21:44:31] <박현호 (ellegarden0716)> BibleThump BibleThump
[21:58:50] <박현호 (ellegarden0716)> GivePLZ TakeNRG GivePLZ TakeNRG
[22:01:57] <tkcsct> 따아아악
[22:09:32] <%궁디팡팡 (kjr7948)> 뒤싫방키 ddahyoniFire ddahyoniFire ddahyoniFire ddahyoniFire ddahyoniFire ddahyoniFire ddahyoniFire ddahyoniFire ddahyoniFire ddahyoniFire ddahyoniFire ddahyoniFire ddahyoniFire
[22:09:54] <$하늘화살 (che2ry)> reva40 reva40 reva40
[22:10:08] <kkwls123> BibleThump BibleThump BibleThump BibleThump BibleThump BibleThump BibleThump BibleThump BibleThump BibleThump
[22:10:10] <%궁디팡팡 (kjr7948)> 뒤 싫 방 키 ddahyoniFire ddahyoniFire ddahyoniFire ddahyoniFire ddahyoniFire ddahyoniFire ddahyoniFire ddahyoniFire ddahyoniFire ddahyoniFire ddahyoniFire
[22:10:15] <%궁디팡팡 (kjr7948)> ddahyoniFire ddahyoniFire ddahyoniFire ddahyoniFire ddahyoniFire ddahyoniFire ddahyoniFire
[22:10:26] <박현호 (ellegarden0716)> BibleThump BibleThump
[22:10:37] <비타민케이 (vitamink1)> 킁킁아 효니 좀 깨워줘
[22:10:42] <%궁디팡팡 (kjr7948)> 와 근데 챗방 대기하는분들 무엇
[22:11:34] <%궁디팡팡 (kjr7948)> 근데 이거 효니방송만
[22:11:40] <%궁디팡팡 (kjr7948)> 켯을때 알람오게어케하징
[22:12:42] <%궁디팡팡 (kjr7948)> 안되낭
[22:12:58] <%궁디팡팡 (kjr7948)> 아몰랑
[22:13:02] <%궁디팡팡 (kjr7948)> 뒤싫방키 ddahyoniFire ddahyoniFire ddahyoniFire ddahyoniFire ddahyoniFire ddahyoniFire
[22:14:13] <%궁디팡팡 (kjr7948)> 모르겟당
[22:14:22] <%궁디팡팡 (kjr7948)> 걍 재방송봐야징 흙흙
[22:27:16] <비타민케이 (vitamink1)> 을마나 감내해야하는가
[22:35:53] <%$도복순 (soooon0054)> 오
[22:36:34] <$하늘화살 (che2ry)> reva40 reva40 reva40
[22:41:37] <%+나와라비겁한녀석 (come_forth_coward)> ddahyoni3432
[22:57:33] <zxzxz7> 효니형 자?
[22:59:14] <%궁디팡팡 (kjr7948)> 오방없ㅇ
[22:59:18] <%궁디팡팡 (kjr7948)> 인가부다...
[22:59:21] <$하늘화살 (che2ry)> reva40 reva40 reva40
[22:59:25] <%궁디팡팡 (kjr7948)> ddahyoniFire ddahyoniFire ddahyoniFire
[22:59:33] <%궁디팡팡 (kjr7948)> 오방없각 ㅜㅜ
[22:59:42] <$하늘화살 (che2ry)> ㅠ
[22:59:50] <%궁디팡팡 (kjr7948)> 근데 따하티콘은 잇는데
[22:59:53] <%궁디팡팡 (kjr7948)> 왜 따바
[22:59:55] <%궁디팡팡 (kjr7948)> 티콘은
[22:59:57] <%궁디팡팡 (kjr7948)> 업ㅂ냐.
[22:59:58] <zxzxz7> 12사까지 존버해보죠
[23:00:06] <하늘화살 (che2ry)> 눈꽃뱃지이
[23:00:09] <하늘화살 (che2ry)> 이쁘다
[23:00:11] <%궁디팡팡 (kjr7948)> 그거
[23:00:13] <%궁디팡팡 (kjr7948)> 어케 얻어영
[23:00:25] <하늘화살 (che2ry)> 비트쓸때 charity라는걸로 쏘면댐
[23:00:35] <%궁디팡팡 (kjr7948)> 아 비트그나
[23:00:46] <%궁디팡팡 (kjr7948)> 전 그냥 1개월 더 존버해서
[23:00:53] <%궁디팡팡 (kjr7948)> 킁킁티콘으로
[23:00:57] <%궁디팡팡 (kjr7948)> 갈아타야게씀
[23:01:04] <%궁디팡팡 (kjr7948)> 1개월뒤면 나도 킁킁단!
[23:01:17] <하늘화살 (che2ry)> 구독이모티콘이랑 같이쓸수잇다구
[23:01:31] <%궁디팡팡 (kjr7948)> 돈이 업..ㅜ
[23:01:37] <%궁디팡팡 (kjr7948)> 그지색기라.
[23:01:39] <%궁디팡팡 (kjr7948)> ㅜㅜ
[23:39:28] <비타민케이 (vitamink1)> 으으으으을마나 감내해야하는가아아아
[23:47:01] <하늘화살 (che2ry)> 포기하자
[23:50:41] <junesub> 여기 포기안한 흑우없제~~
