# Log started: 2019-01-04 00:01:46 +0900
[2019-01-04 00:01:46] <에임 (logwizard)> 오늘은
[2019-01-04 00:01:50] <에임 (logwizard)> 노뱅송인가요
[2019-01-04 00:02:03] <에임 (logwizard)> !일정
[2019-01-04 00:30:31] <jinten62> 오늘안해??
[2019-01-04 00:53:28] <기절할꺼같아 (oih632)> 오늘효니 방송안함?
[2019-01-04 13:43:26] <vo_ov2> ㅎㅇ
[2019-01-04 17:55:03] <맛있는하늘보리 (hoon7249)> 따하
[2019-01-04 17:55:06] <%팔라리스 (palla9908)> ddahyoniDdahi ddahyoniDdahi
[2019-01-04 17:55:10] <잉짱쫑 (junkang)> 따아악
[2019-01-04 17:55:11] <%비부기 (bibugi1)> 따하
[2019-01-04 17:55:11] <MinQ0706> 따하
[2019-01-04 17:55:11] <%$충주사과 (kss8020)> 엥
[2019-01-04 17:55:12] <모드리치_ (mf_def)> 따하
[2019-01-04 17:55:13] <뱃살몽땅 (yeppt7f)> 딱
[2019-01-04 17:55:14] <%$충주사과 (kss8020)> 이시간에?
[2019-01-04 17:55:15] <%비부기 (bibugi1)> ㅠㅠㅠㅠㅠㅠㅠㅠㅠㅠㅠㅠㅠㅠ
[2019-01-04 17:55:15] <문좀열어줘 (m7ndoo)> ㄸㅎ
[2019-01-04 17:55:15] <우주빅스타 (rhksgh1993)> ?
[2019-01-04 17:55:16] <지윤아결혼하자 (shingh2000)> 무슨일이야따아아악
[2019-01-04 17:55:16] <woom0207> ㅎㅇ
[2019-01-04 17:55:17] <%비부기 (bibugi1)> 귀여워 ㅠㅠㅠㅠㅠㅠㅠㅠㅠㅠㅠㅠ
[2019-01-04 17:55:17] <%커마워영 (apqp2358)> ddahyoniDdaa ddahyoniAaaaaaaaaaa ddahyoniAaaaaaaaaaa ddahyoniAaaaaaaaaaa ddahyoniAaaaaaac
[2019-01-04 17:55:18] <우주빅스타 (rhksgh1993)> 뉴스머야
[2019-01-04 17:55:18] <GSNK2507> 으어어 뭐야?
[2019-01-04 17:55:20] <%jacksonpark4321> 으어어
[2019-01-04 17:55:21] <%비부기 (bibugi1)> 으어어
[2019-01-04 17:55:22] <Cygnusgarden> 오늘 10분토론 아님?
[2019-01-04 17:55:24] <hyh9195> 따아악
[2019-01-04 17:55:24] <lsrrokmv> 따하
[2019-01-04 17:55:25] <woom0207> 하스함?
[2019-01-04 17:55:26] <ehrua95> ㄸㅎ
[2019-01-04 17:55:26] <탕탕탕탕탕총은무서워 (abccca)> 뜨아아아아아아악
[2019-01-04 17:55:27] <kyj0324> 따하
[2019-01-04 17:55:27] <그거님탓임 (binny5998)> 으어어
[2019-01-04 17:55:27] <MAADMAN4> 경자순지
[2019-01-04 17:55:27] <지인턴 (orz965)> 따아ㅏ아아아아아아앙ㄱ
[2019-01-04 17:55:28] <잠또잠 (bocuro127)> 따하
[2019-01-04 17:55:28] <%$ralypion> 따악
[2019-01-04 17:55:29] <%$충주사과 (kss8020)> 기여웡 애기들
[2019-01-04 17:55:30] <%jacksonpark4321> 아뮤튼 따하
[2019-01-04 17:55:30] <제니크 (joe3650)> 따하
[2019-01-04 17:55:31] <rlawogus0301> 으어억
[2019-01-04 17:55:31] <지윤아결혼하자 (shingh2000)> 초롱이안뇽~~~
[2019-01-04 17:55:31] <파란무디 (ggw0312)> 따아아아아악
[2019-01-04 17:55:32] <힐주러따라감 (gbxkvs)> 모야 따하
[2019-01-04 17:55:32] <bm4706> 따아악
[2019-01-04 17:55:34] <woom0207> 하스하는거임?
[2019-01-04 17:55:34] <%땅콩뗀따효니 (goldwhale1)> ddahyoniDdaac ddahyoniDdaac ddahyoniDdaac
[2019-01-04 17:55:35] <삼분카레 (farcon64)> 으어어
[2019-01-04 17:55:37] <GSNK2507> ?
[2019-01-04 17:55:37] <%비부기 (bibugi1)> 초롱아아아ㅏㅏㅏ
[2019-01-04 17:55:37] <하창하창 (easyhoo76)> 따아아앙앙ㅇㅇ아아악
[2019-01-04 17:55:38] <%$충주사과 (kss8020)> ㅠㅠㅠ
[2019-01-04 17:55:38] <잠또잠 (bocuro127)> 커엽다..
[2019-01-04 17:55:38] <우주빅스타 (rhksgh1993)> ㅋㅋ그체육복
[2019-01-04 17:55:38] <%미넹류바 (minerva_a)> 뮤야
[2019-01-04 17:55:39] <%시공의태풍 (pjh4610)> 따하
[2019-01-04 17:55:40] <%비부기 (bibugi1)> ?
[2019-01-04 17:55:40] <왈드 (baechugun)> 따아악
[2019-01-04 17:55:40] <%꼬드 (hilwb)> 따악?
[2019-01-04 17:55:40] <GSNK2507> ㅇㅈ
[2019-01-04 17:55:40] <%으브븝 (cubist30)> 뉴스뭐냐 ㅋㅋㅋㅋㅋㅋㅋ
[2019-01-04 17:55:41] <%팔라리스 (palla9908)> ㅋㅋㅋㅋㅋㅋㅋㅋㅋㅋㅋ
[2019-01-04 17:55:41] <csy9164> 따하
[2019-01-04 17:55:42] <지윤아결혼하자 (shingh2000)> ㅠㅠㅠㅠㅠㅠㅠ
[2019-01-04 17:55:43] <%프로도빈 (sbchoi1992)> 모야 왜케일찍켬
[2019-01-04 17:55:44] <%시공의태풍 (pjh4610)> 으어어
[2019-01-04 17:55:44] <삼분카레 (farcon64)> ㅡㅓㅓ
[2019-01-04 17:55:45] <잠또잠 (bocuro127)> 앗...
[2019-01-04 17:55:46] <배추_ (sgrm2574)> 이오오
[2019-01-04 17:55:46] <하창하창 (easyhoo76)> 방석 안왔어?
[2019-01-04 17:55:46] <%꼬드 (hilwb)> 으어어 무엇
[2019-01-04 17:55:47] <우주빅스타 (rhksgh1993)> ㅜㅜ
[2019-01-04 17:55:47] <%비부기 (bibugi1)> 야 야야
[2019-01-04 17:55:47] <%미넹류바 (minerva_a)> 머야
[2019-01-04 17:55:48] <cw4xjg> 병원가라ㅜㅜ
[2019-01-04 17:55:49] <지윤아결혼하자 (shingh2000)> 아프면 쉬어야해형 ㅠㅠ ㅠㅠㅠ
[2019-01-04 17:55:49] <제니크 (joe3650)> 일단 병원을 가시는게
[2019-01-04 17:55:49] <kyj0324> ㅡㅓㅓ
[2019-01-04 17:55:50] <MinQ0706> )x(
[2019-01-04 17:55:50] <%$한국인 (hankukin)> 뉴스 ㅋㅋㅋ
[2019-01-04 17:55:51] <우주빅스타 (rhksgh1993)> 도넛방석 어디
[2019-01-04 17:55:51] <%페리1229 (conscale7)> 킹쁜소식이야?
[2019-01-04 17:55:52] <%+노잭슨 (nohjackson)> ddahyoniHeeing ddahyoniHeeing ddahyoniHeeing ddahyoniHeeing
[2019-01-04 17:55:52] <하겐다즈냠냠 (engh6506)> ㄷㄷ
[2019-01-04 17:55:53] VIEWERS: 44
[2019-01-04 17:55:55] <오승123 (trickgun27)> 광고광고 ㅠㅠ
[2019-01-04 17:55:56] <lsrrokmv> 오방없?
[2019-01-04 17:55:57] <침착한상추 (airsong95)> 따아아아악
[2019-01-04 17:55:59] <%비부기 (bibugi1)> )*(
[2019-01-04 17:56:00] <producerj> 아프니까 어쩔 수 없지
[2019-01-04 17:56:01] <%ms3019> 죽어?
[2019-01-04 17:56:05] <명서비 (vpdrnls32)> 따하
[2019-01-04 17:56:06] <%$충주사과 (kss8020)> 히잉 ㅠㅠ
[2019-01-04 17:56:08] <%문무니 (kym1316)> 머야 터졌어?
[2019-01-04 17:56:09] <%kanaria1> ddahyoniDdahi
[2019-01-04 17:56:09] <noah001026> 앗.
[2019-01-04 17:56:10] <우주빅스타 (rhksgh1993)> ㅓㅡㅐ
[2019-01-04 17:56:10] <명서비 (vpdrnls32)> 으어어 무엇 ㅋㅋㅋㅋㅋ
[2019-01-04 17:56:11] <지윤아결혼하자 (shingh2000)> ㅠㅠㅠㅠㅠㅠㅠㅠㅠㅠㅠㅠ
[2019-01-04 17:56:11] <%비부기 (bibugi1)> 듁디마
[2019-01-04 17:56:11] <%jacksonpark4321> 죽지마 ㅠㅠ
[2019-01-04 17:56:12] <하창하창 (easyhoo76)> 수술했으면 쉬었어야지 ㅡㅡ
[2019-01-04 17:56:13] <bm4706> 인벤방송은 찌금?
[2019-01-04 17:56:15] <ltsilove> 생리대 써야겠네
[2019-01-04 17:56:16] <hyh9195> 따아악
[2019-01-04 17:56:17] <%$충주사과 (kss8020)> 어쩔수없지..
[2019-01-04 17:56:17] <ghdrldnr> 따아악
[2019-01-04 17:56:20] <%ms3019> 피나?
[2019-01-04 17:56:20] <%법사살려죠 (phw961)> 오뱅잇?
[2019-01-04 17:56:20] <%비부기 (bibugi1)> 레오야 효니 간호좀 해줘
[2019-01-04 17:56:20] <ifgeema> 으어억
[2019-01-04 17:56:21] <%애니보세요 (qud2582)> ㅡㅓㅓㅓ
[2019-01-04 17:56:25] <hyh9195> 피나와?
[2019-01-04 17:56:27] <lsrrokmv> 오뱅없이지? ㅇㅋ
[2019-01-04 17:56:28] <지윤아결혼하자 (shingh2000)> 효니형너무 아픈데 일정이빡빡한거아니야?? ㅠㅠㅠ
[2019-01-04 17:56:30] <%$충주사과 (kss8020)> 무리하지마염
[2019-01-04 17:56:32] <%비부기 (bibugi1)> ㅠㅠ
[2019-01-04 17:56:33] <하창하창 (easyhoo76)> 무리하면 더 심해져
[2019-01-04 17:56:35] <hyh9195> 오뱅알
[2019-01-04 17:56:37] <%법사살려죠 (phw961)> 아냐 쉬어
[2019-01-04 17:56:38] <우주빅스타 (rhksgh1993)> 그냥 쉬어 ㅜ
[2019-01-04 17:56:38] <콕비_ (cokkbee_)> 왜또 죽는소리중이냐
[2019-01-04 17:56:40] <%프로도빈 (sbchoi1992)> 오늘도가요?????????
[2019-01-04 17:56:41] <%환불편충 (iee66yt)> 어카누.
[2019-01-04 17:56:42] <%비부기 (bibugi1)> 효니야 그거 잘못하면 더 벌어져
[2019-01-04 17:56:42] <조스스톤 (dlwhddml123)> !게임
[2019-01-04 17:56:44] <%$충주사과 (kss8020)> 힘들면 쉬세염
[2019-01-04 17:56:45] <%땅콩뗀따효니 (goldwhale1)> ddahyoniHeeing ddahyoniHeeing
[2019-01-04 17:56:45] <클린노루 (u090)> 물구나무서서 하면 안되나요?
[2019-01-04 17:56:45] <Tlover> 그냥 셔
[2019-01-04 17:56:46] <onepun1> 폴짝
[2019-01-04 17:56:47] <%페리1229 (conscale7)> 오 이제 올라오네
[2019-01-04 17:56:47] <호에애엥 (wnsgkr0215)> 할거면 오래하지마
[2019-01-04 17:56:48] <기가쎄지만타락한조강현 (jkb8662)> 엉꼬 ㅗㅜㅑ
[2019-01-04 17:56:49] <배추_ (sgrm2574)> 무ㅡ시
[2019-01-04 17:56:49] <%DDengle> 무여
[2019-01-04 17:56:49] <lsrrokmv> 걍 자라 무리말고
[2019-01-04 17:56:50] <우주빅스타 (rhksgh1993)> 레오 곱다 고와
[2019-01-04 17:56:51] <%$한국인 (hankukin)> 이정도면 다시 입원해야하는거 아님?
[2019-01-04 17:56:51] <%따우스 (godqhr2157)> 엉덩이 터졌어?
[2019-01-04 17:56:52] <kyj0324> 오뱅없 ㅇㅈ합니다
[2019-01-04 17:56:53] <하창하창 (easyhoo76)> 레오 다 컷네
[2019-01-04 17:56:53] <%깜짝박스메이드백상현 (ddacc8801)> 푹쉬어
[2019-01-04 17:56:53] <%ms3019> 잘못하면 다시 수술해야한다?
[2019-01-04 17:56:54] <%+노잭슨 (nohjackson)> 오
[2019-01-04 17:56:54] <%비부기 (bibugi1)> 레오야아아
[2019-01-04 17:56:55] <%법사살려죠 (phw961)> 사냥개시
[2019-01-04 17:56:56] <GSNK2507> 성큼
[2019-01-04 17:57:00] <우주빅스타 (rhksgh1993)> 고양이들이 말을 왤케 잘듣지 ㄷ;
[2019-01-04 17:57:01] <%비부기 (bibugi1)> ㅋㅋㅋㅋㅋㅋㅋㅋㅋㅋㅋㅋ
[2019-01-04 17:57:02] <맛실 (kimhaha0425)> ㅎㅅㅋㄹ
[2019-01-04 17:57:03] <%팔라리스 (palla9908)> 고양이들 엄청 빨리 크네
[2019-01-04 17:57:04] <웃음후보생 (spdlqj4869)> 레(니아)오
[2019-01-04 17:57:04] <%비부기 (bibugi1)> 초롱이봐
[2019-01-04 17:57:05] <%법사살려죠 (phw961)> 초하
[2019-01-04 17:57:06] <하겐다즈냠냠 (engh6506)> 초롱~
[2019-01-04 17:57:08] <호에애엥 (wnsgkr0215)> 힘들면 하지말고 할거면 조금만 해
[2019-01-04 17:57:09] <%애니보세요 (qud2582)> 초하
[2019-01-04 17:57:10] <하창하창 (easyhoo76)> 싫엉
[2019-01-04 17:57:16] <%법사살려죠 (phw961)> 하면 또 많이하게 되니까 걍 하지마
[2019-01-04 17:57:16] <%팔라리스 (palla9908)> ㅋㅋㅋㅋㅋㅋㅋ
[2019-01-04 17:57:17] <얍얍하는얍얍의얍얍 (darkmind5)> ㅋㅋㅋㅋ
[2019-01-04 17:57:18] <%아그렇게드로우를많이하면 (if_you_draw_too_much)> 엉덩이 ddahyoniFire 인가요
[2019-01-04 17:57:18] <GSNK2507> 개무시
[2019-01-04 17:57:19] <하창하창 (easyhoo76)> ㅋㅋㅋㅋㅋㅋㅋㅋㅋㅋㅋㅋㅋ
[2019-01-04 17:57:19] <%팔라리스 (palla9908)> 무시
[2019-01-04 17:57:22] <왈드 (baechugun)> 안옴 ㅋㅋㅋ
[2019-01-04 17:57:22] <lsrrokmv> 무ㅡㅡㅡㅡ시
[2019-01-04 17:57:22] <browncity__> 싫다 닝겐
[2019-01-04 17:57:22] <%ms3019> 무시
[2019-01-04 17:57:22] <웃음후보생 (spdlqj4869)> ㅋㅋㅋㅋㅋㅋㅋ
[2019-01-04 17:57:23] <%페리1229 (conscale7)> 이제 좀 고양이 같네 오는게 이상했어
[2019-01-04 17:57:27] <지윤아결혼하자 (shingh2000)> 냥무시 ㅋㅋ
[2019-01-04 17:57:28] <%팔라리스 (palla9908)> ㅋㅋㅋㅋㅋㅋㅋㅋㅋㅋ
[2019-01-04 17:57:29] <%비부기 (bibugi1)> 아구 초롱아 ㅠㅠ
[2019-01-04 17:57:30] <%Parancel> ㅋㅋㅋ
[2019-01-04 17:57:30] <하겐다즈냠냠 (engh6506)> ㅋㅋㅋㅋ
[2019-01-04 17:57:30] <훗세 (dydrkfl9595)> sidantl
[2019-01-04 17:57:31] <침착한상추 (airsong95)> ㅋㅋㅋㅋㅋㅋㅋㅋㅋㅋ
[2019-01-04 17:57:31] <%아그렇게드로우를많이하면 (if_you_draw_too_much)> 냥 무 시
[2019-01-04 17:57:31] <GSNK2507> ㅋㅋㅋㅋㅋㅋㅋㅋㅋㅋㅋㅋㅋㅋ
[2019-01-04 17:57:31] <%ms3019> 어디집사가
[2019-01-04 17:57:31] <하겐다즈냠냠 (engh6506)> 졸귀
[2019-01-04 17:57:32] <하창하창 (easyhoo76)> 아이고ㅠ ㅠ
[2019-01-04 17:57:33] <%깜짝박스메이드백상현 (ddacc8801)> ㅋㅋㅋㅋ
[2019-01-04 17:57:33] <웃음후보생 (spdlqj4869)> 커엽 ㅜㅜ
[2019-01-04 17:57:33] <김똘추 (eruption1903)> 애들 관전안좋아져 ㅠ
[2019-01-04 17:57:34] <훗세 (dydrkfl9595)> 냥무룩
[2019-01-04 17:57:34] <lsrrokmv> ㅋㅋㅋㅋ
[2019-01-04 17:57:34] <구렁덩덩 (newpaing03)> 따하
[2019-01-04 17:57:35] <%비부기 (bibugi1)> ㅠㅠㅠㅠㅠㅠㅠㅠㅠㅠㅠ
[2019-01-04 17:57:36] <달맞이꽃 (dudu2841)> 2트 실패 ㅠㅠ
[2019-01-04 17:57:37] <왈드 (baechugun)> 초롱이는 왜 못올라오냐 ㅋㅋ
[2019-01-04 17:57:37] <%$heeeeeing> 방송 무엇
[2019-01-04 17:57:38] <어알띠 (rkttb3)> 따아아앙ㄱ
[2019-01-04 17:57:38] <ifgeema> CoolCat CoolCat
[2019-01-04 17:57:39] <%$충주사과 (kss8020)> 기여웡 ㅠㅠ
[2019-01-04 17:57:40] <%비부기 (bibugi1)> 7우주뿌셔 ㅠㅠ
[2019-01-04 17:57:41] <얍얍하는얍얍의얍얍 (darkmind5)> 호다닥
[2019-01-04 17:57:42] <GSNK2507> 호다닥
[2019-01-04 17:57:43] <하창하창 (easyhoo76)> 잉
[2019-01-04 17:57:45] <%+노잭슨 (nohjackson)> ddahyoniHeeing ddahyoniHeeing
[2019-01-04 17:57:48] <lsrrokmv> ㅋㅋㅋ
[2019-01-04 17:57:51] <%비부기 (bibugi1)> 레하
[2019-01-04 17:57:53] VIEWERS: 483
[2019-01-04 17:57:54] <ddazoa> 레오는 항상 하품하고 있는거같아
[2019-01-04 17:57:55] <%$heeeeeing> 레오옹
[2019-01-04 17:57:55] <%$충주사과 (kss8020)> 레오 이쁜거봐
[2019-01-04 17:57:58] <%비부기 (bibugi1)> 레오옹
[2019-01-04 17:58:01] <ty_chus> 레니아오
[2019-01-04 17:58:02] <하창하창 (easyhoo76)> 점이 포인트
[2019-01-04 17:58:06] <%비부기 (bibugi1)> ddahyoni3432 ddahyoni3432 ddahyoni3432
[2019-01-04 17:58:09] <지윤아결혼하자 (shingh2000)> 레오는약간 황제같이 생겼어
[2019-01-04 17:58:10] <호랑이는어흥어흥 (edeuking)> 좆냥이 치우고 빨리 하스해
[2019-01-04 17:58:10] <andyyo313> 턱수염 ㄹㅇ 상남자
[2019-01-04 17:58:14] <%$heeeeeing> 초롱이ㅋㅋㅋㅋㅋㅋㅋㅋ
[2019-01-04 17:58:15] <침착한상추 (airsong95)> 초롱이좀 ㄴ올려주자
[2019-01-04 17:58:15] <%팔라리스 (palla9908)> 초롱이 ㅋㅋㅋ
[2019-01-04 17:58:18] <스트푸 (forsqurral)> 따하
[2019-01-04 17:58:19] <하창하창 (easyhoo76)> ㅋㅋㅋㅋㅋㅋㅋㅋㅋㅋㅋ
[2019-01-04 17:58:20] <%$충주사과 (kss8020)> 폴짝 폴짝
[2019-01-04 17:58:21] <%비부기 (bibugi1)> 초롱이 못올라와?
[2019-01-04 17:58:22] <하창하창 (easyhoo76)> 초롱이 불쌍해
[2019-01-04 17:58:23] <%마린큐브 (marinecube)> ddahyoniDdaa ddahyoniAaaaaaaaaaa ddahyoniAaaaaaaaaaa ddahyoniAaaaaaac
[2019-01-04 17:58:23] <폭흥겜히오스 (phan813)> 쪼롱이 커엽
[2019-01-04 17:58:24] <%비부기 (bibugi1)> ㅋㅋㅋㅋㅋㅋㅋㅋㅋㅋㅋㅋㅋ
[2019-01-04 17:58:27] <%비부기 (bibugi1)> 레오야 좀 올려줘
[2019-01-04 17:58:27] <ddazoa> 지 구 뿌 셔
[2019-01-04 17:58:29] <기가쎄지만타락한조강현 (jkb8662)> 오늘 하스안함?
[2019-01-04 17:58:29] <katnissssssss> 벌써 빠르넹
[2019-01-04 17:58:30] <폭흥겜히오스 (phan813)> ㅋㅋㅋ
[2019-01-04 17:58:35] <ty_chus> 초롱이 고양이맞음?
[2019-01-04 17:58:37] <웰빙곰 (lhm131)> 꼬리잡으려고 ㅋㅋ
[2019-01-04 17:58:39] <katnissssssss> ㅡㅓㅓ
[2019-01-04 17:58:40] <%$heeeeeing> 그냥 레오한ㅌㅔ 시비걸고 싶은걸가
[2019-01-04 17:58:40] <lsh5092> 방송이라 약한척
[2019-01-04 17:58:41] <%kanaria1> ddahyoni3432
[2019-01-04 17:58:43] <룩크쇼 (dlgkrwns12)> 레오 도도하네
[2019-01-04 17:58:44] <소주맛탕 (gogogo1054)> 레오가한심하게보는중
[2019-01-04 17:58:49] <%비부기 (bibugi1)> 도도미
[2019-01-04 17:58:50] <ty_chus> 크크이도 올라오는데
[2019-01-04 17:58:50] <선비사상 (namhyeon9037)> 으어어 머야 ㅋㅋ
[2019-01-04 17:58:56] <%비부기 (bibugi1)> ㅋㅋㅋㅋㅋㅋㅋㅋㅋㅋㅋㅋ
[2019-01-04 17:58:58] <달맞이꽃 (dudu2841)> 3트 실패 ㅠㅠ
[2019-01-04 17:58:59] <csa4561> 레오 문희준 닮았네
[2019-01-04 17:59:05] <er9388> 레오 턱이 까매서 맨날 입벌리고 있는거같애 ㅋㅋㅋ
[2019-01-04 17:59:10] <ifgeema> 레(니아)오
[2019-01-04 17:59:19] <캐슬링 (castlingian)> 레오 이제 나루 가텐
[2019-01-04 17:59:21] <캐슬링 (castlingian)> 나루 같네
[2019-01-04 17:59:22] <ty_chus> 레니아오
[2019-01-04 17:59:26] <폭흥겜히오스 (phan813)> ㅋㅋ
[2019-01-04 17:59:27] <%$충주사과 (kss8020)> ㅠㅠㅠ
[2019-01-04 17:59:27] <%$heeeeeing> ㅋㅋㅋㅋㅋㅋㅋㅋㅋ
[2019-01-04 17:59:29] <%비부기 (bibugi1)> 레니아오
[2019-01-04 17:59:31] <하창하창 (easyhoo76)> 효니야 힘들면 그냥 다른 거 다 쉬고 몸사려
[2019-01-04 17:59:33] <%깜짝박스메이드백상현 (ddacc8801)> 찐따효니ㅠㅠ
[2019-01-04 17:59:33] <andyyo313> 닝겐
[2019-01-04 17:59:34] <스트푸 (forsqurral)> 효니 무시당함 ㅋㅋㅋㅋㅋㅋㄱㅋㅋㄱㅋ
[2019-01-04 17:59:40] <%비부기 (bibugi1)> 그래서 그 토끼는요?
[2019-01-04 17:59:40] <lsalmachine> 무요
[2019-01-04 17:59:41] <침착한상추 (airsong95)> ㅋㅋㅋㅋㅋㅋ멸시
[2019-01-04 17:59:41] <%+노잭슨 (nohjackson)> 킁킁이 ㅇㄷ?
[2019-01-04 17:59:44] <스트푸 (forsqurral)> ㄹㅇ 찐따효니자너 ㅋㅋㅋㅋ
[2019-01-04 17:59:45] <구렁덩덩 (newpaing03)> 만지지말라 이말이여
[2019-01-04 17:59:45] <%비부기 (bibugi1)> 절 대 킁 캠 켜
[2019-01-04 17:59:48] <왈드 (baechugun)> 와줘 ㅋㅋㅋ
[2019-01-04 17:59:51] <codii123> 하스언제함??
[2019-01-04 17:59:53] VIEWERS: 638
[2019-01-04 17:59:53] <힐주러따라감 (gbxkvs)> 역시 4순위 계급 따효니다 이말이야
[2019-01-04 17:59:54] <호에애엥 (wnsgkr0215)> 레오 털 왜이리 산발인거같지
[2019-01-04 17:59:55] <%+노잭슨 (nohjackson)> 앗
[2019-01-04 17:59:55] <bm4706> 덩치차이 크네
[2019-01-04 17:59:57] <%+노잭슨 (nohjackson)> 그 토끼 ㅠㅠ
[2019-01-04 17:59:57] <지윤아결혼하자 (shingh2000)> 앗
[2019-01-04 17:59:58] <%비부기 (bibugi1)> 앗...
[2019-01-04 18:00:00] <andyyo313> 앗
[2019-01-04 18:00:00] <하창하창 (easyhoo76)> 아앗
[2019-01-04 18:00:00] <yeon1108> 죽을 뻔함?
[2019-01-04 18:00:01] <구렁덩덩 (newpaing03)> )&(
[2019-01-04 18:00:01] <%$한국인 (hankukin)> ddahyoniK
[2019-01-04 18:00:01] <%땅콩뗀따효니 (goldwhale1)> 킁하
[2019-01-04 18:00:02] <스트푸 (forsqurral)> 앗...,
[2019-01-04 18:00:02] <팬다판달 (pandapendar)> 킁킁이다
[2019-01-04 18:00:03] <옵션퍼플 (redoxalis)> 이제 크크이는 땅콩없다고 안놀아주냐 ㅡㅡ
[2019-01-04 18:00:03] <모드리치_ (mf_def)> 킁하
[2019-01-04 18:00:03] <andyyo313> 킁하
[2019-01-04 18:00:03] <%$heeeeeing> 그래서 으어어 였구나
[2019-01-04 18:00:04] <%비부기 (bibugi1)> 킁하
[2019-01-04 18:00:05] <덴드 (do0203)> 감각이..
[2019-01-04 18:00:05] <구렁덩덩 (newpaing03)> )*(
[2019-01-04 18:00:05] <슬레이더스파이어 (innslaythespire)> 킁킁이 ㅠㅠㅠ
[2019-01-04 18:00:07] <시공조아돌겜조아 (kmssk68)> 앗...
[2019-01-04 18:00:08] <웃음후보생 (spdlqj4869)> 크크이 ㅜㅜ
[2019-01-04 18:00:09] <%비부기 (bibugi1)> ddahyoniK ddahyoniK
[2019-01-04 18:00:09] <지윤아결혼하자 (shingh2000)> 칼로찢기는기분 ㅠㅠ
[2019-01-04 18:00:10] <kyj0324> 킁하
[2019-01-04 18:00:10] <꿩마농 (jo54725)> )*(
[2019-01-04 18:00:10] <옵션퍼플 (redoxalis)> 크하
[2019-01-04 18:00:12] <%kanaria1> ddahyoniK ddahyoniK
[2019-01-04 18:00:12] <yeon1108> 킬각 잘 피했나요
[2019-01-04 18:00:13] <%프로도빈 (sbchoi1992)> )@(
[2019-01-04 18:00:15] <미미큐 (kgg232)> 그 고자....
[2019-01-04 18:00:15] <kayeong2> 킁킁이
[2019-01-04 18:00:16] <+k87130> 불타는 응꼬
[2019-01-04 18:00:16] <지윤아결혼하자 (shingh2000)> 내엉덩이가아파
[2019-01-04 18:00:17] <제노아드 (rounddog)> 그 토끼]
[2019-01-04 18:00:17] <hjk2882> 앗
[2019-01-04 18:00:18] <폭흥겜히오스 (phan813)> 빵댕이 아직도 아픔? keroThump
[2019-01-04 18:00:18] <%$충주사과 (kss8020)> 진짜 많이 아픈가보다 그거
[2019-01-04 18:00:18] <냥크리트ㅎ (cexjoa)> 똥꼬투혼 ㅡㅠㅠㅠㅠ
[2019-01-04 18:00:19] <화륵 (lordarchimond)> )&(
[2019-01-04 18:00:20] <codii123> 그럼 오늘 하스안함?
[2019-01-04 18:00:20] <%+Psyche22> ddahyoniSer ddahyoniSer
[2019-01-04 18:00:20] <andyyo313> 킁킁이도 보요줘
[2019-01-04 18:00:22] <ddazoa> 그 킁킁이...
[2019-01-04 18:00:24] <yeon1108> 으악
[2019-01-04 18:00:25] <yeon1108> 그만해
[2019-01-04 18:00:27] <%깜짝박스메이드백상현 (ddacc8801)> ㄷㄷㄷ
[2019-01-04 18:00:27] <얍얍하는얍얍의얍얍 (darkmind5)> ㅓㅜㅑ
[2019-01-04 18:00:28] <%비부기 (bibugi1)> 으아악
[2019-01-04 18:00:28] <꿩마농 (jo54725)> )*(->)@(
[2019-01-04 18:00:28] <각철 (gackchul)> 나는 똥꽈 없어
[2019-01-04 18:00:28] <구렁덩덩 (newpaing03)> ㅗㅜㅑ
[2019-01-04 18:00:29] <%$heeeeeing> ㅋㅋㅋㅋㅋㅋㅋㅋㅋㅋㅋㅋ
[2019-01-04 18:00:31] <%프로도빈 (sbchoi1992)> ddahyoniAaaaaaac
[2019-01-04 18:00:33] <asdqe13> RaccAttack RaccAttack RaccAttack
[2019-01-04 18:00:34] <%잔피 (jan_p1)> 킁킁이의 저주
[2019-01-04 18:00:34] <%비부기 (bibugi1)> ???
[2019-01-04 18:00:34] <yeon1108> 암튼 있음 ㅋㅋ;
[2019-01-04 18:00:35] <ddazoa> 킁킁이도 보여줘라아아악
[2019-01-04 18:00:37] <%lifk0> 또 칼을쌌어?
[2019-01-04 18:00:38] <호에애엥 (wnsgkr0215)> ????
[2019-01-04 18:00:39] <화륵 (lordarchimond)> ) riPepperonis (
[2019-01-04 18:00:40] <소시지니 (sosigenie)> )*(
[2019-01-04 18:00:40] <%비부기 (bibugi1)> 크크이의 저주
[2019-01-04 18:00:42] <lsrrokmv> ?
[2019-01-04 18:00:44] <K19662000> 하스해
[2019-01-04 18:00:45] <기믹_ (kimik9127)> 침대 흥건한거 아냐?
[2019-01-04 18:00:46] <스트푸 (forsqurral)> ??? 아닌데?
[2019-01-04 18:00:47] <yeon1108> 님만큼 심한 사람도 있을까요?
[2019-01-04 18:00:48] <%$heeeeeing> 치크나이트는 어디에나 있다...
[2019-01-04 18:00:49] <kyj0324> ymwFlurryh
[2019-01-04 18:00:50] <각철 (gackchul)> ) CurseLit (
[2019-01-04 18:00:52] <미미큐 (kgg232)> 피가 강을 이루리다
[2019-01-04 18:00:53] <lsrrokmv> 치질 그딴 거 누가걸림?
[2019-01-04 18:00:53] <ddazoa> 크크이는 기억할 것입니다
[2019-01-04 18:00:55] <lsrrokmv> ㅋㅋㅋㅋㅋㅋ
[2019-01-04 18:00:56] <%$프리즘큐큐큐 (dkrl134)> ddahyoniDdahi ddahyoniDdahi \
[2019-01-04 18:00:57] <kayeong2> 근데 뭔짓했길래 똥꼬가 그람?
[2019-01-04 18:00:57] <호에애엥 (wnsgkr0215)> 침대에 피 뭍은거야?
[2019-01-04 18:00:59] <sadistn> 전립선도 느껴진다고???
[2019-01-04 18:00:59] <시공조아돌겜조아 (kmssk68)> 근데 카테고리 바꿔야지않냐
[2019-01-04 18:01:00] <andyyo313> ㅠㅠㅠㅠㅠ
[2019-01-04 18:01:00] <yeon1108> 허허...
[2019-01-04 18:01:02] <%프로도빈 (sbchoi1992)> ddahyoni3432 ddahyoni3432 ddahyoni3432 ddahyoni3432
[2019-01-04 18:01:04] <%비부기 (bibugi1)> ?
[2019-01-04 18:01:04] <ddazoa> 그치만...
[2019-01-04 18:01:05] <웃음후보생 (spdlqj4869)> ?
[2019-01-04 18:01:05] <팬다판달 (pandapendar)> ?
[2019-01-04 18:01:05] <cotagoin> 가서 좌욕좀 하셈
[2019-01-04 18:01:06] <GSNK2507> ?
[2019-01-04 18:01:07] <%비부기 (bibugi1)> ㄴ
[2019-01-04 18:01:07] <yeon1108> 암튼 모름~
[2019-01-04 18:01:07] <K19662000> 빨리 하스해
[2019-01-04 18:01:08] <%$한국인 (hankukin)> 악담 ㅋㅋㅋ
[2019-01-04 18:01:08] <옷흥 (seeperk)> ㅡㅓㅓ
[2019-01-04 18:01:09] <lsrrokmv> ?
[2019-01-04 18:01:09] <지윤아결혼하자 (shingh2000)> ??
[2019-01-04 18:01:10] <%kanaria1> ) ddahyoniFire (
[2019-01-04 18:01:10] <오네이트 (disakrasia5)> ㅋㅋㅋ
[2019-01-04 18:01:11] <GSNK2507> 왜 저주를하지?
[2019-01-04 18:01:12] <%dksxotmd> ??
[2019-01-04 18:01:13] <구렁덩덩 (newpaing03)> 구도좋다
[2019-01-04 18:01:13] <%페리1229 (conscale7)> 네 맞워요
[2019-01-04 18:01:13] <K19662000> 암튼 하스해
[2019-01-04 18:01:13] <asdddq12> 커엽
[2019-01-04 18:01:13] <미미큐 (kgg232)> 피와 어둠으로 맺어진 치질이다~
[2019-01-04 18:01:14] <csmmy1211> )*( )x( )*(
[2019-01-04 18:01:14] <바이너리트리 (work103)> zjdudnj
[2019-01-04 18:01:14] <%$heeeeeing> 어 마징가귀
[2019-01-04 18:01:14] <화륵 (lordarchimond)> 르 건 즈
[2019-01-04 18:01:14] <시공조아돌겜조아 (kmssk68)> ㅈㄹㄴ
[2019-01-04 18:01:14] <스트푸 (forsqurral)> 쪼롱이 ㅎㅇ
[2019-01-04 18:01:14] <웃음후보생 (spdlqj4869)> 초롱이 커엽 ㅜㅜ
[2019-01-04 18:01:15] <훗세 (dydrkfl9595)> 냥무룩
[2019-01-04 18:01:15] <%비부기 (bibugi1)> ddahyoniFire ddahyoniFire ddahyoniFire
[2019-01-04 18:01:16] <폭흥겜히오스 (phan813)> 커엽
[2019-01-04 18:01:16] <%프로도빈 (sbchoi1992)> ddahyoniFire ddahyoniFire ddahyoniFire ddahyoniFire
[2019-01-04 18:01:16] <메이플시럽 (skygigon)> 맹수보소
[2019-01-04 18:01:17] <구렁덩덩 (newpaing03)> ㅋㅋㅋㅋㅋㅋㅋ
[2019-01-04 18:01:17] <꿩마농 (jo54725)> ㅋㅋㅋㅋㅋㅋㅋㅋㅋㅋㅋ 너무하네
[2019-01-04 18:01:17] <바이너리트리 (work103)> 너ㅓ무 귀여워 ㅋㅋ
[2019-01-04 18:01:18] <oosoom12> 갑자기?? ㅋㅋㅋ
[2019-01-04 18:01:19] <%비부기 (bibugi1)> 초롱아 ㅠㅠㅠ
[2019-01-04 18:01:19] <yeon1108> 초롱이 점프 개귀엽네
[2019-01-04 18:01:20] <침착한상추 (airsong95)> 네다치~
[2019-01-04 18:01:22] <디솔 (10name)> ㅗㅜㅑ
[2019-01-04 18:01:22] <구렁덩덩 (newpaing03)> 장난쳐달래
[2019-01-04 18:01:24] <lsrrokmv> 운동열심히하세요
[2019-01-04 18:01:25] <beomsu4479> 귀여워 ㅋㅋㅋㅋㅋ
[2019-01-04 18:01:25] <파란무디 (ggw0312)> 치질따
[2019-01-04 18:01:25] <죽지못해산다 (shwj430)> 맹수다!!!!!!
[2019-01-04 18:01:26] <GSNK2507> 사냥시작
[2019-01-04 18:01:26] <헨리워튼 (tofu1237)> 와 귀여운거보소
[2019-01-04 18:01:27] <스트푸 (forsqurral)> 아이구 맹수야 ㅜㅜ 무섭
[2019-01-04 18:01:28] <바이너리트리 (work103)> 초롱아 효니 뿌셔 ㅠㅠ
[2019-01-04 18:01:29] <hskim001128> 쪼롱이
[2019-01-04 18:01:29] <%미넹류바 (minerva_a)> 뉴스뭐야
[2019-01-04 18:01:32] <소시지니 (sosigenie)> 진짜 힐링된다
[2019-01-04 18:01:34] <바이너리트리 (work103)> 초롱이 뿌셔 효니 뿌셔 ㅠㅠ
[2019-01-04 18:01:35] <rgerag53y> 으어어
[2019-01-04 18:01:37] <kayeong2> (%)
[2019-01-04 18:01:37] <주팔람 (jupalum)> 커여웡
[2019-01-04 18:01:39] <폭흥겜히오스 (phan813)> 허걱
[2019-01-04 18:01:39] <yeon1108> 아이 귀여워
[2019-01-04 18:01:40] <%$충주사과 (kss8020)> 표정봐 ㅋㅋ
[2019-01-04 18:01:40] <구렁덩덩 (newpaing03)> 후욱후욱
[2019-01-04 18:01:40] <hsj0503> 근데 치질걸리면 의자에도 앉아도 똥꼬아픔?
[2019-01-04 18:01:41] <yeon1108> 짜식
[2019-01-04 18:01:42] <메이플시럽 (skygigon)> 쌉귀엽다
[2019-01-04 18:01:42] <웃음후보생 (spdlqj4869)> 애교쟁이다 진짜
[2019-01-04 18:01:43] <마른수염방어구제작자 (chjae738)> 커엽추
[2019-01-04 18:01:44] <지윤아결혼하자 (shingh2000)> 초롱이가 충신이다충신
[2019-01-04 18:01:46] <S01T004718> 으어어
[2019-01-04 18:01:47] <yeon1108> 숨소리 보소
[2019-01-04 18:01:49] <+톡귀 (talk_ear)> 후욱후욱
[2019-01-04 18:01:49] <yeon1108> 죽을라 그러냐
[2019-01-04 18:01:50] <doskim> 거친 숨소리
[2019-01-04 18:01:50] <구렁덩덩 (newpaing03)> 후욱후욱..
[2019-01-04 18:01:52] <hyh9195> 오뱅알
[2019-01-04 18:01:53] VIEWERS: 753
[2019-01-04 18:01:54] <꿩마농 (jo54725)> 때껄룩 나만없어
[2019-01-04 18:01:55] <스트푸 (forsqurral)> 고양이 맞냐 강아진데
[2019-01-04 18:01:58] <lsrrokmv> 후욱후욱
[2019-01-04 18:01:59] <%미넹류바 (minerva_a)> 죽을라고하네 ㅋㅋㅋㅋㅋ
[2019-01-04 18:02:00] <바이너리트리 (work103)> 나만 초롱이없어 ㅠㅠ
[2019-01-04 18:02:01] <hskim001128> ㅋㅋㅋ
[2019-01-04 18:02:04] <%미넹류바 (minerva_a)> 아프면 쉬어라 걍
[2019-01-04 18:02:06] <구렁덩덩 (newpaing03)> ㅋㅋㅋ턱
[2019-01-04 18:02:06] <%$heeeeeing> 어제 그렇게 오래 앉아있었으니 ㅠ
[2019-01-04 18:02:07] <민도리0808 (rkdalstjd07)> 감기걸림?
[2019-01-04 18:02:12] <지윤아결혼하자 (shingh2000)> 어구
[2019-01-04 18:02:17] <%미넹류바 (minerva_a)> 괜히 그랫다 처지면 골치아픔
[2019-01-04 18:02:18] <싸뮤 (ffrinoa)> 흐아앙
[2019-01-04 18:02:21] <고이 (hu8876123)> 초롱이....
[2019-01-04 18:02:21] <%미넹류바 (minerva_a)> 터지면
[2019-01-04 18:02:21] <cw4xjg> 앉는게 불가하니 오늘은 눕방인가요
[2019-01-04 18:02:21] <꿩마농 (jo54725)> 레오 턱수염 ㅋㅋㅋㅋㅋ
[2019-01-04 18:02:22] <yeon1108> 스카 없었으면 어떡할 뻔했냐
[2019-01-04 18:02:22] <%+월간따무새 (pio_asparagus)> 효니 중성화함?
[2019-01-04 18:02:23] <rudtns6443> 따효니님 어제 왜 ㅗ오래앉아있었는지 아시는분 있으신가요?
[2019-01-04 18:02:23] <미미큐 (kgg232)> 항문 과부하
[2019-01-04 18:02:23] <%$충주사과 (kss8020)> 히잉
[2019-01-04 18:02:23] <%비부기 (bibugi1)> ㅊ롱이 ㅠㅠㅠㅠㅠㅠ
[2019-01-04 18:02:24] <%관우종아리 (gsm05327)> 으어어
[2019-01-04 18:02:24] <스트푸 (forsqurral)> 누워서 하스 가즈아아아아아아
[2019-01-04 18:02:25] <브엙 (y707088)> 아 귀엽다....
[2019-01-04 18:02:26] <yeon1108> 스카한테 밥이나 사 주자
[2019-01-04 18:02:28] <hskim001128> 얘네길냥이에요?분양받은건가?
[2019-01-04 18:02:32] <%$heeeeeing> 어제 대회 해설해서요
[2019-01-04 18:02:35] <rhtntn4y> 레오는 입벌리고있네
[2019-01-04 18:02:35] <%비부기 (bibugi1)> 부냥
[2019-01-04 18:02:36] <꿩마농 (jo54725)> 치질방석 사용 안하시나요?
[2019-01-04 18:02:37] <rudtns6443> 감사합니다
[2019-01-04 18:02:43] <바이너리트리 (work103)> 레오 왜저래 ㅋㅋ
[2019-01-04 18:02:43] <티나팬 (tinaa_fan)> 전처럼 안 아프려면 이제 얼마나 지나야 돼요?
[2019-01-04 18:02:45] <cw4xjg> 세부란스ㅎㄷㄷ
[2019-01-04 18:02:48] <ginseng0204> 레오 입벌린거 아님 컬모양임 ㅋㅋㅋㅋ
[2019-01-04 18:02:48] <%비부기 (bibugi1)> 나만 고양이 없어
[2019-01-04 18:02:48] <kayeong2> 레오는 해적같이 생겼누
[2019-01-04 18:02:53] <hsj0503> 누워서 트위치보는게 편안함 ㅋㅋ
[2019-01-04 18:02:55] <포기를포기한사나이 (ssau1850)> 처렁이 커여워
[2019-01-04 18:02:56] <바이너리트리 (work103)> 입벌린거같아 ㅋㅋ
[2019-01-04 18:02:57] <%$heeeeeing> 한 이주는 있어야함
[2019-01-04 18:02:58] <구렁덩덩 (newpaing03)> 레오 갈기가 점점 자라난다
[2019-01-04 18:03:00] <yeon1108> 급속 악화
[2019-01-04 18:03:00] <Hosn0822> 마세라티 운전하면 당연히 그꼴나지
[2019-01-04 18:03:00] <레스토레이션 (gydlwu2)> 꼬리 후욱...
[2019-01-04 18:03:04] <%비부기 (bibugi1)> 앗....
[2019-01-04 18:03:07] <lightingway> 쟤는 없던 검정털이 많이 생겨버럿ㄴ
[2019-01-04 18:03:07] <ifgeema> DxCat DxCat DxCat
[2019-01-04 18:03:07] <rhtntn4y> 레오는 항상 입벌림
[2019-01-04 18:03:10] <%$충주사과 (kss8020)> 으;
[2019-01-04 18:03:13] <yeon1108> 왜 울면서 말하는 거 같냐
[2019-01-04 18:03:13] <%미넹류바 (minerva_a)> 으악
[2019-01-04 18:03:15] <yeon1108> 울지 마 ㅠㅠ
[2019-01-04 18:03:15] <바이너리트리 (work103)> 으악..
[2019-01-04 18:03:15] <브엙 (y707088)> 초롱아..... 어디가써..
[2019-01-04 18:03:15] <지윤아결혼하자 (shingh2000)> 아아ㅏㅇ아악
[2019-01-04 18:03:16] <%$heeeeeing> BibleThump
[2019-01-04 18:03:18] <%비부기 (bibugi1)> 울 지 마
[2019-01-04 18:03:19] <바이너리트리 (work103)> 으아....아악...
[2019-01-04 18:03:20] <포기를포기한사나이 (ssau1850)> 누워사 쉬자 .,..
[2019-01-04 18:03:20] <고이 (hu8876123)> 나만 초롱이없어 ㅠㅠ
[2019-01-04 18:03:20] <치즈라면장인 (starwate)> ㅜㅜ
[2019-01-04 18:03:21] <하겐다즈냠냠 (engh6506)> ㅠㅠㅠㅠㅠ
[2019-01-04 18:03:21] <%미넹류바 (minerva_a)> 으아아아아아악
[2019-01-04 18:03:21] <hskim001128> ㅋㅋㅋㅋㅋㅋㅋ레오 입벌린건줄알았네
[2019-01-04 18:03:22] <바이너리트리 (work103)> 찢어지는..
[2019-01-04 18:03:22] <시공조아돌겜조아 (kmssk68)> 뿌직
[2019-01-04 18:03:23] <ifgeema> :(
[2019-01-04 18:03:23] <보리자루 (osne7193)> )x(
[2019-01-04 18:03:24] <바이너리트리 (work103)> 피가..
[2019-01-04 18:03:25] <%dksxotmd> 쭈왘
[2019-01-04 18:03:26] <Skyam00700> bb
[2019-01-04 18:03:27] <%비부기 (bibugi1)> ㅠㅠㅠㅠㅠㅠㅠ
[2019-01-04 18:03:27] <%관우종아리 (gsm05327)> ddahyoniFire ddahyoniFire ddahyoniFire
[2019-01-04 18:03:28] <Skyam00700> ㅠㅠ
[2019-01-04 18:03:29] <투닛 (toonit772)> 따바
[2019-01-04 18:03:30] <yeon1108> 피가 강을 이루리라!
[2019-01-04 18:03:31] <%+월간따무새 (pio_asparagus)> )x(
[2019-01-04 18:03:31] <kich94> BibleThump
[2019-01-04 18:03:32] <%$충주사과 (kss8020)> ㅠㅠㅠ
[2019-01-04 18:03:34] <탑느님 (topandtop5261)> 피가 강을...
[2019-01-04 18:03:34] <%비부기 (bibugi1)> 쭈왑...
[2019-01-04 18:03:34] <kayeong2> )&(
[2019-01-04 18:03:35] <%미넹류바 (minerva_a)> 응꼬에 불난다
[2019-01-04 18:03:35] <꿩마농 (jo54725)> 따아아아아악!!
[2019-01-04 18:03:36] <%깜짝박스메이드백상현 (ddacc8801)> ddahyoniDddde ddahyoniDddde ddahyoniDddde
[2019-01-04 18:03:37] <hskim001128> ㅠㅠ
[2019-01-04 18:03:37] <미미큐 (kgg232)> 피와 어둠으로 맺어진 계약이다
[2019-01-04 18:03:37] <바이너리트리 (work103)> 핏빛으로...물들어라..
[2019-01-04 18:03:39] <%비부기 (bibugi1)> 피가 강을 이루리라 ㅠㅠ
[2019-01-04 18:03:39] <hyh9195> 오뱅없?
[2019-01-04 18:03:41] <스트푸 (forsqurral)> 불타는 엉덩이 BibleThump BibleThump BibleThump
[2019-01-04 18:03:43] <%$heeeeeing> 좌욕기도 들고다녀야할판ㅋㅋㅋㅋㅋㅋㅋ
[2019-01-04 18:03:43] <kich94> BibleThump BibleThump
[2019-01-04 18:03:45] <구렁덩덩 (newpaing03)> 아침에 팬티에 피 묻었던적 잇는데
[2019-01-04 18:03:46] <hskim001128> 피가 강을 이루리라
[2019-01-04 18:03:47] <Skyam00700> 효니야 죽지마 ㅠㅠ
[2019-01-04 18:03:48] <yeon1108> 잘했ㅇㅁ
[2019-01-04 18:03:48] <투닛 (toonit772)> ㅋㅋㅋㅋㅋㅋㅋㅋㅋㅋㅋ
[2019-01-04 18:03:49] <바이너리트리 (work103)> ㅋㅋㅋㅋㅋㅋㅋㅋㅋㅋㅋㅋㅋㅋㅋㅋㅋㅋㅋㅋㅋㅋㅋㅋㅋ
[2019-01-04 18:03:49] <하겐다즈냠냠 (engh6506)> ㅠㅠㅠㅠ
[2019-01-04 18:03:50] <MeIon5> BibleThump BibleThump BibleThump
[2019-01-04 18:03:54] VIEWERS: 1,029
[2019-01-04 18:03:54] <투닛 (toonit772)> 무아지경으로 했네
[2019-01-04 18:03:54] <치즈라면장인 (starwate)> ㅠㅠㅠㅠㅠㅠㅠㅠ
[2019-01-04 18:03:54] <hsj0503> 지금 젊은이들 치질 많이 걸림
[2019-01-04 18:03:55] <%비부기 (bibugi1)> 켈레세스 당했다
[2019-01-04 18:03:55] <스트푸 (forsqurral)> ㄱㄱㅋㅋㅋㅋㅋㅋㅋㅋㅋㅋㅋㅋ
[2019-01-04 18:03:55] <개취 (jhs0785)> 비블썸부
[2019-01-04 18:03:55] <%고오급입니다 (wotjd567)> ?
[2019-01-04 18:03:57] <렐릭 (rladnjs3)> ( )×( )
[2019-01-04 18:03:58] <hyh9195> BloodTrail BloodTrail
[2019-01-04 18:03:58] <ifgeema> BibleThump
[2019-01-04 18:03:59] <ddazoa> 아 어제 대학리그 해설했어요?
[2019-01-04 18:04:00] <%고오급입니다 (wotjd567)> NEWS 으어어
[2019-01-04 18:04:00] <로얄가드 (theworms74)> 좌욕의 생활화
[2019-01-04 18:04:00] <%비부기 (bibugi1)> ㄷㄷㄷ
[2019-01-04 18:04:00] <%+월간따무새 (pio_asparagus)> BibleThump BibleThump BibleThump BibleThump
[2019-01-04 18:04:00] <hskim001128> 울지마 백상현!
[2019-01-04 18:04:01] <Nw4u> 항문 - 절개 - 절개
[2019-01-04 18:04:01] <고이 (hu8876123)> ㅋㅋㅋㅋㅋㅋㅋㅋㅋ
[2019-01-04 18:04:02] <yeon1108> 그냥 정신 놓고 햇네
[2019-01-04 18:04:03] <극순 (asd5830)> 똥꼬많이아픔?
[2019-01-04 18:04:03] <Tlover> 저거 뭐 대사였지 피가 강을 이루리라
[2019-01-04 18:04:04] <%$충주사과 (kss8020)> 으아;;
[2019-01-04 18:04:05] <ddazoa> 아 그걸 못봤네;;;
[2019-01-04 18:04:06] <매티_ (zeminkim1)> 뭐야 형 방송왤케일찍켰어??
[2019-01-04 18:04:07] <%고오급입니다 (wotjd567)> ddahyoniFire ddahyoniFire ddahyoniFire ddahyoniFire
[2019-01-04 18:04:07] <너비아니너비 (than1992)> 크크이의 아픔..
[2019-01-04 18:04:08] <하겐다즈냠냠 (engh6506)> BibleThump BibleThump
[2019-01-04 18:04:08] <Skyam00700> 해설은 원래 그러니까 괜찮아
[2019-01-04 18:04:09] <ty_chus> 항 절 절
[2019-01-04 18:04:10] <hskim001128> 켈레세스
[2019-01-04 18:04:11] <보리자루 (osne7193)> 덩꼬 ㄷㄷ
[2019-01-04 18:04:11] <재항 (tamgk4705)> 켈레
[2019-01-04 18:04:13] <%$충주사과 (kss8020)> 무리하지마세염
[2019-01-04 18:04:17] <적돌 (jukdol)> 따이루
[2019-01-04 18:04:17] <%미넹류바 (minerva_a)> 크크이의 아픔 이제 알겠습니까?
[2019-01-04 18:04:18] <Tlover> 아 켈레
[2019-01-04 18:04:22] <%미넹류바 (minerva_a)> 사 과 해
[2019-01-04 18:04:24] <nhw6478> 적상아리
[2019-01-04 18:04:25] <%고오급입니다 (wotjd567)> 레하
[2019-01-04 18:04:28] <hyh9195> ㅋㅋㅋㅋㅋㅋㅋ빤스런
[2019-01-04 18:04:29] <yeon1108> 싫다잖아
[2019-01-04 18:04:30] <Skyam00700> 당분간 쉬자
[2019-01-04 18:04:30] <구렁덩덩 (newpaing03)> 땅콩의아픔이 더 크다
[2019-01-04 18:04:30] <kayeong2> )&(
[2019-01-04 18:04:31] <$팝콘가져와라 (sspark5509)> 뭐야 효니 중성화됨?
[2019-01-04 18:04:32] <시공조아돌겜조아 (kmssk68)> 혁준이한테도 사과하자
[2019-01-04 18:04:32] <%고오급입니다 (wotjd567)> 냥냥
[2019-01-04 18:04:32] <divewlsgud> ㅋㅋㅋ
[2019-01-04 18:04:32] <yeon1108> 아이 귀여워
[2019-01-04 18:04:34] <Skyam00700> 엉덩이 낫고 방송해 ㅠㅠ
[2019-01-04 18:04:34] <junpyo0220> 뉴스뭐임 ㅋㅋ
[2019-01-04 18:04:36] <yeon1108> 짜식덜
[2019-01-04 18:04:36] <%$느그안드로이드 (hy10128)> 합-체
[2019-01-04 18:04:37] <ty_chus> 크크이는 더 심한.상실감을 느꼇을것
[2019-01-04 18:04:40] <%$충주사과 (kss8020)> 그냥 완쾌하고 하징..
[2019-01-04 18:04:40] <극순 (asd5830)> 레오 ㅋㅋ
[2019-01-04 18:04:41] <hskim001128> ㅓㅜㅑ
[2019-01-04 18:04:41] <%고오급입니다 (wotjd567)> 뿌셔
[2019-01-04 18:04:43] <kich94> BibleThump BibleThump
[2019-01-04 18:04:45] <%$heeeeeing> 눈치보지 말고 쉬세염
[2019-01-04 18:04:46] <%미넹류바 (minerva_a)> 그래 쉬어라
[2019-01-04 18:04:47] <yeon1108> 이제 토론하러 가요?
[2019-01-04 18:04:48] <yeon1108> 허미
[2019-01-04 18:04:49] <아스굴 (mhienegjyuu)> 하게대면 따키런해조
[2019-01-04 18:04:49] <%labis3315> 푹쉬는게 최고지
[2019-01-04 18:04:51] <구렁덩덩 (newpaing03)> 크크이는 더 심한 고통을 느꼈을것
[2019-01-04 18:04:51] <꿩마농 (jo54725)> 오늘은 쉬는 게?
[2019-01-04 18:04:51] <%$heeeeeing> 셜록은... 나중에 보면 되지.....
[2019-01-04 18:04:53] <%HotPickle22> 쉬어
[2019-01-04 18:04:53] <%미넹류바 (minerva_a)> 터지면 ㄹㅇ 골치아픔
[2019-01-04 18:04:54] <Skyam00700> 오늘은 서서 녹화해 ㅠㅠ
[2019-01-04 18:04:54] <정승환 (chunsa110)> 악 긔여워
[2019-01-04 18:04:55] <%uuu714> 오늘 힘들면 쉬어...
[2019-01-04 18:04:55] <너비아니너비 (than1992)> 커여워
[2019-01-04 18:04:56] <yeon1108> 아 귀겨워
[2019-01-04 18:04:58] <junpyo0220> 낼봐요
[2019-01-04 18:04:58] <hyh9195> 하스해줘
[2019-01-04 18:04:59] <smyoum> 자막뭐임? 유튜브 틀어놓음?
[2019-01-04 18:04:59] <xlxmflanfxltb> 아가들 엄청 컸네
[2019-01-04 18:05:00] <hjk2882> 커엽
[2019-01-04 18:05:00] <비빔빱 (a156636)> 냥기장
[2019-01-04 18:05:01] <%고오급입니다 (wotjd567)> ddahyoniHeeing ddahyoniHeeing ddahyoniHeeing
[2019-01-04 18:05:03] <%팔라리스 (palla9908)> ?
[2019-01-04 18:05:04] <디솔 (10name)> 아 내 심장
[2019-01-04 18:05:07] <hyh9195> 하스는?
[2019-01-04 18:05:09] <천년꽃길 (krd5228)> 짱키런
[2019-01-04 18:05:09] <%법사살려죠 (phw961)> 내일해도 돼 ㅠㅠ
[2019-01-04 18:05:10] <주팔람 (jupalum)> 호다닥
[2019-01-04 18:05:10] <헌지갑 (wjdgus481)> 항문 설퍼라스 당했어?
[2019-01-04 18:05:12] <%$느그안드로이드 (hy10128)> 면역떨어지면 큰일나는ㄷ
[2019-01-04 18:05:12] <yunjh410> !업타임
[2019-01-04 18:05:14] <hsj0503> 형 똥꼬아프면 쉬어도 돼 ㅋㅋ
[2019-01-04 18:05:15] <배고픈잠만보 (rlfmels)> ㅠㅠ
[2019-01-04 18:05:16] <ㅣ고양이ㅣ (goyang_2)> 벌러덩
[2019-01-04 18:05:16] <%HotPickle22> 건강한상태에서 해야지
[2019-01-04 18:05:17] <Skyam00700> 초롱이 레오 있으니까 눕방해도 좋네
[2019-01-04 18:05:17] <%킹배 (ahftnz)> 크크이
[2019-01-04 18:05:17] <%$충주사과 (kss8020)> ㅠㅠㅠ
[2019-01-04 18:05:17] <아스굴 (mhienegjyuu)> 넹
[2019-01-04 18:05:17] <구렁덩덩 (newpaing03)> 래오가 효니 좋아하는갑다
[2019-01-04 18:05:18] <꿩마농 (jo54725)> 눕방?
[2019-01-04 18:05:19] <%팔라리스 (palla9908)> 아프면 내일하자
[2019-01-04 18:05:19] <hskim001128> 형 하스덱추천해줘
[2019-01-04 18:05:19] <hyh9195> 웅쓰웅쓰!!
[2019-01-04 18:05:20] <%킹배 (ahftnz)> 그토끼집
[2019-01-04 18:05:20] <극순 (asd5830)> 항문에 절개쓰자
[2019-01-04 18:05:20] <선비사상 (namhyeon9037)> 방송을 한다구????
[2019-01-04 18:05:24] <%법사살려죠 (phw961)> 괜히 하루 욕심내다가 일주일 쉬지 말고 그냥 쉴때 푹 쉬어
[2019-01-04 18:05:25] <%+월간따무새 (pio_asparagus)> )x(
[2019-01-04 18:05:25] <%HotPickle22> 건강이 먼저야
[2019-01-04 18:05:28] <%uuu714> 맞아맞아
[2019-01-04 18:05:28] <%$충주사과 (kss8020)> 그거도 건강해야 가능한거징 ㅠ
[2019-01-04 18:05:29] <일급따리 (gksl9609)> 그토끼는 어디잇어
[2019-01-04 18:05:29] <$팝콘가져와라 (sspark5509)> 라그나로스님의 힘이 느껴지는구나!!!
[2019-01-04 18:05:33] <Skyam00700> 아프지마라 효니야 ㅠㅠ
[2019-01-04 18:05:34] <%$heeeeeing> 그러다가 또 덧나여 ㅜㅜㅜㅜ
[2019-01-04 18:05:35] <kyj3544> 눕방하자
[2019-01-04 18:05:35] <%팔라리스 (palla9908)> ㅠㅠ
[2019-01-04 18:05:35] <고이 (hu8876123)> 레오 살찐거봐 ㅋㅋㅋ
[2019-01-04 18:05:36] <와꾿쪼아 (ehdrh789)> 누워서 방송가능?
[2019-01-04 18:05:37] <재항 (tamgk4705)> )*(
[2019-01-04 18:05:38] <yeon1108> 폰스 켜라
[2019-01-04 18:05:40] <헌지갑 (wjdgus481)> 눕방?
[2019-01-04 18:05:43] <%따효니와킁킁이 (rabbitdda_)> ddahyoniDdahi ddahyoniDdahi ddahyoniDdahi
[2019-01-04 18:05:44] <%uuu714> 방석이나 잘 챙겨가세요
[2019-01-04 18:05:44] <%법사살려죠 (phw961)> 눕하스 가자
[2019-01-04 18:05:44] <%빈대떡신사 (dktp3427)> 앗ㅠㅠ
[2019-01-04 18:05:45] <비빔빱 (a156636)> 폰스켜라
[2019-01-04 18:05:45] <%미넹류바 (minerva_a)> 저거 살찐거봐라
[2019-01-04 18:05:45] <웃음후보생 (spdlqj4869)> 눕방
[2019-01-04 18:05:47] <밤샐 (holmes008)> 야벤져스 리더 크크이 어디잇나여?
[2019-01-04 18:05:48] <구렁덩덩 (newpaing03)> 누워서 폰스 ㄱ
[2019-01-04 18:05:48] <divewlsgud> 눕방ㄱ ㄱ
[2019-01-04 18:05:48] <%고오급입니다 (wotjd567)> 눕방 ㄷㄷ
[2019-01-04 18:05:50] <yeon1108> 냥캠 ㄱㄱ
[2019-01-04 18:05:50] <%HotPickle22> 아앗..
[2019-01-04 18:05:51] <아스굴 (mhienegjyuu)> 눕방 ㅇㅈ
[2019-01-04 18:05:51] <hskim001128> 폰스켜라
[2019-01-04 18:05:51] <junpyo0220> 눕방 ㅋㅋ
[2019-01-04 18:05:52] <제감이 (nxmm4565)> 폰스방송 ㄱㄱ
[2019-01-04 18:05:52] <%$프리즘큐큐큐 (dkrl134)> ㄱㄱㄱ
[2019-01-04 18:05:52] <silkyelf> 도넛방석 사자
[2019-01-04 18:05:53] <%시공의태풍 (pjh4610)> 냥캠 ㄱㄱ
[2019-01-04 18:05:54] VIEWERS: 1,074
[2019-01-04 18:05:55] <%sheepcastlein15> 오늘 누워서 냥캠 ㄱㄱ
[2019-01-04 18:05:55] <dbd99175> 무리하지마 좀....
[2019-01-04 18:05:55] <뱃살몽땅 (yeppt7f)> 냥캡 눕방 ㄱㄱ
[2019-01-04 18:05:55] <duarkdals38> 도넛방석 없어?
[2019-01-04 18:05:55] <%따효니와킁킁이 (rabbitdda_)> 아프면 쉬셔요 ㅠ
[2019-01-04 18:05:55] <와꾿쪼아 (ehdrh789)> 눕방싫어햘 청자있느냐
[2019-01-04 18:05:56] <%$충주사과 (kss8020)> 헐;;
[2019-01-04 18:05:57] <%$heeeeeing> 악
[2019-01-04 18:05:57] <메이플시럽 (skygigon)> 헐;
[2019-01-04 18:05:57] <잡규 (ehdrb0712)> ㅠㅠ
[2019-01-04 18:05:57] <hyh9195> 냥아!!
[2019-01-04 18:05:57] <%+월간따무새 (pio_asparagus)> 앗...
[2019-01-04 18:05:57] <fakerfanboii> 으악
[2019-01-04 18:05:57] <%고오급입니다 (wotjd567)> 피묻은 방석
[2019-01-04 18:05:58] <%팔라리스 (palla9908)> 헐
[2019-01-04 18:05:58] <%$heeeeeing> ㅁㅊ
[2019-01-04 18:05:58] <%법사살려죠 (phw961)> 헉
[2019-01-04 18:05:58] <웃음후보생 (spdlqj4869)> ㄷㄷㄷ
[2019-01-04 18:05:58] <스트푸 (forsqurral)> 눕방 가즈아아아아
[2019-01-04 18:05:58] <%시공의태풍 (pjh4610)> 아앗
[2019-01-04 18:05:59] <%HotPickle22> 폰스ㅋㅋㅋㅋ
[2019-01-04 18:05:59] <사기도 (mafia890)> ㅋㅋㅋㅋㅋㅋㅋ
[2019-01-04 18:05:59] <%uuu714> 오늘도 방석 잊지말고 챙기세요
[2019-01-04 18:05:59] <Rebantin> 도넛방석사자
[2019-01-04 18:06:00] <%미넹류바 (minerva_a)> 헐 ㅅㅂ
[2019-01-04 18:06:01] <하겐다즈냠냠 (engh6506)> ㅎㄹ
[2019-01-04 18:06:01] <구렁덩덩 (newpaing03)> )*(
[2019-01-04 18:06:01] <얼리열 (dlehduf13)> 앗
[2019-01-04 18:06:01] <%시공의태풍 (pjh4610)> ㅠㅠㅠㅠㅠ
[2019-01-04 18:06:01] <Skyam00700> 눕방 ㄱ
[2019-01-04 18:06:02] <%따효니와킁킁이 (rabbitdda_)> 얶 ㅠ
[2019-01-04 18:06:02] <Hanjunz> 후....
[2019-01-04 18:06:02] <천년꽃길 (krd5228)> 으아아악
[2019-01-04 18:06:02] <%$heeeeeing> ㅋㅋㅋㅋㅋㅋㅋㅋㅋㅋㅋㅋㅋㅋㅋㅋㅋㅋㅋ
[2019-01-04 18:06:02] <적돌 (jukdol)> 으어
[2019-01-04 18:06:03] <꿩마농 (jo54725)> 으아
[2019-01-04 18:06:03] <배고픈잠만보 (rlfmels)> 앗
[2019-01-04 18:06:03] <안피소 (dydehdwnd)> 산다
[2019-01-04 18:06:04] <스트푸 (forsqurral)> 앗....
[2019-01-04 18:06:04] <메이플시럽 (skygigon)> 으윽
[2019-01-04 18:06:04] <hskim001128> ㅠㅠ
[2019-01-04 18:06:05] <고이 (hu8876123)> ㅋㅋㅋㅋㅋㅋ
[2019-01-04 18:06:05] <lsrrokmv> ㅋㅋㅋㅋㅋㅋㅋㅋㅋㅋㅋㅋㅋㅋㅋㅋㅋ
[2019-01-04 18:06:05] <보일러메이커 (tastyhaksik)> ㄷ
[2019-01-04 18:06:05] <%HotPickle22> 앗..
[2019-01-04 18:06:05] <꽃웃음 (zobbba)> 피방이네
[2019-01-04 18:06:05] <극순 (asd5830)> 앗
[2019-01-04 18:06:05] <@%곰바 (ihateit0908)> 옴마이갓
[2019-01-04 18:06:06] <yeon1108> 뭐랬음 방금?
[2019-01-04 18:06:07] <사기도 (mafia890)> 염색중이네
[2019-01-04 18:06:07] <이상한꼬부기 (kth336)> 온도니..
[2019-01-04 18:06:07] <%킹배 (ahftnz)> ㅜㅜㅡㅜ
[2019-01-04 18:06:07] <폭흥겜히오스 (phan813)> steeloGombo
[2019-01-04 18:06:08] <메이플시럽 (skygigon)> 피방;
[2019-01-04 18:06:09] <Skyam00700> ㅠㅠ
[2019-01-04 18:06:09] <꿩마농 (jo54725)> 따아아아악!
[2019-01-04 18:06:10] <hyh9195> 방석은????
[2019-01-04 18:06:10] <재항 (tamgk4705)> 으어어
[2019-01-04 18:06:10] <%$heeeeeing> 아니 얼마나 강을 이뤘으면
[2019-01-04 18:06:10] <%$충주사과 (kss8020)> 진짜 그거 엄청 힘든거구나..
[2019-01-04 18:06:11] <얼리열 (dlehduf13)> 돈꼬 터짐?ㅠㅠㅠㅠ
[2019-01-04 18:06:11] <오승123 (trickgun27)> :)
[2019-01-04 18:06:11] <MeIon5> BibleThump BibleThump BibleThump
[2019-01-04 18:06:11] <%uuu714> 허억
[2019-01-04 18:06:12] <kayeong2> 밥도둑 ㄷㄷ
[2019-01-04 18:06:12] <xlxmflanfxltb> 방석에 묻을 정도면 바지에도 묻는거 아님?
[2019-01-04 18:06:12] <yeon1108> 아
[2019-01-04 18:06:12] <%발로텔리와함께라면 (wnstn1828)> ㅋㅋㅋㅋㅋㅋㅋㅋㅋ
[2019-01-04 18:06:14] <구렁덩덩 (newpaing03)> 침대 퍁이 다
[2019-01-04 18:06:14] <로얄가드 (theworms74)> 으어어
[2019-01-04 18:06:15] <%$충주사과 (kss8020)> 으앗..
[2019-01-04 18:06:15] <+spuddds> 헐
[2019-01-04 18:06:15] <극순 (asd5830)> 피가 강이되리라
[2019-01-04 18:06:15] <와꾿쪼아 (ehdrh789)> ㅠㅠ
[2019-01-04 18:06:15] <%법사살려죠 (phw961)> 으으
[2019-01-04 18:06:15] <%HotPickle22> 피의도넛..
[2019-01-04 18:06:16] <dbd99175> 으어어
[2019-01-04 18:06:16] <yeon1108> 피가 강을 이루리라!
[2019-01-04 18:06:17] <Ahyun3981> 윽
[2019-01-04 18:06:17] <Skyam00700> 피와 어둠으로 맺은 서약...
[2019-01-04 18:06:17] <꽃웃음 (zobbba)> 피의자 ㄷㄷㄷ
[2019-01-04 18:06:17] <@%곰바 (ihateit0908)> 아 내가 아파진다
[2019-01-04 18:06:17] <%+월간따무새 (pio_asparagus)> 앗....아아...
[2019-01-04 18:06:18] <사기도 (mafia890)> ㅋㅋㅋㅋㅋ
[2019-01-04 18:06:18] <구렁덩덩 (newpaing03)> 침대 팬티 다 묻음
[2019-01-04 18:06:19] <Rebantin> 수술하자
[2019-01-04 18:06:20] <너비아니너비 (than1992)> 그마내!
[2019-01-04 18:06:20] <참숯향그윽 (thswogus7)> 엌ㅋㅋㅋㅋㅋ
[2019-01-04 18:06:20] <%uuu714> 야 그럼 빨리 쉬어
[2019-01-04 18:06:20] <소주맛탕 (gogogo1054)> 생리대가자
[2019-01-04 18:06:21] <얼리열 (dlehduf13)> 으
[2019-01-04 18:06:21] <스트푸 (forsqurral)> BibleThump BibleThump BibleThump
[2019-01-04 18:06:22] <배고픈잠만보 (rlfmels)> ㅠㅠ
[2019-01-04 18:06:23] <%$heeeeeing> 거즈 안하세요???
[2019-01-04 18:06:24] <%따효니와킁킁이 (rabbitdda_)> 아프면 쉬어 ㅠ
[2019-01-04 18:06:24] <%으브븝 (cubist30)> 죽기 따효니 ㄷㄷ
[2019-01-04 18:06:24] <%빈대떡신사 (dktp3427)> 리얼 피똥ㄷㄷ
[2019-01-04 18:06:24] <리메디 (flapel17)> 피해자
[2019-01-04 18:06:25] <제감이 (nxmm4565)> 피의자 ㅋㅋㅋㅋㅋㅋㅋㅋㅋ
[2019-01-04 18:06:25] <하겐다즈냠냠 (engh6506)> ㅠㅠㅠㅠㅠㅠㅠ
[2019-01-04 18:06:25] <이상한꼬부기 (kth336)> 호덜절
[2019-01-04 18:06:26] <레스토레이션 (gydlwu2)> ㅠㅠㅠ
[2019-01-04 18:06:26] <hyh9195> 방석은 안왔어?
[2019-01-04 18:06:28] <lsrrokmv> ㄹㅇ 생리대차쉴?
[2019-01-04 18:06:28] <리메디 (flapel17)> 피의자
[2019-01-04 18:06:28] <$팝콘가져와라 (sspark5509)> 자체 고수사 모드
[2019-01-04 18:06:29] <얼리열 (dlehduf13)> 기저귀라도 차셈
[2019-01-04 18:06:29] <hskim001128> 기저귀사야하는거아니야?
[2019-01-04 18:06:30] <꿩마농 (jo54725)> 늙병따
[2019-01-04 18:06:30] <ㄴㅁㅇㅇㄴㅁㅇㅁㄴㅇㄴㅁ (jmh200821)> news 뭐임 ㅋㅋㅋㅋㅋㅋ
[2019-01-04 18:06:30] <%고오급입니다 (wotjd567)> 거즈해도 뚫림
[2019-01-04 18:06:30] <로얄가드 (theworms74)> 기저귀 가자
[2019-01-04 18:06:30] <%킹배 (ahftnz)> ddahyoni3432
[2019-01-04 18:06:30] <%$충주사과 (kss8020)> 호달다리
[2019-01-04 18:06:31] <xlxmflanfxltb> 기저귀라도 차세요..
[2019-01-04 18:06:31] <밤샐 (holmes008)> 걍 야벤져스캠방이나 합시다
[2019-01-04 18:06:32] <ty_chus> 올나잇으로 사자
[2019-01-04 18:06:33] <yeon1108> 이걸 뚫네
[2019-01-04 18:06:33] <%$heeeeeing> 아이고 ㅠㅠㅠㅠㅠㅠ
[2019-01-04 18:06:33] <메이플시럽 (skygigon)> 어우 무서워
[2019-01-04 18:06:34] <시공조아돌겜조아 (kmssk68)> 생리 ㄷ
[2019-01-04 18:06:34] <구렁덩덩 (newpaing03)> ㅋㅋㅋ
[2019-01-04 18:06:34] <%solidrock79> 호달달
[2019-01-04 18:06:35] <%발로텔리와함께라면 (wnstn1828)> 앗....
[2019-01-04 18:06:36] <옷흥 (seeperk)> ㅋㅋㅋㅋㅋㅋㅋㅋㅋ
[2019-01-04 18:06:36] <yeon1108> ㅈ즈 쉑 ㅡㅡ
[2019-01-04 18:06:39] <%킹배 (ahftnz)> ㅜㅜㅜ
[2019-01-04 18:06:39] <cw4xjg> 효니야 나중가면 고새
[2019-01-04 18:06:40] <%$충주사과 (kss8020)> ㅠㅠㅠ
[2019-01-04 18:06:40] <스트푸 (forsqurral)> 뚫렸어.....
[2019-01-04 18:06:40] <%+월간따무새 (pio_asparagus)> BibleThump BibleThump BibleThump BibleThump
[2019-01-04 18:06:42] <힐주러따라감 (gbxkvs)> ㅗㅜㅑ
[2019-01-04 18:06:42] <%킹배 (ahftnz)> 힘내
[2019-01-04 18:06:43] <cw4xjg> 한다
[2019-01-04 18:06:43] <구렁덩덩 (newpaing03)> 기저귀도 사자
[2019-01-04 18:06:43] <%도도다다 (gksmfepqlf)> ㅋㅋㅋㅋㅋㅋㅋㅋㅋㅋㅋㅋㅋ
[2019-01-04 18:06:44] <%빈대떡신사 (dktp3427)> 병원은 안가봐도더ㅣ니?
[2019-01-04 18:06:46] <asdddq12> 방어도 더쌓아야지
[2019-01-04 18:06:46] <%따효니와킁킁이 (rabbitdda_)> ㅠ 화이팅
[2019-01-04 18:06:47] <%HotPickle22> 거즈님 실망입니다 ㅡㅡ
[2019-01-04 18:06:47] <ty_chus> 올나잇 날개형 ㄱㄱㄱ
[2019-01-04 18:06:47] <극순 (asd5830)> 효니죽는다
[2019-01-04 18:06:47] <lsrrokmv> ㅋㅋㅋㅋㅋㅋㅋㅋㅋㅋ
[2019-01-04 18:06:48] <ddazoa> 약해 빠진 소리하지마 백상현!
[2019-01-04 18:06:49] <화륵 (lordarchimond)> 으악
[2019-01-04 18:06:49] <yeon1108> 기저귀 사다 둬도 좋겠다
[2019-01-04 18:06:50] <jyplka> 킁킁이는어디감??
[2019-01-04 18:06:50] <재항 (tamgk4705)> BibleThump BibleThump BibleThump BibleThump BibleThump
[2019-01-04 18:06:50] <%시공의태풍 (pjh4610)> ㅠㅠㅠㅠㅠㅠ
[2019-01-04 18:06:51] <떡쓴님 (dudejr5)> 생리대 차자ㅠㅠㅠ
[2019-01-04 18:06:51] <구렁덩덩 (newpaing03)> 기저귀 진지하게 고려해볼만해
[2019-01-04 18:06:52] <폭흥겜히오스 (phan813)> 맘가 항문 절개 절개 :(
[2019-01-04 18:06:52] <ddazoa> 넌 최고여야해
[2019-01-04 18:06:54] <smyoum> 무수한 출혈의 요청이....
[2019-01-04 18:06:57] <%uuu714> 피가 엄청 많이 났나보다...
[2019-01-04 18:07:00] <화륵 (lordarchimond)> )♡(
[2019-01-04 18:07:02] <네리링 (yohanery)> 엥 따효니 왜이래요
[2019-01-04 18:07:02] <끌로젯뚜 (qlozet11)> 르거즈
[2019-01-04 18:07:05] <dbd99175> 어른용기저귀 있지않음?
[2019-01-04 18:07:07] <yeon1108> ㅇㅇ
[2019-01-04 18:07:09] <%$heeeeeing> 피가 얼마나 많이 난거야,,,
[2019-01-04 18:07:12] <%$충주사과 (kss8020)> ㅋㅋㅋㅋㅋㅋ;;
[2019-01-04 18:07:13] <%고오급입니다 (wotjd567)> 식사는 중요
[2019-01-04 18:07:13] <yeon1108> 요즘 성인용 기저귀 잘 나옴
[2019-01-04 18:07:17] <yeon1108> 건즈야...
[2019-01-04 18:07:19] <호준이호꼬 (hoggo32)> 효니 아픔?
[2019-01-04 18:07:19] <%도도다다 (gksmfepqlf)> 효니 출혈뎀으로 죽는다 ㅠ
[2019-01-04 18:07:20] <yeon1108> 밥 좀 그만 먹어라
[2019-01-04 18:07:22] <hskim001128> 출혈많이하면 빈혈안와요?
[2019-01-04 18:07:24] <금문 (zenev94)> 기저귀쓰셈
[2019-01-04 18:07:24] <옥돌이 (dhrtjd45)> 효니왜그럼?ㅠㅠ
[2019-01-04 18:07:25] <MeIon5> LUL
[2019-01-04 18:07:25] <구렁덩덩 (newpaing03)> ㅋㅋㅋㅋㅋㅋ
[2019-01-04 18:07:26] <yeon1108> ㅋㅋㅋㅋㅋㅋ
[2019-01-04 18:07:27] <와꾿쪼아 (ehdrh789)> ㅋㅋㅋㅋㅋㅋㅋㅋ
[2019-01-04 18:07:27] <목마른철새 (asas2s)> ㅋㅋㅋㅋㅋㅋㅋㅋㅋㅋㅋㅋㅋㅋㅋ
[2019-01-04 18:07:28] <%고오급입니다 (wotjd567)> 일처리 못하네
[2019-01-04 18:07:28] <얼리열 (dlehduf13)> ㅋㅋㅋㅋㅋㅋㅋㅋㅋ
[2019-01-04 18:07:29] <%깜짝박스메이드백상현 (ddacc8801)> ㅋㅋㅋㅋㅋ
[2019-01-04 18:07:29] <yeon1108> 안 돼 있지? ㅇㅈㄹ ㅋㅋㅋㅋㅋㅋㅋ
[2019-01-04 18:07:29] <%고오급입니다 (wotjd567)> ㅋㅋㅋㅋㅋㅋㅋㅋ
[2019-01-04 18:07:31] <잘잤다 (hhhh0112)> ?
[2019-01-04 18:07:32] <극순 (asd5830)> ㅋㅋㅋㅋ
[2019-01-04 18:07:32] <%HotPickle22> ㅋㅋㅋㅋ
[2019-01-04 18:07:34] <%$충주사과 (kss8020)> 이걸 어째
[2019-01-04 18:07:34] <%$프리즘큐큐큐 (dkrl134)> 개오반데;
[2019-01-04 18:07:34] <미미큐 (kgg232)> 조무사 해버렸다
[2019-01-04 18:07:35] <꿩마농 (jo54725)> ㅋㅋㅋㅋㅋㅋㅋ
[2019-01-04 18:07:35] <구렁덩덩 (newpaing03)> ㅇㄷㅇㅈ?
[2019-01-04 18:07:35] <rudtns6443> ㅋㅋㅋㅋㅋ 미친ㅋㅋㅋㅋㅋ
[2019-01-04 18:07:35] <뱃살몽땅 (yeppt7f)> 미..
[2019-01-04 18:07:36] <화륵 (lordarchimond)> ) FBChallenge (
[2019-01-04 18:07:36] <얼리열 (dlehduf13)> ㅁㅊㅋㅋㅋㅋㅋㅋㅋ
[2019-01-04 18:07:36] <메이플시럽 (skygigon)> 병원 수준
[2019-01-04 18:07:36] <%고오급입니다 (wotjd567)> 개꿀잼 몰카
[2019-01-04 18:07:37] <뱃살몽땅 (yeppt7f)> 친세끼들이네 ㅋㅋ
[2019-01-04 18:07:38] <kayeong2> ㅋㅋㅋㅋㅋㅋㅋㅋㅋ
[2019-01-04 18:07:38] <%페리1229 (conscale7)> 약올리는거같다 ㅋㅋ
[2019-01-04 18:07:39] <%깜짝박스메이드백상현 (ddacc8801)> 억울하겠네
[2019-01-04 18:07:39] <요즘은 (now4d4ys)> kimdoeMS kimdoeMS
[2019-01-04 18:07:40] <레스토레이션 (gydlwu2)> ;;
[2019-01-04 18:07:40] <hskim001128> 조무사수준
[2019-01-04 18:07:41] <므겡므겡 (paks103)> 역시 조무사들
[2019-01-04 18:07:42] <%법사살려죠 (phw961)> 병원 개판이네 일처리가
[2019-01-04 18:07:42] <%따효니와킁킁이 (rabbitdda_)> 퇴원할때 미리 예약받는데
[2019-01-04 18:07:43] <qorjsdn1118> 예약을 잡았어야됏나보네
[2019-01-04 18:07:45] <ty_chus> ㅋㅋㅋㅋㅋㅋㅋ
[2019-01-04 18:07:45] <극순 (asd5830)> 돌팔이
[2019-01-04 18:07:45] <뱃살몽땅 (yeppt7f)> 병원 바꾸자 ㅋㅋ
[2019-01-04 18:07:45] <%둘셋둘셋 (doldoldol225)> ddahyoniDdahi ddahyoniDdahi ddahyoniDdahi
[2019-01-04 18:07:45] <yeon1108> 언럭키 트수네
[2019-01-04 18:07:45] <옷흥 (seeperk)> 조무사 ㄷ
[2019-01-04 18:07:45] <khybm123> 역시 조무사 ㄷㄷ
[2019-01-04 18:07:46] <maybe5327> ㅋㅋㅋㅋㅋㅋㅋㅋㅋ
[2019-01-04 18:07:46] <하카세 (angelcbk)> 옴겨~
[2019-01-04 18:07:47] <yeon1108> 트수도 안 그런다
[2019-01-04 18:07:48] <lsrrokmv> ㅋㅋㅋㅋㅋㅋㅋㅋㅋㅋㅋㅋㅋ
[2019-01-04 18:07:48] <%uuu714> 간호사가 일을 드럽게 못하네
[2019-01-04 18:07:50] <lsuwhan> 어디 병원이냐 거르게
[2019-01-04 18:07:51] <이기린 (dl0021)> 조무사 차이 ㄷㄷ
[2019-01-04 18:07:51] <%빈대떡신사 (dktp3427)> 똥꼬아픈게 죄냐? 나쁜 병원놈들ㅠㅠ
[2019-01-04 18:07:53] <lsrrokmv> 간호조무사?
[2019-01-04 18:07:53] <휘스턴브리지 (freedom9104)> ) kephriiHS (
[2019-01-04 18:07:53] <%$충주사과 (kss8020)> ㅠㅠ
[2019-01-04 18:07:54] <%HotPickle22> 지들이 오라했으면 예약응해줘야지 ㅡㅡ
[2019-01-04 18:07:55] <꿩마농 (jo54725)> 미리예약 안됫네
[2019-01-04 18:07:55] <%$heeeeeing> ㅠㅠ
[2019-01-04 18:07:55] <%으브븝 (cubist30)> 여러분은 욕하지마세요 따효니만 욕가능
[2019-01-04 18:07:55] <왈드 (baechugun)> 그럴땐 예약 잡아드릴테니까 내일오세요가 맞는거 아닌가 ㅋㅋ
[2019-01-04 18:07:55] <hsj0503> 간호조무사인듯
[2019-01-04 18:07:57] <힐주러따라감 (gbxkvs)> OTK OTK
[2019-01-04 18:07:57] <사기도 (mafia890)> 그 트수 병원으로 옮기자
[2019-01-04 18:07:58] <구렁덩덩 (newpaing03)> )*(
[2019-01-04 18:07:58] VIEWERS: 1,119
[2019-01-04 18:08:00] <므겡므겡 (paks103)> 조무조무사
[2019-01-04 18:08:04] <%미넹류바 (minerva_a)> 조무사 수준
[2019-01-04 18:08:06] <얼리열 (dlehduf13)> 원래 퇴원할때 해주는데 ㅡㅡ
[2019-01-04 18:08:07] <kayeong2> 이분이 누구신줄알고
[2019-01-04 18:08:07] <yeon1108> 크
[2019-01-04 18:08:07] <choihy11> 돌팔이의사;;
[2019-01-04 18:08:11] <lsrrokmv> 역시 못배운 수준 ㅋㅋㅋㅋㅋㅋㅋ
[2019-01-04 18:08:11] <HELIA32> )*(
[2019-01-04 18:08:11] <%$충주사과 (kss8020)> 너무행
[2019-01-04 18:08:12] <qorjsdn1118> 고양이 짱귀염
[2019-01-04 18:08:12] <khybm123> 조무사의 원류답다
[2019-01-04 18:08:13] <너덜이 (tngh987987)> 저번에 블리자드이벤트 대회 나온 병원가자
[2019-01-04 18:08:15] <꿩마농 (jo54725)> )*( 를 생각해서 참자 효니야
[2019-01-04 18:08:16] <yeon1108> 화내면 피나 이 놈아
[2019-01-04 18:08:18] <%uuu714> 보통 그날 예약 다 같이 잡아주던데..
[2019-01-04 18:08:18] <테오파니스 (ehfuf1230)> C9 법무팀한테 말하자
[2019-01-04 18:08:18] <%미넹류바 (minerva_a)> 원래 퇴원할때 해주는데
[2019-01-04 18:08:21] <lsuwhan> 조무사수준
[2019-01-04 18:08:24] <하카세 (angelcbk)> 고소하자
[2019-01-04 18:08:24] <hskim001128> 간호조무사도 아닌듯
[2019-01-04 18:08:25] <각철 (gackchul)> 프론트가 미숙했네
[2019-01-04 18:08:26] <화륵 (lordarchimond)> ) StinkyCheese (
[2019-01-04 18:08:27] <troll0808> 간호사가 답이 없네
[2019-01-04 18:08:29] <홀롤리아 (brownsoul23)> 그게 왜 조무사 탓이냐ㅋㅋ 병원시스템이 개판이지
[2019-01-04 18:08:30] <%따효니와킁킁이 (rabbitdda_)> 오래 앉아 있지마요 ㅠ
[2019-01-04 18:08:30] <%애니보세요 (qud2582)> 월급루팡
[2019-01-04 18:08:30] <구렁덩덩 (newpaing03)> 냥이들 킁킁이보네
[2019-01-04 18:08:31] <afterglowww> 가서 폰스해야지
[2019-01-04 18:08:31] <Hanjunz> 따효니 응덩아 힘을내!!
[2019-01-04 18:08:33] <얼리열 (dlehduf13)> 가미 돌통령님을
[2019-01-04 18:08:38] <hskim001128> 원무과는 간호사아니잖아
[2019-01-04 18:08:39] <%uuu714> 그런 간호사가 종종있긴해
[2019-01-04 18:08:39] <와꾿쪼아 (ehdrh789)> 병원수듄..
[2019-01-04 18:08:39] <yeon1108> 그치만...
[2019-01-04 18:08:39] <지브도리 (jibdori)> 뭔일이여
[2019-01-04 18:08:40] <idgmsksob> c9 법무팀
[2019-01-04 18:08:40] <lsrrokmv> 보통 프론트는 조무사가 맡지 ㅋㅋㅋㅋㅋㅋㅋㅋ
[2019-01-04 18:08:40] <ginseng0204> 조무사를 바꾸자
[2019-01-04 18:08:41] <choihy11> 보통 예약해주던데;;
[2019-01-04 18:08:41] <%시공의태풍 (pjh4610)> 킁킁이 구경하나
[2019-01-04 18:08:42] <smyoum> 그런곳이 있긴한데 자세히 설명해줘야됨
[2019-01-04 18:08:42] <%HotPickle22> 다시와야되면 어디든 예약당연히 해주지
[2019-01-04 18:08:43] <ㄷㅏㅁㅜㅗ (damo_u)> 이건 원무과실수다
[2019-01-04 18:08:48] <maybe5327> 원랜 언제 몇시까지 오시면 되요~ 하고 알려주지
[2019-01-04 18:08:48] <%시공의태풍 (pjh4610)> ?
[2019-01-04 18:08:49] <%따효니와킁킁이 (rabbitdda_)> 예약 되었으면 언제오라고 말했을텐뎅
[2019-01-04 18:08:50] <구렁덩덩 (newpaing03)> 레오 섭섭..
[2019-01-04 18:08:50] <극순 (asd5830)> 초로롱
[2019-01-04 18:08:50] <홀롤리아 (brownsoul23)> ?
[2019-01-04 18:08:51] <테오파니스 (ehfuf1230)> 간호사 배틀코드 불러라
[2019-01-04 18:08:51] <Gaksital_the_Ripper> 거기 사람많음? 없으면 머 예약안해도
[2019-01-04 18:08:51] <ginseng0204> 원무과 해 명 해
[2019-01-04 18:08:51] <%도도다다 (gksmfepqlf)> 그 돈고로?
[2019-01-04 18:08:52] <안티갱크 (ckrgksskfl99)> 순산은 하셧나요
[2019-01-04 18:08:54] <ginseng0204> 해 명 해
[2019-01-04 18:08:54] <qorjsdn1118> 아니 그걸 이제 감?
[2019-01-04 18:08:54] <케이디알 (a4971265)> 말투띠꺼웠으면 개판 한 치자
[2019-01-04 18:08:55] <%따효니와킁킁이 (rabbitdda_)> 아 오늘 녹화구나
[2019-01-04 18:08:55] <%시공의태풍 (pjh4610)> 이러고 촬영한다구요?
[2019-01-04 18:09:02] <지브도리 (jibdori)> c9 법무팀 출동하자
[2019-01-04 18:09:03] <lsrrokmv> 지금?
[2019-01-04 18:09:04] <각철 (gackchul)> 병원 다시 가야되면 예약하실거냐고 물어보는데
[2019-01-04 18:09:05] <Hanjunz> 그 10분토론 10분 맞음??
[2019-01-04 18:09:05] <미미큐 (kgg232)> 방송하다 5코 화산 터질듯
[2019-01-04 18:09:05] <troll0808> 그 병원 잘못인데 그 직업 사람들 싸잡아서 욕하진 말자 애들아
[2019-01-04 18:09:06] <qorjsdn1118> 플러리 일찍 방송 끄던데
[2019-01-04 18:09:07] <구렁덩덩 (newpaing03)> 레오섭섭 ㅎ
[2019-01-04 18:09:09] <%uuu714> 방석 잘 챙겨...
[2019-01-04 18:09:11] <maybe5327> ?
[2019-01-04 18:09:11] <%따효니와킁킁이 (rabbitdda_)> 7시녹화면 지금 가셔야겟네
[2019-01-04 18:09:18] <%따효니와킁킁이 (rabbitdda_)> 쉬셔요 ㅠ
[2019-01-04 18:09:19] <hskim001128> 곧가셔야겠네요
[2019-01-04 18:09:20] <세미___ (psecres)> 힘들지
[2019-01-04 18:09:20] <폭흥겜히오스 (phan813)> 아프면 쉬어야지
[2019-01-04 18:09:20] <%호래장 (gagaek)> 눕방
[2019-01-04 18:09:20] <%$충주사과 (kss8020)> 무리하지마염
[2019-01-04 18:09:21] <%파산실패 (pgspjs)> 뉴스 으어어어어어
[2019-01-04 18:09:22] <지브도리 (jibdori)> 엉덩이를.....살려야 한다....
[2019-01-04 18:09:25] <kayeong2> ㅋㅋㅋ
[2019-01-04 18:09:29] <gg49874> 햘짝햘짝
[2019-01-04 18:09:29] <Gaksital_the_Ripper> 서 서 방 송 해
[2019-01-04 18:09:29] <뽀숑뽀 (hjt8928)> 오늘 공방잇음?
[2019-01-04 18:09:30] <얼리열 (dlehduf13)> 휴방 ㄱ
[2019-01-04 18:09:31] <극순 (asd5830)> 효니 몸건강을 위해
[2019-01-04 18:09:33] <힐주러따라감 (gbxkvs)> 빨리가영 늦을라
[2019-01-04 18:09:33] <%도도다다 (gksmfepqlf)> 출발 해
[2019-01-04 18:09:34] <지브도리 (jibdori)> 절 대 쉬 자
[2019-01-04 18:09:35] <%법사살려죠 (phw961)> 오늘은 진짜 10분만 토론하고 오셈
[2019-01-04 18:09:36] <apps1234> 엉덩이 아픔?
[2019-01-04 18:09:37] <%도도다다 (gksmfepqlf)> 절 대 출 발 해
[2019-01-04 18:09:37] <구렁덩덩 (newpaing03)> ㅋㅋㅋㅋ
[2019-01-04 18:09:37] <%따효니와킁킁이 (rabbitdda_)> 빨리 낫고 컨디션 좋을때 방송하자
[2019-01-04 18:09:37] <yeon1108> 서서 방송하래
[2019-01-04 18:09:38] <%HotPickle22> 퇴원하자마자 너무 빨리 방송복귀한거같다
[2019-01-04 18:09:38] <%아냐스타샤 (smg3203)> 오늘 휴방임?
[2019-01-04 18:09:38] <%시공의태풍 (pjh4610)> ㅋㅋㅋㅋㅋㅋㅋㅋ
[2019-01-04 18:09:38] <%$충주사과 (kss8020)> 너무하네
[2019-01-04 18:09:39] <yeon1108> ㅋㅋㅋㅋㅋㅋㅋㅋㅋㅋㅋ
[2019-01-04 18:09:39] <혜슝 (lk0878_)> 서서 방송하자
[2019-01-04 18:09:40] <yeon1108> 죽여라 그냥
[2019-01-04 18:09:40] <%$heeeeeing> ㅋㅋㅋㅋㅋㅋㅋㅋㅋㅋㅋㅋㅋㅋ
[2019-01-04 18:09:41] <%sheepcastlein15> 누워서 냥캠해...
[2019-01-04 18:09:41] <rudtns6443> 절 대 휴 방 해
[2019-01-04 18:09:41] <fakerfanboii> ㅋㅋㅋㅋㅋㅋㅋㅋㅋㅋㅋㅋㅋㅋ
[2019-01-04 18:09:42] <재항 (tamgk4705)> 뉴슨뭐야
[2019-01-04 18:09:43] <BlackMalang> 에반데 ㅋㅋㅋㅋㅋㅋ
[2019-01-04 18:09:43] <%HotPickle22> 몇일 쉬고하지
[2019-01-04 18:09:44] <smyoum> 도넛방석은...반드시...존재해야만...한다....
[2019-01-04 18:09:44] <HELIA32> 저거머냐
[2019-01-04 18:09:44] <hskim001128> 형 건강챙겨
[2019-01-04 18:09:44] <얼리열 (dlehduf13)> ㄴㄴ 휴방 하자걍
[2019-01-04 18:09:44] <%법사살려죠 (phw961)> 괜찮아 이미 지각이야
[2019-01-04 18:09:45] <롯데리아펩시히오스 (kdw7903)> 태 보 해
[2019-01-04 18:09:46] <고이 (hu8876123)> 초롱이 눕방
[2019-01-04 18:09:47] <비선별인원박종우 (sooho1400)> 오늘 무슨대회하나여?
[2019-01-04 18:09:48] <%$충주사과 (kss8020)> 커엽-
[2019-01-04 18:09:48] <%시공의태풍 (pjh4610)> 레오표정왜저래 ㅋㅋㅋ
[2019-01-04 18:09:48] <%$프리즘큐큐큐 (dkrl134)> 쉬먼서 해요 ㅠ
[2019-01-04 18:09:48] <화륵 (lordarchimond)> ㅋㅋㅋㅋ
[2019-01-04 18:09:49] <chldlstjs1> 따아아아아아아아악
[2019-01-04 18:09:49] <maybe5327> 초롱이 세상편해보인다 ㅋㅋㅋ
[2019-01-04 18:09:49] <dbd99175> 무리하지마 좀....
[2019-01-04 18:09:51] <폭흥겜히오스 (phan813)> 발랃
[2019-01-04 18:09:51] <구렁덩덩 (newpaing03)> 레오 대답냥이임?
[2019-01-04 18:09:53] <%도도다다 (gksmfepqlf)> 한 ㅡㅡㅡㅡ심
[2019-01-04 18:09:53] <divewlsgud> ㅋㅋ
[2019-01-04 18:09:54] <지브도리 (jibdori)> 레니아오 ㅎㅇ
[2019-01-04 18:09:54] <%빈대떡신사 (dktp3427)> 따효니 약올리기 대회야??
[2019-01-04 18:09:55] <%파산실패 (pgspjs)> 눕방하자
[2019-01-04 18:09:55] <%uuu714> ㅋㅋㅋㅋㅋㅋㅋㅋㅋㅋㅋㅋㅋ
[2019-01-04 18:09:56] <%법사살려죠 (phw961)> 지-긋
[2019-01-04 18:09:56] <테오파니스 (ehfuf1230)> 턱수염 ㅋㅋ
[2019-01-04 18:09:57] <얼리열 (dlehduf13)> ㅋㅋㅋㅋㅋㅋㅋㅋㅋ
[2019-01-04 18:09:57] <yeon1108> 아이 귀여워
[2019-01-04 18:09:57] <%따효니와킁킁이 (rabbitdda_)> 이제 가세요 늦겠다
[2019-01-04 18:09:58] <hskim001128> 입벌렸네
[2019-01-04 18:09:58] <하스스톤못잃어 (limdndud)> 휴 방 해
[2019-01-04 18:09:59] <폭흥겜히오스 (phan813)> ㅋㅋㅋㅋㅋㅋㅋㅋㅋ
[2019-01-04 18:09:59] <fakerfanboii> 와 눕방하네 에반데
[2019-01-04 18:09:59] <미미큐 (kgg232)> 털이 뭐저리 입벌린거처럼 났냐
[2019-01-04 18:10:00] <maybe5327> 초롱이 ㄹㅇ 세상세상편한자세
[2019-01-04 18:10:00] <%고오급입니다 (wotjd567)> 턱수염
[2019-01-04 18:10:01] <얼리열 (dlehduf13)> 크크이 보여주고가
[2019-01-04 18:10:02] <GSNK2507> 근엄
[2019-01-04 18:10:03] <극순 (asd5830)> 레오 놀랐어?
[2019-01-04 18:10:03] <shjune> 메롱하는거 같다 ㅋㅋ
[2019-01-04 18:10:03] VIEWERS: 1,094
[2019-01-04 18:10:05] <%고오급입니다 (wotjd567)> 근엄
[2019-01-04 18:10:05] <지브도리 (jibdori)> 근 엄
[2019-01-04 18:10:06] <구렁덩덩 (newpaing03)> 근엄
[2019-01-04 18:10:07] <xlxmflanfxltb> 애들 표정 봐라 ㅋㅋㅋㅋㅋㅋㅋㅋ
[2019-01-04 18:10:08] <Gaksital_the_Ripper> 턱수염 간지
[2019-01-04 18:10:08] <목마른철새 (asas2s)> 뭐 왜 뭐 하는 표정
[2019-01-04 18:10:11] <남고찌찌파티 (krgad)> 크크이 보여줘
[2019-01-04 18:10:12] <hskim001128> 사자네
[2019-01-04 18:10:13] <yeon1108> 스핑크스냐?
[2019-01-04 18:10:13] <%깜짝박스메이드백상현 (ddacc8801)> ddahyoniSsdffd
[2019-01-04 18:10:14] <%잔피 (jan_p1)> 레오 프리자 닮았네
[2019-01-04 18:10:15] <구렁덩덩 (newpaing03)> 백수
[2019-01-04 18:10:15] <갓성 (kes1111)> 눕------방
[2019-01-04 18:10:15] <%꼬이스 (pih1002)> 커엽 ㅠㅠ
[2019-01-04 18:10:17] <%빈대떡신사 (dktp3427)> 뭘봐?
[2019-01-04 18:10:17] <%$충주사과 (kss8020)> 발라당
[2019-01-04 18:10:18] <로얄가드 (theworms74)> 뭐냥
[2019-01-04 18:10:20] <apps1234> 고양이 팔자가 상팔자여
[2019-01-04 18:10:21] <구렁덩덩 (newpaing03)> ㅋㅋㅋㅋㅋㅋ
[2019-01-04 18:10:21] <rudtns6443> 효니님 크크이 근황은 어떻게 되죠? ㅠㅠ
[2019-01-04 18:10:23] <세미___ (psecres)> 솜뭉치들
[2019-01-04 18:10:24] <매티_ (zeminkim1)> 우----직
[2019-01-04 18:10:24] <%따효니와킁킁이 (rabbitdda_)> ddahyoni3432 ddahyoni3432
[2019-01-04 18:10:25] <지브도리 (jibdori)> 뭘보냥?
[2019-01-04 18:10:27] <yeon1108> 언급 밴입니다
[2019-01-04 18:10:27] <구렁덩덩 (newpaing03)> 추ㅡ욱
[2019-01-04 18:10:27] <%민족배신자백두혈통조강현 (red_gombo_)> 지금 구독알림뜸?
[2019-01-04 18:10:28] <ㄷㅏㅁㅜㅗ (damo_u)> 무요
[2019-01-04 18:10:28] <%꼬이스 (pih1002)> 얘네들 진짜 많이 컸다
[2019-01-04 18:10:29] <갓성 (kes1111)> 킁킁이는어디감..
[2019-01-04 18:10:30] <남고찌찌파티 (krgad)> ㅋㅋㅇ ㅜㅜ
[2019-01-04 18:10:31] <sparkyteemo> ㅍㅅㅍ 이표정ㅋㅋ
[2019-01-04 18:10:31] <%파산실패 (pgspjs)> 이제 건방져졌네
[2019-01-04 18:10:32] <ㄷㅏㅁㅜㅗ (damo_u)> 어쩌라구요~
[2019-01-04 18:10:33] <dejsb> 레오턱수염 커엽
[2019-01-04 18:10:34] <구렁덩덩 (newpaing03)> 크크이
[2019-01-04 18:10:35] <%팔라리스 (palla9908)> 킁하
[2019-01-04 18:10:35] <shjune> 꿈쩍도 안하네 ㅋㅋ
[2019-01-04 18:10:37] <비선별인원박종우 (sooho1400)> 어디가셔요?
[2019-01-04 18:10:37] <갓성 (kes1111)> 아하 킁하
[2019-01-04 18:10:38] <%파산실패 (pgspjs)> 한결 고양이 답다
[2019-01-04 18:10:38] <극순 (asd5830)> 애들 많이컷네
[2019-01-04 18:10:38] <sksk1514> 집사 뭐함
[2019-01-04 18:10:40] <치킨로드 (chilo1988)> 그 토끼
[2019-01-04 18:10:41] <%HotPickle22> 크크이...
[2019-01-04 18:10:41] <Tre777> 메카 킁킁이
[2019-01-04 18:10:43] <%$느그안드로이드 (hy10128)> 형 근데 경험자로서 말하는데
[2019-01-04 18:10:43] <ㄷㅏㅁㅜㅗ (damo_u)> 냥이들 표정 ㅋㅋ
[2019-01-04 18:10:45] <테오파니스 (ehfuf1230)> 하품하는 거 같아
[2019-01-04 18:10:45] <%$느그안드로이드 (hy10128)> 방석쓸모없음
[2019-01-04 18:10:46] <구렁덩덩 (newpaing03)> 레오 졸리다
[2019-01-04 18:10:46] <%꼬이스 (pih1002)> 이제 싸우면 킁킁이가 지겠는데
[2019-01-04 18:10:47] <%도도다다 (gksmfepqlf)> 졸리네
[2019-01-04 18:10:47] <지브도리 (jibdori)> 졸린갑다
[2019-01-04 18:10:48] <yeon1108> 집사 아프다...
[2019-01-04 18:10:49] <남고찌찌파티 (krgad)> 앗 ㅠㅠ
[2019-01-04 18:10:50] <shjune> 잔다 잔다 ㅋㅋ
[2019-01-04 18:10:50] <%도도다다 (gksmfepqlf)> ㅡ ,ㅡ
[2019-01-04 18:10:50] <yeon1108> 레오 자냐
[2019-01-04 18:10:51] <%uuu714> 효니님 힘내세요...
[2019-01-04 18:10:52] <xlxmflanfxltb> ㅡㅅㅡ
[2019-01-04 18:10:53] <Hanjunz> 아무것도 하기싫다.... 아무것도 안하고 있지만 더 격렬하게 아무것도 안하고 싶다..
[2019-01-04 18:10:53] <구렁덩덩 (newpaing03)> 추ㅡ욱
[2019-01-04 18:10:55] <고이 (hu8876123)> 졸려 ㅋㅋㅋㅋㅋ
[2019-01-04 18:10:56] <남고찌찌파티 (krgad)> ㅋㅋㅇ ㅠㅠ
[2019-01-04 18:11:01] <%$충주사과 (kss8020)> 졸려 ㅠㅠ
[2019-01-04 18:11:01] <%solidrock79> 졸리네 ㅋㅋㅋㅋ
[2019-01-04 18:11:01] <%따효니와킁킁이 (rabbitdda_)> 무리하지말고 쉬세요 또 도지면 ㅠ
[2019-01-04 18:11:02] <구렁덩덩 (newpaing03)> ㅋㅋㅋㅋㅋ
[2019-01-04 18:11:05] <구렁덩덩 (newpaing03)> 자네
[2019-01-04 18:11:06] <%파산실패 (pgspjs)> 상팔자 쉐리달
[2019-01-04 18:11:08] <재항 (tamgk4705)> 잠크리트들
[2019-01-04 18:11:10] <구렁덩덩 (newpaing03)> ㅋㅋㅋㅋㅋㅋㅋ
[2019-01-04 18:11:10] <divewlsgud> ㅋㅋㅋㅋ
[2019-01-04 18:11:10] <yeon1108> 아이고
[2019-01-04 18:11:11] <shjune> 눈감는거봐 ㅋㅋ
[2019-01-04 18:11:12] <%labis3315> 커엽
[2019-01-04 18:11:13] <divewlsgud> 잠크리트 ㅋㅋ
[2019-01-04 18:11:13] <용잉양밍 (dontcrosstheiine)> ─__─
[2019-01-04 18:11:13] <호준이호꼬 (hoggo32)> \ ㅅ /
[2019-01-04 18:11:13] <%둘셋둘셋 (doldoldol225)> 요즘엔 레오가 왤캐 커엽냐 ㅠ
[2019-01-04 18:11:13] <극순 (asd5830)> zzZ
[2019-01-04 18:11:14] <yeon1108> 혼절 맞았나
[2019-01-04 18:11:14] <tlsdudwp02> 오늘 겜 했나요
[2019-01-04 18:11:15] <옷흥 (seeperk)> 턱수염같다
[2019-01-04 18:11:15] <%꼬이스 (pih1002)> 나도 저리 살고 싶다 ㅠㅠ
[2019-01-04 18:11:19] <yeon1108> 꿈꾸나
[2019-01-04 18:11:20] <ㄷㅏㅁㅜㅗ (damo_u)> 상팔자
[2019-01-04 18:11:20] <%깜짝박스메이드백상현 (ddacc8801)> ㅋㅋㅋ커엽
[2019-01-04 18:11:21] <divewlsgud> 귀여웡
[2019-01-04 18:11:22] <구렁덩덩 (newpaing03)> 레오 ㅋㅋㅋ
[2019-01-04 18:11:25] <ifgeema> >( >(
[2019-01-04 18:11:27] <%따효니와킁킁이 (rabbitdda_)> 서서 잔다
[2019-01-04 18:11:29] <apps1234> 통통하네
[2019-01-04 18:11:30] <지브도리 (jibdori)> 새벽 폭렬틀 떄의 트수들 모습인가
[2019-01-04 18:11:30] <스트푸 (forsqurral)> 나도 레오 초롱이 하고 싶다
[2019-01-04 18:11:31] <띠꺼움 (wem3425)> 커엽다
[2019-01-04 18:11:32] <폭흥겜히오스 (phan813)> ㅡㅅㅡ
[2019-01-04 18:11:40] <혁준아사랑해 (cantrealize)> 나만 레오없어
[2019-01-04 18:11:40] <yeon1108> 새벽 방송 보는 트수...
[2019-01-04 18:11:42] <xlxmflanfxltb> 옆모습 보니 살이 통통
[2019-01-04 18:11:43] <smyoum> 빻빻빻
[2019-01-04 18:11:46] <혁준아사랑해 (cantrealize)> 나만쪼롱없어
[2019-01-04 18:11:46] <%uuu714> 레오 진짜 멋지다
[2019-01-04 18:11:47] <룩크쇼 (dlgkrwns12)> 레오 커엽
[2019-01-04 18:11:49] <극순 (asd5830)> 눈뜨고자나ㅋ
[2019-01-04 18:11:50] <스트푸 (forsqurral)> 초롱이 오늘 왜 애교 안 부림
[2019-01-04 18:11:53] <GSNK2507> 빨리씻어
[2019-01-04 18:11:54] <고이 (hu8876123)> 레오 살찐거봐 ㅋㅋㅋㅋ
[2019-01-04 18:11:55] <%dksxotmd> ㅇㄷ감?
[2019-01-04 18:11:55] <+Deal9> 크크이는?
[2019-01-04 18:11:56] <해인해인 (dngjgjr)> 밑에 으어어는무넛
[2019-01-04 18:11:57] <maybe5327> 레오 ㄹㅇ 살이 오른건가 털찐건가
[2019-01-04 18:11:57] <지브도리 (jibdori)> 엉덩이에 양보해라잉
[2019-01-04 18:12:03] <%킹배 (ahftnz)> 크크이 ddahyoniFire ddahyoniFire
[2019-01-04 18:12:03] VIEWERS: 1,092
[2019-01-04 18:12:04] <%파산실패 (pgspjs)> 으댈가
[2019-01-04 18:12:06] <%$충주사과 (kss8020)> 쉬어두대여....
[2019-01-04 18:12:07] <구렁덩덩 (newpaing03)> 찢
[2019-01-04 18:12:07] <dieseler7> 오늘 왤캐 일찍킴?
[2019-01-04 18:12:08] <%따효니와킁킁이 (rabbitdda_)> 잘 다녀오세요
[2019-01-04 18:12:10] <%uuu714> 잘갔다와~
[2019-01-04 18:12:11] <%파산실패 (pgspjs)> 어디감?
[2019-01-04 18:12:12] <maybe5327> 레오 살찐거야 털찐거야
[2019-01-04 18:12:15] <%uuu714> 너무 무리하지말구
[2019-01-04 18:12:16] <%따효니와킁킁이 (rabbitdda_)> 힘들면 쉬시고ㅠ
[2019-01-04 18:12:17] <채꾼 (prideson)> 커엽
[2019-01-04 18:12:20] <yeon1108> 아으 귀여워
[2019-01-04 18:12:21] <얼리열 (dlehduf13)> 커엽
[2019-01-04 18:12:22] <%깜짝박스메이드백상현 (ddacc8801)> 따효니 화이팅 BibleThump BibleThump
[2019-01-04 18:12:23] <혁준아사랑해 (cantrealize)> 레오 턱수염좀깎아라
[2019-01-04 18:12:26] <%solidrock79> ㅋㅋㅋㅋㅋㅋㅋㅋ
[2019-01-04 18:12:26] <%따효니와킁킁이 (rabbitdda_)> 녹화 가신대요
[2019-01-04 18:12:27] <구렁덩덩 (newpaing03)> 레오 어렸을 땐 활발하더니 커선 듬직하네
[2019-01-04 18:12:27] <%$충주사과 (kss8020)> 애기들 예전에 비해서 많이크긴함
[2019-01-04 18:12:28] <Josb1220> 으악
[2019-01-04 18:12:30] <GSNK2507> ?
[2019-01-04 18:12:32] <%시공의태풍 (pjh4610)> 냥
[2019-01-04 18:12:32] <%$충주사과 (kss8020)> 끵끵
[2019-01-04 18:12:33] <smyoum> 그르릉거리네
[2019-01-04 18:12:34] <ㄷㅏㅁㅜㅗ (damo_u)> 낑낑
[2019-01-04 18:12:34] <얼리열 (dlehduf13)> ?
[2019-01-04 18:12:36] <divewlsgud> ㅋㅋㅋㅋ
[2019-01-04 18:12:36] <스트푸 (forsqurral)> 윽
[2019-01-04 18:12:39] <극순 (asd5830)> 낑낑
[2019-01-04 18:12:43] <눈먼짹짹이 (thswlsrb99)> 너무귀여워 ㅠㅠ
[2019-01-04 18:12:44] <jmh4637> 따하
[2019-01-04 18:12:44] <divewlsgud> 며용
[2019-01-04 18:12:44] <구렁덩덩 (newpaing03)> 그르릉~이 좋다는 뜻리지?
[2019-01-04 18:12:46] <%uuu714> 방송 걱정하지 말고 님 컨디션부터 생각하세요 BibleThump
[2019-01-04 18:12:46] <우리그만만나 (alsdndia789)> ㅠㅜㅜ
[2019-01-04 18:12:48] <divewlsgud> 쪼롱이
[2019-01-04 18:12:48] <HELIA32> 띠영
[2019-01-04 18:12:51] <%관우종아리 (gsm05327)> 꺅
[2019-01-04 18:12:51] <채꾼 (prideson)> 초롱잉
[2019-01-04 18:12:52] <진성돌창인생 (lingter100)> 쪼롱이 ㅋㅋ
[2019-01-04 18:12:53] <ㄷㅏㅁㅜㅗ (damo_u)> 고로로롱
[2019-01-04 18:12:53] <메가입치트 (cometa376)> 고야이당
[2019-01-04 18:12:54] <스트푸 (forsqurral)> 갸르릉 소리봐 BibleThump BibleThump BibleThump
[2019-01-04 18:12:54] <얼리열 (dlehduf13)> 쪼롱이 ㅋㅋㅋㅋ
[2019-01-04 18:12:54] <우리그만만나 (alsdndia789)> 쪼롱이넘귀여워
[2019-01-04 18:12:55] <%$충주사과 (kss8020)> 그르르릉
[2019-01-04 18:12:58] <yeon1108> ㅋㅋㅋㅋㅋㅋㅋ
[2019-01-04 18:12:59] <스트푸 (forsqurral)> 지구뿌셔 효니뿌셔
[2019-01-04 18:12:59] <ㄷㅏㅁㅜㅗ (damo_u)> yeee
[2019-01-04 18:12:59] <%solidrock79> 커엽
[2019-01-04 18:13:00] <yeon1108> 개귀엽네
[2019-01-04 18:13:00] <구렁덩덩 (newpaing03)> ㅋㅋㅋㅋㅋㅋ
[2019-01-04 18:13:01] <+톡귀 (talk_ear)> yee
[2019-01-04 18:13:04] <띠꺼움 (wem3425)> 그르르르ㅡ
[2019-01-04 18:13:04] <%시공의태풍 (pjh4610)> 도움
[2019-01-04 18:13:04] <함사장님 (wsw7125)> 2~~
[2019-01-04 18:13:05] <진성돌창인생 (lingter100)> 커엽네 ㅋㅋㅋ
[2019-01-04 18:13:08] <ㄷㅏㅁㅜㅗ (damo_u)> ddolYi ddolYi ddolYi
[2019-01-04 18:13:10] <kayeong2> yee
[2019-01-04 18:13:11] <호밀빵이좋아 (qkr9651)> ㅋㅋㅋㅋ좋아죽네 ㅋㅋ
[2019-01-04 18:13:14] <%파산실패 (pgspjs)> 애들이 귀찮음은 많은데 그래도 물거나 할퀴지는 않네
[2019-01-04 18:13:15] <lsrrokmv> 그르릉 소리 실화냐 ㄷㄷ
[2019-01-04 18:13:16] <pansoo0> yee
[2019-01-04 18:13:17] <apps1234> 쟤도 만져줘라
[2019-01-04 18:13:17] <매티_ (zeminkim1)> 며용
[2019-01-04 18:13:19] <shjune> 초롱이 커여워
[2019-01-04 18:13:21] <호밀빵이좋아 (qkr9651)> 질투 ㄴ
[2019-01-04 18:13:22] <구렁덩덩 (newpaing03)> 그르릉~
[2019-01-04 18:13:23] <진성돌창인생 (lingter100)> 초롱이도 만져주라 마
[2019-01-04 18:13:23] <$팝콘가져와라 (sspark5509)> 아 심장에 해롭다
[2019-01-04 18:13:24] <띠꺼움 (wem3425)> 커여웡
[2019-01-04 18:13:26] <극순 (asd5830)> 냥이눈빛
[2019-01-04 18:13:26] <우리들의일그러진시공조아 (daein1987)> 애용
[2019-01-04 18:13:31] <고이 (hu8876123)> 털뭉치들....
[2019-01-04 18:13:34] <%solidrock79> 그르르릉
[2019-01-04 18:13:37] <잘잤다 (hhhh0112)> 킁킁이는 뮈하누
[2019-01-04 18:13:40] <포기를포기한사나이 (ssau1850)> 초롱이 엄청 빨리큰다
[2019-01-04 18:13:43] <$팝콘가져와라 (sspark5509)> 앉았어 ㅠㅠ
[2019-01-04 18:13:44] <+빅펭귄맨 (rubickraini)> 크크이도 사랑해줘
[2019-01-04 18:13:46] <yeon1108> ㅋㅋ 짱 귀엽다
[2019-01-04 18:13:46] <진성돌창인생 (lingter100)> 킁킁아 ㅠㅠㅠ
[2019-01-04 18:13:46] <Rebantin> 움직일수있겠어?
[2019-01-04 18:13:48] <hbar> 다리털
[2019-01-04 18:13:49] <%민족배신자백두혈통조강현 (red_gombo_)> 효니빤스만 입고있음? ㄷㄷㄷ
[2019-01-04 18:13:50] <김장끼 (janggi0417)> 폴드 유전병있는종인데 ㅠ
[2019-01-04 18:13:50] <극순 (asd5830)> 효니털ㅋ
[2019-01-04 18:13:51] <상자너무조아 (boxtral22)> 크크이는?
[2019-01-04 18:13:53] <kjs08251> 크크이 ㅠㅠㅠㅠ
[2019-01-04 18:13:55] <구렁덩덩 (newpaing03)> 그르릉
[2019-01-04 18:13:56] <Bombera88> 으어어 뉴스는 뭐죠
[2019-01-04 18:13:59] <재항 (tamgk4705)> 크크yeee
[2019-01-04 18:14:00] <바카몬 (bakamon)> 으어어
[2019-01-04 18:14:01] <호밀빵이좋아 (qkr9651)> 쪼롱아삐졌네
[2019-01-04 18:14:01] <ㄷㅏㅁㅜㅗ (damo_u)> 더 크면 목욕할때 오겠다
[2019-01-04 18:14:01] <진성돌창인생 (lingter100)> 크크아 ㅠㅠㅠㅠ
[2019-01-04 18:14:03] VIEWERS: 1,162
[2019-01-04 18:14:04] <포기를포기한사나이 (ssau1850)> 크크이 감상중 ㅋㅋㅋㅋㅋㅋ
[2019-01-04 18:14:04] <금문 (zenev94)> 샤워방송 ㄱ
[2019-01-04 18:14:05] <xorkd0118> 크크이 ㅠㅠ
[2019-01-04 18:14:07] <고이 (hu8876123)> 그 토끼
[2019-01-04 18:14:07] <구렁덩덩 (newpaing03)> 그토끼..
[2019-01-04 18:14:07] <%킹배 (ahftnz)> 오랜만이다
[2019-01-04 18:14:07] <스트푸 (forsqurral)> 쪼롱이 사춘기 왔나 자꾸 도망가네 ㅋㅋㅋㅋ
[2019-01-04 18:14:07] <hbar> 킁킁이는 언제나 마이페이스
[2019-01-04 18:14:10] <%파산실패 (pgspjs)> 관찰중
[2019-01-04 18:14:10] <yeon1108> ㅋㅋㅋㅋㅋㅋㅋ
[2019-01-04 18:14:11] <극순 (asd5830)> 킁하
[2019-01-04 18:14:12] <kk1409> 하스스톤 달고 하스 언제하냐
[2019-01-04 18:14:13] <zhzkdn4> 크크이 챙기는건 쪼롱이뿐
[2019-01-04 18:14:14] <yeon1108> 개졸린가 봐
[2019-01-04 18:14:15] <kk1409> 하스 언제키냐 그때 올란다
[2019-01-04 18:14:17] <milosev> 킁킁이는 가두고 ㅡㅡ
[2019-01-04 18:14:17] <진성돌창인생 (lingter100)> 레오 졸린가봐
[2019-01-04 18:14:19] <yeon1108> 초롱이 직관 중
[2019-01-04 18:14:19] <ㄷㅏㅁㅜㅗ (damo_u)> 킁하
[2019-01-04 18:14:19] <%$충주사과 (kss8020)> ㅋㅋㅋ;
[2019-01-04 18:14:19] <채꾼 (prideson)> ㅋㅋㅋㅋㅋㅋㅋㅋㅋㅋㅋ
[2019-01-04 18:14:21] <%labis3315> 관-전
[2019-01-04 18:14:22] <채꾼 (prideson)> 구경
[2019-01-04 18:14:23] <%solidrock79> ㅋㅋㅋㅋㅋㅋㅋㅋㅋ
[2019-01-04 18:14:23] <$팝콘가져와라 (sspark5509)> 먹이 감상중
[2019-01-04 18:14:23] <김장끼 (janggi0417)> 미래의먹잇감
[2019-01-04 18:14:23] <ㄷㅏㅁㅜㅗ (damo_u)> 그토끼
[2019-01-04 18:14:24] <%따효니와킁킁이 (rabbitdda_)> 킁킁ㅠ
[2019-01-04 18:14:24] <성_꼬_쪽 (gjwns7857)> ㅁㅇㅁㅇ
[2019-01-04 18:14:25] <지브도리 (jibdori)> 동물원 직관중인가
[2019-01-04 18:14:25] <상자너무조아 (boxtral22)> 관음
[2019-01-04 18:14:25] <얼리열 (dlehduf13)> ㄴ자세봐 ㅋㅋㅋㅋ
[2019-01-04 18:14:25] <maybe5327> 동물원왔네 ㅋㅋㅋ
[2019-01-04 18:14:25] <하겐다즈냠냠 (engh6506)> zㅋㅋㅋ
[2019-01-04 18:14:27] <hbar> 관전퀘 깨는중
[2019-01-04 18:14:28] <진성돌창인생 (lingter100)> 초롱이 관전중 ㅋㅋㅋㅋ
[2019-01-04 18:14:28] <%따효니와킁킁이 (rabbitdda_)> ddahyoniK ddahyoniK
[2019-01-04 18:14:29] <kk1409> 하스스톤 태그를 달았으면 하스스톤하자
[2019-01-04 18:14:29] <강호나이 (good1149)> 하스스톤이래서 왔는데 ㅡㅡ
[2019-01-04 18:14:30] <milosev> 킁킁이 놀리는거야
[2019-01-04 18:14:30] <ty_chus> 크크이 ㅠㅠㅠ
[2019-01-04 18:14:31] <호밀빵이좋아 (qkr9651)> 인방천재 킁킁이
[2019-01-04 18:14:31] <구렁덩덩 (newpaing03)> 친해지길 바래~
[2019-01-04 18:14:33] <웃음후보생 (spdlqj4869)> 관전퀘 오반데
[2019-01-04 18:14:34] <Rebantin> 관전중
[2019-01-04 18:14:35] <Jannyjang> 토끼가 이겨 고양이가 이겨??
[2019-01-04 18:14:37] <maybe5327> 아 그럼 아까 따효니란 동물 관찰한거야
[2019-01-04 18:14:38] <ㄷㅏㅁㅜㅗ (damo_u)> ㅋㅋㅋㅋㅋㅋ
[2019-01-04 18:14:40] <divewlsgud> 관전퀘;
[2019-01-04 18:14:41] <kk1409> 요즘 돌겜은 되게 리얼하게 나온다
[2019-01-04 18:14:45] <하쿠우 (knowblind)> 커엽네ㅋㅋ
[2019-01-04 18:14:45] <GoobJabman> 먹이감 찜해두는걸까
[2019-01-04 18:14:48] <sunghyuk29> 따효니 방금 일어남?
[2019-01-04 18:14:48] <%따효니와킁킁이 (rabbitdda_)> 곧 녹화가신다고 ㅠ
[2019-01-04 18:14:48] <%파산실패 (pgspjs)> 크크이가 고양이였다면.
[2019-01-04 18:14:50] <kk1409> 12시에 토끼랑 고양이 있는건가
[2019-01-04 18:14:50] <세느 (qudtlsdk200)> 지금은 킁킁이가 여포임
[2019-01-04 18:14:51] <행복한정수리 (younsuk09)> 넌없지? 난있다~
[2019-01-04 18:14:53] <hbar> 레오 턱수염 너무 귀여워 ㅋㅋ
[2019-01-04 18:14:54] <바카몬 (bakamon)> 이방은 만날 하스 달아두고 IRL 함;
[2019-01-04 18:14:58] <ㄷㅏㅁㅜㅗ (damo_u)> 므요
[2019-01-04 18:15:00] <jmh4637> 오늘 방송 없음?
[2019-01-04 18:15:01] <yeon1108> 그르르릉
[2019-01-04 18:15:01] <kyj3544> 고양이 손위로 손올려보셈
[2019-01-04 18:15:02] <구렁덩덩 (newpaing03)> ㅋㅋㅋ하지말라는데
[2019-01-04 18:15:04] <진성돌창인생 (lingter100)> ㅋㅋㅋㅋㅋㅋㅋㅋㅋㅋ
[2019-01-04 18:15:07] <혜규 (chagawar)> 감기걸렸나보네
[2019-01-04 18:15:07] <kk1409> c9 후배 셋이나 들어왔다고 초심 잃은 따효니..
[2019-01-04 18:15:08] <apps1234> 고양이가 더 우ㅏ라는뜻
[2019-01-04 18:15:09] <별이랑사 (simjangbupae)> 발보니까 엄청크겟는데
[2019-01-04 18:15:10] <진성돌창인생 (lingter100)> 심장에 해로웡 ㅠㅠ
[2019-01-04 18:15:19] <도라지타령 (gov987)> 젤리봐
[2019-01-04 18:15:20] <%$충주사과 (kss8020)> 핑크젤리 후욱후욱
[2019-01-04 18:15:20] <gogiwanja> 발 겁나 크네
[2019-01-04 18:15:20] <성_꼬_쪽 (gjwns7857)> 나중에 뚱냥이되는거 아니야?
[2019-01-04 18:15:21] <kk1409> 이제 c9에서 접시닦이 안 해도 되니까 여유있네
[2019-01-04 18:15:22] <주팔람 (jupalum)> 젤리 ㅠㅠ
[2019-01-04 18:15:23] <카뮤즈 (nick400460)> 젤리 흐으
[2019-01-04 18:15:25] <dejsb> 핑크다
[2019-01-04 18:15:26] <고이 (hu8876123)> 쩰리 ...
[2019-01-04 18:15:26] <구렁덩덩 (newpaing03)> 한대 칠 기세인데
[2019-01-04 18:15:27] <ㄷㅏㅁㅜㅗ (damo_u)> 표정도 따효니닮아가네
[2019-01-04 18:15:28] <눈먼짹짹이 (thswlsrb99)> 나도 고양이키우고싶ㄷ
[2019-01-04 18:15:28] <%파산실패 (pgspjs)> 레오특 귀찮음
[2019-01-04 18:15:29] <+고드프리 (godfrey4)> 나만 레오없어ㅠ
[2019-01-04 18:15:33] <%solidrock79> 커엽다 후욱후욱
[2019-01-04 18:15:36] <ty_chus> 졸려
[2019-01-04 18:15:36] <웃음후보생 (spdlqj4869)> 나만 없어 ㅜ
[2019-01-04 18:15:37] <진성돌창인생 (lingter100)> 레오 뚱냥이의 자질이 보인당 ㅋㅋ
[2019-01-04 18:15:37] <apps1234> 급발진
[2019-01-04 18:15:37] <지윤아결혼하자 (shingh2000)> 어구귀여워 ㅎㅎㅎㅎㅎ
[2019-01-04 18:15:38] <뀨룰루뀨룰루뀨 (jcw0147)> 나만 고양이없어
[2019-01-04 18:15:38] <구렁덩덩 (newpaing03)> 자는데 괴롭히지 말기
[2019-01-04 18:15:39] <창렬구독티콘좋아 (hyunnn3)> alxdpdmdjdj
[2019-01-04 18:15:40] <우리그만만나 (alsdndia789)> 나만거양이없어 ㅠㅠ
[2019-01-04 18:15:40] <별이랑사 (simjangbupae)> 나루보다 더 클거같다 보통 코랑 발이랑비교해서 차이많이나면 엄청큼
[2019-01-04 18:15:42] <창렬구독티콘좋아 (hyunnn3)> 밑에으어어는뭐임?
[2019-01-04 18:15:43] <점프는이단점프 (spzm12)> 밑에 뉴스무엇
[2019-01-04 18:15:44] <yeon1108> 겁나 그르릉
[2019-01-04 18:15:44] <milosev> 어려서그런가 발도 만지게 해주네
[2019-01-04 18:15:44] <행복한정수리 (younsuk09)> 혁준이가 살짝보인다?
[2019-01-04 18:15:45] <%으브븝 (cubist30)> 그르르르릉
[2019-01-04 18:15:45] <하쿠우 (knowblind)> 얌전하네 둘다ㅋㅋ
[2019-01-04 18:15:45] <폭흥겜히오스 (phan813)> 으어어 NEWS는 머야
[2019-01-04 18:15:45] <yeon1108> ㅋㅋㅋㅋㅋㅋㅋ
[2019-01-04 18:15:46] <%따효니와킁킁이 (rabbitdda_)> ddahyoniK
[2019-01-04 18:15:48] <구렁덩덩 (newpaing03)> 레니아오
[2019-01-04 18:15:50] <maybe5327> 그르릉 그르릉
[2019-01-04 18:15:51] <극순 (asd5830)> 레오 카리스마 멋지다
[2019-01-04 18:15:52] <tlsdudwp02> 그르릉
[2019-01-04 18:15:53] <ㄷㅏㅁㅜㅗ (damo_u)> 고로로로롱
[2019-01-04 18:15:55] <%$충주사과 (kss8020)> 레오 넘모조아 ㅠㅠ
[2019-01-04 18:15:57] <폭흥겜히오스 (phan813)> -ㅅ-
[2019-01-04 18:15:59] <%파산실패 (pgspjs)> 오토바이 on
[2019-01-04 18:16:02] <진성돌창인생 (lingter100)> ㅋㅋㅋㅋㅋㅋㅋㅋㅋ
[2019-01-04 18:16:03] <dejsb> 턱수염만지는거 좋아하네
[2019-01-04 18:16:03] <yeon1108> 효니야 코 좀 살살 골아라
[2019-01-04 18:16:03] VIEWERS: 1,208
[2019-01-04 18:16:04] <%HotPickle22> 레오 첨왔을땐 엄청 별나보였는데 지금은 완전 근엄하네 ㅋㅋ
[2019-01-04 18:16:06] <구렁덩덩 (newpaing03)> 레오 콧소리임?
[2019-01-04 18:16:07] <진성돌창인생 (lingter100)> 개조아하넼 ㅋㅋ
[2019-01-04 18:16:10] <빠바박 (ldh9999)> 레오님이 만족하셨다
[2019-01-04 18:16:11] <sunghyuk29> 레오 왜케 얌전해짐
[2019-01-04 18:16:12] <투닛 (toonit772)> 골골?
[2019-01-04 18:16:12] <한글롱 (eyunsuh2)> 그르르를ㅇ
[2019-01-04 18:16:12] <스트푸 (forsqurral)> 골골이 ㅁㅊㄷㅁㅊㅇ
[2019-01-04 18:16:16] <gogiwanja> ㅋㅋㅋㅋ
[2019-01-04 18:16:17] <$팝콘가져와라 (sspark5509)> 간다
[2019-01-04 18:16:17] <ChickenMooo> 넘모조아여!
[2019-01-04 18:16:17] <sunghyuk29> 레오 원래 날라다니던애 아니었나
[2019-01-04 18:16:18] <maybe5327> 레오는 사육장이 답답해서 난리였던게 맞네
[2019-01-04 18:16:18] <%$충주사과 (kss8020)> 오토바이 ㅋㅋ
[2019-01-04 18:16:19] <gogiwanja> 모여 ㅋㅋㅋㅋㅋㅋㅋ
[2019-01-04 18:16:19] <매티_ (zeminkim1)> 효니 소리임??
[2019-01-04 18:16:19] <점프는이단점프 (spzm12)> 그르르릉
[2019-01-04 18:16:19] <divewlsgud> 레오도 얌전해졌네
[2019-01-04 18:16:20] <dbd99175> 굿
[2019-01-04 18:16:20] <ㄷㅏㅁㅜㅗ (damo_u)> 코딱지 ㅗㅜㅑ
[2019-01-04 18:16:21] <바카몬 (bakamon)> 자는줄ㅋㅋㅋㅋ
[2019-01-04 18:16:21] <ty_chus> 나 른
[2019-01-04 18:16:24] <쑥로이 (sunl5y)> 미춋다...
[2019-01-04 18:16:25] <얼리열 (dlehduf13)> 감기걸린거임?
[2019-01-04 18:16:27] <%도도다다 (gksmfepqlf)> 빨리 씻거기
[2019-01-04 18:16:29] <milosev> 아휴 이뻐
[2019-01-04 18:16:29] <고이 (hu8876123)> 집사야 더 긁어봐라
[2019-01-04 18:16:30] <%따효니와킁킁이 (rabbitdda_)> 20분인데 슬슬 씻고 가셔요 ㅎ
[2019-01-04 18:16:30] <%도도다다 (gksmfepqlf)> 빨리 씻고가
[2019-01-04 18:16:30] <말랑말랑해요 (yjc6421)> 골골이 첨듣는당 ㅇ0ㅇ
[2019-01-04 18:16:31] <판령 (vksfud)> 따하, 밑에 으어어 뭐야
[2019-01-04 18:16:31] <구렁덩덩 (newpaing03)> 아앗 거기는
[2019-01-04 18:16:32] <xlxmflanfxltb> 핑크 코 만지고 싶다
[2019-01-04 18:16:32] <잘잤다 (hhhh0112)> 레오 마니 순해졌네
[2019-01-04 18:16:41] <혜규 (chagawar)> 골골이 아니고 콧물소리같은데
[2019-01-04 18:16:44] <$팝콘가져와라 (sspark5509)> 더 해라 닝겐
[2019-01-04 18:16:44] <divewlsgud> ㅂㅂ
[2019-01-04 18:16:44] <%$충주사과 (kss8020)> 넹
[2019-01-04 18:16:45] <눈먼짹짹이 (thswlsrb99)> ?
[2019-01-04 18:16:45] <jmh4637> 오방몇?
[2019-01-04 18:16:45] <GSNK2507> 따바
[2019-01-04 18:16:46] <%$프리즘큐큐큐 (dkrl134)> 따바
[2019-01-04 18:16:47] <폭흥겜히오스 (phan813)> 빠빠이 steeloHeyguys
[2019-01-04 18:16:48] <진성돌창인생 (lingter100)> 따바
[2019-01-04 18:16:48] <%따효니와킁킁이 (rabbitdda_)> 따 바
[2019-01-04 18:16:48] <너덜이 (tngh987987)> 효니오디가?
[2019-01-04 18:16:48] <얼리열 (dlehduf13)> 따바
[2019-01-04 18:16:49] <maybe5327> 따바
[2019-01-04 18:16:49] <rudtns6443> 따바
[2019-01-04 18:16:50] <%$충주사과 (kss8020)> 무린하지마여
[2019-01-04 18:16:50] <적돌 (jukdol)> 바바
[2019-01-04 18:16:51] <구렁덩덩 (newpaing03)> 레오 코 막힌거 아냐?ㅋㅋ
[2019-01-04 18:16:51] <yeon1108> 초롱이 보여 주고 가~
[2019-01-04 18:16:51] <%solidrock79> 따바
[2019-01-04 18:16:51] <%깜짝박스메이드백상현 (ddacc8801)> 따바
[2019-01-04 18:16:52] <pansoo0> 따바
[2019-01-04 18:16:53] <말랑말랑해요 (yjc6421)> 크크이 어딧어요
[2019-01-04 18:16:53] <극순 (asd5830)> 따바
[2019-01-04 18:16:54] <지윤아결혼하자 (shingh2000)> 따바따바
[2019-01-04 18:16:54] <판령 (vksfud)> 왜 죽어가요
[2019-01-04 18:16:55] <%HotPickle22> 따바
[2019-01-04 18:16:55] <%아냐스타샤 (smg3203)> 안킨다는뜻
[2019-01-04 18:16:55] <지크가디언 (zikguardian)> 따바
[2019-01-04 18:16:55] <눈먼짹짹이 (thswlsrb99)> ㅠ
[2019-01-04 18:16:55] <%관우종아리 (gsm05327)> 따바
[2019-01-04 18:16:55] <지브도리 (jibdori)> 오늘 앱축방송 알찼다
[2019-01-04 18:16:55] <%따효니와킁킁이 (rabbitdda_)> 아프면 쉬시고
[2019-01-04 18:16:56] <dejsb> 따바
[2019-01-04 18:16:56] <bm4706> 방송할수는잇겠어
[2019-01-04 18:16:57] <%Parancel> 따바
[2019-01-04 18:16:57] <눈먼짹짹이 (thswlsrb99)> ㅂㅂ
[2019-01-04 18:16:59] <너덜이 (tngh987987)> 효니야 오디가
[2019-01-04 18:17:00] <ty_chus> 뉴우스 :생리터짐
[2019-01-04 18:17:01] <행복한정수리 (younsuk09)> 폭렬켜
[2019-01-04 18:17:02] <고이 (hu8876123)> 따바
[2019-01-04 18:17:03] <%아냐스타샤 (smg3203)> 그냥 안킨다고 하시오
[2019-01-04 18:17:04] <기가쎄지만타락한조강현 (jkb8662)> 오뱅있?
[2019-01-04 18:17:05] <%깜짝박스메이드백상현 (ddacc8801)> 오늘은쉬자
[2019-01-04 18:17:05] <얼리열 (dlehduf13)> 낼봅시다
[2019-01-04 18:17:06] <%파산실패 (pgspjs)> 오뱅은 눕뱅으로 보깄습니다
[2019-01-04 18:17:06] <%HotPickle22> 괜찮아져도 오지마 오늘은
[2019-01-04 18:17:06] <jmh4637> 안대ㅐ
[2019-01-04 18:17:08] <yeon1108> 잉!
[2019-01-04 18:17:09] <지브도리 (jibdori)> 안괜찮으면 누워서 폭렬 하셈
[2019-01-04 18:17:10] <구렁덩덩 (newpaing03)> ㅋㅋ
[2019-01-04 18:17:12] <maybe5327> 안괜찮으면 푹쉬자 그냥
[2019-01-04 18:17:14] <$팝콘가져와라 (sspark5509)> 똥꼬에 용암폭발
[2019-01-04 18:17:17] <hyh9195> 오뱅없
[2019-01-04 18:17:18] <kayeong2> 따효니 생리중
[2019-01-04 18:17:20] <구렁덩덩 (newpaing03)> 레오가 커서 얌전해졌어
[2019-01-04 18:17:22] <yeon1108> 갔냐
[2019-01-04 18:17:22] <우마이 (hh110703)> 아니 왜 하스스톤이냐구요
[2019-01-04 18:17:23] <%따효니와킁킁이 (rabbitdda_)> 빨리 낫는게 우선이여 ㅠ
[2019-01-04 18:17:24] <폭흥겜히오스 (phan813)> 몸관리 잘하고와 surrenderKirby
[2019-01-04 18:17:24] <yeon1108> 갔네
[2019-01-04 18:17:24] <gogiwanja> 레오 잔다
[2019-01-04 18:17:24] <maybe5327> 트바~
[2019-01-04 18:17:26] <말랑말랑해요 (yjc6421)> 요니 치질 괜춘??
[2019-01-04 18:17:26] <판령 (vksfud)> 따바 트바
[2019-01-04 18:17:27] <%관우종아리 (gsm05327)> 갔네
[2019-01-04 18:17:28] <%labis3315> 따바
[2019-01-04 18:17:28] <보에디아 (bo3thiah)> 촬영끝나고 자고 나서 켤수있으면 켜고
[2019-01-04 18:17:28] <wjhc1012> 킁킁이:따는 날 배신했 따-악
[2019-01-04 18:17:28] <maybe5327> 트수들도 바
[2019-01-04 18:17:29] <극순 (asd5830)> 똥꼬에 대지충격
[2019-01-04 18:17:30] <%HotPickle22> 트바
[2019-01-04 18:17:31] <%파산실패 (pgspjs)> 끵
[2019-01-04 18:17:31] <%따효니와킁킁이 (rabbitdda_)> 따 바
[2019-01-04 18:17:32] <wjhc1012> ㅠㅠ
[2019-01-04 18:17:33] <우마이 (hh110703)> 하스스톤인줄 알고 들어왔는데 사기치시네
[2019-01-04 18:17:38] <wjhc1012> 따바
[2019-01-04 18:17:41] <지브도리 (jibdori)> 못켠다고 보는게 학계 정설
[2019-01-04 18:17:45] <판령 (vksfud)> 하스도 사기치는거죠
[2019-01-04 18:17:55] <someyv> 뭐야 알람있어서왔는데 왜꺼져있음?
[2019-01-04 18:17:57] <%단탈리아묘아 (2retty2)> 오늘 언제 온데양?
[2019-01-04 18:18:02] <apps1234> 못옴
[2019-01-04 18:18:03] VIEWERS: 1,238
[2019-01-04 18:18:04] <lsrrokmv> 오뱅없이죠? 결국
[2019-01-04 18:18:04] <GSNK2507> 안올수도
[2019-01-04 18:18:04] <%HotPickle22> 오뱅끝
[2019-01-04 18:18:05] <지브도리 (jibdori)> 냥캠하다 뱅종함
[2019-01-04 18:18:05] <아둔의창 (tangamo17)> ?
[2019-01-04 18:18:11] <포기를포기한사나이 (ssau1850)> 오뱅없 ㅠㅠ
[2019-01-04 18:18:19] <someyv> 오뱅알 ㅠㅠ
[2019-01-04 18:18:19] <지브도리 (jibdori)> 하스처럼 50 대 50이다
[2019-01-04 18:18:19] <apps1234> 10분토론 촬영하고
[2019-01-04 18:18:20] <%$충주사과 (kss8020)> 오뱅없이라구 생각하시면 대염..
[2019-01-04 18:18:36] <apps1234> 컨디션 보고 결정
[2019-01-04 18:18:44] <지브도리 (jibdori)> 없이라 기대하는게 나중에 더 기분좋음
[2019-01-04 18:18:46] <판령 (vksfud)> 컨티션 보고 결정 = 오뱅없
[2019-01-04 18:18:46] <helloidis> ???
[2019-01-04 18:18:52] <lsrrokmv> 빨리 나아서 꾸준히했으면 좋겠네
[2019-01-04 18:18:53] <수니후니 (gmltjd1023)> ?
[2019-01-04 18:18:53] <helloidis> 뱅종인가요?
[2019-01-04 18:18:54] <버들이얌 (buddle6091)> 오방없..
[2019-01-04 18:18:55] <수니후니 (gmltjd1023)> 따효니
[2019-01-04 18:18:56] <수니후니 (gmltjd1023)> 어디감
[2019-01-04 18:18:59] <helloidis> ㅠ
[2019-01-04 18:19:01] <apps1234> 촬영감
[2019-01-04 18:19:03] <지브도리 (jibdori)> 10분 토론하러
[2019-01-04 18:19:05] <판령 (vksfud)> 10분토론
[2019-01-04 18:19:08] <hinmame> 런?
[2019-01-04 18:19:13] <지브도리 (jibdori)> 인벤 감
[2019-01-04 18:19:14] <apps1234> ㅇㅇ
[2019-01-04 18:19:19] <dajun67> 따아악
[2019-01-04 18:19:34] <욱일기에폭탄던진조강현 (fighter_for_justice_gombo)> ?
[2019-01-04 18:20:03] VIEWERS: 1,238
[2019-01-04 18:20:08] <bangtrull> 모야모야
[2019-01-04 18:20:15] <bangtrull> 방종이야..?
[2019-01-04 18:20:19] <오락실 (kimyunkyu)> 방송 켜진거아ㅣ님? 뭐징
[2019-01-04 18:20:27] <%둘셋둘셋 (doldoldol225)> 방종하심 ㅠ
[2019-01-04 18:20:27] <psh0926> 머야 켜진줄 알고 왔더니
[2019-01-04 18:20:34] <꿩마농 (jo54725)> 방종?
[2019-01-04 18:20:42] <bangtrull> 늦게온 흑우는 다시 하스나 하러 감니다
[2019-01-04 18:20:42] <해볼려고 (jacko9111)> 이제 컴터로 킬려고 그런거아님?
[2019-01-04 18:20:45] <psh0926> 왜 맨날 카테고리를 하스로 키시지
[2019-01-04 18:20:50] <%둘셋둘셋 (doldoldol225)> 7시에 10분토론 촬영있으시대요
[2019-01-04 18:20:56] <해볼려고 (jacko9111)> ㅇㅎ
[2019-01-04 18:21:06] <해볼려고 (jacko9111)> 대학경기 중계하시나
[2019-01-04 18:21:16] <히히코모리 (ahsjdkfl)> ?
[2019-01-04 18:21:22] <%둘셋둘셋 (doldoldol225)> 효니님이 모바일로 카테고리 바꾸시는걸 모르시는거같음
[2019-01-04 18:21:35] <@%시프무나 (luffy3u)> s
[2019-01-04 18:21:40] <@%시프무나 (luffy3u)> 나봇잇으면 제가바꿁수잇는대
[2019-01-04 18:21:43] <@%시프무나 (luffy3u)> 아쉽
[2019-01-04 18:21:45] <%둘셋둘셋 (doldoldol225)> ㅠㅠ
[2019-01-04 18:21:49] <판령 (vksfud)> 아ㅡ쉽
[2019-01-04 18:21:59] <%+derongdero> 오뱅잇?
[2019-01-04 18:22:03] VIEWERS: 1,238
[2019-01-04 18:22:08] <lim8090> 따아아악
[2019-01-04 18:22:11] <no167> ?
[2019-01-04 18:22:15] <%+derongdero> 아
[2019-01-04 18:22:19] <pjs137> 오늘 방송 키심?
[2019-01-04 18:22:19] <%+derongdero> 7시에 촬영있다고하는군
[2019-01-04 18:22:21] <판령 (vksfud)> 컨디션 보고 결정하신대요 = 오뱅없
[2019-01-04 18:22:28] <%+derongdero> ㅇㄱㅇ~
[2019-01-04 18:22:39] ~Stream offline~
[2019-01-04 18:27:55] <qowodud8637> 방종했네?
[2019-01-04 18:27:56] <qowodud8637> ㅠ
[2019-01-04 20:07:26] <매티_ (zeminkim1)> 효니형 어디갔어
[2019-01-04 20:07:29] <매티_ (zeminkim1)> 씻고온다메
[2019-01-04 20:07:45] <매티_ (zeminkim1)> 혀어어어어어엉
[2019-01-04 20:21:00] <따월량 (wjdrngus53)> ?
[2019-01-04 20:59:09] <오요런스타일이구나 (imhs93)> 8
[2019-01-04 23:50:22] <jeratul92> 오방있?
